[ 2013-09-15T03:01:57+08:00 ] 183.60.244.24 /
INFO: [ app_begin ] --START--
INFO: Run ReadHtmlCache Behavior [ RunTime:0.000353s ]
INFO: [ app_begin ] --END-- [ RunTime:0.000417s ]
NOTIC: [8] Undefined index:  ajax /home/wwwroot/www.jobme.cn/App/Lib/Action/GlAction.class.php 第 18 行.
NOTIC: [8] Undefined index:  id /home/wwwroot/www.jobme.cn/App/Lib/Action/GlAction.class.php 第 19 行.
SQL: SHOW COLUMNS FROM `eking_index` [ RunTime:0.000265s ]
ERR: Table 'erpking.eking_index' doesn't exist
 [ SQL语句 ] : SHOW COLUMNS FROM `eking_index`
NOTIC: [8] Undefined index:  json /home/wwwroot/www.jobme.cn/includes/array.php 第 218 行.
NOTIC: [8] Undefined index:  THINK_username /home/wwwroot/www.jobme.cn/Framework/Extend/Library/ORG/Util/Cookie.class.php 第 32 行.
NOTIC: [8] Undefined index:  THINK_uid /home/wwwroot/www.jobme.cn/Framework/Extend/Library/ORG/Util/Cookie.class.php 第 32 行.
NOTIC: [8] Undefined index:  THINK_pid /home/wwwroot/www.jobme.cn/Framework/Extend/Library/ORG/Util/Cookie.class.php 第 32 行.
NOTIC: [8] Undefined index:  THINK_level /home/wwwroot/www.jobme.cn/Framework/Extend/Library/ORG/Util/Cookie.class.php 第 32 行.
NOTIC: [8] Undefined index:  THINK_post /home/wwwroot/www.jobme.cn/Framework/Extend/Library/ORG/Util/Cookie.class.php 第 32 行.
NOTIC: [8] Undefined index:  THINK_type /home/wwwroot/www.jobme.cn/Framework/Extend/Library/ORG/Util/Cookie.class.php 第 32 行.
NOTIC: [8] Undefined index:  THINK_department /home/wwwroot/www.jobme.cn/Framework/Extend/Library/ORG/Util/Cookie.class.php 第 32 行.
NOTIC: [8] Undefined index:  THINK_role_id /home/wwwroot/www.jobme.cn/Framework/Extend/Library/ORG/Util/Cookie.class.php 第 32 行.
NOTIC: [8] Undefined index:  THINK_realname /home/wwwroot/www.jobme.cn/Framework/Extend/Library/ORG/Util/Cookie.class.php 第 32 行.
NOTIC: [8] Undefined index:  THINK_permission_tile /home/wwwroot/www.jobme.cn/Framework/Extend/Library/ORG/Util/Cookie.class.php 第 32 行.
NOTIC: [8] Undefined index:  THINK_permission /home/wwwroot/www.jobme.cn/Framework/Extend/Library/ORG/Util/Cookie.class.php 第 32 行.
SQL: SHOW COLUMNS FROM `eking_persona` [ RunTime:0.000404s ]
SQL: SELECT * FROM `eking_persona` WHERE ( comid= ) ORDER BY id asc  [ RunTime:0.000064s ]
ERR: You have an error in your SQL syntax; check the manual that corresponds to your MySQL server version for the right syntax to use near ') ORDER BY id asc' at line 1
 [ SQL语句 ] : SELECT * FROM `eking_persona` WHERE ( comid= ) ORDER BY id asc 
NOTIC: [2] Invalid argument supplied for foreach() /home/wwwroot/www.jobme.cn/App/Lib/Action/GlAction.class.php 第 62 行.
NOTIC: [8] Undefined variable: nt /home/wwwroot/www.jobme.cn/App/Lib/Action/GlAction.class.php 第 66 行.
NOTIC: [8] Undefined variable: nt /home/wwwroot/www.jobme.cn/App/Lib/Action/GlAction.class.php 第 67 行.
SQL: SHOW COLUMNS FROM `eking_usermsg` [ RunTime:0.000376s ]
SQL: SELECT COUNT(*) AS tp_count FROM `eking_usermsg` WHERE ( toid= and status=0 ) LIMIT 1   [ RunTime:0.000068s ]
ERR: You have an error in your SQL syntax; check the manual that corresponds to your MySQL server version for the right syntax to use near 'and status=0 ) LIMIT 1' at line 1
 [ SQL语句 ] : SELECT COUNT(*) AS tp_count FROM `eking_usermsg` WHERE ( toid= and status=0 ) LIMIT 1  
SQL: SHOW COLUMNS FROM `eking_sinform` [ RunTime:0.000346s ]
SQL: SELECT COUNT(*) AS tp_count FROM `eking_sinform` WHERE ( to_uid= and `read`=0 ) LIMIT 1   [ RunTime:0.000066s ]
ERR: You have an error in your SQL syntax; check the manual that corresponds to your MySQL server version for the right syntax to use near 'and `read`=0 ) LIMIT 1' at line 1
 [ SQL语句 ] : SELECT COUNT(*) AS tp_count FROM `eking_sinform` WHERE ( to_uid= and `read`=0 ) LIMIT 1  
NOTIC: [8] Undefined index:  THINK_uid /home/wwwroot/www.jobme.cn/Framework/Extend/Library/ORG/Util/Cookie.class.php 第 32 行.

[ 2013-09-15T03:01:57+08:00 ] 183.60.244.24 /Login
INFO: [ route_check ] --START--
INFO: Run CheckRoute Behavior [ RunTime:0.000561s ]
INFO: [ route_check ] --END-- [ RunTime:0.000623s ]
INFO: [ app_begin ] --START--
INFO: Run ReadHtmlCache Behavior [ RunTime:0.000325s ]
INFO: [ app_begin ] --END-- [ RunTime:0.000394s ]
NOTIC: [8] Undefined index:  THINK_username /home/wwwroot/www.jobme.cn/Framework/Extend/Library/ORG/Util/Cookie.class.php 第 32 行.
NOTIC: [8] Undefined index:  THINK_uid /home/wwwroot/www.jobme.cn/Framework/Extend/Library/ORG/Util/Cookie.class.php 第 32 行.
NOTIC: [8] Undefined index:  THINK_pid /home/wwwroot/www.jobme.cn/Framework/Extend/Library/ORG/Util/Cookie.class.php 第 32 行.
NOTIC: [8] Undefined index:  THINK_level /home/wwwroot/www.jobme.cn/Framework/Extend/Library/ORG/Util/Cookie.class.php 第 32 行.
NOTIC: [8] Undefined index:  THINK_type /home/wwwroot/www.jobme.cn/Framework/Extend/Library/ORG/Util/Cookie.class.php 第 32 行.
NOTIC: [8] Undefined index:  THINK_department /home/wwwroot/www.jobme.cn/Framework/Extend/Library/ORG/Util/Cookie.class.php 第 32 行.
NOTIC: [8] Undefined index:  THINK_role_id /home/wwwroot/www.jobme.cn/Framework/Extend/Library/ORG/Util/Cookie.class.php 第 32 行.
NOTIC: [8] Undefined index:  THINK_permission_tile /home/wwwroot/www.jobme.cn/Framework/Extend/Library/ORG/Util/Cookie.class.php 第 32 行.
NOTIC: [8] Undefined index:  THINK_permission /home/wwwroot/www.jobme.cn/Framework/Extend/Library/ORG/Util/Cookie.class.php 第 32 行.
NOTIC: [8] Undefined variable: public_arr /home/wwwroot/www.jobme.cn/App/Lib/Action/LoginAction.class.php 第 41 行.
SQL: SHOW COLUMNS FROM `eking_user` [ RunTime:0.000701s ]
NOTIC: [8] Undefined index:  THINK_uid /home/wwwroot/www.jobme.cn/Framework/Extend/Library/ORG/Util/Cookie.class.php 第 32 行.
INFO: [ view_template ] --START--
INFO: Run LocationTemplate Behavior [ RunTime:0.000179s ]
INFO: [ view_template ] --END-- [ RunTime:0.000231s ]
INFO: [ view_parse ] --START--
INFO: Run ParseTemplate Behavior [ RunTime:0.006398s ]
INFO: [ view_parse ] --END-- [ RunTime:0.006456s ]
INFO: [ view_filter ] --START--
INFO: Run ContentReplace Behavior [ RunTime:0.000219s ]
INFO: Run TokenBuild Behavior [ RunTime:0.000213s ]
INFO: Run WriteHtmlCache Behavior [ RunTime:0.000170s ]
INFO: Run ShowRuntime Behavior [ RunTime:0.000289s ]
INFO: [ view_filter ] --END-- [ RunTime:0.001050s ]
INFO: [ view_end ] --START--
INFO: Run ShowPageTrace Behavior [ RunTime:0.000365s ]
INFO: [ view_end ] --END-- [ RunTime:0.000417s ]

[ 2013-09-15T15:42:35+08:00 ] 125.34.211.95 /
INFO: [ app_begin ] --START--
INFO: Run ReadHtmlCache Behavior [ RunTime:0.000332s ]
INFO: [ app_begin ] --END-- [ RunTime:0.000396s ]
NOTIC: [8] Undefined index:  ajax /home/wwwroot/www.jobme.cn/App/Lib/Action/GlAction.class.php 第 18 行.
NOTIC: [8] Undefined index:  id /home/wwwroot/www.jobme.cn/App/Lib/Action/GlAction.class.php 第 19 行.
SQL: SHOW COLUMNS FROM `eking_index` [ RunTime:0.000270s ]
ERR: Table 'erpking.eking_index' doesn't exist
 [ SQL语句 ] : SHOW COLUMNS FROM `eking_index`
NOTIC: [8] Undefined index:  json /home/wwwroot/www.jobme.cn/includes/array.php 第 218 行.
NOTIC: [8] Undefined index:  THINK_department /home/wwwroot/www.jobme.cn/Framework/Extend/Library/ORG/Util/Cookie.class.php 第 32 行.
NOTIC: [8] Undefined index:  THINK_permission_tile /home/wwwroot/www.jobme.cn/Framework/Extend/Library/ORG/Util/Cookie.class.php 第 32 行.
NOTIC: [8] Undefined index:  THINK_permission /home/wwwroot/www.jobme.cn/Framework/Extend/Library/ORG/Util/Cookie.class.php 第 32 行.
SQL: SHOW COLUMNS FROM `eking_persona` [ RunTime:0.000375s ]
SQL: SELECT * FROM `eking_persona` WHERE ( comid= ) ORDER BY id asc  [ RunTime:0.000119s ]
ERR: You have an error in your SQL syntax; check the manual that corresponds to your MySQL server version for the right syntax to use near ') ORDER BY id asc' at line 1
 [ SQL语句 ] : SELECT * FROM `eking_persona` WHERE ( comid= ) ORDER BY id asc 
NOTIC: [2] Invalid argument supplied for foreach() /home/wwwroot/www.jobme.cn/App/Lib/Action/GlAction.class.php 第 62 行.
NOTIC: [8] Undefined variable: nt /home/wwwroot/www.jobme.cn/App/Lib/Action/GlAction.class.php 第 66 行.
NOTIC: [8] Undefined variable: nt /home/wwwroot/www.jobme.cn/App/Lib/Action/GlAction.class.php 第 67 行.
SQL: SHOW COLUMNS FROM `eking_usermsg` [ RunTime:0.000382s ]
SQL: SELECT COUNT(*) AS tp_count FROM `eking_usermsg` WHERE ( toid= and status=0 ) LIMIT 1   [ RunTime:0.000070s ]
ERR: You have an error in your SQL syntax; check the manual that corresponds to your MySQL server version for the right syntax to use near 'and status=0 ) LIMIT 1' at line 1
 [ SQL语句 ] : SELECT COUNT(*) AS tp_count FROM `eking_usermsg` WHERE ( toid= and status=0 ) LIMIT 1  
SQL: SHOW COLUMNS FROM `eking_sinform` [ RunTime:0.000333s ]
SQL: SELECT COUNT(*) AS tp_count FROM `eking_sinform` WHERE ( to_uid= and `read`=0 ) LIMIT 1   [ RunTime:0.000067s ]
ERR: You have an error in your SQL syntax; check the manual that corresponds to your MySQL server version for the right syntax to use near 'and `read`=0 ) LIMIT 1' at line 1
 [ SQL语句 ] : SELECT COUNT(*) AS tp_count FROM `eking_sinform` WHERE ( to_uid= and `read`=0 ) LIMIT 1  

[ 2013-09-15T15:42:35+08:00 ] 125.34.211.95 /Login
INFO: [ route_check ] --START--
INFO: Run CheckRoute Behavior [ RunTime:0.000549s ]
INFO: [ route_check ] --END-- [ RunTime:0.000609s ]
INFO: [ app_begin ] --START--
INFO: Run ReadHtmlCache Behavior [ RunTime:0.000341s ]
INFO: [ app_begin ] --END-- [ RunTime:0.000397s ]
NOTIC: [8] Undefined index:  THINK_department /home/wwwroot/www.jobme.cn/Framework/Extend/Library/ORG/Util/Cookie.class.php 第 32 行.
NOTIC: [8] Undefined index:  THINK_permission_tile /home/wwwroot/www.jobme.cn/Framework/Extend/Library/ORG/Util/Cookie.class.php 第 32 行.
NOTIC: [8] Undefined index:  THINK_permission /home/wwwroot/www.jobme.cn/Framework/Extend/Library/ORG/Util/Cookie.class.php 第 32 行.
NOTIC: [8] Undefined variable: public_arr /home/wwwroot/www.jobme.cn/App/Lib/Action/LoginAction.class.php 第 41 行.
SQL: SHOW COLUMNS FROM `eking_user` [ RunTime:0.000698s ]
INFO: [ view_template ] --START--
INFO: Run LocationTemplate Behavior [ RunTime:0.000185s ]
INFO: [ view_template ] --END-- [ RunTime:0.000241s ]
INFO: [ view_parse ] --START--
INFO: Run ParseTemplate Behavior [ RunTime:0.006428s ]
INFO: [ view_parse ] --END-- [ RunTime:0.006484s ]
INFO: [ view_filter ] --START--
INFO: Run ContentReplace Behavior [ RunTime:0.000226s ]
INFO: Run TokenBuild Behavior [ RunTime:0.000219s ]
INFO: Run WriteHtmlCache Behavior [ RunTime:0.000125s ]
INFO: Run ShowRuntime Behavior [ RunTime:0.000290s ]
INFO: [ view_filter ] --END-- [ RunTime:0.001012s ]
INFO: [ view_end ] --START--
INFO: Run ShowPageTrace Behavior [ RunTime:0.000371s ]
INFO: [ view_end ] --END-- [ RunTime:0.000422s ]

[ 2013-09-15T15:42:35+08:00 ] ERR: (ThinkException) 无法加载模块:favicon
[ 2013-09-15T18:18:23+08:00 ] 183.60.243.240 /
INFO: [ app_begin ] --START--
INFO: Run ReadHtmlCache Behavior [ RunTime:0.000329s ]
INFO: [ app_begin ] --END-- [ RunTime:0.000395s ]
NOTIC: [8] Undefined index:  ajax /home/wwwroot/www.jobme.cn/App/Lib/Action/GlAction.class.php 第 18 行.
NOTIC: [8] Undefined index:  id /home/wwwroot/www.jobme.cn/App/Lib/Action/GlAction.class.php 第 19 行.
SQL: SHOW COLUMNS FROM `eking_index` [ RunTime:0.000280s ]
ERR: Table 'erpking.eking_index' doesn't exist
 [ SQL语句 ] : SHOW COLUMNS FROM `eking_index`
NOTIC: [8] Undefined index:  json /home/wwwroot/www.jobme.cn/includes/array.php 第 218 行.
NOTIC: [8] Undefined index:  THINK_username /home/wwwroot/www.jobme.cn/Framework/Extend/Library/ORG/Util/Cookie.class.php 第 32 行.
NOTIC: [8] Undefined index:  THINK_uid /home/wwwroot/www.jobme.cn/Framework/Extend/Library/ORG/Util/Cookie.class.php 第 32 行.
NOTIC: [8] Undefined index:  THINK_pid /home/wwwroot/www.jobme.cn/Framework/Extend/Library/ORG/Util/Cookie.class.php 第 32 行.
NOTIC: [8] Undefined index:  THINK_level /home/wwwroot/www.jobme.cn/Framework/Extend/Library/ORG/Util/Cookie.class.php 第 32 行.
NOTIC: [8] Undefined index:  THINK_post /home/wwwroot/www.jobme.cn/Framework/Extend/Library/ORG/Util/Cookie.class.php 第 32 行.
NOTIC: [8] Undefined index:  THINK_type /home/wwwroot/www.jobme.cn/Framework/Extend/Library/ORG/Util/Cookie.class.php 第 32 行.
NOTIC: [8] Undefined index:  THINK_department /home/wwwroot/www.jobme.cn/Framework/Extend/Library/ORG/Util/Cookie.class.php 第 32 行.
NOTIC: [8] Undefined index:  THINK_role_id /home/wwwroot/www.jobme.cn/Framework/Extend/Library/ORG/Util/Cookie.class.php 第 32 行.
NOTIC: [8] Undefined index:  THINK_realname /home/wwwroot/www.jobme.cn/Framework/Extend/Library/ORG/Util/Cookie.class.php 第 32 行.
NOTIC: [8] Undefined index:  THINK_permission_tile /home/wwwroot/www.jobme.cn/Framework/Extend/Library/ORG/Util/Cookie.class.php 第 32 行.
NOTIC: [8] Undefined index:  THINK_permission /home/wwwroot/www.jobme.cn/Framework/Extend/Library/ORG/Util/Cookie.class.php 第 32 行.
SQL: SHOW COLUMNS FROM `eking_persona` [ RunTime:0.000390s ]
SQL: SELECT * FROM `eking_persona` WHERE ( comid= ) ORDER BY id asc  [ RunTime:0.000064s ]
ERR: You have an error in your SQL syntax; check the manual that corresponds to your MySQL server version for the right syntax to use near ') ORDER BY id asc' at line 1
 [ SQL语句 ] : SELECT * FROM `eking_persona` WHERE ( comid= ) ORDER BY id asc 
NOTIC: [2] Invalid argument supplied for foreach() /home/wwwroot/www.jobme.cn/App/Lib/Action/GlAction.class.php 第 62 行.
NOTIC: [8] Undefined variable: nt /home/wwwroot/www.jobme.cn/App/Lib/Action/GlAction.class.php 第 66 行.
NOTIC: [8] Undefined variable: nt /home/wwwroot/www.jobme.cn/App/Lib/Action/GlAction.class.php 第 67 行.
SQL: SHOW COLUMNS FROM `eking_usermsg` [ RunTime:0.000394s ]
SQL: SELECT COUNT(*) AS tp_count FROM `eking_usermsg` WHERE ( toid= and status=0 ) LIMIT 1   [ RunTime:0.000068s ]
ERR: You have an error in your SQL syntax; check the manual that corresponds to your MySQL server version for the right syntax to use near 'and status=0 ) LIMIT 1' at line 1
 [ SQL语句 ] : SELECT COUNT(*) AS tp_count FROM `eking_usermsg` WHERE ( toid= and status=0 ) LIMIT 1  
SQL: SHOW COLUMNS FROM `eking_sinform` [ RunTime:0.000332s ]
SQL: SELECT COUNT(*) AS tp_count FROM `eking_sinform` WHERE ( to_uid= and `read`=0 ) LIMIT 1   [ RunTime:0.000083s ]
ERR: You have an error in your SQL syntax; check the manual that corresponds to your MySQL server version for the right syntax to use near 'and `read`=0 ) LIMIT 1' at line 1
 [ SQL语句 ] : SELECT COUNT(*) AS tp_count FROM `eking_sinform` WHERE ( to_uid= and `read`=0 ) LIMIT 1  
NOTIC: [8] Undefined index:  THINK_uid /home/wwwroot/www.jobme.cn/Framework/Extend/Library/ORG/Util/Cookie.class.php 第 32 行.

[ 2013-09-15T18:18:23+08:00 ] 183.60.243.240 /Login
INFO: [ route_check ] --START--
INFO: Run CheckRoute Behavior [ RunTime:0.000552s ]
INFO: [ route_check ] --END-- [ RunTime:0.000613s ]
INFO: [ app_begin ] --START--
INFO: Run ReadHtmlCache Behavior [ RunTime:0.000340s ]
INFO: [ app_begin ] --END-- [ RunTime:0.000395s ]
NOTIC: [8] Undefined index:  THINK_username /home/wwwroot/www.jobme.cn/Framework/Extend/Library/ORG/Util/Cookie.class.php 第 32 行.
NOTIC: [8] Undefined index:  THINK_uid /home/wwwroot/www.jobme.cn/Framework/Extend/Library/ORG/Util/Cookie.class.php 第 32 行.
NOTIC: [8] Undefined index:  THINK_pid /home/wwwroot/www.jobme.cn/Framework/Extend/Library/ORG/Util/Cookie.class.php 第 32 行.
NOTIC: [8] Undefined index:  THINK_level /home/wwwroot/www.jobme.cn/Framework/Extend/Library/ORG/Util/Cookie.class.php 第 32 行.
NOTIC: [8] Undefined index:  THINK_type /home/wwwroot/www.jobme.cn/Framework/Extend/Library/ORG/Util/Cookie.class.php 第 32 行.
NOTIC: [8] Undefined index:  THINK_department /home/wwwroot/www.jobme.cn/Framework/Extend/Library/ORG/Util/Cookie.class.php 第 32 行.
NOTIC: [8] Undefined index:  THINK_role_id /home/wwwroot/www.jobme.cn/Framework/Extend/Library/ORG/Util/Cookie.class.php 第 32 行.
NOTIC: [8] Undefined index:  THINK_permission_tile /home/wwwroot/www.jobme.cn/Framework/Extend/Library/ORG/Util/Cookie.class.php 第 32 行.
NOTIC: [8] Undefined index:  THINK_permission /home/wwwroot/www.jobme.cn/Framework/Extend/Library/ORG/Util/Cookie.class.php 第 32 行.
NOTIC: [8] Undefined variable: public_arr /home/wwwroot/www.jobme.cn/App/Lib/Action/LoginAction.class.php 第 41 行.
SQL: SHOW COLUMNS FROM `eking_user` [ RunTime:0.000704s ]
NOTIC: [8] Undefined index:  THINK_uid /home/wwwroot/www.jobme.cn/Framework/Extend/Library/ORG/Util/Cookie.class.php 第 32 行.
INFO: [ view_template ] --START--
INFO: Run LocationTemplate Behavior [ RunTime:0.000179s ]
INFO: [ view_template ] --END-- [ RunTime:0.000232s ]
INFO: [ view_parse ] --START--
INFO: Run ParseTemplate Behavior [ RunTime:0.006411s ]
INFO: [ view_parse ] --END-- [ RunTime:0.006470s ]
INFO: [ view_filter ] --START--
INFO: Run ContentReplace Behavior [ RunTime:0.000221s ]
INFO: Run TokenBuild Behavior [ RunTime:0.000214s ]
INFO: Run WriteHtmlCache Behavior [ RunTime:0.000136s ]
INFO: Run ShowRuntime Behavior [ RunTime:0.000272s ]
INFO: [ view_filter ] --END-- [ RunTime:0.000993s ]
INFO: [ view_end ] --START--
INFO: Run ShowPageTrace Behavior [ RunTime:0.000366s ]
INFO: [ view_end ] --END-- [ RunTime:0.000418s ]

[ 2013-09-15T20:42:46+08:00 ] ERR: (ThinkException) 无法加载模块:user
[ 2013-09-15T21:05:50+08:00 ] 119.147.146.118 /
INFO: [ app_begin ] --START--
INFO: Run ReadHtmlCache Behavior [ RunTime:0.000347s ]
INFO: [ app_begin ] --END-- [ RunTime:0.000411s ]
NOTIC: [8] Undefined index:  ajax /home/wwwroot/www.jobme.cn/App/Lib/Action/GlAction.class.php 第 18 行.
NOTIC: [8] Undefined index:  id /home/wwwroot/www.jobme.cn/App/Lib/Action/GlAction.class.php 第 19 行.
SQL: SHOW COLUMNS FROM `eking_index` [ RunTime:0.000401s ]
ERR: Table 'erpking.eking_index' doesn't exist
 [ SQL语句 ] : SHOW COLUMNS FROM `eking_index`
NOTIC: [8] Undefined index:  json /home/wwwroot/www.jobme.cn/includes/array.php 第 218 行.
NOTIC: [8] Undefined index:  THINK_username /home/wwwroot/www.jobme.cn/Framework/Extend/Library/ORG/Util/Cookie.class.php 第 32 行.
NOTIC: [8] Undefined index:  THINK_uid /home/wwwroot/www.jobme.cn/Framework/Extend/Library/ORG/Util/Cookie.class.php 第 32 行.
NOTIC: [8] Undefined index:  THINK_pid /home/wwwroot/www.jobme.cn/Framework/Extend/Library/ORG/Util/Cookie.class.php 第 32 行.
NOTIC: [8] Undefined index:  THINK_level /home/wwwroot/www.jobme.cn/Framework/Extend/Library/ORG/Util/Cookie.class.php 第 32 行.
NOTIC: [8] Undefined index:  THINK_post /home/wwwroot/www.jobme.cn/Framework/Extend/Library/ORG/Util/Cookie.class.php 第 32 行.
NOTIC: [8] Undefined index:  THINK_type /home/wwwroot/www.jobme.cn/Framework/Extend/Library/ORG/Util/Cookie.class.php 第 32 行.
NOTIC: [8] Undefined index:  THINK_department /home/wwwroot/www.jobme.cn/Framework/Extend/Library/ORG/Util/Cookie.class.php 第 32 行.
NOTIC: [8] Undefined index:  THINK_role_id /home/wwwroot/www.jobme.cn/Framework/Extend/Library/ORG/Util/Cookie.class.php 第 32 行.
NOTIC: [8] Undefined index:  THINK_realname /home/wwwroot/www.jobme.cn/Framework/Extend/Library/ORG/Util/Cookie.class.php 第 32 行.
NOTIC: [8] Undefined index:  THINK_permission_tile /home/wwwroot/www.jobme.cn/Framework/Extend/Library/ORG/Util/Cookie.class.php 第 32 行.
NOTIC: [8] Undefined index:  THINK_permission /home/wwwroot/www.jobme.cn/Framework/Extend/Library/ORG/Util/Cookie.class.php 第 32 行.
SQL: SHOW COLUMNS FROM `eking_persona` [ RunTime:0.000369s ]
SQL: SELECT * FROM `eking_persona` WHERE ( comid= ) ORDER BY id asc  [ RunTime:0.000118s ]
ERR: You have an error in your SQL syntax; check the manual that corresponds to your MySQL server version for the right syntax to use near ') ORDER BY id asc' at line 1
 [ SQL语句 ] : SELECT * FROM `eking_persona` WHERE ( comid= ) ORDER BY id asc 
NOTIC: [2] Invalid argument supplied for foreach() /home/wwwroot/www.jobme.cn/App/Lib/Action/GlAction.class.php 第 62 行.
NOTIC: [8] Undefined variable: nt /home/wwwroot/www.jobme.cn/App/Lib/Action/GlAction.class.php 第 66 行.
NOTIC: [8] Undefined variable: nt /home/wwwroot/www.jobme.cn/App/Lib/Action/GlAction.class.php 第 67 行.
SQL: SHOW COLUMNS FROM `eking_usermsg` [ RunTime:0.000377s ]
SQL: SELECT COUNT(*) AS tp_count FROM `eking_usermsg` WHERE ( toid= and status=0 ) LIMIT 1   [ RunTime:0.000069s ]
ERR: You have an error in your SQL syntax; check the manual that corresponds to your MySQL server version for the right syntax to use near 'and status=0 ) LIMIT 1' at line 1
 [ SQL语句 ] : SELECT COUNT(*) AS tp_count FROM `eking_usermsg` WHERE ( toid= and status=0 ) LIMIT 1  
SQL: SHOW COLUMNS FROM `eking_sinform` [ RunTime:0.000330s ]
SQL: SELECT COUNT(*) AS tp_count FROM `eking_sinform` WHERE ( to_uid= and `read`=0 ) LIMIT 1   [ RunTime:0.000066s ]
ERR: You have an error in your SQL syntax; check the manual that corresponds to your MySQL server version for the right syntax to use near 'and `read`=0 ) LIMIT 1' at line 1
 [ SQL语句 ] : SELECT COUNT(*) AS tp_count FROM `eking_sinform` WHERE ( to_uid= and `read`=0 ) LIMIT 1  
NOTIC: [8] Undefined index:  THINK_uid /home/wwwroot/www.jobme.cn/Framework/Extend/Library/ORG/Util/Cookie.class.php 第 32 行.

[ 2013-09-15T21:05:50+08:00 ] 119.147.146.118 /Login
INFO: [ route_check ] --START--
INFO: Run CheckRoute Behavior [ RunTime:0.000552s ]
INFO: [ route_check ] --END-- [ RunTime:0.000612s ]
INFO: [ app_begin ] --START--
INFO: Run ReadHtmlCache Behavior [ RunTime:0.000341s ]
INFO: [ app_begin ] --END-- [ RunTime:0.000398s ]
NOTIC: [8] Undefined index:  THINK_username /home/wwwroot/www.jobme.cn/Framework/Extend/Library/ORG/Util/Cookie.class.php 第 32 行.
NOTIC: [8] Undefined index:  THINK_uid /home/wwwroot/www.jobme.cn/Framework/Extend/Library/ORG/Util/Cookie.class.php 第 32 行.
NOTIC: [8] Undefined index:  THINK_pid /home/wwwroot/www.jobme.cn/Framework/Extend/Library/ORG/Util/Cookie.class.php 第 32 行.
NOTIC: [8] Undefined index:  THINK_level /home/wwwroot/www.jobme.cn/Framework/Extend/Library/ORG/Util/Cookie.class.php 第 32 行.
NOTIC: [8] Undefined index:  THINK_type /home/wwwroot/www.jobme.cn/Framework/Extend/Library/ORG/Util/Cookie.class.php 第 32 行.
NOTIC: [8] Undefined index:  THINK_department /home/wwwroot/www.jobme.cn/Framework/Extend/Library/ORG/Util/Cookie.class.php 第 32 行.
NOTIC: [8] Undefined index:  THINK_role_id /home/wwwroot/www.jobme.cn/Framework/Extend/Library/ORG/Util/Cookie.class.php 第 32 行.
NOTIC: [8] Undefined index:  THINK_permission_tile /home/wwwroot/www.jobme.cn/Framework/Extend/Library/ORG/Util/Cookie.class.php 第 32 行.
NOTIC: [8] Undefined index:  THINK_permission /home/wwwroot/www.jobme.cn/Framework/Extend/Library/ORG/Util/Cookie.class.php 第 32 行.
NOTIC: [8] Undefined variable: public_arr /home/wwwroot/www.jobme.cn/App/Lib/Action/LoginAction.class.php 第 41 行.
SQL: SHOW COLUMNS FROM `eking_user` [ RunTime:0.000693s ]
NOTIC: [8] Undefined index:  THINK_uid /home/wwwroot/www.jobme.cn/Framework/Extend/Library/ORG/Util/Cookie.class.php 第 32 行.
INFO: [ view_template ] --START--
INFO: Run LocationTemplate Behavior [ RunTime:0.000179s ]
INFO: [ view_template ] --END-- [ RunTime:0.000231s ]
INFO: [ view_parse ] --START--
INFO: Run ParseTemplate Behavior [ RunTime:0.006388s ]
INFO: [ view_parse ] --END-- [ RunTime:0.006447s ]
INFO: [ view_filter ] --START--
INFO: Run ContentReplace Behavior [ RunTime:0.000219s ]
INFO: Run TokenBuild Behavior [ RunTime:0.000213s ]
INFO: Run WriteHtmlCache Behavior [ RunTime:0.000118s ]
INFO: Run ShowRuntime Behavior [ RunTime:0.000287s ]
INFO: [ view_filter ] --END-- [ RunTime:0.000985s ]
INFO: [ view_end ] --START--
INFO: Run ShowPageTrace Behavior [ RunTime:0.000366s ]
INFO: [ view_end ] --END-- [ RunTime:0.000418s ]

[ 2013-09-15T21:05:50+08:00 ] 119.147.146.118 /Login
INFO: [ route_check ] --START--
INFO: Run CheckRoute Behavior [ RunTime:0.000552s ]
INFO: [ route_check ] --END-- [ RunTime:0.000615s ]
INFO: [ app_begin ] --START--
INFO: Run ReadHtmlCache Behavior [ RunTime:0.000324s ]
INFO: [ app_begin ] --END-- [ RunTime:0.000380s ]
NOTIC: [8] Undefined index:  THINK_username /home/wwwroot/www.jobme.cn/Framework/Extend/Library/ORG/Util/Cookie.class.php 第 32 行.
NOTIC: [8] Undefined index:  THINK_uid /home/wwwroot/www.jobme.cn/Framework/Extend/Library/ORG/Util/Cookie.class.php 第 32 行.
NOTIC: [8] Undefined index:  THINK_pid /home/wwwroot/www.jobme.cn/Framework/Extend/Library/ORG/Util/Cookie.class.php 第 32 行.
NOTIC: [8] Undefined index:  THINK_level /home/wwwroot/www.jobme.cn/Framework/Extend/Library/ORG/Util/Cookie.class.php 第 32 行.
NOTIC: [8] Undefined index:  THINK_type /home/wwwroot/www.jobme.cn/Framework/Extend/Library/ORG/Util/Cookie.class.php 第 32 行.
NOTIC: [8] Undefined index:  THINK_department /home/wwwroot/www.jobme.cn/Framework/Extend/Library/ORG/Util/Cookie.class.php 第 32 行.
NOTIC: [8] Undefined index:  THINK_role_id /home/wwwroot/www.jobme.cn/Framework/Extend/Library/ORG/Util/Cookie.class.php 第 32 行.
NOTIC: [8] Undefined index:  THINK_permission_tile /home/wwwroot/www.jobme.cn/Framework/Extend/Library/ORG/Util/Cookie.class.php 第 32 行.
NOTIC: [8] Undefined index:  THINK_permission /home/wwwroot/www.jobme.cn/Framework/Extend/Library/ORG/Util/Cookie.class.php 第 32 行.
NOTIC: [8] Undefined variable: public_arr /home/wwwroot/www.jobme.cn/App/Lib/Action/LoginAction.class.php 第 41 行.
SQL: SHOW COLUMNS FROM `eking_user` [ RunTime:0.000804s ]
NOTIC: [8] Undefined index:  THINK_uid /home/wwwroot/www.jobme.cn/Framework/Extend/Library/ORG/Util/Cookie.class.php 第 32 行.
INFO: [ view_template ] --START--
INFO: Run LocationTemplate Behavior [ RunTime:0.000179s ]
INFO: [ view_template ] --END-- [ RunTime:0.000233s ]
INFO: [ view_parse ] --START--
INFO: Run ParseTemplate Behavior [ RunTime:0.006355s ]
INFO: [ view_parse ] --END-- [ RunTime:0.006412s ]
INFO: [ view_filter ] --START--
INFO: Run ContentReplace Behavior [ RunTime:0.000237s ]
INFO: Run TokenBuild Behavior [ RunTime:0.000213s ]
INFO: Run WriteHtmlCache Behavior [ RunTime:0.000118s ]
INFO: Run ShowRuntime Behavior [ RunTime:0.000268s ]
INFO: [ view_filter ] --END-- [ RunTime:0.000986s ]
INFO: [ view_end ] --START--
INFO: Run ShowPageTrace Behavior [ RunTime:0.000365s ]
INFO: [ view_end ] --END-- [ RunTime:0.000419s ]

