[ 2013-09-22T05:59:37+08:00 ] 183.60.243.242 /
INFO: [ app_begin ] --START--
INFO: Run ReadHtmlCache Behavior [ RunTime:0.000346s ]
INFO: [ app_begin ] --END-- [ RunTime:0.000411s ]
NOTIC: [8] Undefined index:  ajax /home/wwwroot/www.jobme.cn/App/Lib/Action/GlAction.class.php 第 18 行.
NOTIC: [8] Undefined index:  id /home/wwwroot/www.jobme.cn/App/Lib/Action/GlAction.class.php 第 19 行.
SQL: SHOW COLUMNS FROM `eking_index` [ RunTime:0.000269s ]
ERR: Table 'erpking.eking_index' doesn't exist
 [ SQL语句 ] : SHOW COLUMNS FROM `eking_index`
NOTIC: [8] Undefined index:  json /home/wwwroot/www.jobme.cn/includes/array.php 第 218 行.
NOTIC: [8] Undefined index:  THINK_username /home/wwwroot/www.jobme.cn/Framework/Extend/Library/ORG/Util/Cookie.class.php 第 32 行.
NOTIC: [8] Undefined index:  THINK_uid /home/wwwroot/www.jobme.cn/Framework/Extend/Library/ORG/Util/Cookie.class.php 第 32 行.
NOTIC: [8] Undefined index:  THINK_pid /home/wwwroot/www.jobme.cn/Framework/Extend/Library/ORG/Util/Cookie.class.php 第 32 行.
NOTIC: [8] Undefined index:  THINK_level /home/wwwroot/www.jobme.cn/Framework/Extend/Library/ORG/Util/Cookie.class.php 第 32 行.
NOTIC: [8] Undefined index:  THINK_post /home/wwwroot/www.jobme.cn/Framework/Extend/Library/ORG/Util/Cookie.class.php 第 32 行.
NOTIC: [8] Undefined index:  THINK_type /home/wwwroot/www.jobme.cn/Framework/Extend/Library/ORG/Util/Cookie.class.php 第 32 行.
NOTIC: [8] Undefined index:  THINK_department /home/wwwroot/www.jobme.cn/Framework/Extend/Library/ORG/Util/Cookie.class.php 第 32 行.
NOTIC: [8] Undefined index:  THINK_role_id /home/wwwroot/www.jobme.cn/Framework/Extend/Library/ORG/Util/Cookie.class.php 第 32 行.
NOTIC: [8] Undefined index:  THINK_realname /home/wwwroot/www.jobme.cn/Framework/Extend/Library/ORG/Util/Cookie.class.php 第 32 行.
NOTIC: [8] Undefined index:  THINK_permission_tile /home/wwwroot/www.jobme.cn/Framework/Extend/Library/ORG/Util/Cookie.class.php 第 32 行.
NOTIC: [8] Undefined index:  THINK_permission /home/wwwroot/www.jobme.cn/Framework/Extend/Library/ORG/Util/Cookie.class.php 第 32 行.
SQL: SHOW COLUMNS FROM `eking_persona` [ RunTime:0.000392s ]
SQL: SELECT * FROM `eking_persona` WHERE ( comid= ) ORDER BY id asc  [ RunTime:0.000083s ]
ERR: You have an error in your SQL syntax; check the manual that corresponds to your MySQL server version for the right syntax to use near ') ORDER BY id asc' at line 1
 [ SQL语句 ] : SELECT * FROM `eking_persona` WHERE ( comid= ) ORDER BY id asc 
NOTIC: [2] Invalid argument supplied for foreach() /home/wwwroot/www.jobme.cn/App/Lib/Action/GlAction.class.php 第 62 行.
NOTIC: [8] Undefined variable: nt /home/wwwroot/www.jobme.cn/App/Lib/Action/GlAction.class.php 第 66 行.
NOTIC: [8] Undefined variable: nt /home/wwwroot/www.jobme.cn/App/Lib/Action/GlAction.class.php 第 67 行.
SQL: SHOW COLUMNS FROM `eking_usermsg` [ RunTime:0.000403s ]
SQL: SELECT COUNT(*) AS tp_count FROM `eking_usermsg` WHERE ( toid= and status=0 ) LIMIT 1   [ RunTime:0.000071s ]
ERR: You have an error in your SQL syntax; check the manual that corresponds to your MySQL server version for the right syntax to use near 'and status=0 ) LIMIT 1' at line 1
 [ SQL语句 ] : SELECT COUNT(*) AS tp_count FROM `eking_usermsg` WHERE ( toid= and status=0 ) LIMIT 1  
SQL: SHOW COLUMNS FROM `eking_sinform` [ RunTime:0.000354s ]
SQL: SELECT COUNT(*) AS tp_count FROM `eking_sinform` WHERE ( to_uid= and `read`=0 ) LIMIT 1   [ RunTime:0.000067s ]
ERR: You have an error in your SQL syntax; check the manual that corresponds to your MySQL server version for the right syntax to use near 'and `read`=0 ) LIMIT 1' at line 1
 [ SQL语句 ] : SELECT COUNT(*) AS tp_count FROM `eking_sinform` WHERE ( to_uid= and `read`=0 ) LIMIT 1  
NOTIC: [8] Undefined index:  THINK_uid /home/wwwroot/www.jobme.cn/Framework/Extend/Library/ORG/Util/Cookie.class.php 第 32 行.

[ 2013-09-22T05:59:37+08:00 ] 183.60.243.242 /Login
INFO: [ route_check ] --START--
INFO: Run CheckRoute Behavior [ RunTime:0.000552s ]
INFO: [ route_check ] --END-- [ RunTime:0.000613s ]
INFO: [ app_begin ] --START--
INFO: Run ReadHtmlCache Behavior [ RunTime:0.000324s ]
INFO: [ app_begin ] --END-- [ RunTime:0.000377s ]
NOTIC: [8] Undefined index:  THINK_username /home/wwwroot/www.jobme.cn/Framework/Extend/Library/ORG/Util/Cookie.class.php 第 32 行.
NOTIC: [8] Undefined index:  THINK_uid /home/wwwroot/www.jobme.cn/Framework/Extend/Library/ORG/Util/Cookie.class.php 第 32 行.
NOTIC: [8] Undefined index:  THINK_pid /home/wwwroot/www.jobme.cn/Framework/Extend/Library/ORG/Util/Cookie.class.php 第 32 行.
NOTIC: [8] Undefined index:  THINK_level /home/wwwroot/www.jobme.cn/Framework/Extend/Library/ORG/Util/Cookie.class.php 第 32 行.
NOTIC: [8] Undefined index:  THINK_type /home/wwwroot/www.jobme.cn/Framework/Extend/Library/ORG/Util/Cookie.class.php 第 32 行.
NOTIC: [8] Undefined index:  THINK_department /home/wwwroot/www.jobme.cn/Framework/Extend/Library/ORG/Util/Cookie.class.php 第 32 行.
NOTIC: [8] Undefined index:  THINK_role_id /home/wwwroot/www.jobme.cn/Framework/Extend/Library/ORG/Util/Cookie.class.php 第 32 行.
NOTIC: [8] Undefined index:  THINK_permission_tile /home/wwwroot/www.jobme.cn/Framework/Extend/Library/ORG/Util/Cookie.class.php 第 32 行.
NOTIC: [8] Undefined index:  THINK_permission /home/wwwroot/www.jobme.cn/Framework/Extend/Library/ORG/Util/Cookie.class.php 第 32 行.
NOTIC: [8] Undefined variable: public_arr /home/wwwroot/www.jobme.cn/App/Lib/Action/LoginAction.class.php 第 41 行.
SQL: SHOW COLUMNS FROM `eking_user` [ RunTime:0.000685s ]
NOTIC: [8] Undefined index:  THINK_uid /home/wwwroot/www.jobme.cn/Framework/Extend/Library/ORG/Util/Cookie.class.php 第 32 行.
INFO: [ view_template ] --START--
INFO: Run LocationTemplate Behavior [ RunTime:0.000184s ]
INFO: [ view_template ] --END-- [ RunTime:0.000239s ]
INFO: [ view_parse ] --START--
INFO: Run ParseTemplate Behavior [ RunTime:0.006582s ]
INFO: [ view_parse ] --END-- [ RunTime:0.006638s ]
INFO: [ view_filter ] --START--
INFO: Run ContentReplace Behavior [ RunTime:0.000224s ]
INFO: Run TokenBuild Behavior [ RunTime:0.000218s ]
INFO: Run WriteHtmlCache Behavior [ RunTime:0.000122s ]
INFO: Run ShowRuntime Behavior [ RunTime:0.000290s ]
INFO: [ view_filter ] --END-- [ RunTime:0.001002s ]
INFO: [ view_end ] --START--
INFO: Run ShowPageTrace Behavior [ RunTime:0.000368s ]
INFO: [ view_end ] --END-- [ RunTime:0.000419s ]

[ 2013-09-22T07:41:55+08:00 ] 110.80.33.98 /
INFO: [ app_begin ] --START--
INFO: Run ReadHtmlCache Behavior [ RunTime:0.000347s ]
INFO: [ app_begin ] --END-- [ RunTime:0.000412s ]
NOTIC: [8] Undefined index:  ajax /home/wwwroot/www.jobme.cn/App/Lib/Action/GlAction.class.php 第 18 行.
NOTIC: [8] Undefined index:  id /home/wwwroot/www.jobme.cn/App/Lib/Action/GlAction.class.php 第 19 行.
SQL: SHOW COLUMNS FROM `eking_index` [ RunTime:0.000264s ]
ERR: Table 'erpking.eking_index' doesn't exist
 [ SQL语句 ] : SHOW COLUMNS FROM `eking_index`
NOTIC: [8] Undefined index:  json /home/wwwroot/www.jobme.cn/includes/array.php 第 218 行.
NOTIC: [8] Undefined index:  THINK_username /home/wwwroot/www.jobme.cn/Framework/Extend/Library/ORG/Util/Cookie.class.php 第 32 行.
NOTIC: [8] Undefined index:  THINK_uid /home/wwwroot/www.jobme.cn/Framework/Extend/Library/ORG/Util/Cookie.class.php 第 32 行.
NOTIC: [8] Undefined index:  THINK_pid /home/wwwroot/www.jobme.cn/Framework/Extend/Library/ORG/Util/Cookie.class.php 第 32 行.
NOTIC: [8] Undefined index:  THINK_level /home/wwwroot/www.jobme.cn/Framework/Extend/Library/ORG/Util/Cookie.class.php 第 32 行.
NOTIC: [8] Undefined index:  THINK_post /home/wwwroot/www.jobme.cn/Framework/Extend/Library/ORG/Util/Cookie.class.php 第 32 行.
NOTIC: [8] Undefined index:  THINK_type /home/wwwroot/www.jobme.cn/Framework/Extend/Library/ORG/Util/Cookie.class.php 第 32 行.
NOTIC: [8] Undefined index:  THINK_department /home/wwwroot/www.jobme.cn/Framework/Extend/Library/ORG/Util/Cookie.class.php 第 32 行.
NOTIC: [8] Undefined index:  THINK_role_id /home/wwwroot/www.jobme.cn/Framework/Extend/Library/ORG/Util/Cookie.class.php 第 32 行.
NOTIC: [8] Undefined index:  THINK_realname /home/wwwroot/www.jobme.cn/Framework/Extend/Library/ORG/Util/Cookie.class.php 第 32 行.
NOTIC: [8] Undefined index:  THINK_permission_tile /home/wwwroot/www.jobme.cn/Framework/Extend/Library/ORG/Util/Cookie.class.php 第 32 行.
NOTIC: [8] Undefined index:  THINK_permission /home/wwwroot/www.jobme.cn/Framework/Extend/Library/ORG/Util/Cookie.class.php 第 32 行.
SQL: SHOW COLUMNS FROM `eking_persona` [ RunTime:0.000417s ]
SQL: SELECT * FROM `eking_persona` WHERE ( comid= ) ORDER BY id asc  [ RunTime:0.000072s ]
ERR: You have an error in your SQL syntax; check the manual that corresponds to your MySQL server version for the right syntax to use near ') ORDER BY id asc' at line 1
 [ SQL语句 ] : SELECT * FROM `eking_persona` WHERE ( comid= ) ORDER BY id asc 
NOTIC: [2] Invalid argument supplied for foreach() /home/wwwroot/www.jobme.cn/App/Lib/Action/GlAction.class.php 第 62 行.
NOTIC: [8] Undefined variable: nt /home/wwwroot/www.jobme.cn/App/Lib/Action/GlAction.class.php 第 66 行.
NOTIC: [8] Undefined variable: nt /home/wwwroot/www.jobme.cn/App/Lib/Action/GlAction.class.php 第 67 行.
SQL: SHOW COLUMNS FROM `eking_usermsg` [ RunTime:0.000378s ]
SQL: SELECT COUNT(*) AS tp_count FROM `eking_usermsg` WHERE ( toid= and status=0 ) LIMIT 1   [ RunTime:0.000068s ]
ERR: You have an error in your SQL syntax; check the manual that corresponds to your MySQL server version for the right syntax to use near 'and status=0 ) LIMIT 1' at line 1
 [ SQL语句 ] : SELECT COUNT(*) AS tp_count FROM `eking_usermsg` WHERE ( toid= and status=0 ) LIMIT 1  
SQL: SHOW COLUMNS FROM `eking_sinform` [ RunTime:0.000333s ]
SQL: SELECT COUNT(*) AS tp_count FROM `eking_sinform` WHERE ( to_uid= and `read`=0 ) LIMIT 1   [ RunTime:0.000065s ]
ERR: You have an error in your SQL syntax; check the manual that corresponds to your MySQL server version for the right syntax to use near 'and `read`=0 ) LIMIT 1' at line 1
 [ SQL语句 ] : SELECT COUNT(*) AS tp_count FROM `eking_sinform` WHERE ( to_uid= and `read`=0 ) LIMIT 1  
NOTIC: [8] Undefined index:  THINK_uid /home/wwwroot/www.jobme.cn/Framework/Extend/Library/ORG/Util/Cookie.class.php 第 32 行.

[ 2013-09-22T07:47:59+08:00 ] 183.60.243.240 /
INFO: [ app_begin ] --START--
INFO: Run ReadHtmlCache Behavior [ RunTime:0.000333s ]
INFO: [ app_begin ] --END-- [ RunTime:0.000397s ]
NOTIC: [8] Undefined index:  ajax /home/wwwroot/www.jobme.cn/App/Lib/Action/GlAction.class.php 第 18 行.
NOTIC: [8] Undefined index:  id /home/wwwroot/www.jobme.cn/App/Lib/Action/GlAction.class.php 第 19 行.
SQL: SHOW COLUMNS FROM `eking_index` [ RunTime:0.000283s ]
ERR: Table 'erpking.eking_index' doesn't exist
 [ SQL语句 ] : SHOW COLUMNS FROM `eking_index`
NOTIC: [8] Undefined index:  json /home/wwwroot/www.jobme.cn/includes/array.php 第 218 行.
NOTIC: [8] Undefined index:  THINK_username /home/wwwroot/www.jobme.cn/Framework/Extend/Library/ORG/Util/Cookie.class.php 第 32 行.
NOTIC: [8] Undefined index:  THINK_uid /home/wwwroot/www.jobme.cn/Framework/Extend/Library/ORG/Util/Cookie.class.php 第 32 行.
NOTIC: [8] Undefined index:  THINK_pid /home/wwwroot/www.jobme.cn/Framework/Extend/Library/ORG/Util/Cookie.class.php 第 32 行.
NOTIC: [8] Undefined index:  THINK_level /home/wwwroot/www.jobme.cn/Framework/Extend/Library/ORG/Util/Cookie.class.php 第 32 行.
NOTIC: [8] Undefined index:  THINK_post /home/wwwroot/www.jobme.cn/Framework/Extend/Library/ORG/Util/Cookie.class.php 第 32 行.
NOTIC: [8] Undefined index:  THINK_type /home/wwwroot/www.jobme.cn/Framework/Extend/Library/ORG/Util/Cookie.class.php 第 32 行.
NOTIC: [8] Undefined index:  THINK_department /home/wwwroot/www.jobme.cn/Framework/Extend/Library/ORG/Util/Cookie.class.php 第 32 行.
NOTIC: [8] Undefined index:  THINK_role_id /home/wwwroot/www.jobme.cn/Framework/Extend/Library/ORG/Util/Cookie.class.php 第 32 行.
NOTIC: [8] Undefined index:  THINK_realname /home/wwwroot/www.jobme.cn/Framework/Extend/Library/ORG/Util/Cookie.class.php 第 32 行.
NOTIC: [8] Undefined index:  THINK_permission_tile /home/wwwroot/www.jobme.cn/Framework/Extend/Library/ORG/Util/Cookie.class.php 第 32 行.
NOTIC: [8] Undefined index:  THINK_permission /home/wwwroot/www.jobme.cn/Framework/Extend/Library/ORG/Util/Cookie.class.php 第 32 行.
SQL: SHOW COLUMNS FROM `eking_persona` [ RunTime:0.000389s ]
SQL: SELECT * FROM `eking_persona` WHERE ( comid= ) ORDER BY id asc  [ RunTime:0.000065s ]
ERR: You have an error in your SQL syntax; check the manual that corresponds to your MySQL server version for the right syntax to use near ') ORDER BY id asc' at line 1
 [ SQL语句 ] : SELECT * FROM `eking_persona` WHERE ( comid= ) ORDER BY id asc 
NOTIC: [2] Invalid argument supplied for foreach() /home/wwwroot/www.jobme.cn/App/Lib/Action/GlAction.class.php 第 62 行.
NOTIC: [8] Undefined variable: nt /home/wwwroot/www.jobme.cn/App/Lib/Action/GlAction.class.php 第 66 行.
NOTIC: [8] Undefined variable: nt /home/wwwroot/www.jobme.cn/App/Lib/Action/GlAction.class.php 第 67 行.
SQL: SHOW COLUMNS FROM `eking_usermsg` [ RunTime:0.000395s ]
SQL: SELECT COUNT(*) AS tp_count FROM `eking_usermsg` WHERE ( toid= and status=0 ) LIMIT 1   [ RunTime:0.000068s ]
ERR: You have an error in your SQL syntax; check the manual that corresponds to your MySQL server version for the right syntax to use near 'and status=0 ) LIMIT 1' at line 1
 [ SQL语句 ] : SELECT COUNT(*) AS tp_count FROM `eking_usermsg` WHERE ( toid= and status=0 ) LIMIT 1  
SQL: SHOW COLUMNS FROM `eking_sinform` [ RunTime:0.000330s ]
SQL: SELECT COUNT(*) AS tp_count FROM `eking_sinform` WHERE ( to_uid= and `read`=0 ) LIMIT 1   [ RunTime:0.000065s ]
ERR: You have an error in your SQL syntax; check the manual that corresponds to your MySQL server version for the right syntax to use near 'and `read`=0 ) LIMIT 1' at line 1
 [ SQL语句 ] : SELECT COUNT(*) AS tp_count FROM `eking_sinform` WHERE ( to_uid= and `read`=0 ) LIMIT 1  
NOTIC: [8] Undefined index:  THINK_uid /home/wwwroot/www.jobme.cn/Framework/Extend/Library/ORG/Util/Cookie.class.php 第 32 行.

[ 2013-09-22T07:47:59+08:00 ] 183.60.243.240 /Login
INFO: [ route_check ] --START--
INFO: Run CheckRoute Behavior [ RunTime:0.000553s ]
INFO: [ route_check ] --END-- [ RunTime:0.000616s ]
INFO: [ app_begin ] --START--
INFO: Run ReadHtmlCache Behavior [ RunTime:0.000330s ]
INFO: [ app_begin ] --END-- [ RunTime:0.000384s ]
NOTIC: [8] Undefined index:  THINK_username /home/wwwroot/www.jobme.cn/Framework/Extend/Library/ORG/Util/Cookie.class.php 第 32 行.
NOTIC: [8] Undefined index:  THINK_uid /home/wwwroot/www.jobme.cn/Framework/Extend/Library/ORG/Util/Cookie.class.php 第 32 行.
NOTIC: [8] Undefined index:  THINK_pid /home/wwwroot/www.jobme.cn/Framework/Extend/Library/ORG/Util/Cookie.class.php 第 32 行.
NOTIC: [8] Undefined index:  THINK_level /home/wwwroot/www.jobme.cn/Framework/Extend/Library/ORG/Util/Cookie.class.php 第 32 行.
NOTIC: [8] Undefined index:  THINK_type /home/wwwroot/www.jobme.cn/Framework/Extend/Library/ORG/Util/Cookie.class.php 第 32 行.
NOTIC: [8] Undefined index:  THINK_department /home/wwwroot/www.jobme.cn/Framework/Extend/Library/ORG/Util/Cookie.class.php 第 32 行.
NOTIC: [8] Undefined index:  THINK_role_id /home/wwwroot/www.jobme.cn/Framework/Extend/Library/ORG/Util/Cookie.class.php 第 32 行.
NOTIC: [8] Undefined index:  THINK_permission_tile /home/wwwroot/www.jobme.cn/Framework/Extend/Library/ORG/Util/Cookie.class.php 第 32 行.
NOTIC: [8] Undefined index:  THINK_permission /home/wwwroot/www.jobme.cn/Framework/Extend/Library/ORG/Util/Cookie.class.php 第 32 行.
NOTIC: [8] Undefined variable: public_arr /home/wwwroot/www.jobme.cn/App/Lib/Action/LoginAction.class.php 第 41 行.
SQL: SHOW COLUMNS FROM `eking_user` [ RunTime:0.000690s ]
NOTIC: [8] Undefined index:  THINK_uid /home/wwwroot/www.jobme.cn/Framework/Extend/Library/ORG/Util/Cookie.class.php 第 32 行.
INFO: [ view_template ] --START--
INFO: Run LocationTemplate Behavior [ RunTime:0.000178s ]
INFO: [ view_template ] --END-- [ RunTime:0.000232s ]
INFO: [ view_parse ] --START--
INFO: Run ParseTemplate Behavior [ RunTime:0.006385s ]
INFO: [ view_parse ] --END-- [ RunTime:0.006442s ]
INFO: [ view_filter ] --START--
INFO: Run ContentReplace Behavior [ RunTime:0.000237s ]
INFO: Run TokenBuild Behavior [ RunTime:0.000214s ]
INFO: Run WriteHtmlCache Behavior [ RunTime:0.000117s ]
INFO: Run ShowRuntime Behavior [ RunTime:0.000268s ]
INFO: [ view_filter ] --END-- [ RunTime:0.000984s ]
INFO: [ view_end ] --START--
INFO: Run ShowPageTrace Behavior [ RunTime:0.000367s ]
INFO: [ view_end ] --END-- [ RunTime:0.000421s ]

[ 2013-09-22T17:44:11+08:00 ] 114.245.195.158 /
INFO: [ app_begin ] --START--
INFO: Run ReadHtmlCache Behavior [ RunTime:0.000334s ]
INFO: [ app_begin ] --END-- [ RunTime:0.000399s ]
NOTIC: [8] Undefined index:  ajax /home/wwwroot/www.jobme.cn/App/Lib/Action/GlAction.class.php 第 18 行.
NOTIC: [8] Undefined index:  id /home/wwwroot/www.jobme.cn/App/Lib/Action/GlAction.class.php 第 19 行.
SQL: SHOW COLUMNS FROM `eking_index` [ RunTime:0.000274s ]
ERR: Table 'erpking.eking_index' doesn't exist
 [ SQL语句 ] : SHOW COLUMNS FROM `eking_index`
NOTIC: [8] Undefined index:  json /home/wwwroot/www.jobme.cn/includes/array.php 第 218 行.
NOTIC: [8] Undefined index:  THINK_username /home/wwwroot/www.jobme.cn/Framework/Extend/Library/ORG/Util/Cookie.class.php 第 32 行.
NOTIC: [8] Undefined index:  THINK_uid /home/wwwroot/www.jobme.cn/Framework/Extend/Library/ORG/Util/Cookie.class.php 第 32 行.
NOTIC: [8] Undefined index:  THINK_pid /home/wwwroot/www.jobme.cn/Framework/Extend/Library/ORG/Util/Cookie.class.php 第 32 行.
NOTIC: [8] Undefined index:  THINK_level /home/wwwroot/www.jobme.cn/Framework/Extend/Library/ORG/Util/Cookie.class.php 第 32 行.
NOTIC: [8] Undefined index:  THINK_post /home/wwwroot/www.jobme.cn/Framework/Extend/Library/ORG/Util/Cookie.class.php 第 32 行.
NOTIC: [8] Undefined index:  THINK_type /home/wwwroot/www.jobme.cn/Framework/Extend/Library/ORG/Util/Cookie.class.php 第 32 行.
NOTIC: [8] Undefined index:  THINK_department /home/wwwroot/www.jobme.cn/Framework/Extend/Library/ORG/Util/Cookie.class.php 第 32 行.
NOTIC: [8] Undefined index:  THINK_role_id /home/wwwroot/www.jobme.cn/Framework/Extend/Library/ORG/Util/Cookie.class.php 第 32 行.
NOTIC: [8] Undefined index:  THINK_realname /home/wwwroot/www.jobme.cn/Framework/Extend/Library/ORG/Util/Cookie.class.php 第 32 行.
NOTIC: [8] Undefined index:  THINK_permission_tile /home/wwwroot/www.jobme.cn/Framework/Extend/Library/ORG/Util/Cookie.class.php 第 32 行.
NOTIC: [8] Undefined index:  THINK_permission /home/wwwroot/www.jobme.cn/Framework/Extend/Library/ORG/Util/Cookie.class.php 第 32 行.
SQL: SHOW COLUMNS FROM `eking_persona` [ RunTime:0.000404s ]
SQL: SELECT * FROM `eking_persona` WHERE ( comid= ) ORDER BY id asc  [ RunTime:0.000064s ]
ERR: You have an error in your SQL syntax; check the manual that corresponds to your MySQL server version for the right syntax to use near ') ORDER BY id asc' at line 1
 [ SQL语句 ] : SELECT * FROM `eking_persona` WHERE ( comid= ) ORDER BY id asc 
NOTIC: [2] Invalid argument supplied for foreach() /home/wwwroot/www.jobme.cn/App/Lib/Action/GlAction.class.php 第 62 行.
NOTIC: [8] Undefined variable: nt /home/wwwroot/www.jobme.cn/App/Lib/Action/GlAction.class.php 第 66 行.
NOTIC: [8] Undefined variable: nt /home/wwwroot/www.jobme.cn/App/Lib/Action/GlAction.class.php 第 67 行.
SQL: SHOW COLUMNS FROM `eking_usermsg` [ RunTime:0.000378s ]
SQL: SELECT COUNT(*) AS tp_count FROM `eking_usermsg` WHERE ( toid= and status=0 ) LIMIT 1   [ RunTime:0.000068s ]
ERR: You have an error in your SQL syntax; check the manual that corresponds to your MySQL server version for the right syntax to use near 'and status=0 ) LIMIT 1' at line 1
 [ SQL语句 ] : SELECT COUNT(*) AS tp_count FROM `eking_usermsg` WHERE ( toid= and status=0 ) LIMIT 1  
SQL: SHOW COLUMNS FROM `eking_sinform` [ RunTime:0.000332s ]
SQL: SELECT COUNT(*) AS tp_count FROM `eking_sinform` WHERE ( to_uid= and `read`=0 ) LIMIT 1   [ RunTime:0.000066s ]
ERR: You have an error in your SQL syntax; check the manual that corresponds to your MySQL server version for the right syntax to use near 'and `read`=0 ) LIMIT 1' at line 1
 [ SQL语句 ] : SELECT COUNT(*) AS tp_count FROM `eking_sinform` WHERE ( to_uid= and `read`=0 ) LIMIT 1  
NOTIC: [8] Undefined index:  THINK_uid /home/wwwroot/www.jobme.cn/Framework/Extend/Library/ORG/Util/Cookie.class.php 第 32 行.

[ 2013-09-22T17:44:11+08:00 ] 114.245.195.158 /Login
INFO: [ route_check ] --START--
INFO: Run CheckRoute Behavior [ RunTime:0.000539s ]
INFO: [ route_check ] --END-- [ RunTime:0.000600s ]
INFO: [ app_begin ] --START--
INFO: Run ReadHtmlCache Behavior [ RunTime:0.000328s ]
INFO: [ app_begin ] --END-- [ RunTime:0.000396s ]
NOTIC: [8] Undefined index:  THINK_username /home/wwwroot/www.jobme.cn/Framework/Extend/Library/ORG/Util/Cookie.class.php 第 32 行.
NOTIC: [8] Undefined index:  THINK_uid /home/wwwroot/www.jobme.cn/Framework/Extend/Library/ORG/Util/Cookie.class.php 第 32 行.
NOTIC: [8] Undefined index:  THINK_pid /home/wwwroot/www.jobme.cn/Framework/Extend/Library/ORG/Util/Cookie.class.php 第 32 行.
NOTIC: [8] Undefined index:  THINK_level /home/wwwroot/www.jobme.cn/Framework/Extend/Library/ORG/Util/Cookie.class.php 第 32 行.
NOTIC: [8] Undefined index:  THINK_type /home/wwwroot/www.jobme.cn/Framework/Extend/Library/ORG/Util/Cookie.class.php 第 32 行.
NOTIC: [8] Undefined index:  THINK_department /home/wwwroot/www.jobme.cn/Framework/Extend/Library/ORG/Util/Cookie.class.php 第 32 行.
NOTIC: [8] Undefined index:  THINK_role_id /home/wwwroot/www.jobme.cn/Framework/Extend/Library/ORG/Util/Cookie.class.php 第 32 行.
NOTIC: [8] Undefined index:  THINK_permission_tile /home/wwwroot/www.jobme.cn/Framework/Extend/Library/ORG/Util/Cookie.class.php 第 32 行.
NOTIC: [8] Undefined index:  THINK_permission /home/wwwroot/www.jobme.cn/Framework/Extend/Library/ORG/Util/Cookie.class.php 第 32 行.
NOTIC: [8] Undefined variable: public_arr /home/wwwroot/www.jobme.cn/App/Lib/Action/LoginAction.class.php 第 41 行.
SQL: SHOW COLUMNS FROM `eking_user` [ RunTime:0.000695s ]
NOTIC: [8] Undefined index:  THINK_uid /home/wwwroot/www.jobme.cn/Framework/Extend/Library/ORG/Util/Cookie.class.php 第 32 行.
INFO: [ view_template ] --START--
INFO: Run LocationTemplate Behavior [ RunTime:0.000181s ]
INFO: [ view_template ] --END-- [ RunTime:0.000235s ]
INFO: [ view_parse ] --START--
INFO: Run ParseTemplate Behavior [ RunTime:0.006380s ]
INFO: [ view_parse ] --END-- [ RunTime:0.006439s ]
INFO: [ view_filter ] --START--
INFO: Run ContentReplace Behavior [ RunTime:0.000220s ]
INFO: Run TokenBuild Behavior [ RunTime:0.000214s ]
INFO: Run WriteHtmlCache Behavior [ RunTime:0.000118s ]
INFO: Run ShowRuntime Behavior [ RunTime:0.000286s ]
INFO: [ view_filter ] --END-- [ RunTime:0.000988s ]
INFO: [ view_end ] --START--
INFO: Run ShowPageTrace Behavior [ RunTime:0.000366s ]
INFO: [ view_end ] --END-- [ RunTime:0.000418s ]

[ 2013-09-22T17:44:12+08:00 ] ERR: (ThinkException) 无法加载模块:favicon
[ 2013-09-22T17:44:13+08:00 ] 114.245.195.158 /
INFO: [ app_begin ] --START--
INFO: Run ReadHtmlCache Behavior [ RunTime:0.000331s ]
INFO: [ app_begin ] --END-- [ RunTime:0.000395s ]
NOTIC: [8] Undefined index:  ajax /home/wwwroot/www.jobme.cn/App/Lib/Action/GlAction.class.php 第 18 行.
NOTIC: [8] Undefined index:  id /home/wwwroot/www.jobme.cn/App/Lib/Action/GlAction.class.php 第 19 行.
SQL: SHOW COLUMNS FROM `eking_index` [ RunTime:0.000297s ]
ERR: Table 'erpking.eking_index' doesn't exist
 [ SQL语句 ] : SHOW COLUMNS FROM `eking_index`
NOTIC: [8] Undefined index:  json /home/wwwroot/www.jobme.cn/includes/array.php 第 218 行.
NOTIC: [8] Undefined index:  THINK_username /home/wwwroot/www.jobme.cn/Framework/Extend/Library/ORG/Util/Cookie.class.php 第 32 行.
NOTIC: [8] Undefined index:  THINK_uid /home/wwwroot/www.jobme.cn/Framework/Extend/Library/ORG/Util/Cookie.class.php 第 32 行.
NOTIC: [8] Undefined index:  THINK_pid /home/wwwroot/www.jobme.cn/Framework/Extend/Library/ORG/Util/Cookie.class.php 第 32 行.
NOTIC: [8] Undefined index:  THINK_level /home/wwwroot/www.jobme.cn/Framework/Extend/Library/ORG/Util/Cookie.class.php 第 32 行.
NOTIC: [8] Undefined index:  THINK_post /home/wwwroot/www.jobme.cn/Framework/Extend/Library/ORG/Util/Cookie.class.php 第 32 行.
NOTIC: [8] Undefined index:  THINK_type /home/wwwroot/www.jobme.cn/Framework/Extend/Library/ORG/Util/Cookie.class.php 第 32 行.
NOTIC: [8] Undefined index:  THINK_department /home/wwwroot/www.jobme.cn/Framework/Extend/Library/ORG/Util/Cookie.class.php 第 32 行.
NOTIC: [8] Undefined index:  THINK_role_id /home/wwwroot/www.jobme.cn/Framework/Extend/Library/ORG/Util/Cookie.class.php 第 32 行.
NOTIC: [8] Undefined index:  THINK_realname /home/wwwroot/www.jobme.cn/Framework/Extend/Library/ORG/Util/Cookie.class.php 第 32 行.
NOTIC: [8] Undefined index:  THINK_permission_tile /home/wwwroot/www.jobme.cn/Framework/Extend/Library/ORG/Util/Cookie.class.php 第 32 行.
NOTIC: [8] Undefined index:  THINK_permission /home/wwwroot/www.jobme.cn/Framework/Extend/Library/ORG/Util/Cookie.class.php 第 32 行.
SQL: SHOW COLUMNS FROM `eking_persona` [ RunTime:0.000393s ]
SQL: SELECT * FROM `eking_persona` WHERE ( comid= ) ORDER BY id asc  [ RunTime:0.000066s ]
ERR: You have an error in your SQL syntax; check the manual that corresponds to your MySQL server version for the right syntax to use near ') ORDER BY id asc' at line 1
 [ SQL语句 ] : SELECT * FROM `eking_persona` WHERE ( comid= ) ORDER BY id asc 
NOTIC: [2] Invalid argument supplied for foreach() /home/wwwroot/www.jobme.cn/App/Lib/Action/GlAction.class.php 第 62 行.
NOTIC: [8] Undefined variable: nt /home/wwwroot/www.jobme.cn/App/Lib/Action/GlAction.class.php 第 66 行.
NOTIC: [8] Undefined variable: nt /home/wwwroot/www.jobme.cn/App/Lib/Action/GlAction.class.php 第 67 行.
SQL: SHOW COLUMNS FROM `eking_usermsg` [ RunTime:0.000382s ]
SQL: SELECT COUNT(*) AS tp_count FROM `eking_usermsg` WHERE ( toid= and status=0 ) LIMIT 1   [ RunTime:0.000071s ]
ERR: You have an error in your SQL syntax; check the manual that corresponds to your MySQL server version for the right syntax to use near 'and status=0 ) LIMIT 1' at line 1
 [ SQL语句 ] : SELECT COUNT(*) AS tp_count FROM `eking_usermsg` WHERE ( toid= and status=0 ) LIMIT 1  
SQL: SHOW COLUMNS FROM `eking_sinform` [ RunTime:0.000338s ]
SQL: SELECT COUNT(*) AS tp_count FROM `eking_sinform` WHERE ( to_uid= and `read`=0 ) LIMIT 1   [ RunTime:0.000083s ]
ERR: You have an error in your SQL syntax; check the manual that corresponds to your MySQL server version for the right syntax to use near 'and `read`=0 ) LIMIT 1' at line 1
 [ SQL语句 ] : SELECT COUNT(*) AS tp_count FROM `eking_sinform` WHERE ( to_uid= and `read`=0 ) LIMIT 1  
NOTIC: [8] Undefined index:  THINK_uid /home/wwwroot/www.jobme.cn/Framework/Extend/Library/ORG/Util/Cookie.class.php 第 32 行.

[ 2013-09-22T17:44:13+08:00 ] 114.245.195.158 /Login
INFO: [ route_check ] --START--
INFO: Run CheckRoute Behavior [ RunTime:0.000552s ]
INFO: [ route_check ] --END-- [ RunTime:0.000614s ]
INFO: [ app_begin ] --START--
INFO: Run ReadHtmlCache Behavior [ RunTime:0.000325s ]
INFO: [ app_begin ] --END-- [ RunTime:0.000379s ]
NOTIC: [8] Undefined index:  THINK_username /home/wwwroot/www.jobme.cn/Framework/Extend/Library/ORG/Util/Cookie.class.php 第 32 行.
NOTIC: [8] Undefined index:  THINK_uid /home/wwwroot/www.jobme.cn/Framework/Extend/Library/ORG/Util/Cookie.class.php 第 32 行.
NOTIC: [8] Undefined index:  THINK_pid /home/wwwroot/www.jobme.cn/Framework/Extend/Library/ORG/Util/Cookie.class.php 第 32 行.
NOTIC: [8] Undefined index:  THINK_level /home/wwwroot/www.jobme.cn/Framework/Extend/Library/ORG/Util/Cookie.class.php 第 32 行.
NOTIC: [8] Undefined index:  THINK_type /home/wwwroot/www.jobme.cn/Framework/Extend/Library/ORG/Util/Cookie.class.php 第 32 行.
NOTIC: [8] Undefined index:  THINK_department /home/wwwroot/www.jobme.cn/Framework/Extend/Library/ORG/Util/Cookie.class.php 第 32 行.
NOTIC: [8] Undefined index:  THINK_role_id /home/wwwroot/www.jobme.cn/Framework/Extend/Library/ORG/Util/Cookie.class.php 第 32 行.
NOTIC: [8] Undefined index:  THINK_permission_tile /home/wwwroot/www.jobme.cn/Framework/Extend/Library/ORG/Util/Cookie.class.php 第 32 行.
NOTIC: [8] Undefined index:  THINK_permission /home/wwwroot/www.jobme.cn/Framework/Extend/Library/ORG/Util/Cookie.class.php 第 32 行.
NOTIC: [8] Undefined variable: public_arr /home/wwwroot/www.jobme.cn/App/Lib/Action/LoginAction.class.php 第 41 行.
SQL: SHOW COLUMNS FROM `eking_user` [ RunTime:0.000701s ]
NOTIC: [8] Undefined index:  THINK_uid /home/wwwroot/www.jobme.cn/Framework/Extend/Library/ORG/Util/Cookie.class.php 第 32 行.
INFO: [ view_template ] --START--
INFO: Run LocationTemplate Behavior [ RunTime:0.000199s ]
INFO: [ view_template ] --END-- [ RunTime:0.000254s ]
INFO: [ view_parse ] --START--
INFO: Run ParseTemplate Behavior [ RunTime:0.006382s ]
INFO: [ view_parse ] --END-- [ RunTime:0.006438s ]
INFO: [ view_filter ] --START--
INFO: Run ContentReplace Behavior [ RunTime:0.000220s ]
INFO: Run TokenBuild Behavior [ RunTime:0.000232s ]
INFO: Run WriteHtmlCache Behavior [ RunTime:0.000119s ]
INFO: Run ShowRuntime Behavior [ RunTime:0.000269s ]
INFO: [ view_filter ] --END-- [ RunTime:0.000989s ]
INFO: [ view_end ] --START--
INFO: Run ShowPageTrace Behavior [ RunTime:0.000575s ]
INFO: [ view_end ] --END-- [ RunTime:0.000628s ]

[ 2013-09-22T17:44:13+08:00 ] ERR: (ThinkException) 无法加载模块:favicon
[ 2013-09-22T17:47:12+08:00 ] 119.147.146.118 /
INFO: [ app_begin ] --START--
INFO: Run ReadHtmlCache Behavior [ RunTime:0.000346s ]
INFO: [ app_begin ] --END-- [ RunTime:0.000407s ]
NOTIC: [8] Undefined index:  ajax /home/wwwroot/www.jobme.cn/App/Lib/Action/GlAction.class.php 第 18 行.
NOTIC: [8] Undefined index:  id /home/wwwroot/www.jobme.cn/App/Lib/Action/GlAction.class.php 第 19 行.
SQL: SHOW COLUMNS FROM `eking_index` [ RunTime:0.000235s ]
ERR: Table 'erpking.eking_index' doesn't exist
 [ SQL语句 ] : SHOW COLUMNS FROM `eking_index`
NOTIC: [8] Undefined index:  json /home/wwwroot/www.jobme.cn/includes/array.php 第 218 行.
NOTIC: [8] Undefined index:  THINK_username /home/wwwroot/www.jobme.cn/Framework/Extend/Library/ORG/Util/Cookie.class.php 第 32 行.
NOTIC: [8] Undefined index:  THINK_uid /home/wwwroot/www.jobme.cn/Framework/Extend/Library/ORG/Util/Cookie.class.php 第 32 行.
NOTIC: [8] Undefined index:  THINK_pid /home/wwwroot/www.jobme.cn/Framework/Extend/Library/ORG/Util/Cookie.class.php 第 32 行.
NOTIC: [8] Undefined index:  THINK_level /home/wwwroot/www.jobme.cn/Framework/Extend/Library/ORG/Util/Cookie.class.php 第 32 行.
NOTIC: [8] Undefined index:  THINK_post /home/wwwroot/www.jobme.cn/Framework/Extend/Library/ORG/Util/Cookie.class.php 第 32 行.
NOTIC: [8] Undefined index:  THINK_type /home/wwwroot/www.jobme.cn/Framework/Extend/Library/ORG/Util/Cookie.class.php 第 32 行.
NOTIC: [8] Undefined index:  THINK_department /home/wwwroot/www.jobme.cn/Framework/Extend/Library/ORG/Util/Cookie.class.php 第 32 行.
NOTIC: [8] Undefined index:  THINK_role_id /home/wwwroot/www.jobme.cn/Framework/Extend/Library/ORG/Util/Cookie.class.php 第 32 行.
NOTIC: [8] Undefined index:  THINK_realname /home/wwwroot/www.jobme.cn/Framework/Extend/Library/ORG/Util/Cookie.class.php 第 32 行.
NOTIC: [8] Undefined index:  THINK_permission_tile /home/wwwroot/www.jobme.cn/Framework/Extend/Library/ORG/Util/Cookie.class.php 第 32 行.
NOTIC: [8] Undefined index:  THINK_permission /home/wwwroot/www.jobme.cn/Framework/Extend/Library/ORG/Util/Cookie.class.php 第 32 行.
SQL: SHOW COLUMNS FROM `eking_persona` [ RunTime:0.000379s ]
SQL: SELECT * FROM `eking_persona` WHERE ( comid= ) ORDER BY id asc  [ RunTime:0.000063s ]
ERR: You have an error in your SQL syntax; check the manual that corresponds to your MySQL server version for the right syntax to use near ') ORDER BY id asc' at line 1
 [ SQL语句 ] : SELECT * FROM `eking_persona` WHERE ( comid= ) ORDER BY id asc 
NOTIC: [2] Invalid argument supplied for foreach() /home/wwwroot/www.jobme.cn/App/Lib/Action/GlAction.class.php 第 62 行.
NOTIC: [8] Undefined variable: nt /home/wwwroot/www.jobme.cn/App/Lib/Action/GlAction.class.php 第 66 行.
NOTIC: [8] Undefined variable: nt /home/wwwroot/www.jobme.cn/App/Lib/Action/GlAction.class.php 第 67 行.
SQL: SHOW COLUMNS FROM `eking_usermsg` [ RunTime:0.000457s ]
SQL: SELECT COUNT(*) AS tp_count FROM `eking_usermsg` WHERE ( toid= and status=0 ) LIMIT 1   [ RunTime:0.000068s ]
ERR: You have an error in your SQL syntax; check the manual that corresponds to your MySQL server version for the right syntax to use near 'and status=0 ) LIMIT 1' at line 1
 [ SQL语句 ] : SELECT COUNT(*) AS tp_count FROM `eking_usermsg` WHERE ( toid= and status=0 ) LIMIT 1  
SQL: SHOW COLUMNS FROM `eking_sinform` [ RunTime:0.000344s ]
SQL: SELECT COUNT(*) AS tp_count FROM `eking_sinform` WHERE ( to_uid= and `read`=0 ) LIMIT 1   [ RunTime:0.000065s ]
ERR: You have an error in your SQL syntax; check the manual that corresponds to your MySQL server version for the right syntax to use near 'and `read`=0 ) LIMIT 1' at line 1
 [ SQL语句 ] : SELECT COUNT(*) AS tp_count FROM `eking_sinform` WHERE ( to_uid= and `read`=0 ) LIMIT 1  
NOTIC: [8] Undefined index:  THINK_uid /home/wwwroot/www.jobme.cn/Framework/Extend/Library/ORG/Util/Cookie.class.php 第 32 行.

[ 2013-09-22T17:47:12+08:00 ] 119.147.146.118 /Login
INFO: [ route_check ] --START--
INFO: Run CheckRoute Behavior [ RunTime:0.000552s ]
INFO: [ route_check ] --END-- [ RunTime:0.000614s ]
INFO: [ app_begin ] --START--
INFO: Run ReadHtmlCache Behavior [ RunTime:0.000327s ]
INFO: [ app_begin ] --END-- [ RunTime:0.000382s ]
NOTIC: [8] Undefined index:  THINK_username /home/wwwroot/www.jobme.cn/Framework/Extend/Library/ORG/Util/Cookie.class.php 第 32 行.
NOTIC: [8] Undefined index:  THINK_uid /home/wwwroot/www.jobme.cn/Framework/Extend/Library/ORG/Util/Cookie.class.php 第 32 行.
NOTIC: [8] Undefined index:  THINK_pid /home/wwwroot/www.jobme.cn/Framework/Extend/Library/ORG/Util/Cookie.class.php 第 32 行.
NOTIC: [8] Undefined index:  THINK_level /home/wwwroot/www.jobme.cn/Framework/Extend/Library/ORG/Util/Cookie.class.php 第 32 行.
NOTIC: [8] Undefined index:  THINK_type /home/wwwroot/www.jobme.cn/Framework/Extend/Library/ORG/Util/Cookie.class.php 第 32 行.
NOTIC: [8] Undefined index:  THINK_department /home/wwwroot/www.jobme.cn/Framework/Extend/Library/ORG/Util/Cookie.class.php 第 32 行.
NOTIC: [8] Undefined index:  THINK_role_id /home/wwwroot/www.jobme.cn/Framework/Extend/Library/ORG/Util/Cookie.class.php 第 32 行.
NOTIC: [8] Undefined index:  THINK_permission_tile /home/wwwroot/www.jobme.cn/Framework/Extend/Library/ORG/Util/Cookie.class.php 第 32 行.
NOTIC: [8] Undefined index:  THINK_permission /home/wwwroot/www.jobme.cn/Framework/Extend/Library/ORG/Util/Cookie.class.php 第 32 行.
NOTIC: [8] Undefined variable: public_arr /home/wwwroot/www.jobme.cn/App/Lib/Action/LoginAction.class.php 第 41 行.
SQL: SHOW COLUMNS FROM `eking_user` [ RunTime:0.000709s ]
NOTIC: [8] Undefined index:  THINK_uid /home/wwwroot/www.jobme.cn/Framework/Extend/Library/ORG/Util/Cookie.class.php 第 32 行.
INFO: [ view_template ] --START--
INFO: Run LocationTemplate Behavior [ RunTime:0.000185s ]
INFO: [ view_template ] --END-- [ RunTime:0.000241s ]
INFO: [ view_parse ] --START--
INFO: Run ParseTemplate Behavior [ RunTime:0.007000s ]
INFO: [ view_parse ] --END-- [ RunTime:0.007057s ]
INFO: [ view_filter ] --START--
INFO: Run ContentReplace Behavior [ RunTime:0.000222s ]
INFO: Run TokenBuild Behavior [ RunTime:0.000215s ]
INFO: Run WriteHtmlCache Behavior [ RunTime:0.000137s ]
INFO: Run ShowRuntime Behavior [ RunTime:0.000271s ]
INFO: [ view_filter ] --END-- [ RunTime:0.000994s ]
INFO: [ view_end ] --START--
INFO: Run ShowPageTrace Behavior [ RunTime:0.000366s ]
INFO: [ view_end ] --END-- [ RunTime:0.000419s ]

[ 2013-09-22T17:47:12+08:00 ] 119.147.146.118 /Login
INFO: [ route_check ] --START--
INFO: Run CheckRoute Behavior [ RunTime:0.000553s ]
INFO: [ route_check ] --END-- [ RunTime:0.000616s ]
INFO: [ app_begin ] --START--
INFO: Run ReadHtmlCache Behavior [ RunTime:0.000327s ]
INFO: [ app_begin ] --END-- [ RunTime:0.000383s ]
NOTIC: [8] Undefined index:  THINK_username /home/wwwroot/www.jobme.cn/Framework/Extend/Library/ORG/Util/Cookie.class.php 第 32 行.
NOTIC: [8] Undefined index:  THINK_uid /home/wwwroot/www.jobme.cn/Framework/Extend/Library/ORG/Util/Cookie.class.php 第 32 行.
NOTIC: [8] Undefined index:  THINK_pid /home/wwwroot/www.jobme.cn/Framework/Extend/Library/ORG/Util/Cookie.class.php 第 32 行.
NOTIC: [8] Undefined index:  THINK_level /home/wwwroot/www.jobme.cn/Framework/Extend/Library/ORG/Util/Cookie.class.php 第 32 行.
NOTIC: [8] Undefined index:  THINK_type /home/wwwroot/www.jobme.cn/Framework/Extend/Library/ORG/Util/Cookie.class.php 第 32 行.
NOTIC: [8] Undefined index:  THINK_department /home/wwwroot/www.jobme.cn/Framework/Extend/Library/ORG/Util/Cookie.class.php 第 32 行.
NOTIC: [8] Undefined index:  THINK_role_id /home/wwwroot/www.jobme.cn/Framework/Extend/Library/ORG/Util/Cookie.class.php 第 32 行.
NOTIC: [8] Undefined index:  THINK_permission_tile /home/wwwroot/www.jobme.cn/Framework/Extend/Library/ORG/Util/Cookie.class.php 第 32 行.
NOTIC: [8] Undefined index:  THINK_permission /home/wwwroot/www.jobme.cn/Framework/Extend/Library/ORG/Util/Cookie.class.php 第 32 行.
NOTIC: [8] Undefined variable: public_arr /home/wwwroot/www.jobme.cn/App/Lib/Action/LoginAction.class.php 第 41 行.
SQL: SHOW COLUMNS FROM `eking_user` [ RunTime:0.000709s ]
NOTIC: [8] Undefined index:  THINK_uid /home/wwwroot/www.jobme.cn/Framework/Extend/Library/ORG/Util/Cookie.class.php 第 32 行.
INFO: [ view_template ] --START--
INFO: Run LocationTemplate Behavior [ RunTime:0.000179s ]
INFO: [ view_template ] --END-- [ RunTime:0.000234s ]
INFO: [ view_parse ] --START--
INFO: Run ParseTemplate Behavior [ RunTime:0.006439s ]
INFO: [ view_parse ] --END-- [ RunTime:0.006495s ]
INFO: [ view_filter ] --START--
INFO: Run ContentReplace Behavior [ RunTime:0.000221s ]
INFO: Run TokenBuild Behavior [ RunTime:0.000214s ]
INFO: Run WriteHtmlCache Behavior [ RunTime:0.000118s ]
INFO: Run ShowRuntime Behavior [ RunTime:0.000284s ]
INFO: [ view_filter ] --END-- [ RunTime:0.000986s ]
INFO: [ view_end ] --START--
INFO: Run ShowPageTrace Behavior [ RunTime:0.000367s ]
INFO: [ view_end ] --END-- [ RunTime:0.000418s ]

[ 2013-09-22T19:10:04+08:00 ] 183.60.244.20 /
INFO: [ app_begin ] --START--
INFO: Run ReadHtmlCache Behavior [ RunTime:0.000332s ]
INFO: [ app_begin ] --END-- [ RunTime:0.000395s ]
NOTIC: [8] Undefined index:  ajax /home/wwwroot/www.jobme.cn/App/Lib/Action/GlAction.class.php 第 18 行.
NOTIC: [8] Undefined index:  id /home/wwwroot/www.jobme.cn/App/Lib/Action/GlAction.class.php 第 19 行.
SQL: SHOW COLUMNS FROM `eking_index` [ RunTime:0.000283s ]
ERR: Table 'erpking.eking_index' doesn't exist
 [ SQL语句 ] : SHOW COLUMNS FROM `eking_index`
NOTIC: [8] Undefined index:  json /home/wwwroot/www.jobme.cn/includes/array.php 第 218 行.
NOTIC: [8] Undefined index:  THINK_username /home/wwwroot/www.jobme.cn/Framework/Extend/Library/ORG/Util/Cookie.class.php 第 32 行.
NOTIC: [8] Undefined index:  THINK_uid /home/wwwroot/www.jobme.cn/Framework/Extend/Library/ORG/Util/Cookie.class.php 第 32 行.
NOTIC: [8] Undefined index:  THINK_pid /home/wwwroot/www.jobme.cn/Framework/Extend/Library/ORG/Util/Cookie.class.php 第 32 行.
NOTIC: [8] Undefined index:  THINK_level /home/wwwroot/www.jobme.cn/Framework/Extend/Library/ORG/Util/Cookie.class.php 第 32 行.
NOTIC: [8] Undefined index:  THINK_post /home/wwwroot/www.jobme.cn/Framework/Extend/Library/ORG/Util/Cookie.class.php 第 32 行.
NOTIC: [8] Undefined index:  THINK_type /home/wwwroot/www.jobme.cn/Framework/Extend/Library/ORG/Util/Cookie.class.php 第 32 行.
NOTIC: [8] Undefined index:  THINK_department /home/wwwroot/www.jobme.cn/Framework/Extend/Library/ORG/Util/Cookie.class.php 第 32 行.
NOTIC: [8] Undefined index:  THINK_role_id /home/wwwroot/www.jobme.cn/Framework/Extend/Library/ORG/Util/Cookie.class.php 第 32 行.
NOTIC: [8] Undefined index:  THINK_realname /home/wwwroot/www.jobme.cn/Framework/Extend/Library/ORG/Util/Cookie.class.php 第 32 行.
NOTIC: [8] Undefined index:  THINK_permission_tile /home/wwwroot/www.jobme.cn/Framework/Extend/Library/ORG/Util/Cookie.class.php 第 32 行.
NOTIC: [8] Undefined index:  THINK_permission /home/wwwroot/www.jobme.cn/Framework/Extend/Library/ORG/Util/Cookie.class.php 第 32 行.
SQL: SHOW COLUMNS FROM `eking_persona` [ RunTime:0.000387s ]
SQL: SELECT * FROM `eking_persona` WHERE ( comid= ) ORDER BY id asc  [ RunTime:0.000064s ]
ERR: You have an error in your SQL syntax; check the manual that corresponds to your MySQL server version for the right syntax to use near ') ORDER BY id asc' at line 1
 [ SQL语句 ] : SELECT * FROM `eking_persona` WHERE ( comid= ) ORDER BY id asc 
NOTIC: [2] Invalid argument supplied for foreach() /home/wwwroot/www.jobme.cn/App/Lib/Action/GlAction.class.php 第 62 行.
NOTIC: [8] Undefined variable: nt /home/wwwroot/www.jobme.cn/App/Lib/Action/GlAction.class.php 第 66 行.
NOTIC: [8] Undefined variable: nt /home/wwwroot/www.jobme.cn/App/Lib/Action/GlAction.class.php 第 67 行.
SQL: SHOW COLUMNS FROM `eking_usermsg` [ RunTime:0.000394s ]
SQL: SELECT COUNT(*) AS tp_count FROM `eking_usermsg` WHERE ( toid= and status=0 ) LIMIT 1   [ RunTime:0.000069s ]
ERR: You have an error in your SQL syntax; check the manual that corresponds to your MySQL server version for the right syntax to use near 'and status=0 ) LIMIT 1' at line 1
 [ SQL语句 ] : SELECT COUNT(*) AS tp_count FROM `eking_usermsg` WHERE ( toid= and status=0 ) LIMIT 1  
SQL: SHOW COLUMNS FROM `eking_sinform` [ RunTime:0.000330s ]
SQL: SELECT COUNT(*) AS tp_count FROM `eking_sinform` WHERE ( to_uid= and `read`=0 ) LIMIT 1   [ RunTime:0.000083s ]
ERR: You have an error in your SQL syntax; check the manual that corresponds to your MySQL server version for the right syntax to use near 'and `read`=0 ) LIMIT 1' at line 1
 [ SQL语句 ] : SELECT COUNT(*) AS tp_count FROM `eking_sinform` WHERE ( to_uid= and `read`=0 ) LIMIT 1  
NOTIC: [8] Undefined index:  THINK_uid /home/wwwroot/www.jobme.cn/Framework/Extend/Library/ORG/Util/Cookie.class.php 第 32 行.

[ 2013-09-22T19:10:04+08:00 ] 183.60.244.20 /Login
INFO: [ route_check ] --START--
INFO: Run CheckRoute Behavior [ RunTime:0.000533s ]
INFO: [ route_check ] --END-- [ RunTime:0.000612s ]
INFO: [ app_begin ] --START--
INFO: Run ReadHtmlCache Behavior [ RunTime:0.000324s ]
INFO: [ app_begin ] --END-- [ RunTime:0.000378s ]
NOTIC: [8] Undefined index:  THINK_username /home/wwwroot/www.jobme.cn/Framework/Extend/Library/ORG/Util/Cookie.class.php 第 32 行.
NOTIC: [8] Undefined index:  THINK_uid /home/wwwroot/www.jobme.cn/Framework/Extend/Library/ORG/Util/Cookie.class.php 第 32 行.
NOTIC: [8] Undefined index:  THINK_pid /home/wwwroot/www.jobme.cn/Framework/Extend/Library/ORG/Util/Cookie.class.php 第 32 行.
NOTIC: [8] Undefined index:  THINK_level /home/wwwroot/www.jobme.cn/Framework/Extend/Library/ORG/Util/Cookie.class.php 第 32 行.
NOTIC: [8] Undefined index:  THINK_type /home/wwwroot/www.jobme.cn/Framework/Extend/Library/ORG/Util/Cookie.class.php 第 32 行.
NOTIC: [8] Undefined index:  THINK_department /home/wwwroot/www.jobme.cn/Framework/Extend/Library/ORG/Util/Cookie.class.php 第 32 行.
NOTIC: [8] Undefined index:  THINK_role_id /home/wwwroot/www.jobme.cn/Framework/Extend/Library/ORG/Util/Cookie.class.php 第 32 行.
NOTIC: [8] Undefined index:  THINK_permission_tile /home/wwwroot/www.jobme.cn/Framework/Extend/Library/ORG/Util/Cookie.class.php 第 32 行.
NOTIC: [8] Undefined index:  THINK_permission /home/wwwroot/www.jobme.cn/Framework/Extend/Library/ORG/Util/Cookie.class.php 第 32 行.
NOTIC: [8] Undefined variable: public_arr /home/wwwroot/www.jobme.cn/App/Lib/Action/LoginAction.class.php 第 41 行.
SQL: SHOW COLUMNS FROM `eking_user` [ RunTime:0.000724s ]
NOTIC: [8] Undefined index:  THINK_uid /home/wwwroot/www.jobme.cn/Framework/Extend/Library/ORG/Util/Cookie.class.php 第 32 行.
INFO: [ view_template ] --START--
INFO: Run LocationTemplate Behavior [ RunTime:0.000178s ]
INFO: [ view_template ] --END-- [ RunTime:0.000233s ]
INFO: [ view_parse ] --START--
INFO: Run ParseTemplate Behavior [ RunTime:0.006376s ]
INFO: [ view_parse ] --END-- [ RunTime:0.006432s ]
INFO: [ view_filter ] --START--
INFO: Run ContentReplace Behavior [ RunTime:0.000237s ]
INFO: Run TokenBuild Behavior [ RunTime:0.000214s ]
INFO: Run WriteHtmlCache Behavior [ RunTime:0.000118s ]
INFO: Run ShowRuntime Behavior [ RunTime:0.000268s ]
INFO: [ view_filter ] --END-- [ RunTime:0.000985s ]
INFO: [ view_end ] --START--
INFO: Run ShowPageTrace Behavior [ RunTime:0.000380s ]
INFO: [ view_end ] --END-- [ RunTime:0.000432s ]

[ 2013-09-22T23:29:12+08:00 ] 114.245.202.255 /
INFO: [ app_begin ] --START--
INFO: Run ReadHtmlCache Behavior [ RunTime:0.000348s ]
INFO: [ app_begin ] --END-- [ RunTime:0.000413s ]
NOTIC: [8] Undefined index:  ajax /home/wwwroot/www.jobme.cn/App/Lib/Action/GlAction.class.php 第 18 行.
NOTIC: [8] Undefined index:  id /home/wwwroot/www.jobme.cn/App/Lib/Action/GlAction.class.php 第 19 行.
SQL: SHOW COLUMNS FROM `eking_index` [ RunTime:0.000265s ]
ERR: Table 'erpking.eking_index' doesn't exist
 [ SQL语句 ] : SHOW COLUMNS FROM `eking_index`
NOTIC: [8] Undefined index:  json /home/wwwroot/www.jobme.cn/includes/array.php 第 218 行.
NOTIC: [8] Undefined index:  THINK_username /home/wwwroot/www.jobme.cn/Framework/Extend/Library/ORG/Util/Cookie.class.php 第 32 行.
NOTIC: [8] Undefined index:  THINK_uid /home/wwwroot/www.jobme.cn/Framework/Extend/Library/ORG/Util/Cookie.class.php 第 32 行.
NOTIC: [8] Undefined index:  THINK_pid /home/wwwroot/www.jobme.cn/Framework/Extend/Library/ORG/Util/Cookie.class.php 第 32 行.
NOTIC: [8] Undefined index:  THINK_level /home/wwwroot/www.jobme.cn/Framework/Extend/Library/ORG/Util/Cookie.class.php 第 32 行.
NOTIC: [8] Undefined index:  THINK_post /home/wwwroot/www.jobme.cn/Framework/Extend/Library/ORG/Util/Cookie.class.php 第 32 行.
NOTIC: [8] Undefined index:  THINK_type /home/wwwroot/www.jobme.cn/Framework/Extend/Library/ORG/Util/Cookie.class.php 第 32 行.
NOTIC: [8] Undefined index:  THINK_department /home/wwwroot/www.jobme.cn/Framework/Extend/Library/ORG/Util/Cookie.class.php 第 32 行.
NOTIC: [8] Undefined index:  THINK_role_id /home/wwwroot/www.jobme.cn/Framework/Extend/Library/ORG/Util/Cookie.class.php 第 32 行.
NOTIC: [8] Undefined index:  THINK_realname /home/wwwroot/www.jobme.cn/Framework/Extend/Library/ORG/Util/Cookie.class.php 第 32 行.
NOTIC: [8] Undefined index:  THINK_permission_tile /home/wwwroot/www.jobme.cn/Framework/Extend/Library/ORG/Util/Cookie.class.php 第 32 行.
NOTIC: [8] Undefined index:  THINK_permission /home/wwwroot/www.jobme.cn/Framework/Extend/Library/ORG/Util/Cookie.class.php 第 32 行.
SQL: SHOW COLUMNS FROM `eking_persona` [ RunTime:0.000391s ]
SQL: SELECT * FROM `eking_persona` WHERE ( comid= ) ORDER BY id asc  [ RunTime:0.000065s ]
ERR: You have an error in your SQL syntax; check the manual that corresponds to your MySQL server version for the right syntax to use near ') ORDER BY id asc' at line 1
 [ SQL语句 ] : SELECT * FROM `eking_persona` WHERE ( comid= ) ORDER BY id asc 
NOTIC: [2] Invalid argument supplied for foreach() /home/wwwroot/www.jobme.cn/App/Lib/Action/GlAction.class.php 第 62 行.
NOTIC: [8] Undefined variable: nt /home/wwwroot/www.jobme.cn/App/Lib/Action/GlAction.class.php 第 66 行.
NOTIC: [8] Undefined variable: nt /home/wwwroot/www.jobme.cn/App/Lib/Action/GlAction.class.php 第 67 行.
SQL: SHOW COLUMNS FROM `eking_usermsg` [ RunTime:0.000375s ]
SQL: SELECT COUNT(*) AS tp_count FROM `eking_usermsg` WHERE ( toid= and status=0 ) LIMIT 1   [ RunTime:0.000068s ]
ERR: You have an error in your SQL syntax; check the manual that corresponds to your MySQL server version for the right syntax to use near 'and status=0 ) LIMIT 1' at line 1
 [ SQL语句 ] : SELECT COUNT(*) AS tp_count FROM `eking_usermsg` WHERE ( toid= and status=0 ) LIMIT 1  
SQL: SHOW COLUMNS FROM `eking_sinform` [ RunTime:0.000350s ]
SQL: SELECT COUNT(*) AS tp_count FROM `eking_sinform` WHERE ( to_uid= and `read`=0 ) LIMIT 1   [ RunTime:0.000065s ]
ERR: You have an error in your SQL syntax; check the manual that corresponds to your MySQL server version for the right syntax to use near 'and `read`=0 ) LIMIT 1' at line 1
 [ SQL语句 ] : SELECT COUNT(*) AS tp_count FROM `eking_sinform` WHERE ( to_uid= and `read`=0 ) LIMIT 1  
NOTIC: [8] Undefined index:  THINK_uid /home/wwwroot/www.jobme.cn/Framework/Extend/Library/ORG/Util/Cookie.class.php 第 32 行.

[ 2013-09-22T23:29:13+08:00 ] 114.245.202.255 /Login
INFO: [ route_check ] --START--
INFO: Run CheckRoute Behavior [ RunTime:0.000537s ]
INFO: [ route_check ] --END-- [ RunTime:0.000604s ]
INFO: [ app_begin ] --START--
INFO: Run ReadHtmlCache Behavior [ RunTime:0.000325s ]
INFO: [ app_begin ] --END-- [ RunTime:0.000380s ]
NOTIC: [8] Undefined index:  THINK_username /home/wwwroot/www.jobme.cn/Framework/Extend/Library/ORG/Util/Cookie.class.php 第 32 行.
NOTIC: [8] Undefined index:  THINK_uid /home/wwwroot/www.jobme.cn/Framework/Extend/Library/ORG/Util/Cookie.class.php 第 32 行.
NOTIC: [8] Undefined index:  THINK_pid /home/wwwroot/www.jobme.cn/Framework/Extend/Library/ORG/Util/Cookie.class.php 第 32 行.
NOTIC: [8] Undefined index:  THINK_level /home/wwwroot/www.jobme.cn/Framework/Extend/Library/ORG/Util/Cookie.class.php 第 32 行.
NOTIC: [8] Undefined index:  THINK_type /home/wwwroot/www.jobme.cn/Framework/Extend/Library/ORG/Util/Cookie.class.php 第 32 行.
NOTIC: [8] Undefined index:  THINK_department /home/wwwroot/www.jobme.cn/Framework/Extend/Library/ORG/Util/Cookie.class.php 第 32 行.
NOTIC: [8] Undefined index:  THINK_role_id /home/wwwroot/www.jobme.cn/Framework/Extend/Library/ORG/Util/Cookie.class.php 第 32 行.
NOTIC: [8] Undefined index:  THINK_permission_tile /home/wwwroot/www.jobme.cn/Framework/Extend/Library/ORG/Util/Cookie.class.php 第 32 行.
NOTIC: [8] Undefined index:  THINK_permission /home/wwwroot/www.jobme.cn/Framework/Extend/Library/ORG/Util/Cookie.class.php 第 32 行.
NOTIC: [8] Undefined variable: public_arr /home/wwwroot/www.jobme.cn/App/Lib/Action/LoginAction.class.php 第 41 行.
SQL: SHOW COLUMNS FROM `eking_user` [ RunTime:0.000763s ]
NOTIC: [8] Undefined index:  THINK_uid /home/wwwroot/www.jobme.cn/Framework/Extend/Library/ORG/Util/Cookie.class.php 第 32 行.
INFO: [ view_template ] --START--
INFO: Run LocationTemplate Behavior [ RunTime:0.000181s ]
INFO: [ view_template ] --END-- [ RunTime:0.000235s ]
INFO: [ view_parse ] --START--
INFO: Run ParseTemplate Behavior [ RunTime:0.006394s ]
INFO: [ view_parse ] --END-- [ RunTime:0.006451s ]
INFO: [ view_filter ] --START--
INFO: Run ContentReplace Behavior [ RunTime:0.000237s ]
INFO: Run TokenBuild Behavior [ RunTime:0.000213s ]
INFO: Run WriteHtmlCache Behavior [ RunTime:0.000117s ]
INFO: Run ShowRuntime Behavior [ RunTime:0.000271s ]
INFO: [ view_filter ] --END-- [ RunTime:0.000989s ]
INFO: [ view_end ] --START--
INFO: Run ShowPageTrace Behavior [ RunTime:0.000383s ]
INFO: [ view_end ] --END-- [ RunTime:0.000436s ]

[ 2013-09-22T23:29:28+08:00 ] ERR: (ThinkException) 无法加载模块:favicon
