[ 2013-05-10T14:37:17+08:00 ] ERR: (ThinkException) Access denied for user 'root'@'localhost' (using password: YES)
[ 2013-05-10T14:37:17+08:00 ] ERR: (ThinkException) 无法加载模块:favicon
[ 2013-05-10T14:39:14+08:00 ] 114.245.218.249 /
INFO: [ app_begin ] --START--
INFO: Run ReadHtmlCache Behavior [ RunTime:0.000377s ]
INFO: [ app_begin ] --END-- [ RunTime:0.000454s ]
NOTIC: [8] Undefined index:  ajax /home/wwwroot/app.jobmedia.cn/App/Lib/Action/GlAction.class.php 第 17 行.
NOTIC: [8] Undefined index:  id /home/wwwroot/app.jobmedia.cn/App/Lib/Action/GlAction.class.php 第 18 行.
SQL: SHOW COLUMNS FROM `eking_index` [ RunTime:0.000438s ]
ERR: Table 'erpking.eking_index' doesn't exist
 [ SQL语句 ] : SHOW COLUMNS FROM `eking_index`
NOTIC: [8] Undefined index:  json /home/wwwroot/app.jobmedia.cn/includes/array.php 第 174 行.
NOTIC: [8] Undefined index:  THINK_uname /home/wwwroot/app.jobmedia.cn/Framework/Extend/Library/ORG/Util/Cookie.class.php 第 32 行.
NOTIC: [8] Undefined index:  THINK_uid /home/wwwroot/app.jobmedia.cn/Framework/Extend/Library/ORG/Util/Cookie.class.php 第 32 行.
NOTIC: [8] Undefined index:  THINK_consultant /home/wwwroot/app.jobmedia.cn/Framework/Extend/Library/ORG/Util/Cookie.class.php 第 32 行.
NOTIC: [8] Undefined index:  THINK_face /home/wwwroot/app.jobmedia.cn/Framework/Extend/Library/ORG/Util/Cookie.class.php 第 32 行.
NOTIC: [8] Undefined index:  THINK_group /home/wwwroot/app.jobmedia.cn/Framework/Extend/Library/ORG/Util/Cookie.class.php 第 32 行.
NOTIC: [8] Undefined index:  THINK_role_id /home/wwwroot/app.jobmedia.cn/Framework/Extend/Library/ORG/Util/Cookie.class.php 第 32 行.

[ 2013-05-10T14:39:14+08:00 ] 114.245.218.249 /User/login.html
INFO: [ route_check ] --START--
INFO: Run CheckRoute Behavior [ RunTime:0.000596s ]
INFO: [ route_check ] --END-- [ RunTime:0.000686s ]
INFO: [ app_begin ] --START--
INFO: Run ReadHtmlCache Behavior [ RunTime:0.000371s ]
INFO: [ app_begin ] --END-- [ RunTime:0.000437s ]
INFO: [ view_template ] --START--
INFO: Run LocationTemplate Behavior [ RunTime:0.000598s ]
INFO: [ view_template ] --END-- [ RunTime:0.000666s ]
INFO: [ view_parse ] --START--
INFO: Run ParseTemplate Behavior [ RunTime:0.006896s ]
INFO: [ view_parse ] --END-- [ RunTime:0.006962s ]
INFO: [ view_filter ] --START--
INFO: Run ContentReplace Behavior [ RunTime:0.000246s ]
INFO: Run TokenBuild Behavior [ RunTime:0.000261s ]
INFO: Run WriteHtmlCache Behavior [ RunTime:0.000160s ]
INFO: Run ShowRuntime Behavior [ RunTime:0.000326s ]
INFO: [ view_filter ] --END-- [ RunTime:0.001195s ]
INFO: [ view_end ] --START--
INFO: Run ShowPageTrace Behavior [ RunTime:0.000429s ]
INFO: [ view_end ] --END-- [ RunTime:0.000490s ]

[ 2013-05-10T14:39:24+08:00 ] 114.245.218.249 /User/doLogin
INFO: [ route_check ] --START--
INFO: Run CheckRoute Behavior [ RunTime:0.000622s ]
INFO: [ route_check ] --END-- [ RunTime:0.000730s ]
INFO: [ app_begin ] --START--
INFO: Run ReadHtmlCache Behavior [ RunTime:0.000404s ]
INFO: [ app_begin ] --END-- [ RunTime:0.000470s ]
NOTIC: [2] file_get_contents() [<a href='function.file-get-contents'>function.file-get-contents</a>]: Couldn't connect to server /home/wwwroot/app.jobmedia.cn/App/Lib/Action/UserAction.class.php 第 27 行.
NOTIC: [2] file_get_contents(http://app.jobmedia.cn/daima/json.php?act=user_login&amp;uname=daniel&amp;pass=111111) [<a href='function.file-get-contents'>function.file-get-contents</a>]: failed to open stream: operation failed /home/wwwroot/app.jobmedia.cn/App/Lib/Action/UserAction.class.php 第 27 行.
NOTIC: [8] Trying to get property of non-object /home/wwwroot/app.jobmedia.cn/App/Lib/Action/UserAction.class.php 第 29 行.

[ 2013-05-10T14:39:32+08:00 ] 114.245.218.249 /User/doLogin
INFO: [ route_check ] --START--
INFO: Run CheckRoute Behavior [ RunTime:0.000614s ]
INFO: [ route_check ] --END-- [ RunTime:0.000696s ]
INFO: [ app_begin ] --START--
INFO: Run ReadHtmlCache Behavior [ RunTime:0.000380s ]
INFO: [ app_begin ] --END-- [ RunTime:0.000441s ]
NOTIC: [2] file_get_contents() [<a href='function.file-get-contents'>function.file-get-contents</a>]: Couldn't connect to server /home/wwwroot/app.jobmedia.cn/App/Lib/Action/UserAction.class.php 第 27 行.
NOTIC: [2] file_get_contents(http://app.jobmedia.cn/daima/json.php?act=user_login&amp;uname=daniel&amp;pass=111111) [<a href='function.file-get-contents'>function.file-get-contents</a>]: failed to open stream: operation failed /home/wwwroot/app.jobmedia.cn/App/Lib/Action/UserAction.class.php 第 27 行.
NOTIC: [8] Trying to get property of non-object /home/wwwroot/app.jobmedia.cn/App/Lib/Action/UserAction.class.php 第 29 行.

[ 2013-05-10T14:39:38+08:00 ] 114.245.218.249 /
INFO: [ app_begin ] --START--
INFO: Run ReadHtmlCache Behavior [ RunTime:0.000386s ]
INFO: [ app_begin ] --END-- [ RunTime:0.000465s ]
NOTIC: [8] Undefined index:  ajax /home/wwwroot/app.jobmedia.cn/App/Lib/Action/GlAction.class.php 第 17 行.
NOTIC: [8] Undefined index:  id /home/wwwroot/app.jobmedia.cn/App/Lib/Action/GlAction.class.php 第 18 行.
SQL: SHOW COLUMNS FROM `eking_index` [ RunTime:0.000368s ]
ERR: Table 'erpking.eking_index' doesn't exist
 [ SQL语句 ] : SHOW COLUMNS FROM `eking_index`
NOTIC: [8] Undefined index:  json /home/wwwroot/app.jobmedia.cn/includes/array.php 第 174 行.
NOTIC: [8] Undefined index:  THINK_uname /home/wwwroot/app.jobmedia.cn/Framework/Extend/Library/ORG/Util/Cookie.class.php 第 32 行.
NOTIC: [8] Undefined index:  THINK_uid /home/wwwroot/app.jobmedia.cn/Framework/Extend/Library/ORG/Util/Cookie.class.php 第 32 行.
NOTIC: [8] Undefined index:  THINK_consultant /home/wwwroot/app.jobmedia.cn/Framework/Extend/Library/ORG/Util/Cookie.class.php 第 32 行.
NOTIC: [8] Undefined index:  THINK_face /home/wwwroot/app.jobmedia.cn/Framework/Extend/Library/ORG/Util/Cookie.class.php 第 32 行.
NOTIC: [8] Undefined index:  THINK_group /home/wwwroot/app.jobmedia.cn/Framework/Extend/Library/ORG/Util/Cookie.class.php 第 32 行.
NOTIC: [8] Undefined index:  THINK_role_id /home/wwwroot/app.jobmedia.cn/Framework/Extend/Library/ORG/Util/Cookie.class.php 第 32 行.

[ 2013-05-10T14:39:38+08:00 ] 114.245.218.249 /User/login.html
INFO: [ route_check ] --START--
INFO: Run CheckRoute Behavior [ RunTime:0.000597s ]
INFO: [ route_check ] --END-- [ RunTime:0.000696s ]
INFO: [ app_begin ] --START--
INFO: Run ReadHtmlCache Behavior [ RunTime:0.000387s ]
INFO: [ app_begin ] --END-- [ RunTime:0.000452s ]
INFO: [ view_template ] --START--
INFO: Run LocationTemplate Behavior [ RunTime:0.000239s ]
INFO: [ view_template ] --END-- [ RunTime:0.000304s ]
INFO: [ view_parse ] --START--
INFO: Run ParseTemplate Behavior [ RunTime:0.006637s ]
INFO: [ view_parse ] --END-- [ RunTime:0.006703s ]
INFO: [ view_filter ] --START--
INFO: Run ContentReplace Behavior [ RunTime:0.000240s ]
INFO: Run TokenBuild Behavior [ RunTime:0.000254s ]
INFO: Run WriteHtmlCache Behavior [ RunTime:0.000155s ]
INFO: Run ShowRuntime Behavior [ RunTime:0.000341s ]
INFO: [ view_filter ] --END-- [ RunTime:0.001167s ]
INFO: [ view_end ] --START--
INFO: Run ShowPageTrace Behavior [ RunTime:0.000422s ]
INFO: [ view_end ] --END-- [ RunTime:0.000484s ]

[ 2013-05-10T14:39:44+08:00 ] 114.245.218.249 /User/doLogin
INFO: [ route_check ] --START--
INFO: Run CheckRoute Behavior [ RunTime:0.000632s ]
INFO: [ route_check ] --END-- [ RunTime:0.000707s ]
INFO: [ app_begin ] --START--
INFO: Run ReadHtmlCache Behavior [ RunTime:0.000386s ]
INFO: [ app_begin ] --END-- [ RunTime:0.000445s ]
NOTIC: [2] file_get_contents() [<a href='function.file-get-contents'>function.file-get-contents</a>]: Couldn't connect to server /home/wwwroot/app.jobmedia.cn/App/Lib/Action/UserAction.class.php 第 27 行.
NOTIC: [2] file_get_contents(http://app.jobmedia.cn/daima/json.php?act=user_login&amp;uname=daniel&amp;pass=111111) [<a href='function.file-get-contents'>function.file-get-contents</a>]: failed to open stream: operation failed /home/wwwroot/app.jobmedia.cn/App/Lib/Action/UserAction.class.php 第 27 行.
NOTIC: [8] Trying to get property of non-object /home/wwwroot/app.jobmedia.cn/App/Lib/Action/UserAction.class.php 第 29 行.

[ 2013-05-10T14:39:58+08:00 ] 114.245.218.249 /
INFO: [ app_begin ] --START--
INFO: Run ReadHtmlCache Behavior [ RunTime:0.000365s ]
INFO: [ app_begin ] --END-- [ RunTime:0.000465s ]
NOTIC: [8] Undefined index:  ajax /home/wwwroot/app.jobmedia.cn/App/Lib/Action/GlAction.class.php 第 17 行.
NOTIC: [8] Undefined index:  id /home/wwwroot/app.jobmedia.cn/App/Lib/Action/GlAction.class.php 第 18 行.
SQL: SHOW COLUMNS FROM `eking_index` [ RunTime:0.000356s ]
ERR: Table 'erpking.eking_index' doesn't exist
 [ SQL语句 ] : SHOW COLUMNS FROM `eking_index`
NOTIC: [8] Undefined index:  json /home/wwwroot/app.jobmedia.cn/includes/array.php 第 174 行.
NOTIC: [8] Undefined index:  THINK_uname /home/wwwroot/app.jobmedia.cn/Framework/Extend/Library/ORG/Util/Cookie.class.php 第 32 行.
NOTIC: [8] Undefined index:  THINK_uid /home/wwwroot/app.jobmedia.cn/Framework/Extend/Library/ORG/Util/Cookie.class.php 第 32 行.
NOTIC: [8] Undefined index:  THINK_consultant /home/wwwroot/app.jobmedia.cn/Framework/Extend/Library/ORG/Util/Cookie.class.php 第 32 行.
NOTIC: [8] Undefined index:  THINK_face /home/wwwroot/app.jobmedia.cn/Framework/Extend/Library/ORG/Util/Cookie.class.php 第 32 行.
NOTIC: [8] Undefined index:  THINK_group /home/wwwroot/app.jobmedia.cn/Framework/Extend/Library/ORG/Util/Cookie.class.php 第 32 行.
NOTIC: [8] Undefined index:  THINK_role_id /home/wwwroot/app.jobmedia.cn/Framework/Extend/Library/ORG/Util/Cookie.class.php 第 32 行.

[ 2013-05-10T14:39:58+08:00 ] 114.245.218.249 /User/login.html
INFO: [ route_check ] --START--
INFO: Run CheckRoute Behavior [ RunTime:0.000601s ]
INFO: [ route_check ] --END-- [ RunTime:0.000682s ]
INFO: [ app_begin ] --START--
INFO: Run ReadHtmlCache Behavior [ RunTime:0.000367s ]
INFO: [ app_begin ] --END-- [ RunTime:0.000441s ]
INFO: [ view_template ] --START--
INFO: Run LocationTemplate Behavior [ RunTime:0.000215s ]
INFO: [ view_template ] --END-- [ RunTime:0.000286s ]
INFO: [ view_parse ] --START--
INFO: Run ParseTemplate Behavior [ RunTime:0.007226s ]
INFO: [ view_parse ] --END-- [ RunTime:0.007297s ]
INFO: [ view_filter ] --START--
INFO: Run ContentReplace Behavior [ RunTime:0.000269s ]
INFO: Run TokenBuild Behavior [ RunTime:0.000257s ]
INFO: Run WriteHtmlCache Behavior [ RunTime:0.000157s ]
INFO: Run ShowRuntime Behavior [ RunTime:0.000315s ]
INFO: [ view_filter ] --END-- [ RunTime:0.001177s ]
INFO: [ view_end ] --START--
INFO: Run ShowPageTrace Behavior [ RunTime:0.000438s ]
INFO: [ view_end ] --END-- [ RunTime:0.000502s ]

[ 2013-05-10T16:35:47+08:00 ] 114.245.218.249 /
INFO: [ app_begin ] --START--
INFO: Run ReadHtmlCache Behavior [ RunTime:0.000407s ]
INFO: [ app_begin ] --END-- [ RunTime:0.000481s ]
NOTIC: [8] Undefined index:  ajax /home/wwwroot/app.jobmedia.cn/App/Lib/Action/GlAction.class.php 第 17 行.
NOTIC: [8] Undefined index:  id /home/wwwroot/app.jobmedia.cn/App/Lib/Action/GlAction.class.php 第 18 行.
SQL: SHOW COLUMNS FROM `eking_index` [ RunTime:0.000347s ]
ERR: Table 'erpking.eking_index' doesn't exist
 [ SQL语句 ] : SHOW COLUMNS FROM `eking_index`
NOTIC: [8] Undefined index:  json /home/wwwroot/app.jobmedia.cn/includes/array.php 第 174 行.
NOTIC: [8] Undefined index:  THINK_uname /home/wwwroot/app.jobmedia.cn/Framework/Extend/Library/ORG/Util/Cookie.class.php 第 32 行.
NOTIC: [8] Undefined index:  THINK_uid /home/wwwroot/app.jobmedia.cn/Framework/Extend/Library/ORG/Util/Cookie.class.php 第 32 行.
NOTIC: [8] Undefined index:  THINK_consultant /home/wwwroot/app.jobmedia.cn/Framework/Extend/Library/ORG/Util/Cookie.class.php 第 32 行.
NOTIC: [8] Undefined index:  THINK_face /home/wwwroot/app.jobmedia.cn/Framework/Extend/Library/ORG/Util/Cookie.class.php 第 32 行.
NOTIC: [8] Undefined index:  THINK_group /home/wwwroot/app.jobmedia.cn/Framework/Extend/Library/ORG/Util/Cookie.class.php 第 32 行.
NOTIC: [8] Undefined index:  THINK_role_id /home/wwwroot/app.jobmedia.cn/Framework/Extend/Library/ORG/Util/Cookie.class.php 第 32 行.

[ 2013-05-10T16:35:47+08:00 ] 114.245.218.249 /
INFO: [ app_begin ] --START--
INFO: Run ReadHtmlCache Behavior [ RunTime:0.000403s ]
INFO: [ app_begin ] --END-- [ RunTime:0.000474s ]
NOTIC: [8] Undefined index:  ajax /home/wwwroot/app.jobmedia.cn/App/Lib/Action/GlAction.class.php 第 17 行.
NOTIC: [8] Undefined index:  id /home/wwwroot/app.jobmedia.cn/App/Lib/Action/GlAction.class.php 第 18 行.
SQL: SHOW COLUMNS FROM `eking_index` [ RunTime:0.000321s ]
ERR: Table 'erpking.eking_index' doesn't exist
 [ SQL语句 ] : SHOW COLUMNS FROM `eking_index`
NOTIC: [8] Undefined index:  json /home/wwwroot/app.jobmedia.cn/includes/array.php 第 174 行.
NOTIC: [8] Undefined index:  THINK_uname /home/wwwroot/app.jobmedia.cn/Framework/Extend/Library/ORG/Util/Cookie.class.php 第 32 行.
NOTIC: [8] Undefined index:  THINK_uid /home/wwwroot/app.jobmedia.cn/Framework/Extend/Library/ORG/Util/Cookie.class.php 第 32 行.
NOTIC: [8] Undefined index:  THINK_consultant /home/wwwroot/app.jobmedia.cn/Framework/Extend/Library/ORG/Util/Cookie.class.php 第 32 行.
NOTIC: [8] Undefined index:  THINK_face /home/wwwroot/app.jobmedia.cn/Framework/Extend/Library/ORG/Util/Cookie.class.php 第 32 行.
NOTIC: [8] Undefined index:  THINK_group /home/wwwroot/app.jobmedia.cn/Framework/Extend/Library/ORG/Util/Cookie.class.php 第 32 行.
NOTIC: [8] Undefined index:  THINK_role_id /home/wwwroot/app.jobmedia.cn/Framework/Extend/Library/ORG/Util/Cookie.class.php 第 32 行.

[ 2013-05-10T16:35:48+08:00 ] 114.245.218.249 /User/login.html
INFO: [ route_check ] --START--
INFO: Run CheckRoute Behavior [ RunTime:0.000643s ]
INFO: [ route_check ] --END-- [ RunTime:0.000722s ]
INFO: [ app_begin ] --START--
INFO: Run ReadHtmlCache Behavior [ RunTime:0.000380s ]
INFO: [ app_begin ] --END-- [ RunTime:0.000451s ]
INFO: [ view_template ] --START--
INFO: Run LocationTemplate Behavior [ RunTime:0.000219s ]
INFO: [ view_template ] --END-- [ RunTime:0.000289s ]
INFO: [ view_parse ] --START--
INFO: Run ParseTemplate Behavior [ RunTime:0.008592s ]
INFO: [ view_parse ] --END-- [ RunTime:0.008663s ]
INFO: [ view_filter ] --START--
INFO: Run ContentReplace Behavior [ RunTime:0.000246s ]
INFO: Run TokenBuild Behavior [ RunTime:0.000287s ]
INFO: Run WriteHtmlCache Behavior [ RunTime:0.000160s ]
INFO: Run ShowRuntime Behavior [ RunTime:0.000318s ]
INFO: [ view_filter ] --END-- [ RunTime:0.001192s ]
INFO: [ view_end ] --START--
INFO: Run ShowPageTrace Behavior [ RunTime:0.000472s ]
INFO: [ view_end ] --END-- [ RunTime:0.000536s ]

[ 2013-05-10T16:35:48+08:00 ] ERR: (ThinkException) 无法加载模块:favicon
[ 2013-05-10T16:35:52+08:00 ] 114.245.218.249 /User/login.html
INFO: [ route_check ] --START--
INFO: Run CheckRoute Behavior [ RunTime:0.000639s ]
INFO: [ route_check ] --END-- [ RunTime:0.000723s ]
INFO: [ app_begin ] --START--
INFO: Run ReadHtmlCache Behavior [ RunTime:0.000410s ]
INFO: [ app_begin ] --END-- [ RunTime:0.000483s ]
INFO: [ view_template ] --START--
INFO: Run LocationTemplate Behavior [ RunTime:0.000241s ]
INFO: [ view_template ] --END-- [ RunTime:0.000312s ]
INFO: [ view_parse ] --START--
INFO: Run ParseTemplate Behavior [ RunTime:0.010239s ]
INFO: [ view_parse ] --END-- [ RunTime:0.010311s ]
INFO: [ view_filter ] --START--
INFO: Run ContentReplace Behavior [ RunTime:0.000245s ]
INFO: Run TokenBuild Behavior [ RunTime:0.000286s ]
INFO: Run WriteHtmlCache Behavior [ RunTime:0.000160s ]
INFO: Run ShowRuntime Behavior [ RunTime:0.000317s ]
INFO: [ view_filter ] --END-- [ RunTime:0.001189s ]
INFO: [ view_end ] --START--
INFO: Run ShowPageTrace Behavior [ RunTime:0.000466s ]
INFO: [ view_end ] --END-- [ RunTime:0.000527s ]

[ 2013-05-10T16:35:53+08:00 ] ERR: (ThinkException) 无法加载模块:favicon
[ 2013-05-10T16:35:54+08:00 ] 114.245.218.249 /User/login.html
INFO: [ route_check ] --START--
INFO: Run CheckRoute Behavior [ RunTime:0.000599s ]
INFO: [ route_check ] --END-- [ RunTime:0.000751s ]
INFO: [ app_begin ] --START--
INFO: Run ReadHtmlCache Behavior [ RunTime:0.000362s ]
INFO: [ app_begin ] --END-- [ RunTime:0.000429s ]
INFO: [ view_template ] --START--
INFO: Run LocationTemplate Behavior [ RunTime:0.000212s ]
INFO: [ view_template ] --END-- [ RunTime:0.000277s ]
INFO: [ view_parse ] --START--
INFO: Run ParseTemplate Behavior [ RunTime:0.005891s ]
INFO: [ view_parse ] --END-- [ RunTime:0.005959s ]
INFO: [ view_filter ] --START--
INFO: Run ContentReplace Behavior [ RunTime:0.000238s ]
INFO: Run TokenBuild Behavior [ RunTime:0.000278s ]
INFO: Run WriteHtmlCache Behavior [ RunTime:0.000155s ]
INFO: Run ShowRuntime Behavior [ RunTime:0.000315s ]
INFO: [ view_filter ] --END-- [ RunTime:0.001166s ]
INFO: [ view_end ] --START--
INFO: Run ShowPageTrace Behavior [ RunTime:0.000464s ]
INFO: [ view_end ] --END-- [ RunTime:0.000525s ]

[ 2013-05-10T16:35:55+08:00 ] ERR: (ThinkException) 无法加载模块:favicon
[ 2013-05-10T16:36:00+08:00 ] 114.245.218.249 /User/doLogin
INFO: [ route_check ] --START--
INFO: Run CheckRoute Behavior [ RunTime:0.000587s ]
INFO: [ route_check ] --END-- [ RunTime:0.000664s ]
INFO: [ app_begin ] --START--
INFO: Run ReadHtmlCache Behavior [ RunTime:0.000363s ]
INFO: [ app_begin ] --END-- [ RunTime:0.000424s ]
NOTIC: [2] file_get_contents() [<a href='function.file-get-contents'>function.file-get-contents</a>]: Couldn't connect to server /home/wwwroot/app.jobmedia.cn/App/Lib/Action/UserAction.class.php 第 27 行.
NOTIC: [2] file_get_contents(http://app.jobmedia.cn/daima/json.php?act=user_login&amp;uname=daniel&amp;pass=111111) [<a href='function.file-get-contents'>function.file-get-contents</a>]: failed to open stream: operation failed /home/wwwroot/app.jobmedia.cn/App/Lib/Action/UserAction.class.php 第 27 行.
NOTIC: [8] Trying to get property of non-object /home/wwwroot/app.jobmedia.cn/App/Lib/Action/UserAction.class.php 第 29 行.

[ 2013-05-10T16:36:01+08:00 ] 114.245.218.249 /User/doLogin
INFO: [ route_check ] --START--
INFO: Run CheckRoute Behavior [ RunTime:0.000627s ]
INFO: [ route_check ] --END-- [ RunTime:0.000709s ]
INFO: [ app_begin ] --START--
INFO: Run ReadHtmlCache Behavior [ RunTime:0.000394s ]
INFO: [ app_begin ] --END-- [ RunTime:0.000461s ]
NOTIC: [2] file_get_contents() [<a href='function.file-get-contents'>function.file-get-contents</a>]: Couldn't connect to server /home/wwwroot/app.jobmedia.cn/App/Lib/Action/UserAction.class.php 第 27 行.
NOTIC: [2] file_get_contents(http://app.jobmedia.cn/daima/json.php?act=user_login&amp;uname=daniel&amp;pass=111111) [<a href='function.file-get-contents'>function.file-get-contents</a>]: failed to open stream: operation failed /home/wwwroot/app.jobmedia.cn/App/Lib/Action/UserAction.class.php 第 27 行.
NOTIC: [8] Trying to get property of non-object /home/wwwroot/app.jobmedia.cn/App/Lib/Action/UserAction.class.php 第 29 行.

[ 2013-05-10T16:37:09+08:00 ] 114.245.218.249 /User/login.html
INFO: [ route_check ] --START--
INFO: Run CheckRoute Behavior [ RunTime:0.000629s ]
INFO: [ route_check ] --END-- [ RunTime:0.000710s ]
INFO: [ app_begin ] --START--
INFO: Run ReadHtmlCache Behavior [ RunTime:0.000370s ]
INFO: [ app_begin ] --END-- [ RunTime:0.000444s ]
INFO: [ view_template ] --START--
INFO: Run LocationTemplate Behavior [ RunTime:0.000204s ]
INFO: [ view_template ] --END-- [ RunTime:0.000274s ]
INFO: [ view_parse ] --START--
INFO: Run ParseTemplate Behavior [ RunTime:0.006066s ]
INFO: [ view_parse ] --END-- [ RunTime:0.006135s ]
INFO: [ view_filter ] --START--
INFO: Run ContentReplace Behavior [ RunTime:0.000240s ]
INFO: Run TokenBuild Behavior [ RunTime:0.000255s ]
INFO: Run WriteHtmlCache Behavior [ RunTime:0.000158s ]
INFO: Run ShowRuntime Behavior [ RunTime:0.000341s ]
INFO: [ view_filter ] --END-- [ RunTime:0.001178s ]
INFO: [ view_end ] --START--
INFO: Run ShowPageTrace Behavior [ RunTime:0.000518s ]
INFO: [ view_end ] --END-- [ RunTime:0.000580s ]

[ 2013-05-10T16:37:10+08:00 ] ERR: (ThinkException) 无法加载模块:favicon
[ 2013-05-10T16:37:26+08:00 ] 114.245.218.249 /User/login.html
INFO: [ route_check ] --START--
INFO: Run CheckRoute Behavior [ RunTime:0.000602s ]
INFO: [ route_check ] --END-- [ RunTime:0.000686s ]
INFO: [ app_begin ] --START--
INFO: Run ReadHtmlCache Behavior [ RunTime:0.000371s ]
INFO: [ app_begin ] --END-- [ RunTime:0.000446s ]
INFO: [ view_template ] --START--
INFO: Run LocationTemplate Behavior [ RunTime:0.000204s ]
INFO: [ view_template ] --END-- [ RunTime:0.000276s ]
INFO: [ view_parse ] --START--
INFO: Run ParseTemplate Behavior [ RunTime:0.005929s ]
INFO: [ view_parse ] --END-- [ RunTime:0.005999s ]
INFO: [ view_filter ] --START--
INFO: Run ContentReplace Behavior [ RunTime:0.000230s ]
INFO: Run TokenBuild Behavior [ RunTime:0.000268s ]
INFO: Run WriteHtmlCache Behavior [ RunTime:0.000149s ]
INFO: Run ShowRuntime Behavior [ RunTime:0.000304s ]
INFO: [ view_filter ] --END-- [ RunTime:0.001132s ]
INFO: [ view_end ] --START--
INFO: Run ShowPageTrace Behavior [ RunTime:0.000454s ]
INFO: [ view_end ] --END-- [ RunTime:0.000515s ]

[ 2013-05-10T16:37:26+08:00 ] ERR: (ThinkException) 无法加载模块:favicon
[ 2013-05-10T16:37:28+08:00 ] 114.245.218.249 /User/doLogin
INFO: [ route_check ] --START--
INFO: Run CheckRoute Behavior [ RunTime:0.000586s ]
INFO: [ route_check ] --END-- [ RunTime:0.000661s ]
INFO: [ app_begin ] --START--
INFO: Run ReadHtmlCache Behavior [ RunTime:0.000385s ]
INFO: [ app_begin ] --END-- [ RunTime:0.000445s ]
NOTIC: [2] file_get_contents() [<a href='function.file-get-contents'>function.file-get-contents</a>]: Couldn't connect to server /home/wwwroot/app.jobmedia.cn/App/Lib/Action/UserAction.class.php 第 27 行.
NOTIC: [2] file_get_contents(http://app.jobmedia.cn/daima/json.php?act=user_login&amp;uname=daniel&amp;pass=111222) [<a href='function.file-get-contents'>function.file-get-contents</a>]: failed to open stream: operation failed /home/wwwroot/app.jobmedia.cn/App/Lib/Action/UserAction.class.php 第 27 行.
NOTIC: [8] Trying to get property of non-object /home/wwwroot/app.jobmedia.cn/App/Lib/Action/UserAction.class.php 第 29 行.

[ 2013-05-10T16:37:33+08:00 ] 114.245.218.249 /User/doLogin
INFO: [ route_check ] --START--
INFO: Run CheckRoute Behavior [ RunTime:0.000602s ]
INFO: [ route_check ] --END-- [ RunTime:0.000684s ]
INFO: [ app_begin ] --START--
INFO: Run ReadHtmlCache Behavior [ RunTime:0.000372s ]
INFO: [ app_begin ] --END-- [ RunTime:0.000437s ]
NOTIC: [2] file_get_contents() [<a href='function.file-get-contents'>function.file-get-contents</a>]: Couldn't connect to server /home/wwwroot/app.jobmedia.cn/App/Lib/Action/UserAction.class.php 第 27 行.
NOTIC: [2] file_get_contents(http://app.jobmedia.cn/daima/json.php?act=user_login&amp;uname=daniel&amp;pass=111111) [<a href='function.file-get-contents'>function.file-get-contents</a>]: failed to open stream: operation failed /home/wwwroot/app.jobmedia.cn/App/Lib/Action/UserAction.class.php 第 27 行.
NOTIC: [8] Trying to get property of non-object /home/wwwroot/app.jobmedia.cn/App/Lib/Action/UserAction.class.php 第 29 行.

[ 2013-05-10T16:37:48+08:00 ] 114.245.218.249 /
INFO: [ app_begin ] --START--
INFO: Run ReadHtmlCache Behavior [ RunTime:0.000379s ]
INFO: [ app_begin ] --END-- [ RunTime:0.000453s ]
NOTIC: [8] Undefined index:  ajax /home/wwwroot/app.jobmedia.cn/App/Lib/Action/GlAction.class.php 第 17 行.
NOTIC: [8] Undefined index:  id /home/wwwroot/app.jobmedia.cn/App/Lib/Action/GlAction.class.php 第 18 行.
SQL: SHOW COLUMNS FROM `eking_index` [ RunTime:0.000333s ]
ERR: Table 'erpking.eking_index' doesn't exist
 [ SQL语句 ] : SHOW COLUMNS FROM `eking_index`
NOTIC: [8] Undefined index:  json /home/wwwroot/app.jobmedia.cn/includes/array.php 第 174 行.
NOTIC: [8] Undefined index:  THINK_uname /home/wwwroot/app.jobmedia.cn/Framework/Extend/Library/ORG/Util/Cookie.class.php 第 32 行.
NOTIC: [8] Undefined index:  THINK_uid /home/wwwroot/app.jobmedia.cn/Framework/Extend/Library/ORG/Util/Cookie.class.php 第 32 行.
NOTIC: [8] Undefined index:  THINK_consultant /home/wwwroot/app.jobmedia.cn/Framework/Extend/Library/ORG/Util/Cookie.class.php 第 32 行.
NOTIC: [8] Undefined index:  THINK_face /home/wwwroot/app.jobmedia.cn/Framework/Extend/Library/ORG/Util/Cookie.class.php 第 32 行.
NOTIC: [8] Undefined index:  THINK_group /home/wwwroot/app.jobmedia.cn/Framework/Extend/Library/ORG/Util/Cookie.class.php 第 32 行.
NOTIC: [8] Undefined index:  THINK_role_id /home/wwwroot/app.jobmedia.cn/Framework/Extend/Library/ORG/Util/Cookie.class.php 第 32 行.

[ 2013-05-10T16:37:48+08:00 ] 114.245.218.249 /User/login.html
INFO: [ route_check ] --START--
INFO: Run CheckRoute Behavior [ RunTime:0.000611s ]
INFO: [ route_check ] --END-- [ RunTime:0.000690s ]
INFO: [ app_begin ] --START--
INFO: Run ReadHtmlCache Behavior [ RunTime:0.000380s ]
INFO: [ app_begin ] --END-- [ RunTime:0.000453s ]
INFO: [ view_template ] --START--
INFO: Run LocationTemplate Behavior [ RunTime:0.000216s ]
INFO: [ view_template ] --END-- [ RunTime:0.000287s ]
INFO: [ view_parse ] --START--
INFO: Run ParseTemplate Behavior [ RunTime:0.005929s ]
INFO: [ view_parse ] --END-- [ RunTime:0.006000s ]
INFO: [ view_filter ] --START--
INFO: Run ContentReplace Behavior [ RunTime:0.000241s ]
INFO: Run TokenBuild Behavior [ RunTime:0.000286s ]
INFO: Run WriteHtmlCache Behavior [ RunTime:0.000156s ]
INFO: Run ShowRuntime Behavior [ RunTime:0.000316s ]
INFO: [ view_filter ] --END-- [ RunTime:0.001180s ]
INFO: [ view_end ] --START--
INFO: Run ShowPageTrace Behavior [ RunTime:0.000465s ]
INFO: [ view_end ] --END-- [ RunTime:0.000530s ]

[ 2013-05-10T16:37:48+08:00 ] ERR: (ThinkException) 无法加载模块:favicon
[ 2013-05-10T16:37:49+08:00 ] ERR: (ThinkException) 无法加载模块:favicon
[ 2013-05-10T16:37:51+08:00 ] 114.245.218.249 /User/doLogin
INFO: [ route_check ] --START--
INFO: Run CheckRoute Behavior [ RunTime:0.000592s ]
INFO: [ route_check ] --END-- [ RunTime:0.000670s ]
INFO: [ app_begin ] --START--
INFO: Run ReadHtmlCache Behavior [ RunTime:0.000442s ]
INFO: [ app_begin ] --END-- [ RunTime:0.000503s ]
NOTIC: [8] Trying to get property of non-object /home/wwwroot/app.jobmedia.cn/App/Lib/Action/UserAction.class.php 第 29 行.

[ 2013-05-10T16:38:19+08:00 ] 114.245.218.249 /User/login.html
INFO: [ route_check ] --START--
INFO: Run CheckRoute Behavior [ RunTime:0.000605s ]
INFO: [ route_check ] --END-- [ RunTime:0.000706s ]
INFO: [ app_begin ] --START--
INFO: Run ReadHtmlCache Behavior [ RunTime:0.000388s ]
INFO: [ app_begin ] --END-- [ RunTime:0.000454s ]
INFO: [ view_template ] --START--
INFO: Run LocationTemplate Behavior [ RunTime:0.000239s ]
INFO: [ view_template ] --END-- [ RunTime:0.000303s ]
INFO: [ view_parse ] --START--
INFO: Run ParseTemplate Behavior [ RunTime:0.005903s ]
INFO: [ view_parse ] --END-- [ RunTime:0.005971s ]
INFO: [ view_filter ] --START--
INFO: Run ContentReplace Behavior [ RunTime:0.000238s ]
INFO: Run TokenBuild Behavior [ RunTime:0.000254s ]
INFO: Run WriteHtmlCache Behavior [ RunTime:0.000153s ]
INFO: Run ShowRuntime Behavior [ RunTime:0.000320s ]
INFO: [ view_filter ] --END-- [ RunTime:0.001169s ]
INFO: [ view_end ] --START--
INFO: Run ShowPageTrace Behavior [ RunTime:0.000579s ]
INFO: [ view_end ] --END-- [ RunTime:0.000640s ]

[ 2013-05-10T16:38:20+08:00 ] ERR: (ThinkException) 无法加载模块:favicon
[ 2013-05-10T16:38:22+08:00 ] 114.245.218.249 /User/login.html
INFO: [ route_check ] --START--
INFO: Run CheckRoute Behavior [ RunTime:0.000629s ]
INFO: [ route_check ] --END-- [ RunTime:0.000704s ]
INFO: [ app_begin ] --START--
INFO: Run ReadHtmlCache Behavior [ RunTime:0.000457s ]
INFO: [ app_begin ] --END-- [ RunTime:0.000524s ]
INFO: [ view_template ] --START--
INFO: Run LocationTemplate Behavior [ RunTime:0.000212s ]
INFO: [ view_template ] --END-- [ RunTime:0.000276s ]
INFO: [ view_parse ] --START--
INFO: Run ParseTemplate Behavior [ RunTime:0.005886s ]
INFO: [ view_parse ] --END-- [ RunTime:0.005952s ]
INFO: [ view_filter ] --START--
INFO: Run ContentReplace Behavior [ RunTime:0.000264s ]
INFO: Run TokenBuild Behavior [ RunTime:0.000254s ]
INFO: Run WriteHtmlCache Behavior [ RunTime:0.000155s ]
INFO: Run ShowRuntime Behavior [ RunTime:0.000339s ]
INFO: [ view_filter ] --END-- [ RunTime:0.001185s ]
INFO: [ view_end ] --START--
INFO: Run ShowPageTrace Behavior [ RunTime:0.000422s ]
INFO: [ view_end ] --END-- [ RunTime:0.000484s ]

[ 2013-05-10T16:38:22+08:00 ] ERR: (ThinkException) 无法加载模块:favicon
[ 2013-05-10T16:38:30+08:00 ] 114.245.218.249 /User/doLogin
INFO: [ route_check ] --START--
INFO: Run CheckRoute Behavior [ RunTime:0.000625s ]
INFO: [ route_check ] --END-- [ RunTime:0.000702s ]
INFO: [ app_begin ] --START--
INFO: Run ReadHtmlCache Behavior [ RunTime:0.000389s ]
INFO: [ app_begin ] --END-- [ RunTime:0.000449s ]
NOTIC: [2] file_get_contents() [<a href='function.file-get-contents'>function.file-get-contents</a>]: Couldn't connect to server /home/wwwroot/app.jobmedia.cn/App/Lib/Action/UserAction.class.php 第 27 行.
NOTIC: [2] file_get_contents(http://app.jobmedia.cn/daima/json.php?act=user_login&amp;uname=daniel&amp;pass=111111) [<a href='function.file-get-contents'>function.file-get-contents</a>]: failed to open stream: operation failed /home/wwwroot/app.jobmedia.cn/App/Lib/Action/UserAction.class.php 第 27 行.
NOTIC: [8] Trying to get property of non-object /home/wwwroot/app.jobmedia.cn/App/Lib/Action/UserAction.class.php 第 29 行.

[ 2013-05-10T16:38:31+08:00 ] 114.245.218.249 /User/doLogin
INFO: [ route_check ] --START--
INFO: Run CheckRoute Behavior [ RunTime:0.000612s ]
INFO: [ route_check ] --END-- [ RunTime:0.000687s ]
INFO: [ app_begin ] --START--
INFO: Run ReadHtmlCache Behavior [ RunTime:0.000389s ]
INFO: [ app_begin ] --END-- [ RunTime:0.000449s ]
NOTIC: [2] file_get_contents() [<a href='function.file-get-contents'>function.file-get-contents</a>]: Couldn't connect to server /home/wwwroot/app.jobmedia.cn/App/Lib/Action/UserAction.class.php 第 27 行.
NOTIC: [2] file_get_contents(http://app.jobmedia.cn/daima/json.php?act=user_login&amp;uname=daniel&amp;pass=111111) [<a href='function.file-get-contents'>function.file-get-contents</a>]: failed to open stream: operation failed /home/wwwroot/app.jobmedia.cn/App/Lib/Action/UserAction.class.php 第 27 行.
NOTIC: [8] Trying to get property of non-object /home/wwwroot/app.jobmedia.cn/App/Lib/Action/UserAction.class.php 第 29 行.

[ 2013-05-10T16:38:42+08:00 ] ERR: (ThinkException) 无法加载模块:favicon
[ 2013-05-10T16:38:44+08:00 ] ERR: (ThinkException) 无法加载模块:favicon
[ 2013-05-10T16:38:59+08:00 ] ERR: (ThinkException) 无法加载模块:favicon
[ 2013-05-10T16:39:00+08:00 ] ERR: (ThinkException) 无法加载模块:favicon
[ 2013-05-10T16:39:09+08:00 ] ERR: (ThinkException) 无法加载模块:favicon
[ 2013-05-10T16:40:30+08:00 ] ERR: (ThinkException) 无法加载模块:favicon
[ 2013-05-10T16:41:37+08:00 ] ERR: (ThinkException) 无法加载模块:favicon
[ 2013-05-10T16:41:41+08:00 ] ERR: (ThinkException) 无法加载模块:favicon
[ 2013-05-10T16:41:58+08:00 ] ERR: (ThinkException) 无法加载模块:favicon
[ 2013-05-10T16:55:03+08:00 ] 114.245.218.249 /
INFO: [ app_begin ] --START--
INFO: Run ReadHtmlCache Behavior [ RunTime:0.000381s ]
INFO: [ app_begin ] --END-- [ RunTime:0.000455s ]
NOTIC: [8] Undefined index:  ajax /home/wwwroot/app.jobmedia.cn/App/Lib/Action/GlAction.class.php 第 17 行.
NOTIC: [8] Undefined index:  id /home/wwwroot/app.jobmedia.cn/App/Lib/Action/GlAction.class.php 第 18 行.
SQL: SHOW COLUMNS FROM `eking_index` [ RunTime:0.000331s ]
ERR: Table 'erpking.eking_index' doesn't exist
 [ SQL语句 ] : SHOW COLUMNS FROM `eking_index`
NOTIC: [8] Undefined index:  json /home/wwwroot/app.jobmedia.cn/includes/array.php 第 174 行.
NOTIC: [8] Undefined index:  THINK_uname /home/wwwroot/app.jobmedia.cn/Framework/Extend/Library/ORG/Util/Cookie.class.php 第 32 行.
NOTIC: [8] Undefined index:  THINK_uid /home/wwwroot/app.jobmedia.cn/Framework/Extend/Library/ORG/Util/Cookie.class.php 第 32 行.
NOTIC: [8] Undefined index:  THINK_consultant /home/wwwroot/app.jobmedia.cn/Framework/Extend/Library/ORG/Util/Cookie.class.php 第 32 行.
NOTIC: [8] Undefined index:  THINK_face /home/wwwroot/app.jobmedia.cn/Framework/Extend/Library/ORG/Util/Cookie.class.php 第 32 行.
NOTIC: [8] Undefined index:  THINK_group /home/wwwroot/app.jobmedia.cn/Framework/Extend/Library/ORG/Util/Cookie.class.php 第 32 行.
NOTIC: [8] Undefined index:  THINK_role_id /home/wwwroot/app.jobmedia.cn/Framework/Extend/Library/ORG/Util/Cookie.class.php 第 32 行.

[ 2013-05-10T16:55:03+08:00 ] 114.245.218.249 /User/login.html
INFO: [ route_check ] --START--
INFO: Run CheckRoute Behavior [ RunTime:0.000626s ]
INFO: [ route_check ] --END-- [ RunTime:0.000700s ]
INFO: [ app_begin ] --START--
INFO: Run ReadHtmlCache Behavior [ RunTime:0.000372s ]
INFO: [ app_begin ] --END-- [ RunTime:0.000438s ]
INFO: [ view_template ] --START--
INFO: Run LocationTemplate Behavior [ RunTime:0.000213s ]
INFO: [ view_template ] --END-- [ RunTime:0.000279s ]
INFO: [ view_parse ] --START--
INFO: Run ParseTemplate Behavior [ RunTime:0.005966s ]
INFO: [ view_parse ] --END-- [ RunTime:0.006036s ]
INFO: [ view_filter ] --START--
INFO: Run ContentReplace Behavior [ RunTime:0.000263s ]
INFO: Run TokenBuild Behavior [ RunTime:0.000254s ]
INFO: Run WriteHtmlCache Behavior [ RunTime:0.000155s ]
INFO: Run ShowRuntime Behavior [ RunTime:0.000339s ]
INFO: [ view_filter ] --END-- [ RunTime:0.001192s ]
INFO: [ view_end ] --START--
INFO: Run ShowPageTrace Behavior [ RunTime:0.000441s ]
INFO: [ view_end ] --END-- [ RunTime:0.000505s ]

[ 2013-05-10T16:55:03+08:00 ] ERR: (ThinkException) 无法加载模块:favicon
[ 2013-05-10T16:55:03+08:00 ] 114.245.218.249 /
INFO: [ app_begin ] --START--
INFO: Run ReadHtmlCache Behavior [ RunTime:0.000375s ]
INFO: [ app_begin ] --END-- [ RunTime:0.000445s ]
NOTIC: [8] Undefined index:  ajax /home/wwwroot/app.jobmedia.cn/App/Lib/Action/GlAction.class.php 第 17 行.
NOTIC: [8] Undefined index:  id /home/wwwroot/app.jobmedia.cn/App/Lib/Action/GlAction.class.php 第 18 行.
SQL: SHOW COLUMNS FROM `eking_index` [ RunTime:0.000308s ]
ERR: Table 'erpking.eking_index' doesn't exist
 [ SQL语句 ] : SHOW COLUMNS FROM `eking_index`
NOTIC: [8] Undefined index:  json /home/wwwroot/app.jobmedia.cn/includes/array.php 第 174 行.
NOTIC: [8] Undefined index:  THINK_uname /home/wwwroot/app.jobmedia.cn/Framework/Extend/Library/ORG/Util/Cookie.class.php 第 32 行.
NOTIC: [8] Undefined index:  THINK_uid /home/wwwroot/app.jobmedia.cn/Framework/Extend/Library/ORG/Util/Cookie.class.php 第 32 行.
NOTIC: [8] Undefined index:  THINK_consultant /home/wwwroot/app.jobmedia.cn/Framework/Extend/Library/ORG/Util/Cookie.class.php 第 32 行.
NOTIC: [8] Undefined index:  THINK_face /home/wwwroot/app.jobmedia.cn/Framework/Extend/Library/ORG/Util/Cookie.class.php 第 32 行.
NOTIC: [8] Undefined index:  THINK_group /home/wwwroot/app.jobmedia.cn/Framework/Extend/Library/ORG/Util/Cookie.class.php 第 32 行.
NOTIC: [8] Undefined index:  THINK_role_id /home/wwwroot/app.jobmedia.cn/Framework/Extend/Library/ORG/Util/Cookie.class.php 第 32 行.

[ 2013-05-10T16:55:03+08:00 ] 114.245.218.249 /User/login.html
INFO: [ route_check ] --START--
INFO: Run CheckRoute Behavior [ RunTime:0.000637s ]
INFO: [ route_check ] --END-- [ RunTime:0.000715s ]
INFO: [ app_begin ] --START--
INFO: Run ReadHtmlCache Behavior [ RunTime:0.000404s ]
INFO: [ app_begin ] --END-- [ RunTime:0.000476s ]
INFO: [ view_template ] --START--
INFO: Run LocationTemplate Behavior [ RunTime:0.000216s ]
INFO: [ view_template ] --END-- [ RunTime:0.000286s ]
INFO: [ view_parse ] --START--
INFO: Run ParseTemplate Behavior [ RunTime:0.006327s ]
INFO: [ view_parse ] --END-- [ RunTime:0.006399s ]
INFO: [ view_filter ] --START--
INFO: Run ContentReplace Behavior [ RunTime:0.000242s ]
INFO: Run TokenBuild Behavior [ RunTime:0.000282s ]
INFO: Run WriteHtmlCache Behavior [ RunTime:0.000160s ]
INFO: Run ShowRuntime Behavior [ RunTime:0.000316s ]
INFO: [ view_filter ] --END-- [ RunTime:0.001184s ]
INFO: [ view_end ] --START--
INFO: Run ShowPageTrace Behavior [ RunTime:0.000466s ]
INFO: [ view_end ] --END-- [ RunTime:0.000528s ]

[ 2013-05-10T16:55:03+08:00 ] ERR: (ThinkException) 无法加载模块:favicon
[ 2013-05-10T16:55:05+08:00 ] 114.245.218.249 /User/doLogin
INFO: [ route_check ] --START--
INFO: Run CheckRoute Behavior [ RunTime:0.000587s ]
INFO: [ route_check ] --END-- [ RunTime:0.000662s ]
INFO: [ app_begin ] --START--
INFO: Run ReadHtmlCache Behavior [ RunTime:0.000363s ]
INFO: [ app_begin ] --END-- [ RunTime:0.000423s ]
NOTIC: [8] Trying to get property of non-object /home/wwwroot/app.jobmedia.cn/App/Lib/Action/UserAction.class.php 第 29 行.

[ 2013-05-10T16:55:09+08:00 ] 114.245.218.249 /User/doLogin
INFO: [ route_check ] --START--
INFO: Run CheckRoute Behavior [ RunTime:0.000663s ]
INFO: [ route_check ] --END-- [ RunTime:0.000745s ]
INFO: [ app_begin ] --START--
INFO: Run ReadHtmlCache Behavior [ RunTime:0.000371s ]
INFO: [ app_begin ] --END-- [ RunTime:0.000438s ]
NOTIC: [8] Trying to get property of non-object /home/wwwroot/app.jobmedia.cn/App/Lib/Action/UserAction.class.php 第 29 行.

[ 2013-05-10T16:55:17+08:00 ] 114.245.218.249 /User/doLogin
INFO: [ route_check ] --START--
INFO: Run CheckRoute Behavior [ RunTime:0.000628s ]
INFO: [ route_check ] --END-- [ RunTime:0.000710s ]
INFO: [ app_begin ] --START--
INFO: Run ReadHtmlCache Behavior [ RunTime:0.000371s ]
INFO: [ app_begin ] --END-- [ RunTime:0.000437s ]
NOTIC: [2] file_get_contents() [<a href='function.file-get-contents'>function.file-get-contents</a>]: Couldn't connect to server /home/wwwroot/app.jobmedia.cn/App/Lib/Action/UserAction.class.php 第 27 行.
NOTIC: [2] file_get_contents(http://app.jobmedia.cn/daima/json.php?act=user_login&amp;uname=daniel&amp;pass=111111) [<a href='function.file-get-contents'>function.file-get-contents</a>]: failed to open stream: operation failed /home/wwwroot/app.jobmedia.cn/App/Lib/Action/UserAction.class.php 第 27 行.
NOTIC: [8] Trying to get property of non-object /home/wwwroot/app.jobmedia.cn/App/Lib/Action/UserAction.class.php 第 29 行.

[ 2013-05-10T16:55:21+08:00 ] 114.245.218.249 /User/doLogin
INFO: [ route_check ] --START--
INFO: Run CheckRoute Behavior [ RunTime:0.000614s ]
INFO: [ route_check ] --END-- [ RunTime:0.000690s ]
INFO: [ app_begin ] --START--
INFO: Run ReadHtmlCache Behavior [ RunTime:0.000387s ]
INFO: [ app_begin ] --END-- [ RunTime:0.000446s ]
NOTIC: [2] file_get_contents() [<a href='function.file-get-contents'>function.file-get-contents</a>]: Couldn't connect to server /home/wwwroot/app.jobmedia.cn/App/Lib/Action/UserAction.class.php 第 27 行.
NOTIC: [2] file_get_contents(http://app.jobmedia.cn/daima/json.php?act=user_login&amp;uname=daniel&amp;pass=111111) [<a href='function.file-get-contents'>function.file-get-contents</a>]: failed to open stream: operation failed /home/wwwroot/app.jobmedia.cn/App/Lib/Action/UserAction.class.php 第 27 行.
NOTIC: [8] Trying to get property of non-object /home/wwwroot/app.jobmedia.cn/App/Lib/Action/UserAction.class.php 第 29 行.

[ 2013-05-10T16:56:27+08:00 ] 114.245.218.249 /User/login.html
INFO: [ route_check ] --START--
INFO: Run CheckRoute Behavior [ RunTime:0.000589s ]
INFO: [ route_check ] --END-- [ RunTime:0.000666s ]
INFO: [ app_begin ] --START--
INFO: Run ReadHtmlCache Behavior [ RunTime:0.000384s ]
INFO: [ app_begin ] --END-- [ RunTime:0.000450s ]
INFO: [ view_template ] --START--
INFO: Run LocationTemplate Behavior [ RunTime:0.000201s ]
INFO: [ view_template ] --END-- [ RunTime:0.000266s ]
INFO: [ view_parse ] --START--
INFO: Run ParseTemplate Behavior [ RunTime:0.005816s ]
INFO: [ view_parse ] --END-- [ RunTime:0.005884s ]
INFO: [ view_filter ] --START--
INFO: Run ContentReplace Behavior [ RunTime:0.000226s ]
INFO: Run TokenBuild Behavior [ RunTime:0.000241s ]
INFO: Run WriteHtmlCache Behavior [ RunTime:0.000169s ]
INFO: Run ShowRuntime Behavior [ RunTime:0.000411s ]
INFO: [ view_filter ] --END-- [ RunTime:0.001227s ]
INFO: [ view_end ] --START--
INFO: Run ShowPageTrace Behavior [ RunTime:0.000452s ]
INFO: [ view_end ] --END-- [ RunTime:0.000513s ]

[ 2013-05-10T16:56:27+08:00 ] ERR: (ThinkException) 无法加载模块:favicon
[ 2013-05-10T17:24:50+08:00 ] 114.245.218.249 /User/login.html
INFO: [ route_check ] --START--
INFO: Run CheckRoute Behavior [ RunTime:0.000642s ]
INFO: [ route_check ] --END-- [ RunTime:0.000723s ]
INFO: [ app_begin ] --START--
INFO: Run ReadHtmlCache Behavior [ RunTime:0.000382s ]
INFO: [ app_begin ] --END-- [ RunTime:0.000479s ]
INFO: [ view_template ] --START--
INFO: Run LocationTemplate Behavior [ RunTime:0.000215s ]
INFO: [ view_template ] --END-- [ RunTime:0.000285s ]
INFO: [ view_parse ] --START--
INFO: Run ParseTemplate Behavior [ RunTime:0.006088s ]
INFO: [ view_parse ] --END-- [ RunTime:0.006183s ]
INFO: [ view_filter ] --START--
INFO: Run ContentReplace Behavior [ RunTime:0.000240s ]
INFO: Run TokenBuild Behavior [ RunTime:0.000255s ]
INFO: Run WriteHtmlCache Behavior [ RunTime:0.000154s ]
INFO: Run ShowRuntime Behavior [ RunTime:0.000316s ]
INFO: [ view_filter ] --END-- [ RunTime:0.001173s ]
INFO: [ view_end ] --START--
INFO: Run ShowPageTrace Behavior [ RunTime:0.000437s ]
INFO: [ view_end ] --END-- [ RunTime:0.000501s ]

[ 2013-05-10T17:24:51+08:00 ] ERR: (ThinkException) 无法加载模块:favicon
[ 2013-05-10T17:24:56+08:00 ] 114.245.218.249 /
INFO: [ app_begin ] --START--
INFO: Run ReadHtmlCache Behavior [ RunTime:0.000386s ]
INFO: [ app_begin ] --END-- [ RunTime:0.000465s ]
NOTIC: [8] Undefined index:  ajax /home/wwwroot/app.jobmedia.cn/App/Lib/Action/GlAction.class.php 第 17 行.
NOTIC: [8] Undefined index:  id /home/wwwroot/app.jobmedia.cn/App/Lib/Action/GlAction.class.php 第 18 行.
SQL: SHOW COLUMNS FROM `eking_index` [ RunTime:0.000324s ]
ERR: Table 'erpking.eking_index' doesn't exist
 [ SQL语句 ] : SHOW COLUMNS FROM `eking_index`
NOTIC: [8] Undefined index:  json /home/wwwroot/app.jobmedia.cn/includes/array.php 第 174 行.
NOTIC: [8] Undefined index:  THINK_uname /home/wwwroot/app.jobmedia.cn/Framework/Extend/Library/ORG/Util/Cookie.class.php 第 32 行.
NOTIC: [8] Undefined index:  THINK_uid /home/wwwroot/app.jobmedia.cn/Framework/Extend/Library/ORG/Util/Cookie.class.php 第 32 行.
NOTIC: [8] Undefined index:  THINK_consultant /home/wwwroot/app.jobmedia.cn/Framework/Extend/Library/ORG/Util/Cookie.class.php 第 32 行.
NOTIC: [8] Undefined index:  THINK_face /home/wwwroot/app.jobmedia.cn/Framework/Extend/Library/ORG/Util/Cookie.class.php 第 32 行.
NOTIC: [8] Undefined index:  THINK_group /home/wwwroot/app.jobmedia.cn/Framework/Extend/Library/ORG/Util/Cookie.class.php 第 32 行.
NOTIC: [8] Undefined index:  THINK_role_id /home/wwwroot/app.jobmedia.cn/Framework/Extend/Library/ORG/Util/Cookie.class.php 第 32 行.

[ 2013-05-10T17:24:57+08:00 ] 114.245.218.249 /User/login.html
INFO: [ route_check ] --START--
INFO: Run CheckRoute Behavior [ RunTime:0.000624s ]
INFO: [ route_check ] --END-- [ RunTime:0.000700s ]
INFO: [ app_begin ] --START--
INFO: Run ReadHtmlCache Behavior [ RunTime:0.000374s ]
INFO: [ app_begin ] --END-- [ RunTime:0.000440s ]
INFO: [ view_template ] --START--
INFO: Run LocationTemplate Behavior [ RunTime:0.000211s ]
INFO: [ view_template ] --END-- [ RunTime:0.000277s ]
INFO: [ view_parse ] --START--
INFO: Run ParseTemplate Behavior [ RunTime:0.005864s ]
INFO: [ view_parse ] --END-- [ RunTime:0.005929s ]
INFO: [ view_filter ] --START--
INFO: Run ContentReplace Behavior [ RunTime:0.000238s ]
INFO: Run TokenBuild Behavior [ RunTime:0.000280s ]
INFO: Run WriteHtmlCache Behavior [ RunTime:0.000154s ]
INFO: Run ShowRuntime Behavior [ RunTime:0.000313s ]
INFO: [ view_filter ] --END-- [ RunTime:0.001160s ]
INFO: [ view_end ] --START--
INFO: Run ShowPageTrace Behavior [ RunTime:0.000451s ]
INFO: [ view_end ] --END-- [ RunTime:0.000512s ]

[ 2013-05-10T17:24:57+08:00 ] ERR: (ThinkException) 无法加载模块:favicon
[ 2013-05-10T17:25:19+08:00 ] 114.245.218.249 /User/login.html
INFO: [ route_check ] --START--
INFO: Run CheckRoute Behavior [ RunTime:0.000631s ]
INFO: [ route_check ] --END-- [ RunTime:0.000714s ]
INFO: [ app_begin ] --START--
INFO: Run ReadHtmlCache Behavior [ RunTime:0.000810s ]
INFO: [ app_begin ] --END-- [ RunTime:0.000883s ]
INFO: [ view_template ] --START--
INFO: Run LocationTemplate Behavior [ RunTime:0.000203s ]
INFO: [ view_template ] --END-- [ RunTime:0.000274s ]
INFO: [ view_parse ] --START--
INFO: Run ParseTemplate Behavior [ RunTime:0.006305s ]
INFO: [ view_parse ] --END-- [ RunTime:0.006375s ]
INFO: [ view_filter ] --START--
INFO: Run ContentReplace Behavior [ RunTime:0.000242s ]
INFO: Run TokenBuild Behavior [ RunTime:0.000257s ]
INFO: Run WriteHtmlCache Behavior [ RunTime:0.000154s ]
INFO: Run ShowRuntime Behavior [ RunTime:0.000342s ]
INFO: [ view_filter ] --END-- [ RunTime:0.001177s ]
INFO: [ view_end ] --START--
INFO: Run ShowPageTrace Behavior [ RunTime:0.000548s ]
INFO: [ view_end ] --END-- [ RunTime:0.000613s ]

[ 2013-05-10T17:25:19+08:00 ] ERR: (ThinkException) 无法加载模块:favicon
[ 2013-05-10T18:16:45+08:00 ] 114.245.218.249 /
INFO: [ app_begin ] --START--
INFO: Run ReadHtmlCache Behavior [ RunTime:0.000376s ]
INFO: [ app_begin ] --END-- [ RunTime:0.000451s ]
NOTIC: [8] Undefined index:  ajax /home/wwwroot/app.jobmedia.cn/App/Lib/Action/GlAction.class.php 第 17 行.
NOTIC: [8] Undefined index:  id /home/wwwroot/app.jobmedia.cn/App/Lib/Action/GlAction.class.php 第 18 行.
SQL: SHOW COLUMNS FROM `eking_index` [ RunTime:0.000310s ]
ERR: Table 'erpking.eking_index' doesn't exist
 [ SQL语句 ] : SHOW COLUMNS FROM `eking_index`
NOTIC: [8] Undefined index:  json /home/wwwroot/app.jobmedia.cn/includes/array.php 第 174 行.
NOTIC: [8] Undefined index:  THINK_uname /home/wwwroot/app.jobmedia.cn/Framework/Extend/Library/ORG/Util/Cookie.class.php 第 32 行.
NOTIC: [8] Undefined index:  THINK_uid /home/wwwroot/app.jobmedia.cn/Framework/Extend/Library/ORG/Util/Cookie.class.php 第 32 行.
NOTIC: [8] Undefined index:  THINK_consultant /home/wwwroot/app.jobmedia.cn/Framework/Extend/Library/ORG/Util/Cookie.class.php 第 32 行.
NOTIC: [8] Undefined index:  THINK_face /home/wwwroot/app.jobmedia.cn/Framework/Extend/Library/ORG/Util/Cookie.class.php 第 32 行.
NOTIC: [8] Undefined index:  THINK_group /home/wwwroot/app.jobmedia.cn/Framework/Extend/Library/ORG/Util/Cookie.class.php 第 32 行.
NOTIC: [8] Undefined index:  THINK_role_id /home/wwwroot/app.jobmedia.cn/Framework/Extend/Library/ORG/Util/Cookie.class.php 第 32 行.

[ 2013-05-10T18:16:45+08:00 ] 114.245.218.249 /User/login.html
INFO: [ route_check ] --START--
INFO: Run CheckRoute Behavior [ RunTime:0.000644s ]
INFO: [ route_check ] --END-- [ RunTime:0.000722s ]
INFO: [ app_begin ] --START--
INFO: Run ReadHtmlCache Behavior [ RunTime:0.000408s ]
INFO: [ app_begin ] --END-- [ RunTime:0.000480s ]
INFO: [ view_template ] --START--
INFO: Run LocationTemplate Behavior [ RunTime:0.000241s ]
INFO: [ view_template ] --END-- [ RunTime:0.000311s ]
INFO: [ view_parse ] --START--
INFO: Run ParseTemplate Behavior [ RunTime:0.006168s ]
INFO: [ view_parse ] --END-- [ RunTime:0.006238s ]
INFO: [ view_filter ] --START--
INFO: Run ContentReplace Behavior [ RunTime:0.000241s ]
INFO: Run TokenBuild Behavior [ RunTime:0.000279s ]
INFO: Run WriteHtmlCache Behavior [ RunTime:0.000156s ]
INFO: Run ShowRuntime Behavior [ RunTime:0.000314s ]
INFO: [ view_filter ] --END-- [ RunTime:0.001174s ]
INFO: [ view_end ] --START--
INFO: Run ShowPageTrace Behavior [ RunTime:0.000465s ]
INFO: [ view_end ] --END-- [ RunTime:0.000530s ]

[ 2013-05-10T18:16:45+08:00 ] ERR: (ThinkException) 无法加载模块:favicon
[ 2013-05-10T18:16:45+08:00 ] 114.245.218.249 /
INFO: [ app_begin ] --START--
INFO: Run ReadHtmlCache Behavior [ RunTime:0.000401s ]
INFO: [ app_begin ] --END-- [ RunTime:0.000471s ]
NOTIC: [8] Undefined index:  ajax /home/wwwroot/app.jobmedia.cn/App/Lib/Action/GlAction.class.php 第 17 行.
NOTIC: [8] Undefined index:  id /home/wwwroot/app.jobmedia.cn/App/Lib/Action/GlAction.class.php 第 18 行.
SQL: SHOW COLUMNS FROM `eking_index` [ RunTime:0.000341s ]
ERR: Table 'erpking.eking_index' doesn't exist
 [ SQL语句 ] : SHOW COLUMNS FROM `eking_index`
NOTIC: [8] Undefined index:  json /home/wwwroot/app.jobmedia.cn/includes/array.php 第 174 行.
NOTIC: [8] Undefined index:  THINK_uname /home/wwwroot/app.jobmedia.cn/Framework/Extend/Library/ORG/Util/Cookie.class.php 第 32 行.
NOTIC: [8] Undefined index:  THINK_uid /home/wwwroot/app.jobmedia.cn/Framework/Extend/Library/ORG/Util/Cookie.class.php 第 32 行.
NOTIC: [8] Undefined index:  THINK_consultant /home/wwwroot/app.jobmedia.cn/Framework/Extend/Library/ORG/Util/Cookie.class.php 第 32 行.
NOTIC: [8] Undefined index:  THINK_face /home/wwwroot/app.jobmedia.cn/Framework/Extend/Library/ORG/Util/Cookie.class.php 第 32 行.
NOTIC: [8] Undefined index:  THINK_group /home/wwwroot/app.jobmedia.cn/Framework/Extend/Library/ORG/Util/Cookie.class.php 第 32 行.
NOTIC: [8] Undefined index:  THINK_role_id /home/wwwroot/app.jobmedia.cn/Framework/Extend/Library/ORG/Util/Cookie.class.php 第 32 行.

[ 2013-05-10T18:16:45+08:00 ] 114.245.218.249 /User/login.html
INFO: [ route_check ] --START--
INFO: Run CheckRoute Behavior [ RunTime:0.000756s ]
INFO: [ route_check ] --END-- [ RunTime:0.000829s ]
INFO: [ app_begin ] --START--
INFO: Run ReadHtmlCache Behavior [ RunTime:0.000372s ]
INFO: [ app_begin ] --END-- [ RunTime:0.000439s ]
INFO: [ view_template ] --START--
INFO: Run LocationTemplate Behavior [ RunTime:0.000213s ]
INFO: [ view_template ] --END-- [ RunTime:0.000278s ]
INFO: [ view_parse ] --START--
INFO: Run ParseTemplate Behavior [ RunTime:0.005934s ]
INFO: [ view_parse ] --END-- [ RunTime:0.006003s ]
INFO: [ view_filter ] --START--
INFO: Run ContentReplace Behavior [ RunTime:0.000239s ]
INFO: Run TokenBuild Behavior [ RunTime:0.000281s ]
INFO: Run WriteHtmlCache Behavior [ RunTime:0.000155s ]
INFO: Run ShowRuntime Behavior [ RunTime:0.000317s ]
INFO: [ view_filter ] --END-- [ RunTime:0.001171s ]
INFO: [ view_end ] --START--
INFO: Run ShowPageTrace Behavior [ RunTime:0.000467s ]
INFO: [ view_end ] --END-- [ RunTime:0.000531s ]

[ 2013-05-10T18:16:45+08:00 ] ERR: (ThinkException) 无法加载模块:favicon
[ 2013-05-10T18:16:50+08:00 ] 114.245.218.249 /User/doLogin
INFO: [ route_check ] --START--
INFO: Run CheckRoute Behavior [ RunTime:0.000632s ]
INFO: [ route_check ] --END-- [ RunTime:0.000714s ]
INFO: [ app_begin ] --START--
INFO: Run ReadHtmlCache Behavior [ RunTime:0.000372s ]
INFO: [ app_begin ] --END-- [ RunTime:0.000439s ]
NOTIC: [8] Trying to get property of non-object /home/wwwroot/app.jobmedia.cn/App/Lib/Action/UserAction.class.php 第 29 行.

[ 2013-05-10T18:16:55+08:00 ] 114.245.218.249 /User/doLogin
INFO: [ route_check ] --START--
INFO: Run CheckRoute Behavior [ RunTime:0.000630s ]
INFO: [ route_check ] --END-- [ RunTime:0.000706s ]
INFO: [ app_begin ] --START--
INFO: Run ReadHtmlCache Behavior [ RunTime:0.000362s ]
INFO: [ app_begin ] --END-- [ RunTime:0.000447s ]
NOTIC: [8] Trying to get property of non-object /home/wwwroot/app.jobmedia.cn/App/Lib/Action/UserAction.class.php 第 29 行.

[ 2013-05-10T18:17:09+08:00 ] ERR: (ThinkException) 无法加载模块:favicon
[ 2013-05-10T18:17:10+08:00 ] ERR: (ThinkException) 无法加载模块:favicon
[ 2013-05-10T18:17:16+08:00 ] ERR: (ThinkException) 无法加载模块:favicon
[ 2013-05-10T18:18:07+08:00 ] 114.245.218.249 /
INFO: [ app_begin ] --START--
INFO: Run ReadHtmlCache Behavior [ RunTime:0.000376s ]
INFO: [ app_begin ] --END-- [ RunTime:0.000456s ]
NOTIC: [8] Undefined index:  ajax /home/wwwroot/app.jobmedia.cn/App/Lib/Action/GlAction.class.php 第 17 行.
NOTIC: [8] Undefined index:  id /home/wwwroot/app.jobmedia.cn/App/Lib/Action/GlAction.class.php 第 18 行.
SQL: SHOW COLUMNS FROM `eking_index` [ RunTime:0.000333s ]
ERR: Table 'erpking.eking_index' doesn't exist
 [ SQL语句 ] : SHOW COLUMNS FROM `eking_index`
NOTIC: [8] Undefined index:  json /home/wwwroot/app.jobmedia.cn/includes/array.php 第 174 行.
NOTIC: [8] Undefined index:  THINK_uname /home/wwwroot/app.jobmedia.cn/Framework/Extend/Library/ORG/Util/Cookie.class.php 第 32 行.
NOTIC: [8] Undefined index:  THINK_uid /home/wwwroot/app.jobmedia.cn/Framework/Extend/Library/ORG/Util/Cookie.class.php 第 32 行.
NOTIC: [8] Undefined index:  THINK_consultant /home/wwwroot/app.jobmedia.cn/Framework/Extend/Library/ORG/Util/Cookie.class.php 第 32 行.
NOTIC: [8] Undefined index:  THINK_face /home/wwwroot/app.jobmedia.cn/Framework/Extend/Library/ORG/Util/Cookie.class.php 第 32 行.
NOTIC: [8] Undefined index:  THINK_group /home/wwwroot/app.jobmedia.cn/Framework/Extend/Library/ORG/Util/Cookie.class.php 第 32 行.
NOTIC: [8] Undefined index:  THINK_role_id /home/wwwroot/app.jobmedia.cn/Framework/Extend/Library/ORG/Util/Cookie.class.php 第 32 行.

[ 2013-05-10T18:18:07+08:00 ] 114.245.218.249 /User/login.html
INFO: [ route_check ] --START--
INFO: Run CheckRoute Behavior [ RunTime:0.000586s ]
INFO: [ route_check ] --END-- [ RunTime:0.000659s ]
INFO: [ app_begin ] --START--
INFO: Run ReadHtmlCache Behavior [ RunTime:0.000386s ]
INFO: [ app_begin ] --END-- [ RunTime:0.000452s ]
INFO: [ view_template ] --START--
INFO: Run LocationTemplate Behavior [ RunTime:0.000228s ]
INFO: [ view_template ] --END-- [ RunTime:0.000293s ]
INFO: [ view_parse ] --START--
INFO: Run ParseTemplate Behavior [ RunTime:0.005936s ]
INFO: [ view_parse ] --END-- [ RunTime:0.006004s ]
INFO: [ view_filter ] --START--
INFO: Run ContentReplace Behavior [ RunTime:0.000227s ]
INFO: Run TokenBuild Behavior [ RunTime:0.000242s ]
INFO: Run WriteHtmlCache Behavior [ RunTime:0.000142s ]
INFO: Run ShowRuntime Behavior [ RunTime:0.000306s ]
INFO: [ view_filter ] --END-- [ RunTime:0.001123s ]
INFO: [ view_end ] --START--
INFO: Run ShowPageTrace Behavior [ RunTime:0.000456s ]
INFO: [ view_end ] --END-- [ RunTime:0.000520s ]

[ 2013-05-10T18:18:07+08:00 ] ERR: (ThinkException) 无法加载模块:favicon
[ 2013-05-10T18:18:09+08:00 ] 114.245.218.249 /User/doLogin
INFO: [ route_check ] --START--
INFO: Run CheckRoute Behavior [ RunTime:0.000616s ]
INFO: [ route_check ] --END-- [ RunTime:0.000693s ]
INFO: [ app_begin ] --START--
INFO: Run ReadHtmlCache Behavior [ RunTime:0.000362s ]
INFO: [ app_begin ] --END-- [ RunTime:0.000422s ]
NOTIC: [8] Trying to get property of non-object /home/wwwroot/app.jobmedia.cn/App/Lib/Action/UserAction.class.php 第 29 行.

[ 2013-05-10T18:18:13+08:00 ] 114.245.218.249 /User/doLogin
INFO: [ route_check ] --START--
INFO: Run CheckRoute Behavior [ RunTime:0.000633s ]
INFO: [ route_check ] --END-- [ RunTime:0.000716s ]
INFO: [ app_begin ] --START--
INFO: Run ReadHtmlCache Behavior [ RunTime:0.000369s ]
INFO: [ app_begin ] --END-- [ RunTime:0.000439s ]
NOTIC: [8] Trying to get property of non-object /home/wwwroot/app.jobmedia.cn/App/Lib/Action/UserAction.class.php 第 29 行.

[ 2013-05-10T18:18:18+08:00 ] ERR: (ThinkException) 无法加载模块:favicon
[ 2013-05-10T18:18:20+08:00 ] ERR: (ThinkException) 无法加载模块:favicon
[ 2013-05-10T18:18:21+08:00 ] ERR: (ThinkException) 无法加载模块:favicon
[ 2013-05-10T18:19:30+08:00 ] ERR: (ThinkException) 无法加载模块:favicon
[ 2013-05-10T18:19:31+08:00 ] ERR: (ThinkException) 无法加载模块:favicon
[ 2013-05-10T18:19:31+08:00 ] ERR: (ThinkException) 无法加载模块:favicon
[ 2013-05-10T18:19:31+08:00 ] ERR: (ThinkException) 无法加载模块:favicon
[ 2013-05-10T18:19:32+08:00 ] ERR: (ThinkException) 无法加载模块:favicon
[ 2013-05-10T18:20:00+08:00 ] ERR: (ThinkException) 无法加载模块:favicon
[ 2013-05-10T18:20:00+08:00 ] ERR: (ThinkException) 无法加载模块:favicon
[ 2013-05-10T18:20:09+08:00 ] ERR: (ThinkException) 无法加载模块:favicon
[ 2013-05-10T18:20:11+08:00 ] ERR: (ThinkException) 无法加载模块:favicon
[ 2013-05-10T18:20:12+08:00 ] ERR: (ThinkException) 无法加载模块:favicon
[ 2013-05-10T18:20:12+08:00 ] ERR: (ThinkException) 无法加载模块:favicon
[ 2013-05-10T18:21:17+08:00 ] ERR: (ThinkException) 无法加载模块:favicon
[ 2013-05-10T18:21:33+08:00 ] ERR: (ThinkException) 无法加载模块:favicon
[ 2013-05-10T18:21:36+08:00 ] ERR: (ThinkException) 无法加载模块:favicon
[ 2013-05-10T18:21:42+08:00 ] ERR: (ThinkException) 无法加载模块:favicon
[ 2013-05-10T18:24:46+08:00 ] ERR: (ThinkException) 无法加载模块:favicon
[ 2013-05-10T18:25:25+08:00 ] ERR: (ThinkException) 无法加载模块:favicon
[ 2013-05-10T18:25:37+08:00 ] ERR: (ThinkException) 无法加载模块:favicon
[ 2013-05-10T18:25:38+08:00 ] ERR: (ThinkException) 无法加载模块:favicon
[ 2013-05-10T18:25:38+08:00 ] ERR: (ThinkException) 无法加载模块:favicon
[ 2013-05-10T18:25:39+08:00 ] ERR: (ThinkException) 无法加载模块:favicon
[ 2013-05-10T18:25:39+08:00 ] ERR: (ThinkException) 无法加载模块:favicon
[ 2013-05-10T18:27:04+08:00 ] ERR: (ThinkException) 无法加载模块:favicon
[ 2013-05-10T18:27:04+08:00 ] ERR: (ThinkException) 无法加载模块:favicon
[ 2013-05-10T18:30:31+08:00 ] ERR: (ThinkException) 无法加载模块:favicon
[ 2013-05-10T18:30:34+08:00 ] ERR: (ThinkException) 无法加载模块:favicon
[ 2013-05-10T18:30:38+08:00 ] ERR: (ThinkException) 无法加载模块:favicon
[ 2013-05-10T18:30:39+08:00 ] ERR: (ThinkException) 无法加载模块:favicon
[ 2013-05-10T18:30:39+08:00 ] ERR: (ThinkException) 无法加载模块:favicon
[ 2013-05-10T18:30:40+08:00 ] ERR: (ThinkException) 无法加载模块:favicon
[ 2013-05-10T18:30:40+08:00 ] ERR: (ThinkException) 无法加载模块:favicon
[ 2013-05-10T18:30:40+08:00 ] ERR: (ThinkException) 无法加载模块:favicon
[ 2013-05-10T18:30:46+08:00 ] ERR: (ThinkException) 无法加载模块:favicon
[ 2013-05-10T18:30:47+08:00 ] ERR: (ThinkException) 无法加载模块:favicon
[ 2013-05-10T18:30:54+08:00 ] 114.245.218.249 /
INFO: [ app_begin ] --START--
INFO: Run ReadHtmlCache Behavior [ RunTime:0.000378s ]
INFO: [ app_begin ] --END-- [ RunTime:0.000457s ]
NOTIC: [8] Undefined index:  ajax /home/wwwroot/app.jobmedia.cn/App/Lib/Action/GlAction.class.php 第 17 行.
NOTIC: [8] Undefined index:  id /home/wwwroot/app.jobmedia.cn/App/Lib/Action/GlAction.class.php 第 18 行.
SQL: SHOW COLUMNS FROM `eking_index` [ RunTime:0.000338s ]
ERR: Table 'erpking.eking_index' doesn't exist
 [ SQL语句 ] : SHOW COLUMNS FROM `eking_index`
NOTIC: [8] Undefined index:  json /home/wwwroot/app.jobmedia.cn/includes/array.php 第 174 行.
NOTIC: [8] Undefined index:  THINK_uname /home/wwwroot/app.jobmedia.cn/Framework/Extend/Library/ORG/Util/Cookie.class.php 第 32 行.
NOTIC: [8] Undefined index:  THINK_uid /home/wwwroot/app.jobmedia.cn/Framework/Extend/Library/ORG/Util/Cookie.class.php 第 32 行.
NOTIC: [8] Undefined index:  THINK_consultant /home/wwwroot/app.jobmedia.cn/Framework/Extend/Library/ORG/Util/Cookie.class.php 第 32 行.
NOTIC: [8] Undefined index:  THINK_face /home/wwwroot/app.jobmedia.cn/Framework/Extend/Library/ORG/Util/Cookie.class.php 第 32 行.
NOTIC: [8] Undefined index:  THINK_group /home/wwwroot/app.jobmedia.cn/Framework/Extend/Library/ORG/Util/Cookie.class.php 第 32 行.
NOTIC: [8] Undefined index:  THINK_role_id /home/wwwroot/app.jobmedia.cn/Framework/Extend/Library/ORG/Util/Cookie.class.php 第 32 行.

[ 2013-05-10T18:30:54+08:00 ] 114.245.218.249 /User/login.html
INFO: [ route_check ] --START--
INFO: Run CheckRoute Behavior [ RunTime:0.000587s ]
INFO: [ route_check ] --END-- [ RunTime:0.000685s ]
INFO: [ app_begin ] --START--
INFO: Run ReadHtmlCache Behavior [ RunTime:0.000360s ]
INFO: [ app_begin ] --END-- [ RunTime:0.000425s ]
INFO: [ view_template ] --START--
INFO: Run LocationTemplate Behavior [ RunTime:0.000212s ]
INFO: [ view_template ] --END-- [ RunTime:0.000276s ]
INFO: [ view_parse ] --START--
INFO: Run ParseTemplate Behavior [ RunTime:0.006003s ]
INFO: [ view_parse ] --END-- [ RunTime:0.006069s ]
INFO: [ view_filter ] --START--
INFO: Run ContentReplace Behavior [ RunTime:0.000238s ]
INFO: Run TokenBuild Behavior [ RunTime:0.000278s ]
INFO: Run WriteHtmlCache Behavior [ RunTime:0.000154s ]
INFO: Run ShowRuntime Behavior [ RunTime:0.000315s ]
INFO: [ view_filter ] --END-- [ RunTime:0.001160s ]
INFO: [ view_end ] --START--
INFO: Run ShowPageTrace Behavior [ RunTime:0.000448s ]
INFO: [ view_end ] --END-- [ RunTime:0.000509s ]

[ 2013-05-10T18:30:54+08:00 ] ERR: (ThinkException) 无法加载模块:favicon
[ 2013-05-10T18:30:56+08:00 ] 114.245.218.249 /User/doLogin
INFO: [ route_check ] --START--
INFO: Run CheckRoute Behavior [ RunTime:0.000587s ]
INFO: [ route_check ] --END-- [ RunTime:0.000665s ]
INFO: [ app_begin ] --START--
INFO: Run ReadHtmlCache Behavior [ RunTime:0.000387s ]
INFO: [ app_begin ] --END-- [ RunTime:0.000447s ]
NOTIC: [8] Trying to get property of non-object /home/wwwroot/app.jobmedia.cn/App/Lib/Action/UserAction.class.php 第 29 行.

[ 2013-05-10T18:30:57+08:00 ] 114.245.218.249 /User/doLogin
INFO: [ route_check ] --START--
INFO: Run CheckRoute Behavior [ RunTime:0.000634s ]
INFO: [ route_check ] --END-- [ RunTime:0.000717s ]
INFO: [ app_begin ] --START--
INFO: Run ReadHtmlCache Behavior [ RunTime:0.000369s ]
INFO: [ app_begin ] --END-- [ RunTime:0.000460s ]
NOTIC: [8] Trying to get property of non-object /home/wwwroot/app.jobmedia.cn/App/Lib/Action/UserAction.class.php 第 29 行.

[ 2013-05-10T18:31:00+08:00 ] 114.245.218.249 /User/doLogin
INFO: [ route_check ] --START--
INFO: Run CheckRoute Behavior [ RunTime:0.000608s ]
INFO: [ route_check ] --END-- [ RunTime:0.000691s ]
INFO: [ app_begin ] --START--
INFO: Run ReadHtmlCache Behavior [ RunTime:0.000371s ]
INFO: [ app_begin ] --END-- [ RunTime:0.000438s ]
NOTIC: [8] Trying to get property of non-object /home/wwwroot/app.jobmedia.cn/App/Lib/Action/UserAction.class.php 第 29 行.

[ 2013-05-10T18:31:43+08:00 ] 114.245.218.249 /User/doLogin
INFO: [ route_check ] --START--
INFO: Run CheckRoute Behavior [ RunTime:0.000615s ]
INFO: [ route_check ] --END-- [ RunTime:0.000691s ]
INFO: [ app_begin ] --START--
INFO: Run ReadHtmlCache Behavior [ RunTime:0.000361s ]
INFO: [ app_begin ] --END-- [ RunTime:0.000422s ]
NOTIC: [8] Trying to get property of non-object /home/wwwroot/app.jobmedia.cn/App/Lib/Action/UserAction.class.php 第 29 行.

[ 2013-05-10T18:31:43+08:00 ] 114.245.218.249 /User/doLogin
INFO: [ route_check ] --START--
INFO: Run CheckRoute Behavior [ RunTime:0.000608s ]
INFO: [ route_check ] --END-- [ RunTime:0.000691s ]
INFO: [ app_begin ] --START--
INFO: Run ReadHtmlCache Behavior [ RunTime:0.000395s ]
INFO: [ app_begin ] --END-- [ RunTime:0.000462s ]
NOTIC: [8] Trying to get property of non-object /home/wwwroot/app.jobmedia.cn/App/Lib/Action/UserAction.class.php 第 29 行.

[ 2013-05-10T18:31:44+08:00 ] 114.245.218.249 /User/reg
INFO: [ route_check ] --START--
INFO: Run CheckRoute Behavior [ RunTime:0.000633s ]
INFO: [ route_check ] --END-- [ RunTime:0.000714s ]
INFO: [ app_begin ] --START--
INFO: Run ReadHtmlCache Behavior [ RunTime:0.000399s ]
INFO: [ app_begin ] --END-- [ RunTime:0.000471s ]
INFO: [ view_template ] --START--
INFO: Run LocationTemplate Behavior [ RunTime:0.000239s ]
INFO: [ view_template ] --END-- [ RunTime:0.000310s ]
INFO: [ view_parse ] --START--
INFO: Run ParseTemplate Behavior [ RunTime:0.006054s ]
INFO: [ view_parse ] --END-- [ RunTime:0.006124s ]
INFO: [ view_filter ] --START--
INFO: Run ContentReplace Behavior [ RunTime:0.000242s ]
INFO: Run TokenBuild Behavior [ RunTime:0.000255s ]
INFO: Run WriteHtmlCache Behavior [ RunTime:0.000181s ]
INFO: Run ShowRuntime Behavior [ RunTime:0.000320s ]
INFO: [ view_filter ] --END-- [ RunTime:0.001183s ]
INFO: [ view_end ] --START--
INFO: Run ShowPageTrace Behavior [ RunTime:0.000473s ]
INFO: [ view_end ] --END-- [ RunTime:0.000543s ]

[ 2013-05-10T18:31:44+08:00 ] ERR: (ThinkException) 无法加载模块:favicon
[ 2013-05-10T18:31:47+08:00 ] ERR: (ThinkException) 无法加载模块:favicon
[ 2013-05-10T18:31:47+08:00 ] 114.245.218.249 /User/doLogin
INFO: [ route_check ] --START--
INFO: Run CheckRoute Behavior [ RunTime:0.000616s ]
INFO: [ route_check ] --END-- [ RunTime:0.000694s ]
INFO: [ app_begin ] --START--
INFO: Run ReadHtmlCache Behavior [ RunTime:0.000364s ]
INFO: [ app_begin ] --END-- [ RunTime:0.000424s ]
NOTIC: [8] Trying to get property of non-object /home/wwwroot/app.jobmedia.cn/App/Lib/Action/UserAction.class.php 第 29 行.

[ 2013-05-10T18:32:31+08:00 ] ERR: (ThinkException) 无法加载模块:favicon
[ 2013-05-10T18:32:31+08:00 ] ERR: (ThinkException) 无法加载模块:favicon
[ 2013-05-10T18:32:32+08:00 ] ERR: (ThinkException) 无法加载模块:favicon
[ 2013-05-10T18:32:35+08:00 ] ERR: (ThinkException) 无法加载模块:favicon
[ 2013-05-10T18:32:37+08:00 ] ERR: (ThinkException) 无法加载模块:favicon
[ 2013-05-10T18:33:17+08:00 ] ERR: (ThinkException) 无法加载模块:favicon
[ 2013-05-10T18:33:18+08:00 ] ERR: (ThinkException) 无法加载模块:favicon
[ 2013-05-10T18:33:19+08:00 ] ERR: (ThinkException) 无法加载模块:favicon
[ 2013-05-10T18:33:23+08:00 ] ERR: (ThinkException) 无法加载模块:favicon
[ 2013-05-10T18:33:24+08:00 ] ERR: (ThinkException) 无法加载模块:favicon
[ 2013-05-10T18:33:25+08:00 ] ERR: (ThinkException) 无法加载模块:favicon
[ 2013-05-10T18:34:35+08:00 ] ERR: (ThinkException) 无法加载模块:favicon
[ 2013-05-10T18:35:18+08:00 ] 114.245.218.249 /
INFO: [ app_begin ] --START--
INFO: Run ReadHtmlCache Behavior [ RunTime:0.000376s ]
INFO: [ app_begin ] --END-- [ RunTime:0.000480s ]
NOTIC: [8] Undefined index:  ajax /home/wwwroot/app.jobmedia.cn/App/Lib/Action/GlAction.class.php 第 17 行.
NOTIC: [8] Undefined index:  id /home/wwwroot/app.jobmedia.cn/App/Lib/Action/GlAction.class.php 第 18 行.
SQL: SHOW COLUMNS FROM `eking_index` [ RunTime:0.000367s ]
ERR: Table 'erpking.eking_index' doesn't exist
 [ SQL语句 ] : SHOW COLUMNS FROM `eking_index`
NOTIC: [8] Undefined index:  json /home/wwwroot/app.jobmedia.cn/includes/array.php 第 174 行.
NOTIC: [8] Undefined index:  THINK_uname /home/wwwroot/app.jobmedia.cn/Framework/Extend/Library/ORG/Util/Cookie.class.php 第 32 行.
NOTIC: [8] Undefined index:  THINK_uid /home/wwwroot/app.jobmedia.cn/Framework/Extend/Library/ORG/Util/Cookie.class.php 第 32 行.
NOTIC: [8] Undefined index:  THINK_consultant /home/wwwroot/app.jobmedia.cn/Framework/Extend/Library/ORG/Util/Cookie.class.php 第 32 行.
NOTIC: [8] Undefined index:  THINK_face /home/wwwroot/app.jobmedia.cn/Framework/Extend/Library/ORG/Util/Cookie.class.php 第 32 行.
NOTIC: [8] Undefined index:  THINK_group /home/wwwroot/app.jobmedia.cn/Framework/Extend/Library/ORG/Util/Cookie.class.php 第 32 行.
NOTIC: [8] Undefined index:  THINK_role_id /home/wwwroot/app.jobmedia.cn/Framework/Extend/Library/ORG/Util/Cookie.class.php 第 32 行.

[ 2013-05-10T18:35:18+08:00 ] 114.245.218.249 /User/login.html
INFO: [ route_check ] --START--
INFO: Run CheckRoute Behavior [ RunTime:0.000615s ]
INFO: [ route_check ] --END-- [ RunTime:0.000690s ]
INFO: [ app_begin ] --START--
INFO: Run ReadHtmlCache Behavior [ RunTime:0.000362s ]
INFO: [ app_begin ] --END-- [ RunTime:0.000428s ]
INFO: [ view_template ] --START--
INFO: Run LocationTemplate Behavior [ RunTime:0.000213s ]
INFO: [ view_template ] --END-- [ RunTime:0.000279s ]
INFO: [ view_parse ] --START--
INFO: Run ParseTemplate Behavior [ RunTime:0.006005s ]
INFO: [ view_parse ] --END-- [ RunTime:0.006071s ]
INFO: [ view_filter ] --START--
INFO: Run ContentReplace Behavior [ RunTime:0.000266s ]
INFO: Run TokenBuild Behavior [ RunTime:0.000254s ]
INFO: Run WriteHtmlCache Behavior [ RunTime:0.000155s ]
INFO: Run ShowRuntime Behavior [ RunTime:0.000313s ]
INFO: [ view_filter ] --END-- [ RunTime:0.001185s ]
INFO: [ view_end ] --START--
INFO: Run ShowPageTrace Behavior [ RunTime:0.000428s ]
INFO: [ view_end ] --END-- [ RunTime:0.000490s ]

[ 2013-05-10T18:35:18+08:00 ] ERR: (ThinkException) 无法加载模块:favicon
[ 2013-05-10T18:35:25+08:00 ] 114.245.218.249 /User/doLogin
INFO: [ route_check ] --START--
INFO: Run CheckRoute Behavior [ RunTime:0.000628s ]
INFO: [ route_check ] --END-- [ RunTime:0.000705s ]
INFO: [ app_begin ] --START--
INFO: Run ReadHtmlCache Behavior [ RunTime:0.000399s ]
INFO: [ app_begin ] --END-- [ RunTime:0.000460s ]
NOTIC: [8] Trying to get property of non-object /home/wwwroot/app.jobmedia.cn/App/Lib/Action/UserAction.class.php 第 29 行.

[ 2013-05-10T18:35:36+08:00 ] 114.245.218.249 /User/login.html
INFO: [ route_check ] --START--
INFO: Run CheckRoute Behavior [ RunTime:0.000646s ]
INFO: [ route_check ] --END-- [ RunTime:0.000730s ]
INFO: [ app_begin ] --START--
INFO: Run ReadHtmlCache Behavior [ RunTime:0.000409s ]
INFO: [ app_begin ] --END-- [ RunTime:0.000484s ]
INFO: [ view_template ] --START--
INFO: Run LocationTemplate Behavior [ RunTime:0.000241s ]
INFO: [ view_template ] --END-- [ RunTime:0.000311s ]
INFO: [ view_parse ] --START--
INFO: Run ParseTemplate Behavior [ RunTime:0.006015s ]
INFO: [ view_parse ] --END-- [ RunTime:0.006085s ]
INFO: [ view_filter ] --START--
INFO: Run ContentReplace Behavior [ RunTime:0.000244s ]
INFO: Run TokenBuild Behavior [ RunTime:0.000258s ]
INFO: Run WriteHtmlCache Behavior [ RunTime:0.000158s ]
INFO: Run ShowRuntime Behavior [ RunTime:0.000316s ]
INFO: [ view_filter ] --END-- [ RunTime:0.001182s ]
INFO: [ view_end ] --START--
INFO: Run ShowPageTrace Behavior [ RunTime:0.000469s ]
INFO: [ view_end ] --END-- [ RunTime:0.000533s ]

[ 2013-05-10T18:35:36+08:00 ] ERR: (ThinkException) 无法加载模块:favicon
[ 2013-05-10T18:35:42+08:00 ] 114.245.218.249 /User/doLogin
INFO: [ route_check ] --START--
INFO: Run CheckRoute Behavior [ RunTime:0.000631s ]
INFO: [ route_check ] --END-- [ RunTime:0.000713s ]
INFO: [ app_begin ] --START--
INFO: Run ReadHtmlCache Behavior [ RunTime:0.000402s ]
INFO: [ app_begin ] --END-- [ RunTime:0.000468s ]

[ 2013-05-10T18:35:42+08:00 ] 114.245.218.249 /
INFO: [ app_begin ] --START--
INFO: Run ReadHtmlCache Behavior [ RunTime:0.000392s ]
INFO: [ app_begin ] --END-- [ RunTime:0.000463s ]
NOTIC: [8] Undefined index:  ajax /home/wwwroot/app.jobmedia.cn/App/Lib/Action/GlAction.class.php 第 17 行.
NOTIC: [8] Undefined index:  id /home/wwwroot/app.jobmedia.cn/App/Lib/Action/GlAction.class.php 第 18 行.
SQL: SHOW COLUMNS FROM `eking_index` [ RunTime:0.000326s ]
ERR: Table 'erpking.eking_index' doesn't exist
 [ SQL语句 ] : SHOW COLUMNS FROM `eking_index`
NOTIC: [8] Undefined index:  json /home/wwwroot/app.jobmedia.cn/includes/array.php 第 174 行.
NOTIC: [8] Undefined variable: profile /home/wwwroot/app.jobmedia.cn/App/Lib/Action/GlAction.class.php 第 71 行.
SQL: SHOW COLUMNS FROM `eking_inform` [ RunTime:0.000522s ]
SQL: SELECT COUNT(*) AS tp_count FROM `eking_inform` WHERE ( 1=1 and find_in_set(1000483,touid) and not find_in_set(1000483,`read`) and module='candidate' ) LIMIT 1   [ RunTime:0.000170s ]
SQL: SELECT COUNT(*) AS tp_count FROM `eking_inform` WHERE ( 1=1 and find_in_set(1000483,touid) and not find_in_set(1000483,`read`) and module='collection'  ) LIMIT 1   [ RunTime:0.000171s ]
SQL: SHOW COLUMNS FROM `eking_usermsg` [ RunTime:0.000419s ]
SQL: SELECT COUNT(*) AS tp_count FROM `eking_usermsg` WHERE ( toid=1000483 and status=0 ) LIMIT 1   [ RunTime:0.000225s ]
NOTIC: [8] Undefined index:  title /home/wwwroot/app.jobmedia.cn/App/Lib/Action/IndexAction.class.php 第 16 行.
NOTIC: [8] Undefined index:  cid /home/wwwroot/app.jobmedia.cn/App/Lib/Action/IndexAction.class.php 第 18 行.
SQL: SHOW COLUMNS FROM `eking_works` [ RunTime:0.000767s ]
SQL: SELECT COUNT(*) AS tp_count FROM `eking_works` WHERE ( `display` = 1 ) LIMIT 1   [ RunTime:0.000138s ]
SQL: SELECT * FROM `eking_works` WHERE ( `display` = 1 ) ORDER BY id DESC LIMIT 0,15   [ RunTime:0.000280s ]
INFO: [ view_template ] --START--
INFO: Run LocationTemplate Behavior [ RunTime:0.000231s ]
INFO: [ view_template ] --END-- [ RunTime:0.000300s ]
INFO: [ view_parse ] --START--
NOTIC: [8] Undefined variable: Title /home/wwwroot/app.jobmedia.cn/Temp/Cache/f00f177eec6217e16c9f63c0c3fc223d.php 第 5 行.
NOTIC: [8] Undefined variable: ul /home/wwwroot/app.jobmedia.cn/Temp/Cache/f00f177eec6217e16c9f63c0c3fc223d.php 第 36 行.
NOTIC: [8] Undefined variable: cl /home/wwwroot/app.jobmedia.cn/Temp/Cache/f00f177eec6217e16c9f63c0c3fc223d.php 第 38 行.
SQL: SHOW COLUMNS FROM `eking_client` [ RunTime:0.000544s ]
SQL: SELECT `company_name` FROM `eking_client` WHERE ( id=1098 ) LIMIT 1   [ RunTime:0.000121s ]
SQL: SELECT `company_name` FROM `eking_client` WHERE ( id=1116 ) LIMIT 1   [ RunTime:0.000116s ]
SQL: SELECT `company_name` FROM `eking_client` WHERE ( id=1101 ) LIMIT 1   [ RunTime:0.000116s ]
SQL: SELECT `company_name` FROM `eking_client` WHERE ( id=1112 ) LIMIT 1   [ RunTime:0.000114s ]
NOTIC: [8] Undefined index:  0 /home/wwwroot/app.jobmedia.cn/Temp/Cache/f00f177eec6217e16c9f63c0c3fc223d.php 第 209 行.
SQL: SELECT `company_name` FROM `eking_client` WHERE ( id=1113 ) LIMIT 1   [ RunTime:0.000139s ]
SQL: SELECT `company_name` FROM `eking_client` WHERE ( id=1114 ) LIMIT 1   [ RunTime:0.000116s ]
NOTIC: [8] Undefined index:  0 /home/wwwroot/app.jobmedia.cn/Temp/Cache/f00f177eec6217e16c9f63c0c3fc223d.php 第 209 行.
SQL: SELECT `company_name` FROM `eking_client` WHERE ( id=1098 ) LIMIT 1   [ RunTime:0.000115s ]
SQL: SELECT `company_name` FROM `eking_client` WHERE ( id=1097 ) LIMIT 1   [ RunTime:0.000140s ]
SQL: SELECT `company_name` FROM `eking_client` WHERE ( id=1113 ) LIMIT 1   [ RunTime:0.000115s ]
SQL: SELECT `company_name` FROM `eking_client` WHERE ( id=1101 ) LIMIT 1   [ RunTime:0.000115s ]
SQL: SELECT `company_name` FROM `eking_client` WHERE ( id=1098 ) LIMIT 1   [ RunTime:0.000115s ]
INFO: Run ParseTemplate Behavior [ RunTime:0.018194s ]
INFO: [ view_parse ] --END-- [ RunTime:0.018289s ]
INFO: [ view_filter ] --START--
INFO: Run ContentReplace Behavior [ RunTime:0.000294s ]
INFO: Run TokenBuild Behavior [ RunTime:0.000254s ]
INFO: Run WriteHtmlCache Behavior [ RunTime:0.000178s ]
INFO: Run ShowRuntime Behavior [ RunTime:0.000328s ]
INFO: [ view_filter ] --END-- [ RunTime:0.001231s ]
INFO: [ view_end ] --START--
INFO: Run ShowPageTrace Behavior [ RunTime:0.000440s ]
INFO: [ view_end ] --END-- [ RunTime:0.000504s ]

[ 2013-05-10T18:35:42+08:00 ] ERR: (ThinkException) 无法加载模块:App
