[ 2013-08-12T04:04:13+08:00 ] ERR: (ThinkException) 无法加载模块:robots
[ 2013-08-12T14:53:27+08:00 ] 123.119.190.243 /
INFO: [ app_begin ] --START--
INFO: Run ReadHtmlCache Behavior [ RunTime:0.000336s ]
INFO: [ app_begin ] --END-- [ RunTime:0.000401s ]
NOTIC: [8] Undefined index:  ajax /home/wwwroot/www.jobme.cn/App/Lib/Action/GlAction.class.php 第 18 行.
NOTIC: [8] Undefined index:  id /home/wwwroot/www.jobme.cn/App/Lib/Action/GlAction.class.php 第 19 行.
SQL: SHOW COLUMNS FROM `eking_index` [ RunTime:0.000263s ]
ERR: Table 'erpking.eking_index' doesn't exist
 [ SQL语句 ] : SHOW COLUMNS FROM `eking_index`
NOTIC: [8] Undefined index:  json /home/wwwroot/www.jobme.cn/includes/array.php 第 218 行.
NOTIC: [8] Undefined index:  THINK_username /home/wwwroot/www.jobme.cn/Framework/Extend/Library/ORG/Util/Cookie.class.php 第 32 行.
NOTIC: [8] Undefined index:  THINK_uid /home/wwwroot/www.jobme.cn/Framework/Extend/Library/ORG/Util/Cookie.class.php 第 32 行.
NOTIC: [8] Undefined index:  THINK_pid /home/wwwroot/www.jobme.cn/Framework/Extend/Library/ORG/Util/Cookie.class.php 第 32 行.
NOTIC: [8] Undefined index:  THINK_level /home/wwwroot/www.jobme.cn/Framework/Extend/Library/ORG/Util/Cookie.class.php 第 32 行.
NOTIC: [8] Undefined index:  THINK_post /home/wwwroot/www.jobme.cn/Framework/Extend/Library/ORG/Util/Cookie.class.php 第 32 行.
NOTIC: [8] Undefined index:  THINK_type /home/wwwroot/www.jobme.cn/Framework/Extend/Library/ORG/Util/Cookie.class.php 第 32 行.
NOTIC: [8] Undefined index:  THINK_department /home/wwwroot/www.jobme.cn/Framework/Extend/Library/ORG/Util/Cookie.class.php 第 32 行.
NOTIC: [8] Undefined index:  THINK_role_id /home/wwwroot/www.jobme.cn/Framework/Extend/Library/ORG/Util/Cookie.class.php 第 32 行.
NOTIC: [8] Undefined index:  THINK_realname /home/wwwroot/www.jobme.cn/Framework/Extend/Library/ORG/Util/Cookie.class.php 第 32 行.
NOTIC: [8] Undefined index:  THINK_permission_tile /home/wwwroot/www.jobme.cn/Framework/Extend/Library/ORG/Util/Cookie.class.php 第 32 行.
NOTIC: [8] Undefined index:  THINK_permission /home/wwwroot/www.jobme.cn/Framework/Extend/Library/ORG/Util/Cookie.class.php 第 32 行.
SQL: SHOW COLUMNS FROM `eking_persona` [ RunTime:0.000398s ]
SQL: SELECT * FROM `eking_persona` WHERE ( comid= ) ORDER BY id asc  [ RunTime:0.000071s ]
ERR: You have an error in your SQL syntax; check the manual that corresponds to your MySQL server version for the right syntax to use near ') ORDER BY id asc' at line 1
 [ SQL语句 ] : SELECT * FROM `eking_persona` WHERE ( comid= ) ORDER BY id asc 
NOTIC: [2] Invalid argument supplied for foreach() /home/wwwroot/www.jobme.cn/App/Lib/Action/GlAction.class.php 第 62 行.
NOTIC: [8] Undefined variable: nt /home/wwwroot/www.jobme.cn/App/Lib/Action/GlAction.class.php 第 66 行.
NOTIC: [8] Undefined variable: nt /home/wwwroot/www.jobme.cn/App/Lib/Action/GlAction.class.php 第 67 行.
SQL: SHOW COLUMNS FROM `eking_usermsg` [ RunTime:0.000398s ]
SQL: SELECT COUNT(*) AS tp_count FROM `eking_usermsg` WHERE ( toid= and status=0 ) LIMIT 1   [ RunTime:0.000068s ]
ERR: You have an error in your SQL syntax; check the manual that corresponds to your MySQL server version for the right syntax to use near 'and status=0 ) LIMIT 1' at line 1
 [ SQL语句 ] : SELECT COUNT(*) AS tp_count FROM `eking_usermsg` WHERE ( toid= and status=0 ) LIMIT 1  
SQL: SHOW COLUMNS FROM `eking_sinform` [ RunTime:0.000329s ]
SQL: SELECT COUNT(*) AS tp_count FROM `eking_sinform` WHERE ( to_uid= and `read`=0 ) LIMIT 1   [ RunTime:0.000065s ]
ERR: You have an error in your SQL syntax; check the manual that corresponds to your MySQL server version for the right syntax to use near 'and `read`=0 ) LIMIT 1' at line 1
 [ SQL语句 ] : SELECT COUNT(*) AS tp_count FROM `eking_sinform` WHERE ( to_uid= and `read`=0 ) LIMIT 1  
NOTIC: [8] Undefined index:  THINK_uid /home/wwwroot/www.jobme.cn/Framework/Extend/Library/ORG/Util/Cookie.class.php 第 32 行.

[ 2013-08-12T14:53:27+08:00 ] 123.119.190.243 /Login
INFO: [ route_check ] --START--
INFO: Run CheckRoute Behavior [ RunTime:0.000557s ]
INFO: [ route_check ] --END-- [ RunTime:0.000618s ]
INFO: [ app_begin ] --START--
INFO: Run ReadHtmlCache Behavior [ RunTime:0.000325s ]
INFO: [ app_begin ] --END-- [ RunTime:0.000379s ]
NOTIC: [8] Undefined index:  THINK_username /home/wwwroot/www.jobme.cn/Framework/Extend/Library/ORG/Util/Cookie.class.php 第 32 行.
NOTIC: [8] Undefined index:  THINK_uid /home/wwwroot/www.jobme.cn/Framework/Extend/Library/ORG/Util/Cookie.class.php 第 32 行.
NOTIC: [8] Undefined index:  THINK_pid /home/wwwroot/www.jobme.cn/Framework/Extend/Library/ORG/Util/Cookie.class.php 第 32 行.
NOTIC: [8] Undefined index:  THINK_level /home/wwwroot/www.jobme.cn/Framework/Extend/Library/ORG/Util/Cookie.class.php 第 32 行.
NOTIC: [8] Undefined index:  THINK_type /home/wwwroot/www.jobme.cn/Framework/Extend/Library/ORG/Util/Cookie.class.php 第 32 行.
NOTIC: [8] Undefined index:  THINK_department /home/wwwroot/www.jobme.cn/Framework/Extend/Library/ORG/Util/Cookie.class.php 第 32 行.
NOTIC: [8] Undefined index:  THINK_role_id /home/wwwroot/www.jobme.cn/Framework/Extend/Library/ORG/Util/Cookie.class.php 第 32 行.
NOTIC: [8] Undefined index:  THINK_permission_tile /home/wwwroot/www.jobme.cn/Framework/Extend/Library/ORG/Util/Cookie.class.php 第 32 行.
NOTIC: [8] Undefined index:  THINK_permission /home/wwwroot/www.jobme.cn/Framework/Extend/Library/ORG/Util/Cookie.class.php 第 32 行.
NOTIC: [8] Undefined variable: public_arr /home/wwwroot/www.jobme.cn/App/Lib/Action/LoginAction.class.php 第 41 行.
SQL: SHOW COLUMNS FROM `eking_user` [ RunTime:0.000688s ]
NOTIC: [8] Undefined index:  THINK_uid /home/wwwroot/www.jobme.cn/Framework/Extend/Library/ORG/Util/Cookie.class.php 第 32 行.
INFO: [ view_template ] --START--
INFO: Run LocationTemplate Behavior [ RunTime:0.000185s ]
INFO: [ view_template ] --END-- [ RunTime:0.000246s ]
INFO: [ view_parse ] --START--
INFO: Run ParseTemplate Behavior [ RunTime:0.006528s ]
INFO: [ view_parse ] --END-- [ RunTime:0.006587s ]
INFO: [ view_filter ] --START--
INFO: Run ContentReplace Behavior [ RunTime:0.000226s ]
INFO: Run TokenBuild Behavior [ RunTime:0.000219s ]
INFO: Run WriteHtmlCache Behavior [ RunTime:0.000123s ]
INFO: Run ShowRuntime Behavior [ RunTime:0.000293s ]
INFO: [ view_filter ] --END-- [ RunTime:0.001012s ]
INFO: [ view_end ] --START--
INFO: Run ShowPageTrace Behavior [ RunTime:0.000377s ]
INFO: [ view_end ] --END-- [ RunTime:0.000432s ]

[ 2013-08-12T14:53:29+08:00 ] ERR: (ThinkException) 无法加载模块:Public
[ 2013-08-12T17:38:03+08:00 ] 114.245.220.211 /
INFO: [ app_begin ] --START--
INFO: Run ReadHtmlCache Behavior [ RunTime:0.000334s ]
INFO: [ app_begin ] --END-- [ RunTime:0.000398s ]
NOTIC: [8] Undefined index:  ajax /home/wwwroot/www.jobme.cn/App/Lib/Action/GlAction.class.php 第 18 行.
NOTIC: [8] Undefined index:  id /home/wwwroot/www.jobme.cn/App/Lib/Action/GlAction.class.php 第 19 行.
SQL: SHOW COLUMNS FROM `eking_index` [ RunTime:0.000285s ]
ERR: Table 'erpking.eking_index' doesn't exist
 [ SQL语句 ] : SHOW COLUMNS FROM `eking_index`
NOTIC: [8] Undefined index:  json /home/wwwroot/www.jobme.cn/includes/array.php 第 218 行.
NOTIC: [8] Undefined index:  THINK_username /home/wwwroot/www.jobme.cn/Framework/Extend/Library/ORG/Util/Cookie.class.php 第 32 行.
NOTIC: [8] Undefined index:  THINK_uid /home/wwwroot/www.jobme.cn/Framework/Extend/Library/ORG/Util/Cookie.class.php 第 32 行.
NOTIC: [8] Undefined index:  THINK_pid /home/wwwroot/www.jobme.cn/Framework/Extend/Library/ORG/Util/Cookie.class.php 第 32 行.
NOTIC: [8] Undefined index:  THINK_level /home/wwwroot/www.jobme.cn/Framework/Extend/Library/ORG/Util/Cookie.class.php 第 32 行.
NOTIC: [8] Undefined index:  THINK_post /home/wwwroot/www.jobme.cn/Framework/Extend/Library/ORG/Util/Cookie.class.php 第 32 行.
NOTIC: [8] Undefined index:  THINK_type /home/wwwroot/www.jobme.cn/Framework/Extend/Library/ORG/Util/Cookie.class.php 第 32 行.
NOTIC: [8] Undefined index:  THINK_department /home/wwwroot/www.jobme.cn/Framework/Extend/Library/ORG/Util/Cookie.class.php 第 32 行.
NOTIC: [8] Undefined index:  THINK_role_id /home/wwwroot/www.jobme.cn/Framework/Extend/Library/ORG/Util/Cookie.class.php 第 32 行.
NOTIC: [8] Undefined index:  THINK_realname /home/wwwroot/www.jobme.cn/Framework/Extend/Library/ORG/Util/Cookie.class.php 第 32 行.
NOTIC: [8] Undefined index:  THINK_permission_tile /home/wwwroot/www.jobme.cn/Framework/Extend/Library/ORG/Util/Cookie.class.php 第 32 行.
NOTIC: [8] Undefined index:  THINK_permission /home/wwwroot/www.jobme.cn/Framework/Extend/Library/ORG/Util/Cookie.class.php 第 32 行.
SQL: SHOW COLUMNS FROM `eking_persona` [ RunTime:0.000394s ]
SQL: SELECT * FROM `eking_persona` WHERE ( comid= ) ORDER BY id asc  [ RunTime:0.000066s ]
ERR: You have an error in your SQL syntax; check the manual that corresponds to your MySQL server version for the right syntax to use near ') ORDER BY id asc' at line 1
 [ SQL语句 ] : SELECT * FROM `eking_persona` WHERE ( comid= ) ORDER BY id asc 
NOTIC: [2] Invalid argument supplied for foreach() /home/wwwroot/www.jobme.cn/App/Lib/Action/GlAction.class.php 第 62 行.
NOTIC: [8] Undefined variable: nt /home/wwwroot/www.jobme.cn/App/Lib/Action/GlAction.class.php 第 66 行.
NOTIC: [8] Undefined variable: nt /home/wwwroot/www.jobme.cn/App/Lib/Action/GlAction.class.php 第 67 行.
SQL: SHOW COLUMNS FROM `eking_usermsg` [ RunTime:0.000406s ]
SQL: SELECT COUNT(*) AS tp_count FROM `eking_usermsg` WHERE ( toid= and status=0 ) LIMIT 1   [ RunTime:0.000069s ]
ERR: You have an error in your SQL syntax; check the manual that corresponds to your MySQL server version for the right syntax to use near 'and status=0 ) LIMIT 1' at line 1
 [ SQL语句 ] : SELECT COUNT(*) AS tp_count FROM `eking_usermsg` WHERE ( toid= and status=0 ) LIMIT 1  
SQL: SHOW COLUMNS FROM `eking_sinform` [ RunTime:0.000336s ]
SQL: SELECT COUNT(*) AS tp_count FROM `eking_sinform` WHERE ( to_uid= and `read`=0 ) LIMIT 1   [ RunTime:0.000066s ]
ERR: You have an error in your SQL syntax; check the manual that corresponds to your MySQL server version for the right syntax to use near 'and `read`=0 ) LIMIT 1' at line 1
 [ SQL语句 ] : SELECT COUNT(*) AS tp_count FROM `eking_sinform` WHERE ( to_uid= and `read`=0 ) LIMIT 1  
NOTIC: [8] Undefined index:  THINK_uid /home/wwwroot/www.jobme.cn/Framework/Extend/Library/ORG/Util/Cookie.class.php 第 32 行.

[ 2013-08-12T17:38:03+08:00 ] 114.245.220.211 /Login
INFO: [ route_check ] --START--
INFO: Run CheckRoute Behavior [ RunTime:0.000552s ]
INFO: [ route_check ] --END-- [ RunTime:0.000614s ]
INFO: [ app_begin ] --START--
INFO: Run ReadHtmlCache Behavior [ RunTime:0.000327s ]
INFO: [ app_begin ] --END-- [ RunTime:0.000381s ]
NOTIC: [8] Undefined index:  THINK_username /home/wwwroot/www.jobme.cn/Framework/Extend/Library/ORG/Util/Cookie.class.php 第 32 行.
NOTIC: [8] Undefined index:  THINK_uid /home/wwwroot/www.jobme.cn/Framework/Extend/Library/ORG/Util/Cookie.class.php 第 32 行.
NOTIC: [8] Undefined index:  THINK_pid /home/wwwroot/www.jobme.cn/Framework/Extend/Library/ORG/Util/Cookie.class.php 第 32 行.
NOTIC: [8] Undefined index:  THINK_level /home/wwwroot/www.jobme.cn/Framework/Extend/Library/ORG/Util/Cookie.class.php 第 32 行.
NOTIC: [8] Undefined index:  THINK_type /home/wwwroot/www.jobme.cn/Framework/Extend/Library/ORG/Util/Cookie.class.php 第 32 行.
NOTIC: [8] Undefined index:  THINK_department /home/wwwroot/www.jobme.cn/Framework/Extend/Library/ORG/Util/Cookie.class.php 第 32 行.
NOTIC: [8] Undefined index:  THINK_role_id /home/wwwroot/www.jobme.cn/Framework/Extend/Library/ORG/Util/Cookie.class.php 第 32 行.
NOTIC: [8] Undefined index:  THINK_permission_tile /home/wwwroot/www.jobme.cn/Framework/Extend/Library/ORG/Util/Cookie.class.php 第 32 行.
NOTIC: [8] Undefined index:  THINK_permission /home/wwwroot/www.jobme.cn/Framework/Extend/Library/ORG/Util/Cookie.class.php 第 32 行.
NOTIC: [8] Undefined variable: public_arr /home/wwwroot/www.jobme.cn/App/Lib/Action/LoginAction.class.php 第 41 行.
SQL: SHOW COLUMNS FROM `eking_user` [ RunTime:0.000698s ]
NOTIC: [8] Undefined index:  THINK_uid /home/wwwroot/www.jobme.cn/Framework/Extend/Library/ORG/Util/Cookie.class.php 第 32 行.
INFO: [ view_template ] --START--
INFO: Run LocationTemplate Behavior [ RunTime:0.000181s ]
INFO: [ view_template ] --END-- [ RunTime:0.000236s ]
INFO: [ view_parse ] --START--
INFO: Run ParseTemplate Behavior [ RunTime:0.006571s ]
INFO: [ view_parse ] --END-- [ RunTime:0.006627s ]
INFO: [ view_filter ] --START--
INFO: Run ContentReplace Behavior [ RunTime:0.000221s ]
INFO: Run TokenBuild Behavior [ RunTime:0.000215s ]
INFO: Run WriteHtmlCache Behavior [ RunTime:0.000119s ]
INFO: Run ShowRuntime Behavior [ RunTime:0.000270s ]
INFO: [ view_filter ] --END-- [ RunTime:0.000992s ]
INFO: [ view_end ] --START--
INFO: Run ShowPageTrace Behavior [ RunTime:0.000371s ]
INFO: [ view_end ] --END-- [ RunTime:0.000426s ]

[ 2013-08-12T17:38:03+08:00 ] ERR: (ThinkException) 无法加载模块:Public
[ 2013-08-12T17:38:04+08:00 ] ERR: (ThinkException) 无法加载模块:favicon
[ 2013-08-12T18:12:23+08:00 ] 114.245.220.211 /
INFO: [ app_begin ] --START--
INFO: Run ReadHtmlCache Behavior [ RunTime:0.000331s ]
INFO: [ app_begin ] --END-- [ RunTime:0.000396s ]
NOTIC: [8] Undefined index:  ajax /home/wwwroot/www.jobme.cn/App/Lib/Action/GlAction.class.php 第 18 行.
NOTIC: [8] Undefined index:  id /home/wwwroot/www.jobme.cn/App/Lib/Action/GlAction.class.php 第 19 行.
SQL: SHOW COLUMNS FROM `eking_index` [ RunTime:0.000302s ]
ERR: Table 'erpking.eking_index' doesn't exist
 [ SQL语句 ] : SHOW COLUMNS FROM `eking_index`
NOTIC: [8] Undefined index:  json /home/wwwroot/www.jobme.cn/includes/array.php 第 218 行.
NOTIC: [8] Undefined index:  THINK_username /home/wwwroot/www.jobme.cn/Framework/Extend/Library/ORG/Util/Cookie.class.php 第 32 行.
NOTIC: [8] Undefined index:  THINK_uid /home/wwwroot/www.jobme.cn/Framework/Extend/Library/ORG/Util/Cookie.class.php 第 32 行.
NOTIC: [8] Undefined index:  THINK_pid /home/wwwroot/www.jobme.cn/Framework/Extend/Library/ORG/Util/Cookie.class.php 第 32 行.
NOTIC: [8] Undefined index:  THINK_level /home/wwwroot/www.jobme.cn/Framework/Extend/Library/ORG/Util/Cookie.class.php 第 32 行.
NOTIC: [8] Undefined index:  THINK_post /home/wwwroot/www.jobme.cn/Framework/Extend/Library/ORG/Util/Cookie.class.php 第 32 行.
NOTIC: [8] Undefined index:  THINK_type /home/wwwroot/www.jobme.cn/Framework/Extend/Library/ORG/Util/Cookie.class.php 第 32 行.
NOTIC: [8] Undefined index:  THINK_department /home/wwwroot/www.jobme.cn/Framework/Extend/Library/ORG/Util/Cookie.class.php 第 32 行.
NOTIC: [8] Undefined index:  THINK_role_id /home/wwwroot/www.jobme.cn/Framework/Extend/Library/ORG/Util/Cookie.class.php 第 32 行.
NOTIC: [8] Undefined index:  THINK_realname /home/wwwroot/www.jobme.cn/Framework/Extend/Library/ORG/Util/Cookie.class.php 第 32 行.
NOTIC: [8] Undefined index:  THINK_permission_tile /home/wwwroot/www.jobme.cn/Framework/Extend/Library/ORG/Util/Cookie.class.php 第 32 行.
NOTIC: [8] Undefined index:  THINK_permission /home/wwwroot/www.jobme.cn/Framework/Extend/Library/ORG/Util/Cookie.class.php 第 32 行.
SQL: SHOW COLUMNS FROM `eking_persona` [ RunTime:0.000350s ]
SQL: SELECT * FROM `eking_persona` WHERE ( comid= ) ORDER BY id asc  [ RunTime:0.000118s ]
ERR: You have an error in your SQL syntax; check the manual that corresponds to your MySQL server version for the right syntax to use near ') ORDER BY id asc' at line 1
 [ SQL语句 ] : SELECT * FROM `eking_persona` WHERE ( comid= ) ORDER BY id asc 
NOTIC: [2] Invalid argument supplied for foreach() /home/wwwroot/www.jobme.cn/App/Lib/Action/GlAction.class.php 第 62 行.
NOTIC: [8] Undefined variable: nt /home/wwwroot/www.jobme.cn/App/Lib/Action/GlAction.class.php 第 66 行.
NOTIC: [8] Undefined variable: nt /home/wwwroot/www.jobme.cn/App/Lib/Action/GlAction.class.php 第 67 行.
SQL: SHOW COLUMNS FROM `eking_usermsg` [ RunTime:0.000399s ]
SQL: SELECT COUNT(*) AS tp_count FROM `eking_usermsg` WHERE ( toid= and status=0 ) LIMIT 1   [ RunTime:0.000069s ]
ERR: You have an error in your SQL syntax; check the manual that corresponds to your MySQL server version for the right syntax to use near 'and status=0 ) LIMIT 1' at line 1
 [ SQL语句 ] : SELECT COUNT(*) AS tp_count FROM `eking_usermsg` WHERE ( toid= and status=0 ) LIMIT 1  
SQL: SHOW COLUMNS FROM `eking_sinform` [ RunTime:0.000334s ]
SQL: SELECT COUNT(*) AS tp_count FROM `eking_sinform` WHERE ( to_uid= and `read`=0 ) LIMIT 1   [ RunTime:0.000085s ]
ERR: You have an error in your SQL syntax; check the manual that corresponds to your MySQL server version for the right syntax to use near 'and `read`=0 ) LIMIT 1' at line 1
 [ SQL语句 ] : SELECT COUNT(*) AS tp_count FROM `eking_sinform` WHERE ( to_uid= and `read`=0 ) LIMIT 1  
NOTIC: [8] Undefined index:  THINK_uid /home/wwwroot/www.jobme.cn/Framework/Extend/Library/ORG/Util/Cookie.class.php 第 32 行.

[ 2013-08-12T18:12:25+08:00 ] 114.245.220.211 /
INFO: [ app_begin ] --START--
INFO: Run ReadHtmlCache Behavior [ RunTime:0.000342s ]
INFO: [ app_begin ] --END-- [ RunTime:0.000411s ]
NOTIC: [8] Undefined index:  ajax /home/wwwroot/www.jobme.cn/App/Lib/Action/GlAction.class.php 第 18 行.
NOTIC: [8] Undefined index:  id /home/wwwroot/www.jobme.cn/App/Lib/Action/GlAction.class.php 第 19 行.
SQL: SHOW COLUMNS FROM `eking_index` [ RunTime:0.000288s ]
ERR: Table 'erpking.eking_index' doesn't exist
 [ SQL语句 ] : SHOW COLUMNS FROM `eking_index`
NOTIC: [8] Undefined index:  json /home/wwwroot/www.jobme.cn/includes/array.php 第 218 行.
NOTIC: [8] Undefined index:  THINK_username /home/wwwroot/www.jobme.cn/Framework/Extend/Library/ORG/Util/Cookie.class.php 第 32 行.
NOTIC: [8] Undefined index:  THINK_uid /home/wwwroot/www.jobme.cn/Framework/Extend/Library/ORG/Util/Cookie.class.php 第 32 行.
NOTIC: [8] Undefined index:  THINK_pid /home/wwwroot/www.jobme.cn/Framework/Extend/Library/ORG/Util/Cookie.class.php 第 32 行.
NOTIC: [8] Undefined index:  THINK_level /home/wwwroot/www.jobme.cn/Framework/Extend/Library/ORG/Util/Cookie.class.php 第 32 行.
NOTIC: [8] Undefined index:  THINK_post /home/wwwroot/www.jobme.cn/Framework/Extend/Library/ORG/Util/Cookie.class.php 第 32 行.
NOTIC: [8] Undefined index:  THINK_type /home/wwwroot/www.jobme.cn/Framework/Extend/Library/ORG/Util/Cookie.class.php 第 32 行.
NOTIC: [8] Undefined index:  THINK_department /home/wwwroot/www.jobme.cn/Framework/Extend/Library/ORG/Util/Cookie.class.php 第 32 行.
NOTIC: [8] Undefined index:  THINK_role_id /home/wwwroot/www.jobme.cn/Framework/Extend/Library/ORG/Util/Cookie.class.php 第 32 行.
NOTIC: [8] Undefined index:  THINK_realname /home/wwwroot/www.jobme.cn/Framework/Extend/Library/ORG/Util/Cookie.class.php 第 32 行.
NOTIC: [8] Undefined index:  THINK_permission_tile /home/wwwroot/www.jobme.cn/Framework/Extend/Library/ORG/Util/Cookie.class.php 第 32 行.
NOTIC: [8] Undefined index:  THINK_permission /home/wwwroot/www.jobme.cn/Framework/Extend/Library/ORG/Util/Cookie.class.php 第 32 行.
SQL: SHOW COLUMNS FROM `eking_persona` [ RunTime:0.000388s ]
SQL: SELECT * FROM `eking_persona` WHERE ( comid= ) ORDER BY id asc  [ RunTime:0.000064s ]
ERR: You have an error in your SQL syntax; check the manual that corresponds to your MySQL server version for the right syntax to use near ') ORDER BY id asc' at line 1
 [ SQL语句 ] : SELECT * FROM `eking_persona` WHERE ( comid= ) ORDER BY id asc 
NOTIC: [2] Invalid argument supplied for foreach() /home/wwwroot/www.jobme.cn/App/Lib/Action/GlAction.class.php 第 62 行.
NOTIC: [8] Undefined variable: nt /home/wwwroot/www.jobme.cn/App/Lib/Action/GlAction.class.php 第 66 行.
NOTIC: [8] Undefined variable: nt /home/wwwroot/www.jobme.cn/App/Lib/Action/GlAction.class.php 第 67 行.
SQL: SHOW COLUMNS FROM `eking_usermsg` [ RunTime:0.000398s ]
SQL: SELECT COUNT(*) AS tp_count FROM `eking_usermsg` WHERE ( toid= and status=0 ) LIMIT 1   [ RunTime:0.000067s ]
ERR: You have an error in your SQL syntax; check the manual that corresponds to your MySQL server version for the right syntax to use near 'and status=0 ) LIMIT 1' at line 1
 [ SQL语句 ] : SELECT COUNT(*) AS tp_count FROM `eking_usermsg` WHERE ( toid= and status=0 ) LIMIT 1  
SQL: SHOW COLUMNS FROM `eking_sinform` [ RunTime:0.000458s ]
SQL: SELECT COUNT(*) AS tp_count FROM `eking_sinform` WHERE ( to_uid= and `read`=0 ) LIMIT 1   [ RunTime:0.000065s ]
ERR: You have an error in your SQL syntax; check the manual that corresponds to your MySQL server version for the right syntax to use near 'and `read`=0 ) LIMIT 1' at line 1
 [ SQL语句 ] : SELECT COUNT(*) AS tp_count FROM `eking_sinform` WHERE ( to_uid= and `read`=0 ) LIMIT 1  
NOTIC: [8] Undefined index:  THINK_uid /home/wwwroot/www.jobme.cn/Framework/Extend/Library/ORG/Util/Cookie.class.php 第 32 行.

[ 2013-08-12T18:12:25+08:00 ] 114.245.220.211 /Login
INFO: [ route_check ] --START--
INFO: Run CheckRoute Behavior [ RunTime:0.000533s ]
INFO: [ route_check ] --END-- [ RunTime:0.000594s ]
INFO: [ app_begin ] --START--
INFO: Run ReadHtmlCache Behavior [ RunTime:0.000327s ]
INFO: [ app_begin ] --END-- [ RunTime:0.000383s ]
NOTIC: [8] Undefined index:  THINK_username /home/wwwroot/www.jobme.cn/Framework/Extend/Library/ORG/Util/Cookie.class.php 第 32 行.
NOTIC: [8] Undefined index:  THINK_uid /home/wwwroot/www.jobme.cn/Framework/Extend/Library/ORG/Util/Cookie.class.php 第 32 行.
NOTIC: [8] Undefined index:  THINK_pid /home/wwwroot/www.jobme.cn/Framework/Extend/Library/ORG/Util/Cookie.class.php 第 32 行.
NOTIC: [8] Undefined index:  THINK_level /home/wwwroot/www.jobme.cn/Framework/Extend/Library/ORG/Util/Cookie.class.php 第 32 行.
NOTIC: [8] Undefined index:  THINK_type /home/wwwroot/www.jobme.cn/Framework/Extend/Library/ORG/Util/Cookie.class.php 第 32 行.
NOTIC: [8] Undefined index:  THINK_department /home/wwwroot/www.jobme.cn/Framework/Extend/Library/ORG/Util/Cookie.class.php 第 32 行.
NOTIC: [8] Undefined index:  THINK_role_id /home/wwwroot/www.jobme.cn/Framework/Extend/Library/ORG/Util/Cookie.class.php 第 32 行.
NOTIC: [8] Undefined index:  THINK_permission_tile /home/wwwroot/www.jobme.cn/Framework/Extend/Library/ORG/Util/Cookie.class.php 第 32 行.
NOTIC: [8] Undefined index:  THINK_permission /home/wwwroot/www.jobme.cn/Framework/Extend/Library/ORG/Util/Cookie.class.php 第 32 行.
NOTIC: [8] Undefined variable: public_arr /home/wwwroot/www.jobme.cn/App/Lib/Action/LoginAction.class.php 第 41 行.
SQL: SHOW COLUMNS FROM `eking_user` [ RunTime:0.000810s ]
NOTIC: [8] Undefined index:  THINK_uid /home/wwwroot/www.jobme.cn/Framework/Extend/Library/ORG/Util/Cookie.class.php 第 32 行.
INFO: [ view_template ] --START--
INFO: Run LocationTemplate Behavior [ RunTime:0.000197s ]
INFO: [ view_template ] --END-- [ RunTime:0.000251s ]
INFO: [ view_parse ] --START--
INFO: Run ParseTemplate Behavior [ RunTime:0.006388s ]
INFO: [ view_parse ] --END-- [ RunTime:0.006444s ]
INFO: [ view_filter ] --START--
INFO: Run ContentReplace Behavior [ RunTime:0.000219s ]
INFO: Run TokenBuild Behavior [ RunTime:0.000233s ]
INFO: Run WriteHtmlCache Behavior [ RunTime:0.000123s ]
INFO: Run ShowRuntime Behavior [ RunTime:0.000270s ]
INFO: [ view_filter ] --END-- [ RunTime:0.000993s ]
INFO: [ view_end ] --START--
INFO: Run ShowPageTrace Behavior [ RunTime:0.000388s ]
INFO: [ view_end ] --END-- [ RunTime:0.000439s ]

[ 2013-08-12T18:12:25+08:00 ] ERR: (ThinkException) 无法加载模块:Public
[ 2013-08-12T18:12:25+08:00 ] ERR: (ThinkException) 无法加载模块:favicon
[ 2013-08-12T18:45:58+08:00 ] 220.181.127.126 /
INFO: [ app_begin ] --START--
INFO: Run ReadHtmlCache Behavior [ RunTime:0.000475s ]
INFO: [ app_begin ] --END-- [ RunTime:0.000557s ]
NOTIC: [8] Undefined index:  ajax /home/wwwroot/www.jobme.cn/App/Lib/Action/GlAction.class.php 第 18 行.
NOTIC: [8] Undefined index:  id /home/wwwroot/www.jobme.cn/App/Lib/Action/GlAction.class.php 第 19 行.
SQL: SHOW COLUMNS FROM `eking_index` [ RunTime:0.000270s ]
ERR: Table 'erpking.eking_index' doesn't exist
 [ SQL语句 ] : SHOW COLUMNS FROM `eking_index`
NOTIC: [8] Undefined index:  json /home/wwwroot/www.jobme.cn/includes/array.php 第 218 行.
NOTIC: [8] Undefined index:  THINK_username /home/wwwroot/www.jobme.cn/Framework/Extend/Library/ORG/Util/Cookie.class.php 第 32 行.
NOTIC: [8] Undefined index:  THINK_uid /home/wwwroot/www.jobme.cn/Framework/Extend/Library/ORG/Util/Cookie.class.php 第 32 行.
NOTIC: [8] Undefined index:  THINK_pid /home/wwwroot/www.jobme.cn/Framework/Extend/Library/ORG/Util/Cookie.class.php 第 32 行.
NOTIC: [8] Undefined index:  THINK_level /home/wwwroot/www.jobme.cn/Framework/Extend/Library/ORG/Util/Cookie.class.php 第 32 行.
NOTIC: [8] Undefined index:  THINK_post /home/wwwroot/www.jobme.cn/Framework/Extend/Library/ORG/Util/Cookie.class.php 第 32 行.
NOTIC: [8] Undefined index:  THINK_type /home/wwwroot/www.jobme.cn/Framework/Extend/Library/ORG/Util/Cookie.class.php 第 32 行.
NOTIC: [8] Undefined index:  THINK_department /home/wwwroot/www.jobme.cn/Framework/Extend/Library/ORG/Util/Cookie.class.php 第 32 行.
NOTIC: [8] Undefined index:  THINK_role_id /home/wwwroot/www.jobme.cn/Framework/Extend/Library/ORG/Util/Cookie.class.php 第 32 行.
NOTIC: [8] Undefined index:  THINK_realname /home/wwwroot/www.jobme.cn/Framework/Extend/Library/ORG/Util/Cookie.class.php 第 32 行.
NOTIC: [8] Undefined index:  THINK_permission_tile /home/wwwroot/www.jobme.cn/Framework/Extend/Library/ORG/Util/Cookie.class.php 第 32 行.
NOTIC: [8] Undefined index:  THINK_permission /home/wwwroot/www.jobme.cn/Framework/Extend/Library/ORG/Util/Cookie.class.php 第 32 行.
SQL: SHOW COLUMNS FROM `eking_persona` [ RunTime:0.000387s ]
SQL: SELECT * FROM `eking_persona` WHERE ( comid= ) ORDER BY id asc  [ RunTime:0.000064s ]
ERR: You have an error in your SQL syntax; check the manual that corresponds to your MySQL server version for the right syntax to use near ') ORDER BY id asc' at line 1
 [ SQL语句 ] : SELECT * FROM `eking_persona` WHERE ( comid= ) ORDER BY id asc 
NOTIC: [2] Invalid argument supplied for foreach() /home/wwwroot/www.jobme.cn/App/Lib/Action/GlAction.class.php 第 62 行.
NOTIC: [8] Undefined variable: nt /home/wwwroot/www.jobme.cn/App/Lib/Action/GlAction.class.php 第 66 行.
NOTIC: [8] Undefined variable: nt /home/wwwroot/www.jobme.cn/App/Lib/Action/GlAction.class.php 第 67 行.
SQL: SHOW COLUMNS FROM `eking_usermsg` [ RunTime:0.000400s ]
SQL: SELECT COUNT(*) AS tp_count FROM `eking_usermsg` WHERE ( toid= and status=0 ) LIMIT 1   [ RunTime:0.000067s ]
ERR: You have an error in your SQL syntax; check the manual that corresponds to your MySQL server version for the right syntax to use near 'and status=0 ) LIMIT 1' at line 1
 [ SQL语句 ] : SELECT COUNT(*) AS tp_count FROM `eking_usermsg` WHERE ( toid= and status=0 ) LIMIT 1  
SQL: SHOW COLUMNS FROM `eking_sinform` [ RunTime:0.000328s ]
SQL: SELECT COUNT(*) AS tp_count FROM `eking_sinform` WHERE ( to_uid= and `read`=0 ) LIMIT 1   [ RunTime:0.000065s ]
ERR: You have an error in your SQL syntax; check the manual that corresponds to your MySQL server version for the right syntax to use near 'and `read`=0 ) LIMIT 1' at line 1
 [ SQL语句 ] : SELECT COUNT(*) AS tp_count FROM `eking_sinform` WHERE ( to_uid= and `read`=0 ) LIMIT 1  
NOTIC: [8] Undefined index:  THINK_uid /home/wwwroot/www.jobme.cn/Framework/Extend/Library/ORG/Util/Cookie.class.php 第 32 行.

[ 2013-08-12T18:46:50+08:00 ] 220.181.132.192 /Login
INFO: [ route_check ] --START--
INFO: Run CheckRoute Behavior [ RunTime:0.000538s ]
INFO: [ route_check ] --END-- [ RunTime:0.000605s ]
INFO: [ app_begin ] --START--
INFO: Run ReadHtmlCache Behavior [ RunTime:0.000328s ]
INFO: [ app_begin ] --END-- [ RunTime:0.000381s ]
NOTIC: [8] Undefined index:  THINK_username /home/wwwroot/www.jobme.cn/Framework/Extend/Library/ORG/Util/Cookie.class.php 第 32 行.
NOTIC: [8] Undefined index:  THINK_uid /home/wwwroot/www.jobme.cn/Framework/Extend/Library/ORG/Util/Cookie.class.php 第 32 行.
NOTIC: [8] Undefined index:  THINK_pid /home/wwwroot/www.jobme.cn/Framework/Extend/Library/ORG/Util/Cookie.class.php 第 32 行.
NOTIC: [8] Undefined index:  THINK_level /home/wwwroot/www.jobme.cn/Framework/Extend/Library/ORG/Util/Cookie.class.php 第 32 行.
NOTIC: [8] Undefined index:  THINK_type /home/wwwroot/www.jobme.cn/Framework/Extend/Library/ORG/Util/Cookie.class.php 第 32 行.
NOTIC: [8] Undefined index:  THINK_department /home/wwwroot/www.jobme.cn/Framework/Extend/Library/ORG/Util/Cookie.class.php 第 32 行.
NOTIC: [8] Undefined index:  THINK_role_id /home/wwwroot/www.jobme.cn/Framework/Extend/Library/ORG/Util/Cookie.class.php 第 32 行.
NOTIC: [8] Undefined index:  THINK_permission_tile /home/wwwroot/www.jobme.cn/Framework/Extend/Library/ORG/Util/Cookie.class.php 第 32 行.
NOTIC: [8] Undefined index:  THINK_permission /home/wwwroot/www.jobme.cn/Framework/Extend/Library/ORG/Util/Cookie.class.php 第 32 行.
NOTIC: [8] Undefined variable: public_arr /home/wwwroot/www.jobme.cn/App/Lib/Action/LoginAction.class.php 第 41 行.
SQL: SHOW COLUMNS FROM `eking_user` [ RunTime:0.000737s ]
NOTIC: [8] Undefined index:  THINK_uid /home/wwwroot/www.jobme.cn/Framework/Extend/Library/ORG/Util/Cookie.class.php 第 32 行.
INFO: [ view_template ] --START--
INFO: Run LocationTemplate Behavior [ RunTime:0.000316s ]
INFO: [ view_template ] --END-- [ RunTime:0.000382s ]
INFO: [ view_parse ] --START--
INFO: Run ParseTemplate Behavior [ RunTime:0.008600s ]
INFO: [ view_parse ] --END-- [ RunTime:0.008660s ]
INFO: [ view_filter ] --START--
INFO: Run ContentReplace Behavior [ RunTime:0.000242s ]
INFO: Run TokenBuild Behavior [ RunTime:0.000218s ]
INFO: Run WriteHtmlCache Behavior [ RunTime:0.000119s ]
INFO: Run ShowRuntime Behavior [ RunTime:0.000271s ]
INFO: [ view_filter ] --END-- [ RunTime:0.001000s ]
INFO: [ view_end ] --START--
INFO: Run ShowPageTrace Behavior [ RunTime:0.000604s ]
INFO: [ view_end ] --END-- [ RunTime:0.000684s ]

[ 2013-08-12T19:35:20+08:00 ] ERR: (ThinkException) 无法加载模块:member
[ 2013-08-12T19:35:20+08:00 ] ERR: (ThinkException) 无法加载模块:member
[ 2013-08-12T19:35:20+08:00 ] ERR: (ThinkException) 无法加载模块:favicon
[ 2013-08-12T19:35:20+08:00 ] ERR: (ThinkException) 无法加载模块:favicon
[ 2013-08-12T19:35:20+08:00 ] ERR: (ThinkException) 无法加载模块:favicon
[ 2013-08-12T19:35:20+08:00 ] ERR: (ThinkException) 无法加载模块:favicon
[ 2013-08-12T19:35:20+08:00 ] ERR: (ThinkException) 无法加载模块:robots
[ 2013-08-12T19:35:20+08:00 ] ERR: (ThinkException) 无法加载模块:robots
[ 2013-08-12T19:35:20+08:00 ] ERR: (ThinkException) 无法加载模块:favicon
[ 2013-08-12T19:35:21+08:00 ] ERR: (ThinkException) 无法加载模块:favicon
[ 2013-08-12T19:35:21+08:00 ] ERR: (ThinkException) 无法加载模块:base
[ 2013-08-12T19:35:21+08:00 ] ERR: (ThinkException) 无法加载模块:base
[ 2013-08-12T19:35:21+08:00 ] ERR: (ThinkException) 无法加载模块:data
[ 2013-08-12T19:35:24+08:00 ] ERR: (ThinkException) 无法加载模块:data
[ 2013-08-12T19:35:24+08:00 ] ERR: (ThinkException) 无法加载模块:dede
[ 2013-08-12T19:35:24+08:00 ] ERR: (ThinkException) 无法加载模块:dede
[ 2013-08-12T19:35:24+08:00 ] ERR: (ThinkException) 无法加载模块:adminsoft
[ 2013-08-12T19:35:25+08:00 ] ERR: (ThinkException) 无法加载模块:adminsoft
[ 2013-08-12T19:35:25+08:00 ] ERR: (ThinkException) 无法加载模块:adminsoft
[ 2013-08-12T19:35:25+08:00 ] ERR: (ThinkException) 无法加载模块:adminsoft
[ 2013-08-12T19:35:25+08:00 ] ERR: (ThinkException) 无法加载模块:favicon
[ 2013-08-12T19:35:25+08:00 ] ERR: (ThinkException) 无法加载模块:favicon
[ 2013-08-12T19:35:25+08:00 ] ERR: (ThinkException) 无法加载模块:public
[ 2013-08-12T19:35:25+08:00 ] ERR: (ThinkException) 无法加载模块:public
[ 2013-08-12T19:35:25+08:00 ] ERR: (ThinkException) 无法加载模块:public
[ 2013-08-12T19:35:26+08:00 ] ERR: (ThinkException) 无法加载模块:public
[ 2013-08-12T19:35:26+08:00 ] ERR: (ThinkException) 无法加载模块:data
[ 2013-08-12T19:35:26+08:00 ] ERR: (ThinkException) 无法加载模块:data
[ 2013-08-12T19:35:26+08:00 ] ERR: (ThinkException) 无法加载模块:favicon
[ 2013-08-12T19:35:26+08:00 ] ERR: (ThinkException) 无法加载模块:favicon
[ 2013-08-12T19:35:26+08:00 ] ERR: (ThinkException) 无法加载模块:Vote
[ 2013-08-12T19:35:26+08:00 ] ERR: (ThinkException) 无法加载模块:Vote
[ 2013-08-12T19:35:26+08:00 ] ERR: (ThinkException) 无法加载模块:js
[ 2013-08-12T19:35:26+08:00 ] ERR: (ThinkException) 无法加载模块:js
[ 2013-08-12T19:35:27+08:00 ] ERR: (ThinkException) 无法加载模块:member
[ 2013-08-12T19:35:27+08:00 ] ERR: (ThinkException) 无法加载模块:member
[ 2013-08-12T19:35:27+08:00 ] ERR: (ThinkException) 无法加载模块:member
[ 2013-08-12T19:35:27+08:00 ] ERR: (ThinkException) 无法加载模块:member
[ 2013-08-12T19:35:27+08:00 ] ERR: (ThinkException) 无法加载模块:plus
[ 2013-08-12T19:35:27+08:00 ] ERR: (ThinkException) 无法加载模块:plus
[ 2013-08-12T19:35:31+08:00 ] ERR: (ThinkException) 无法加载模块:images
[ 2013-08-12T19:35:31+08:00 ] ERR: (ThinkException) 无法加载模块:images
[ 2013-08-12T19:35:31+08:00 ] ERR: (ThinkException) 无法加载模块:favicon
[ 2013-08-12T19:35:31+08:00 ] ERR: (ThinkException) 无法加载模块:favicon
[ 2013-08-12T19:35:31+08:00 ] ERR: (ThinkException) 无法加载模块:images
[ 2013-08-12T19:35:31+08:00 ] ERR: (ThinkException) 无法加载模块:images
[ 2013-08-12T19:35:31+08:00 ] ERR: (ThinkException) 无法加载模块:admin
[ 2013-08-12T19:35:31+08:00 ] ERR: (ThinkException) 无法加载模块:admin
[ 2013-08-12T19:35:32+08:00 ] ERR: (ThinkException) 无法加载模块:favicon
[ 2013-08-12T19:35:32+08:00 ] ERR: (ThinkException) 无法加载模块:favicon
[ 2013-08-12T19:35:32+08:00 ] ERR: (ThinkException) 无法加载模块:htaccess
[ 2013-08-12T19:35:32+08:00 ] ERR: (ThinkException) 无法加载模块:htaccess
[ 2013-08-12T19:35:33+08:00 ] 118.244.202.180 /.htaccess
INFO: [ route_check ] --START--
INFO: Run CheckRoute Behavior [ RunTime:0.000545s ]
INFO: [ route_check ] --END-- [ RunTime:0.000606s ]
INFO: [ app_begin ] --START--
INFO: Run ReadHtmlCache Behavior [ RunTime:0.000323s ]
INFO: [ app_begin ] --END-- [ RunTime:0.000377s ]
NOTIC: [8] Undefined index:  ajax /home/wwwroot/www.jobme.cn/App/Lib/Action/GlAction.class.php 第 18 行.
NOTIC: [8] Undefined index:  id /home/wwwroot/www.jobme.cn/App/Lib/Action/GlAction.class.php 第 19 行.
SQL: SHOW COLUMNS FROM `eking_index` [ RunTime:0.000277s ]
ERR: Table 'erpking.eking_index' doesn't exist
 [ SQL语句 ] : SHOW COLUMNS FROM `eking_index`
NOTIC: [8] Undefined index:  json /home/wwwroot/www.jobme.cn/includes/array.php 第 218 行.
NOTIC: [8] Undefined index:  THINK_username /home/wwwroot/www.jobme.cn/Framework/Extend/Library/ORG/Util/Cookie.class.php 第 32 行.
NOTIC: [8] Undefined index:  THINK_uid /home/wwwroot/www.jobme.cn/Framework/Extend/Library/ORG/Util/Cookie.class.php 第 32 行.
NOTIC: [8] Undefined index:  THINK_pid /home/wwwroot/www.jobme.cn/Framework/Extend/Library/ORG/Util/Cookie.class.php 第 32 行.
NOTIC: [8] Undefined index:  THINK_level /home/wwwroot/www.jobme.cn/Framework/Extend/Library/ORG/Util/Cookie.class.php 第 32 行.
NOTIC: [8] Undefined index:  THINK_post /home/wwwroot/www.jobme.cn/Framework/Extend/Library/ORG/Util/Cookie.class.php 第 32 行.
NOTIC: [8] Undefined index:  THINK_type /home/wwwroot/www.jobme.cn/Framework/Extend/Library/ORG/Util/Cookie.class.php 第 32 行.
NOTIC: [8] Undefined index:  THINK_department /home/wwwroot/www.jobme.cn/Framework/Extend/Library/ORG/Util/Cookie.class.php 第 32 行.
NOTIC: [8] Undefined index:  THINK_role_id /home/wwwroot/www.jobme.cn/Framework/Extend/Library/ORG/Util/Cookie.class.php 第 32 行.
NOTIC: [8] Undefined index:  THINK_realname /home/wwwroot/www.jobme.cn/Framework/Extend/Library/ORG/Util/Cookie.class.php 第 32 行.
NOTIC: [8] Undefined index:  THINK_permission_tile /home/wwwroot/www.jobme.cn/Framework/Extend/Library/ORG/Util/Cookie.class.php 第 32 行.
NOTIC: [8] Undefined index:  THINK_permission /home/wwwroot/www.jobme.cn/Framework/Extend/Library/ORG/Util/Cookie.class.php 第 32 行.
SQL: SHOW COLUMNS FROM `eking_persona` [ RunTime:0.000390s ]
SQL: SELECT * FROM `eking_persona` WHERE ( comid= ) ORDER BY id asc  [ RunTime:0.000340s ]
ERR: You have an error in your SQL syntax; check the manual that corresponds to your MySQL server version for the right syntax to use near ') ORDER BY id asc' at line 1
 [ SQL语句 ] : SELECT * FROM `eking_persona` WHERE ( comid= ) ORDER BY id asc 
NOTIC: [2] Invalid argument supplied for foreach() /home/wwwroot/www.jobme.cn/App/Lib/Action/GlAction.class.php 第 62 行.
NOTIC: [8] Undefined variable: nt /home/wwwroot/www.jobme.cn/App/Lib/Action/GlAction.class.php 第 66 行.
NOTIC: [8] Undefined variable: nt /home/wwwroot/www.jobme.cn/App/Lib/Action/GlAction.class.php 第 67 行.
SQL: SHOW COLUMNS FROM `eking_usermsg` [ RunTime:0.000379s ]
SQL: SELECT COUNT(*) AS tp_count FROM `eking_usermsg` WHERE ( toid= and status=0 ) LIMIT 1   [ RunTime:0.000068s ]
ERR: You have an error in your SQL syntax; check the manual that corresponds to your MySQL server version for the right syntax to use near 'and status=0 ) LIMIT 1' at line 1
 [ SQL语句 ] : SELECT COUNT(*) AS tp_count FROM `eking_usermsg` WHERE ( toid= and status=0 ) LIMIT 1  
SQL: SHOW COLUMNS FROM `eking_sinform` [ RunTime:0.000332s ]
SQL: SELECT COUNT(*) AS tp_count FROM `eking_sinform` WHERE ( to_uid= and `read`=0 ) LIMIT 1   [ RunTime:0.000065s ]
ERR: You have an error in your SQL syntax; check the manual that corresponds to your MySQL server version for the right syntax to use near 'and `read`=0 ) LIMIT 1' at line 1
 [ SQL语句 ] : SELECT COUNT(*) AS tp_count FROM `eking_sinform` WHERE ( to_uid= and `read`=0 ) LIMIT 1  
NOTIC: [8] Undefined index:  THINK_uid /home/wwwroot/www.jobme.cn/Framework/Extend/Library/ORG/Util/Cookie.class.php 第 32 行.

[ 2013-08-12T19:35:33+08:00 ] 118.244.202.180 /Login
INFO: [ route_check ] --START--
INFO: Run CheckRoute Behavior [ RunTime:0.000527s ]
INFO: [ route_check ] --END-- [ RunTime:0.000587s ]
INFO: [ app_begin ] --START--
INFO: Run ReadHtmlCache Behavior [ RunTime:0.000334s ]
INFO: [ app_begin ] --END-- [ RunTime:0.000389s ]
NOTIC: [8] Undefined index:  THINK_username /home/wwwroot/www.jobme.cn/Framework/Extend/Library/ORG/Util/Cookie.class.php 第 32 行.
NOTIC: [8] Undefined index:  THINK_uid /home/wwwroot/www.jobme.cn/Framework/Extend/Library/ORG/Util/Cookie.class.php 第 32 行.
NOTIC: [8] Undefined index:  THINK_pid /home/wwwroot/www.jobme.cn/Framework/Extend/Library/ORG/Util/Cookie.class.php 第 32 行.
NOTIC: [8] Undefined index:  THINK_level /home/wwwroot/www.jobme.cn/Framework/Extend/Library/ORG/Util/Cookie.class.php 第 32 行.
NOTIC: [8] Undefined index:  THINK_type /home/wwwroot/www.jobme.cn/Framework/Extend/Library/ORG/Util/Cookie.class.php 第 32 行.
NOTIC: [8] Undefined index:  THINK_department /home/wwwroot/www.jobme.cn/Framework/Extend/Library/ORG/Util/Cookie.class.php 第 32 行.
NOTIC: [8] Undefined index:  THINK_role_id /home/wwwroot/www.jobme.cn/Framework/Extend/Library/ORG/Util/Cookie.class.php 第 32 行.
NOTIC: [8] Undefined index:  THINK_permission_tile /home/wwwroot/www.jobme.cn/Framework/Extend/Library/ORG/Util/Cookie.class.php 第 32 行.
NOTIC: [8] Undefined index:  THINK_permission /home/wwwroot/www.jobme.cn/Framework/Extend/Library/ORG/Util/Cookie.class.php 第 32 行.
NOTIC: [8] Undefined variable: public_arr /home/wwwroot/www.jobme.cn/App/Lib/Action/LoginAction.class.php 第 41 行.
SQL: SHOW COLUMNS FROM `eking_user` [ RunTime:0.001157s ]
NOTIC: [8] Undefined index:  THINK_uid /home/wwwroot/www.jobme.cn/Framework/Extend/Library/ORG/Util/Cookie.class.php 第 32 行.
INFO: [ view_template ] --START--
INFO: Run LocationTemplate Behavior [ RunTime:0.000184s ]
INFO: [ view_template ] --END-- [ RunTime:0.000239s ]
INFO: [ view_parse ] --START--
INFO: Run ParseTemplate Behavior [ RunTime:0.006418s ]
INFO: [ view_parse ] --END-- [ RunTime:0.006475s ]
INFO: [ view_filter ] --START--
INFO: Run ContentReplace Behavior [ RunTime:0.000222s ]
INFO: Run TokenBuild Behavior [ RunTime:0.000215s ]
INFO: Run WriteHtmlCache Behavior [ RunTime:0.000120s ]
INFO: Run ShowRuntime Behavior [ RunTime:0.000286s ]
INFO: [ view_filter ] --END-- [ RunTime:0.000991s ]
INFO: [ view_end ] --START--
INFO: Run ShowPageTrace Behavior [ RunTime:0.000367s ]
INFO: [ view_end ] --END-- [ RunTime:0.000419s ]

[ 2013-08-12T19:35:33+08:00 ] ERR: (ThinkException) 无法加载模块:Admin
[ 2013-08-12T19:35:33+08:00 ] ERR: (ThinkException) 无法加载模块:Admin
[ 2013-08-12T19:35:33+08:00 ] ERR: (ThinkException) 无法加载模块:wp-content
[ 2013-08-12T19:35:34+08:00 ] ERR: (ThinkException) 无法加载模块:wp-content
[ 2013-08-12T19:35:34+08:00 ] ERR: (ThinkException) 无法加载模块:favicon
[ 2013-08-12T19:35:34+08:00 ] ERR: (ThinkException) 无法加载模块:favicon
[ 2013-08-12T19:35:34+08:00 ] ERR: (ThinkException) 无法加载模块:wp-admin
[ 2013-08-12T19:35:34+08:00 ] ERR: (ThinkException) 无法加载模块:wp-admin
[ 2013-08-12T19:35:34+08:00 ] ERR: (ThinkException) 无法加载模块:admin
[ 2013-08-12T19:35:34+08:00 ] ERR: (ThinkException) 无法加载模块:admin
[ 2013-08-12T19:35:34+08:00 ] ERR: (ThinkException) 无法加载模块:Admin
[ 2013-08-12T19:35:34+08:00 ] ERR: (ThinkException) 无法加载模块:Admin
[ 2013-08-12T19:35:34+08:00 ] ERR: (ThinkException) 无法加载模块:Script
[ 2013-08-12T19:35:35+08:00 ] ERR: (ThinkException) 无法加载模块:Script
[ 2013-08-12T19:35:35+08:00 ] ERR: (ThinkException) 无法加载模块:Inc
[ 2013-08-12T19:35:35+08:00 ] ERR: (ThinkException) 无法加载模块:Inc
[ 2013-08-12T19:35:35+08:00 ] ERR: (ThinkException) 无法加载模块:style
[ 2013-08-12T19:35:35+08:00 ] ERR: (ThinkException) 无法加载模块:style
[ 2013-08-12T19:35:35+08:00 ] ERR: (ThinkException) 无法加载模块:e
[ 2013-08-12T19:35:35+08:00 ] ERR: (ThinkException) 无法加载模块:e
[ 2013-08-12T19:35:36+08:00 ] ERR: (ThinkException) 无法加载模块:static
[ 2013-08-12T19:35:36+08:00 ] ERR: (ThinkException) 无法加载模块:static
[ 2013-08-12T19:35:36+08:00 ] ERR: (ThinkException) 无法加载模块:admin
[ 2013-08-12T19:35:36+08:00 ] ERR: (ThinkException) 无法加载模块:admin
[ 2013-08-12T19:35:36+08:00 ] ERR: (ThinkException) 无法加载模块:admin
[ 2013-08-12T19:35:36+08:00 ] ERR: (ThinkException) 无法加载模块:admin
[ 2013-08-12T19:35:36+08:00 ] ERR: (ThinkException) 无法加载模块:images
[ 2013-08-12T19:35:36+08:00 ] ERR: (ThinkException) 无法加载模块:images
[ 2013-08-12T19:35:37+08:00 ] ERR: (ThinkException) 无法加载模块:images
[ 2013-08-12T19:35:37+08:00 ] ERR: (ThinkException) 无法加载模块:images
[ 2013-08-12T19:35:37+08:00 ] ERR: (ThinkException) 无法加载模块:logo
[ 2013-08-12T19:35:37+08:00 ] ERR: (ThinkException) 无法加载模块:logo
[ 2013-08-12T19:35:37+08:00 ] ERR: (ThinkException) 无法加载模块:SouthidcEditor
[ 2013-08-12T19:35:38+08:00 ] ERR: (ThinkException) 无法加载模块:SouthidcEditor
[ 2013-08-12T19:35:38+08:00 ] ERR: (ThinkException) 无法加载模块:DatePicker
[ 2013-08-12T19:35:38+08:00 ] ERR: (ThinkException) 无法加载模块:DatePicker
[ 2013-08-12T19:35:38+08:00 ] ERR: (ThinkException) 无法加载模块:images
[ 2013-08-12T19:35:38+08:00 ] ERR: (ThinkException) 无法加载模块:images
[ 2013-08-12T19:35:38+08:00 ] ERR: (ThinkException) 无法加载模块:admin
[ 2013-08-12T19:35:38+08:00 ] ERR: (ThinkException) 无法加载模块:admin
[ 2013-08-12T19:35:38+08:00 ] ERR: (ThinkException) 无法加载模块:admin
[ 2013-08-12T19:35:38+08:00 ] ERR: (ThinkException) 无法加载模块:admin
[ 2013-08-12T19:35:39+08:00 ] ERR: (ThinkException) 无法加载模块:admin
[ 2013-08-12T19:35:39+08:00 ] ERR: (ThinkException) 无法加载模块:admin
[ 2013-08-12T19:35:39+08:00 ] ERR: (ThinkException) 无法加载模块:KS_Inc
[ 2013-08-12T19:35:39+08:00 ] ERR: (ThinkException) 无法加载模块:KS_Inc
[ 2013-08-12T19:35:39+08:00 ] ERR: (ThinkException) 无法加载模块:admin
[ 2013-08-12T19:35:39+08:00 ] ERR: (ThinkException) 无法加载模块:admin
[ 2013-08-12T19:35:39+08:00 ] ERR: (ThinkException) 无法加载模块:adfile
[ 2013-08-12T19:35:39+08:00 ] ERR: (ThinkException) 无法加载模块:adfile
[ 2013-08-12T19:35:40+08:00 ] ERR: (ThinkException) 无法加载模块:images
[ 2013-08-12T19:35:40+08:00 ] ERR: (ThinkException) 无法加载模块:images
[ 2013-08-12T19:35:40+08:00 ] ERR: (ThinkException) 无法加载模块:images
[ 2013-08-12T19:35:40+08:00 ] ERR: (ThinkException) 无法加载模块:images
[ 2013-08-12T19:35:40+08:00 ] ERR: (ThinkException) 无法加载模块:inc
[ 2013-08-12T19:35:40+08:00 ] ERR: (ThinkException) 无法加载模块:inc
[ 2013-08-12T19:35:40+08:00 ] ERR: (ThinkException) 无法加载模块:inc
[ 2013-08-12T19:35:40+08:00 ] ERR: (ThinkException) 无法加载模块:inc
[ 2013-08-12T19:35:40+08:00 ] ERR: (ThinkException) 无法加载模块:images
[ 2013-08-12T19:35:40+08:00 ] ERR: (ThinkException) 无法加载模块:images
[ 2013-08-12T19:35:41+08:00 ] ERR: (ThinkException) 无法加载模块:images
[ 2013-08-12T19:35:41+08:00 ] ERR: (ThinkException) 无法加载模块:images
[ 2013-08-12T19:35:41+08:00 ] ERR: (ThinkException) 无法加载模块:images
[ 2013-08-12T19:35:41+08:00 ] ERR: (ThinkException) 无法加载模块:images
[ 2013-08-12T19:35:41+08:00 ] ERR: (ThinkException) 无法加载模块:favicon
[ 2013-08-12T19:35:41+08:00 ] ERR: (ThinkException) 无法加载模块:favicon
[ 2013-08-12T19:35:41+08:00 ] ERR: (ThinkException) 无法加载模块:admin
[ 2013-08-12T19:35:41+08:00 ] ERR: (ThinkException) 无法加载模块:admin
[ 2013-08-12T19:35:42+08:00 ] ERR: (ThinkException) 无法加载模块:admin
[ 2013-08-12T19:35:42+08:00 ] ERR: (ThinkException) 无法加载模块:admin
[ 2013-08-12T19:35:42+08:00 ] ERR: (ThinkException) 无法加载模块:favicon
[ 2013-08-12T19:35:42+08:00 ] ERR: (ThinkException) 无法加载模块:favicon
[ 2013-08-12T19:35:42+08:00 ] ERR: (ThinkException) 无法加载模块:robots
[ 2013-08-12T19:35:42+08:00 ] ERR: (ThinkException) 无法加载模块:robots
[ 2013-08-12T19:35:43+08:00 ] ERR: (ThinkException) 无法加载模块:siteserver
[ 2013-08-12T19:35:43+08:00 ] ERR: (ThinkException) 无法加载模块:siteserver
[ 2013-08-12T19:35:43+08:00 ] ERR: (ThinkException) 无法加载模块:images
[ 2013-08-12T19:35:43+08:00 ] ERR: (ThinkException) 无法加载模块:images
[ 2013-08-12T19:35:43+08:00 ] ERR: (ThinkException) 无法加载模块:images
[ 2013-08-12T19:35:43+08:00 ] ERR: (ThinkException) 无法加载模块:images
[ 2013-08-12T19:35:43+08:00 ] ERR: (ThinkException) 无法加载模块:images
[ 2013-08-12T19:35:44+08:00 ] ERR: (ThinkException) 无法加载模块:images
[ 2013-08-12T19:35:44+08:00 ] ERR: (ThinkException) 无法加载模块:images
[ 2013-08-12T19:35:44+08:00 ] ERR: (ThinkException) 无法加载模块:images
[ 2013-08-12T19:35:44+08:00 ] ERR: (ThinkException) 无法加载模块:images
[ 2013-08-12T19:35:44+08:00 ] ERR: (ThinkException) 无法加载模块:images
[ 2013-08-12T19:35:44+08:00 ] ERR: (ThinkException) 无法加载模块:inc
[ 2013-08-12T19:35:44+08:00 ] ERR: (ThinkException) 无法加载模块:inc
[ 2013-08-12T19:35:44+08:00 ] ERR: (ThinkException) 无法加载模块:images
[ 2013-08-12T19:35:44+08:00 ] ERR: (ThinkException) 无法加载模块:images
[ 2013-08-12T19:35:45+08:00 ] ERR: (ThinkException) 无法加载模块:images
[ 2013-08-12T19:35:45+08:00 ] ERR: (ThinkException) 无法加载模块:images
[ 2013-08-12T19:35:45+08:00 ] ERR: (ThinkException) 无法加载模块:images
[ 2013-08-12T19:35:45+08:00 ] ERR: (ThinkException) 无法加载模块:images
[ 2013-08-12T19:35:45+08:00 ] ERR: (ThinkException) 无法加载模块:admin
[ 2013-08-12T19:35:45+08:00 ] ERR: (ThinkException) 无法加载模块:admin
[ 2013-08-12T19:35:46+08:00 ] ERR: (ThinkException) 无法加载模块:robots
[ 2013-08-12T19:35:46+08:00 ] ERR: (ThinkException) 无法加载模块:robots
[ 2013-08-12T19:35:46+08:00 ] ERR: (ThinkException) 无法加载模块:robots
[ 2013-08-12T19:35:46+08:00 ] ERR: (ThinkException) 无法加载模块:robots
[ 2013-08-12T19:35:46+08:00 ] ERR: (ThinkException) 无法加载模块:PLUGIN
[ 2013-08-12T19:35:46+08:00 ] ERR: (ThinkException) 无法加载模块:PLUGIN
[ 2013-08-12T19:35:46+08:00 ] ERR: (ThinkException) 无法加载模块:page
[ 2013-08-12T19:35:46+08:00 ] ERR: (ThinkException) 无法加载模块:page
[ 2013-08-12T19:35:46+08:00 ] ERR: (ThinkException) 无法加载模块:SiteServer
[ 2013-08-12T19:35:46+08:00 ] ERR: (ThinkException) 无法加载模块:SiteServer
[ 2013-08-12T19:35:47+08:00 ] ERR: (ThinkException) 无法加载模块:components
[ 2013-08-12T19:35:47+08:00 ] ERR: (ThinkException) 无法加载模块:components
[ 2013-08-12T19:35:47+08:00 ] ERR: (ThinkException) 无法加载模块:data
[ 2013-08-12T19:35:47+08:00 ] ERR: (ThinkException) 无法加载模块:data
[ 2013-08-12T19:35:47+08:00 ] ERR: (ThinkException) 无法加载模块:templets
[ 2013-08-12T19:35:47+08:00 ] ERR: (ThinkException) 无法加载模块:templets
[ 2013-08-12T19:35:47+08:00 ] ERR: (ThinkException) 无法加载模块:data
[ 2013-08-12T19:35:48+08:00 ] ERR: (ThinkException) 无法加载模块:data
[ 2013-08-12T19:35:48+08:00 ] ERR: (ThinkException) 无法加载模块:wp-admin
[ 2013-08-12T19:35:48+08:00 ] ERR: (ThinkException) 无法加载模块:wp-admin
[ 2013-08-12T19:35:48+08:00 ] ERR: (ThinkException) 无法加载模块:license
[ 2013-08-12T19:35:48+08:00 ] ERR: (ThinkException) 无法加载模块:license
[ 2013-08-12T19:35:48+08:00 ] ERR: (ThinkException) 无法加载模块:data
[ 2013-08-12T19:35:48+08:00 ] ERR: (ThinkException) 无法加载模块:data
[ 2013-08-12T19:35:48+08:00 ] ERR: (ThinkException) 无法加载模块:ewebeditor
[ 2013-08-12T19:35:48+08:00 ] ERR: (ThinkException) 无法加载模块:ewebeditor
[ 2013-08-12T19:35:48+08:00 ] ERR: (ThinkException) 无法加载模块:member
[ 2013-08-12T19:35:48+08:00 ] ERR: (ThinkException) 无法加载模块:member
[ 2013-08-12T19:35:49+08:00 ] ERR: (ThinkException) 无法加载模块:a_d
[ 2013-08-12T19:35:49+08:00 ] ERR: (ThinkException) 无法加载模块:a_d
[ 2013-08-12T19:35:49+08:00 ] ERR: (ThinkException) 无法加载模块:dede
[ 2013-08-12T19:35:49+08:00 ] ERR: (ThinkException) 无法加载模块:dede
[ 2013-08-12T19:35:49+08:00 ] ERR: (ThinkException) 无法加载模块:robots
[ 2013-08-12T19:35:49+08:00 ] ERR: (ThinkException) 无法加载模块:robots
[ 2013-08-12T19:35:49+08:00 ] ERR: (ThinkException) 无法加载模块:admin
[ 2013-08-12T19:35:49+08:00 ] ERR: (ThinkException) 无法加载模块:admin
[ 2013-08-12T19:35:49+08:00 ] ERR: (ThinkException) 无法加载模块:admin
[ 2013-08-12T19:35:50+08:00 ] ERR: (ThinkException) 无法加载模块:admin
[ 2013-08-12T19:35:50+08:00 ] ERR: (ThinkException) 无法加载模块:licence
[ 2013-08-12T19:35:50+08:00 ] ERR: (ThinkException) 无法加载模块:licence
[ 2013-08-12T19:35:50+08:00 ] ERR: (ThinkException) 无法加载模块:API
[ 2013-08-12T19:35:50+08:00 ] ERR: (ThinkException) 无法加载模块:API
[ 2013-08-12T19:35:51+08:00 ] ERR: (ThinkException) 无法加载模块:admin
[ 2013-08-12T19:35:51+08:00 ] ERR: (ThinkException) 无法加载模块:admin
[ 2013-08-12T19:35:51+08:00 ] ERR: (ThinkException) 无法加载模块:rss
[ 2013-08-12T19:35:51+08:00 ] ERR: (ThinkException) 无法加载模块:rss
[ 2013-08-12T19:35:51+08:00 ] ERR: (ThinkException) 无法加载模块:License
[ 2013-08-12T19:35:51+08:00 ] ERR: (ThinkException) 无法加载模块:License
[ 2013-08-12T19:35:51+08:00 ] ERR: (ThinkException) 无法加载模块:Admin
[ 2013-08-12T19:35:51+08:00 ] ERR: (ThinkException) 无法加载模块:Admin
[ 2013-08-12T19:35:51+08:00 ] ERR: (ThinkException) 无法加载模块:admin
[ 2013-08-12T19:35:51+08:00 ] ERR: (ThinkException) 无法加载模块:admin
[ 2013-08-12T19:35:52+08:00 ] ERR: (ThinkException) 无法加载模块:Admin
[ 2013-08-12T19:35:52+08:00 ] ERR: (ThinkException) 无法加载模块:Admin
[ 2013-08-12T19:35:52+08:00 ] ERR: (ThinkException) 无法加载模块:templets
[ 2013-08-12T19:35:52+08:00 ] ERR: (ThinkException) 无法加载模块:templets
[ 2013-08-12T19:35:52+08:00 ] ERR: (ThinkException) 无法加载模块:robots
[ 2013-08-12T19:35:52+08:00 ] ERR: (ThinkException) 无法加载模块:robots
[ 2013-08-12T19:35:52+08:00 ] ERR: (ThinkException) 无法加载模块:admin
[ 2013-08-12T19:35:53+08:00 ] ERR: (ThinkException) 无法加载模块:admin
[ 2013-08-12T19:35:53+08:00 ] ERR: (ThinkException) 无法加载模块:e
[ 2013-08-12T19:35:53+08:00 ] ERR: (ThinkException) 无法加载模块:e
[ 2013-08-12T19:35:53+08:00 ] ERR: (ThinkException) 无法加载模块:components
[ 2013-08-12T19:35:53+08:00 ] ERR: (ThinkException) 无法加载模块:components
[ 2013-08-12T19:35:53+08:00 ] ERR: (ThinkException) 无法加载模块:themes
[ 2013-08-12T19:35:53+08:00 ] ERR: (ThinkException) 无法加载模块:themes
[ 2013-08-12T19:35:53+08:00 ] ERR: (ThinkException) 无法加载模块:license
[ 2013-08-12T19:35:53+08:00 ] ERR: (ThinkException) 无法加载模块:license
[ 2013-08-12T19:35:54+08:00 ] ERR: (ThinkException) 无法加载模块:templets
[ 2013-08-12T19:35:54+08:00 ] ERR: (ThinkException) 无法加载模块:templets
[ 2013-08-12T19:35:54+08:00 ] ERR: (ThinkException) 无法加载模块:themes
[ 2013-08-12T19:35:54+08:00 ] ERR: (ThinkException) 无法加载模块:themes
[ 2013-08-12T19:35:54+08:00 ] ERR: (ThinkException) 无法加载模块:ewebeditor
[ 2013-08-12T19:35:54+08:00 ] ERR: (ThinkException) 无法加载模块:ewebeditor
[ 2013-08-12T19:35:54+08:00 ] ERR: (ThinkException) 无法加载模块:robots
[ 2013-08-12T19:35:54+08:00 ] ERR: (ThinkException) 无法加载模块:robots
[ 2013-08-12T19:35:54+08:00 ] ERR: (ThinkException) 无法加载模块:install
[ 2013-08-12T19:35:54+08:00 ] ERR: (ThinkException) 无法加载模块:install
[ 2013-08-12T19:35:55+08:00 ] ERR: (ThinkException) 无法加载模块:licence
[ 2013-08-12T19:35:55+08:00 ] ERR: (ThinkException) 无法加载模块:licence
[ 2013-08-12T19:35:55+08:00 ] ERR: (ThinkException) 无法加载模块:robots
[ 2013-08-12T19:35:55+08:00 ] ERR: (ThinkException) 无法加载模块:robots
[ 2013-08-12T19:35:55+08:00 ] ERR: (ThinkException) 无法加载模块:apply
[ 2013-08-12T19:35:55+08:00 ] ERR: (ThinkException) 无法加载模块:apply
[ 2013-08-12T19:35:55+08:00 ] ERR: (ThinkException) 无法加载模块:robots
[ 2013-08-12T19:35:55+08:00 ] ERR: (ThinkException) 无法加载模块:robots
[ 2013-08-12T19:35:56+08:00 ] ERR: (ThinkException) 无法加载模块:README
[ 2013-08-12T19:35:56+08:00 ] ERR: (ThinkException) 无法加载模块:README
[ 2013-08-12T19:35:56+08:00 ] ERR: (ThinkException) 无法加载模块:license
[ 2013-08-12T19:35:56+08:00 ] ERR: (ThinkException) 无法加载模块:license
[ 2013-08-12T19:35:56+08:00 ] ERR: (ThinkException) 无法加载模块:htaccess
[ 2013-08-12T19:35:56+08:00 ] ERR: (ThinkException) 无法加载模块:htaccess
[ 2013-08-12T19:35:56+08:00 ] ERR: (ThinkException) 无法加载模块:License
[ 2013-08-12T19:35:56+08:00 ] ERR: (ThinkException) 无法加载模块:License
[ 2013-08-12T19:35:57+08:00 ] ERR: (ThinkException) 无法加载模块:License
[ 2013-08-12T19:35:57+08:00 ] ERR: (ThinkException) 无法加载模块:License
[ 2013-08-12T19:35:57+08:00 ] ERR: (ThinkException) 无法加载模块:rss
[ 2013-08-12T19:35:57+08:00 ] ERR: (ThinkException) 无法加载模块:rss
[ 2013-08-12T19:35:57+08:00 ] ERR: (ThinkException) 无法加载模块:KS_Inc
[ 2013-08-12T19:35:57+08:00 ] ERR: (ThinkException) 无法加载模块:KS_Inc
[ 2013-08-12T19:35:57+08:00 ] ERR: (ThinkException) 无法加载模块:xin
[ 2013-08-12T19:35:57+08:00 ] ERR: (ThinkException) 无法加载模块:xin
[ 2013-08-12T19:35:57+08:00 ] ERR: (ThinkException) 无法加载模块:xin
[ 2013-08-12T19:35:58+08:00 ] ERR: (ThinkException) 无法加载模块:xin
[ 2013-08-12T19:35:58+08:00 ] ERR: (ThinkException) 无法加载模块:images
[ 2013-08-12T19:35:58+08:00 ] ERR: (ThinkException) 无法加载模块:images
[ 2013-08-12T19:35:58+08:00 ] ERR: (ThinkException) 无法加载模块:images
[ 2013-08-12T19:35:58+08:00 ] ERR: (ThinkException) 无法加载模块:images
[ 2013-08-12T19:35:58+08:00 ] ERR: (ThinkException) 无法加载模块:favicon
[ 2013-08-12T19:35:58+08:00 ] ERR: (ThinkException) 无法加载模块:favicon
[ 2013-08-12T19:35:58+08:00 ] ERR: (ThinkException) 无法加载模块:admin
[ 2013-08-12T19:35:58+08:00 ] ERR: (ThinkException) 无法加载模块:admin
[ 2013-08-12T19:35:58+08:00 ] ERR: (ThinkException) 无法加载模块:images
[ 2013-08-12T19:35:59+08:00 ] ERR: (ThinkException) 无法加载模块:images
[ 2013-08-12T19:35:59+08:00 ] ERR: (ThinkException) 无法加载模块:favicon
[ 2013-08-12T19:35:59+08:00 ] ERR: (ThinkException) 无法加载模块:favicon
[ 2013-08-12T19:35:59+08:00 ] ERR: (ThinkException) 无法加载模块:404
[ 2013-08-12T19:35:59+08:00 ] ERR: (ThinkException) 无法加载模块:404
[ 2013-08-12T19:35:59+08:00 ] ERR: (ThinkException) 无法加载模块:Admin_Cy
[ 2013-08-12T19:35:59+08:00 ] ERR: (ThinkException) 无法加载模块:Admin_Cy
[ 2013-08-12T19:35:59+08:00 ] ERR: (ThinkException) 无法加载模块:ADMIN
[ 2013-08-12T19:35:59+08:00 ] ERR: (ThinkException) 无法加载模块:ADMIN
[ 2013-08-12T19:36:00+08:00 ] ERR: (ThinkException) 无法加载模块:ADMIN
[ 2013-08-12T19:36:00+08:00 ] ERR: (ThinkException) 无法加载模块:ADMIN
[ 2013-08-12T19:36:00+08:00 ] ERR: (ThinkException) 无法加载模块:themes
[ 2013-08-12T19:36:00+08:00 ] ERR: (ThinkException) 无法加载模块:themes
[ 2013-08-12T19:36:00+08:00 ] ERR: (ThinkException) 无法加载模块:admin
[ 2013-08-12T19:36:00+08:00 ] ERR: (ThinkException) 无法加载模块:admin
[ 2013-08-12T19:36:00+08:00 ] ERR: (ThinkException) 无法加载模块:member
[ 2013-08-12T19:36:00+08:00 ] ERR: (ThinkException) 无法加载模块:member
[ 2013-08-12T19:36:01+08:00 ] ERR: (ThinkException) 无法加载模块:static
[ 2013-08-12T19:36:01+08:00 ] ERR: (ThinkException) 无法加载模块:static
[ 2013-08-12T19:36:01+08:00 ] ERR: (ThinkException) 无法加载模块:admin
[ 2013-08-12T19:36:01+08:00 ] ERR: (ThinkException) 无法加载模块:admin
[ 2013-08-12T19:36:02+08:00 ] ERR: (ThinkException) 无法加载模块:images
[ 2013-08-12T19:36:02+08:00 ] ERR: (ThinkException) 无法加载模块:images
[ 2013-08-12T19:36:02+08:00 ] ERR: (ThinkException) 无法加载模块:images-global
[ 2013-08-12T19:36:02+08:00 ] ERR: (ThinkException) 无法加载模块:images-global
[ 2013-08-12T19:36:02+08:00 ] ERR: (ThinkException) 无法加载模块:admin
[ 2013-08-12T19:36:02+08:00 ] ERR: (ThinkException) 无法加载模块:admin
[ 2013-08-12T19:36:02+08:00 ] ERR: (ThinkException) 无法加载模块:images
[ 2013-08-12T19:36:02+08:00 ] ERR: (ThinkException) 无法加载模块:images
[ 2013-08-12T19:36:03+08:00 ] ERR: (ThinkException) 无法加载模块:admin
[ 2013-08-12T19:36:03+08:00 ] ERR: (ThinkException) 无法加载模块:admin
[ 2013-08-12T19:36:03+08:00 ] ERR: (ThinkException) 无法加载模块:images
[ 2013-08-12T19:36:03+08:00 ] ERR: (ThinkException) 无法加载模块:images
[ 2013-08-12T19:36:03+08:00 ] ERR: (ThinkException) 无法加载模块:install
[ 2013-08-12T19:36:04+08:00 ] ERR: (ThinkException) 无法加载模块:install
[ 2013-08-12T19:36:04+08:00 ] ERR: (ThinkException) 无法加载模块:Admin
[ 2013-08-12T19:36:04+08:00 ] ERR: (ThinkException) 无法加载模块:Admin
[ 2013-08-12T19:36:04+08:00 ] ERR: (ThinkException) 无法加载模块:images
[ 2013-08-12T19:36:04+08:00 ] ERR: (ThinkException) 无法加载模块:images
[ 2013-08-12T19:36:04+08:00 ] ERR: (ThinkException) 无法加载模块:static
[ 2013-08-12T19:36:05+08:00 ] ERR: (ThinkException) 无法加载模块:static
[ 2013-08-12T19:36:05+08:00 ] ERR: (ThinkException) 无法加载模块:skin
[ 2013-08-12T19:36:05+08:00 ] ERR: (ThinkException) 无法加载模块:skin
[ 2013-08-12T19:36:05+08:00 ] ERR: (ThinkException) 无法加载模块:skin
[ 2013-08-12T19:36:05+08:00 ] ERR: (ThinkException) 无法加载模块:skin
[ 2013-08-12T19:36:05+08:00 ] ERR: (ThinkException) 无法加载模块:login
[ 2013-08-12T19:36:05+08:00 ] ERR: (ThinkException) 无法加载模块:login
[ 2013-08-12T19:36:08+08:00 ] ERR: (ThinkException) 无法加载模块:images
[ 2013-08-12T19:36:08+08:00 ] ERR: (ThinkException) 无法加载模块:images
[ 2013-08-12T19:36:09+08:00 ] ERR: (ThinkException) 无法加载模块:images
[ 2013-08-12T19:36:09+08:00 ] ERR: (ThinkException) 无法加载模块:images
[ 2013-08-12T19:36:09+08:00 ] ERR: (ThinkException) 无法加载模块:plugin
[ 2013-08-12T19:36:09+08:00 ] ERR: (ThinkException) 无法加载模块:plugin
[ 2013-08-12T19:36:09+08:00 ] ERR: (ThinkException) 无法加载模块:api
[ 2013-08-12T19:36:09+08:00 ] ERR: (ThinkException) 无法加载模块:api
[ 2013-08-12T19:36:09+08:00 ] ERR: (ThinkException) 无法加载模块:xheditor
[ 2013-08-12T19:36:12+08:00 ] ERR: (ThinkException) 无法加载模块:xheditor
[ 2013-08-12T19:36:12+08:00 ] ERR: (ThinkException) 无法加载模块:admin
[ 2013-08-12T19:36:12+08:00 ] ERR: (ThinkException) 无法加载模块:admin
[ 2013-08-12T19:36:12+08:00 ] ERR: (ThinkException) 无法加载模块:favicon
[ 2013-08-12T19:36:12+08:00 ] ERR: (ThinkException) 无法加载模块:favicon
[ 2013-08-12T19:36:13+08:00 ] ERR: (ThinkException) 无法加载模块:data
[ 2013-08-12T19:36:13+08:00 ] ERR: (ThinkException) 无法加载模块:data
[ 2013-08-12T19:36:13+08:00 ] ERR: (ThinkException) 无法加载模块:image
[ 2013-08-12T19:36:13+08:00 ] ERR: (ThinkException) 无法加载模块:image
[ 2013-08-12T19:36:13+08:00 ] ERR: (ThinkException) 无法加载模块:admin
[ 2013-08-12T19:36:13+08:00 ] ERR: (ThinkException) 无法加载模块:admin
[ 2013-08-12T19:36:16+08:00 ] ERR: (ThinkException) 无法加载模块:admin
[ 2013-08-12T19:36:16+08:00 ] ERR: (ThinkException) 无法加载模块:admin
[ 2013-08-12T19:36:16+08:00 ] ERR: (ThinkException) 无法加载模块:admin
[ 2013-08-12T19:36:17+08:00 ] ERR: (ThinkException) 无法加载模块:admin
[ 2013-08-12T19:36:17+08:00 ] ERR: (ThinkException) 无法加载模块:admin
[ 2013-08-12T19:36:17+08:00 ] ERR: (ThinkException) 无法加载模块:admin
[ 2013-08-12T19:36:17+08:00 ] ERR: (ThinkException) 无法加载模块:favicon
[ 2013-08-12T19:36:17+08:00 ] ERR: (ThinkException) 无法加载模块:favicon
[ 2013-08-12T19:36:17+08:00 ] ERR: (ThinkException) 无法加载模块:admin
[ 2013-08-12T19:36:20+08:00 ] ERR: (ThinkException) 无法加载模块:admin
[ 2013-08-12T19:36:20+08:00 ] ERR: (ThinkException) 无法加载模块:install
[ 2013-08-12T19:36:20+08:00 ] ERR: (ThinkException) 无法加载模块:install
[ 2013-08-12T19:36:21+08:00 ] ERR: (ThinkException) 无法加载模块:login
[ 2013-08-12T19:36:21+08:00 ] ERR: (ThinkException) 无法加载模块:login
[ 2013-08-12T19:36:21+08:00 ] ERR: (ThinkException) 无法加载模块:member
[ 2013-08-12T19:36:22+08:00 ] ERR: (ThinkException) 无法加载模块:member
[ 2013-08-12T19:36:22+08:00 ] ERR: (ThinkException) 无法加载模块:admin
[ 2013-08-12T19:36:22+08:00 ] ERR: (ThinkException) 无法加载模块:admin
[ 2013-08-12T19:36:22+08:00 ] ERR: (ThinkException) 无法加载模块:views
[ 2013-08-12T19:36:22+08:00 ] ERR: (ThinkException) 无法加载模块:views
[ 2013-08-12T19:36:22+08:00 ] ERR: (ThinkException) 无法加载模块:views
[ 2013-08-12T19:36:22+08:00 ] ERR: (ThinkException) 无法加载模块:views
[ 2013-08-12T19:36:23+08:00 ] ERR: (ThinkException) 无法加载模块:views
[ 2013-08-12T19:36:23+08:00 ] ERR: (ThinkException) 无法加载模块:views
[ 2013-08-12T19:36:23+08:00 ] ERR: (ThinkException) 无法加载模块:admin
[ 2013-08-12T19:36:24+08:00 ] ERR: (ThinkException) 无法加载模块:admin
[ 2013-08-12T19:36:24+08:00 ] ERR: (ThinkException) 无法加载模块:admin
[ 2013-08-12T19:36:24+08:00 ] ERR: (ThinkException) 无法加载模块:admin
[ 2013-08-12T19:36:24+08:00 ] ERR: (ThinkException) 无法加载模块:pic
[ 2013-08-12T19:36:24+08:00 ] ERR: (ThinkException) 无法加载模块:pic
[ 2013-08-12T19:36:24+08:00 ] ERR: (ThinkException) 无法加载模块:template
[ 2013-08-12T19:36:24+08:00 ] ERR: (ThinkException) 无法加载模块:template
[ 2013-08-12T19:36:24+08:00 ] ERR: (ThinkException) 无法加载模块:install
[ 2013-08-12T19:36:24+08:00 ] ERR: (ThinkException) 无法加载模块:install
[ 2013-08-12T19:36:25+08:00 ] ERR: (ThinkException) 无法加载模块:lib
[ 2013-08-12T19:36:25+08:00 ] ERR: (ThinkException) 无法加载模块:lib
[ 2013-08-12T19:36:25+08:00 ] ERR: (ThinkException) 无法加载模块:theme
[ 2013-08-12T19:36:25+08:00 ] ERR: (ThinkException) 无法加载模块:theme
[ 2013-08-12T19:36:25+08:00 ] ERR: (ThinkException) 无法加载模块:adminimages
[ 2013-08-12T19:36:25+08:00 ] ERR: (ThinkException) 无法加载模块:adminimages
[ 2013-08-12T19:36:26+08:00 ] ERR: (ThinkException) 无法加载模块:ACT_inc
[ 2013-08-12T19:36:26+08:00 ] ERR: (ThinkException) 无法加载模块:ACT_inc
[ 2013-08-12T19:36:26+08:00 ] ERR: (ThinkException) 无法加载模块:ACT_inc
[ 2013-08-12T19:36:26+08:00 ] ERR: (ThinkException) 无法加载模块:ACT_inc
[ 2013-08-12T19:36:26+08:00 ] ERR: (ThinkException) 无法加载模块:Admin
[ 2013-08-12T19:36:26+08:00 ] ERR: (ThinkException) 无法加载模块:Admin
[ 2013-08-12T19:36:30+08:00 ] ERR: (ThinkException) 无法加载模块:Admin
[ 2013-08-12T19:36:30+08:00 ] ERR: (ThinkException) 无法加载模块:Admin
[ 2013-08-12T19:36:30+08:00 ] ERR: (ThinkException) 无法加载模块:images
[ 2013-08-12T19:36:30+08:00 ] ERR: (ThinkException) 无法加载模块:images
[ 2013-08-12T19:36:31+08:00 ] ERR: (ThinkException) 无法加载模块:inc
[ 2013-08-12T19:36:31+08:00 ] ERR: (ThinkException) 无法加载模块:inc
[ 2013-08-12T19:36:31+08:00 ] ERR: (ThinkException) 无法加载模块:_skins
[ 2013-08-12T19:36:31+08:00 ] ERR: (ThinkException) 无法加载模块:_skins
[ 2013-08-12T19:36:31+08:00 ] ERR: (ThinkException) 无法加载模块:_skins
[ 2013-08-12T19:36:31+08:00 ] ERR: (ThinkException) 无法加载模块:_skins
[ 2013-08-12T19:36:32+08:00 ] ERR: (ThinkException) 无法加载模块:admin
[ 2013-08-12T19:36:32+08:00 ] ERR: (ThinkException) 无法加载模块:admin
[ 2013-08-12T19:36:32+08:00 ] ERR: (ThinkException) 无法加载模块:admin
[ 2013-08-12T19:36:32+08:00 ] ERR: (ThinkException) 无法加载模块:admin
[ 2013-08-12T19:36:32+08:00 ] ERR: (ThinkException) 无法加载模块:Admin
[ 2013-08-12T19:36:32+08:00 ] ERR: (ThinkException) 无法加载模块:Admin
[ 2013-08-12T19:36:32+08:00 ] ERR: (ThinkException) 无法加载模块:Admin
[ 2013-08-12T19:36:33+08:00 ] ERR: (ThinkException) 无法加载模块:Admin
[ 2013-08-12T19:36:33+08:00 ] ERR: (ThinkException) 无法加载模块:images
[ 2013-08-12T19:36:33+08:00 ] ERR: (ThinkException) 无法加载模块:images
[ 2013-08-12T19:36:33+08:00 ] ERR: (ThinkException) 无法加载模块:qq
[ 2013-08-12T19:36:33+08:00 ] ERR: (ThinkException) 无法加载模块:qq
[ 2013-08-12T19:36:33+08:00 ] ERR: (ThinkException) 无法加载模块:install
[ 2013-08-12T19:36:33+08:00 ] ERR: (ThinkException) 无法加载模块:install
[ 2013-08-12T19:36:34+08:00 ] ERR: (ThinkException) 无法加载模块:admin
[ 2013-08-12T19:36:34+08:00 ] ERR: (ThinkException) 无法加载模块:admin
[ 2013-08-12T19:36:34+08:00 ] ERR: (ThinkException) 无法加载模块:include
[ 2013-08-12T19:36:34+08:00 ] ERR: (ThinkException) 无法加载模块:include
[ 2013-08-12T19:36:34+08:00 ] ERR: (ThinkException) 无法加载模块:data
[ 2013-08-12T19:36:34+08:00 ] ERR: (ThinkException) 无法加载模块:data
[ 2013-08-12T19:36:34+08:00 ] ERR: (ThinkException) 无法加载模块:inc_img
[ 2013-08-12T19:36:35+08:00 ] ERR: (ThinkException) 无法加载模块:inc_img
[ 2013-08-12T19:36:35+08:00 ] ERR: (ThinkException) 无法加载模块:images
[ 2013-08-12T19:36:35+08:00 ] ERR: (ThinkException) 无法加载模块:images
[ 2013-08-12T19:36:35+08:00 ] ERR: (ThinkException) 无法加载模块:data
[ 2013-08-12T19:36:35+08:00 ] ERR: (ThinkException) 无法加载模块:data
[ 2013-08-12T19:36:35+08:00 ] ERR: (ThinkException) 无法加载模块:data
[ 2013-08-12T19:36:35+08:00 ] ERR: (ThinkException) 无法加载模块:data
[ 2013-08-12T19:36:35+08:00 ] ERR: (ThinkException) 无法加载模块:install
[ 2013-08-12T19:36:35+08:00 ] ERR: (ThinkException) 无法加载模块:install
[ 2013-08-12T19:36:36+08:00 ] ERR: (ThinkException) 无法加载模块:lib
[ 2013-08-12T19:36:36+08:00 ] ERR: (ThinkException) 无法加载模块:lib
[ 2013-08-12T19:36:36+08:00 ] ERR: (ThinkException) 无法加载模块:admin
[ 2013-08-12T19:36:36+08:00 ] ERR: (ThinkException) 无法加载模块:admin
[ 2013-08-12T19:36:36+08:00 ] ERR: (ThinkException) 无法加载模块:install
[ 2013-08-12T19:36:36+08:00 ] ERR: (ThinkException) 无法加载模块:install
[ 2013-08-12T19:36:37+08:00 ] ERR: (ThinkException) 无法加载模块:admin
[ 2013-08-12T19:36:37+08:00 ] ERR: (ThinkException) 无法加载模块:admin
[ 2013-08-12T19:36:38+08:00 ] ERR: (ThinkException) 无法加载模块:shopdata
[ 2013-08-12T19:36:38+08:00 ] ERR: (ThinkException) 无法加载模块:shopdata
[ 2013-08-12T19:36:38+08:00 ] ERR: (ThinkException) 无法加载模块:plus
[ 2013-08-12T19:36:38+08:00 ] ERR: (ThinkException) 无法加载模块:plus
[ 2013-08-12T19:36:38+08:00 ] ERR: (ThinkException) 无法加载模块:question
[ 2013-08-12T19:36:39+08:00 ] ERR: (ThinkException) 无法加载模块:question
[ 2013-08-12T19:36:39+08:00 ] ERR: (ThinkException) 无法加载模块:favicon
[ 2013-08-12T19:36:40+08:00 ] ERR: (ThinkException) 无法加载模块:favicon
[ 2013-08-12T19:36:40+08:00 ] ERR: (ThinkException) 无法加载模块:favicon
[ 2013-08-12T19:36:40+08:00 ] ERR: (ThinkException) 无法加载模块:favicon
[ 2013-08-12T19:36:40+08:00 ] ERR: (ThinkException) 无法加载模块:admini
[ 2013-08-12T19:36:41+08:00 ] ERR: (ThinkException) 无法加载模块:admini
[ 2013-08-12T19:36:41+08:00 ] ERR: (ThinkException) 无法加载模块:admini
[ 2013-08-12T19:36:41+08:00 ] ERR: (ThinkException) 无法加载模块:admini
[ 2013-08-12T19:36:41+08:00 ] ERR: (ThinkException) 无法加载模块:setup
[ 2013-08-12T19:36:41+08:00 ] ERR: (ThinkException) 无法加载模块:setup
[ 2013-08-12T19:36:42+08:00 ] ERR: (ThinkException) 无法加载模块:inc
[ 2013-08-12T19:36:42+08:00 ] ERR: (ThinkException) 无法加载模块:inc
[ 2013-08-12T19:36:42+08:00 ] ERR: (ThinkException) 无法加载模块:wap
[ 2013-08-12T19:36:42+08:00 ] ERR: (ThinkException) 无法加载模块:wap
[ 2013-08-12T19:36:42+08:00 ] ERR: (ThinkException) 无法加载模块:favicon
[ 2013-08-12T19:36:42+08:00 ] ERR: (ThinkException) 无法加载模块:favicon
[ 2013-08-12T19:36:43+08:00 ] ERR: (ThinkException) 无法加载模块:favicon
[ 2013-08-12T19:36:43+08:00 ] ERR: (ThinkException) 无法加载模块:favicon
[ 2013-08-12T19:36:43+08:00 ] ERR: (ThinkException) 无法加载模块:Admin
[ 2013-08-12T19:36:44+08:00 ] ERR: (ThinkException) 无法加载模块:Admin
[ 2013-08-12T19:36:44+08:00 ] ERR: (ThinkException) 无法加载模块:Admin
[ 2013-08-12T19:36:44+08:00 ] ERR: (ThinkException) 无法加载模块:Admin
[ 2013-08-12T19:36:44+08:00 ] ERR: (ThinkException) 无法加载模块:Themes
[ 2013-08-12T19:36:45+08:00 ] ERR: (ThinkException) 无法加载模块:Themes
[ 2013-08-12T19:36:45+08:00 ] ERR: (ThinkException) 无法加载模块:Themes
[ 2013-08-12T19:36:45+08:00 ] ERR: (ThinkException) 无法加载模块:Themes
[ 2013-08-12T19:36:45+08:00 ] ERR: (ThinkException) 无法加载模块:install
[ 2013-08-12T19:36:45+08:00 ] ERR: (ThinkException) 无法加载模块:install
[ 2013-08-12T19:36:45+08:00 ] ERR: (ThinkException) 无法加载模块:plugin
[ 2013-08-12T19:36:45+08:00 ] ERR: (ThinkException) 无法加载模块:plugin
[ 2013-08-12T19:36:45+08:00 ] ERR: (ThinkException) 无法加载模块:cn
[ 2013-08-12T19:36:46+08:00 ] ERR: (ThinkException) 无法加载模块:cn
[ 2013-08-12T19:36:46+08:00 ] ERR: (ThinkException) 无法加载模块:nz
[ 2013-08-12T19:36:46+08:00 ] ERR: (ThinkException) 无法加载模块:nz
[ 2013-08-12T19:36:46+08:00 ] ERR: (ThinkException) 无法加载模块:images
[ 2013-08-12T19:36:46+08:00 ] ERR: (ThinkException) 无法加载模块:images
[ 2013-08-12T19:36:47+08:00 ] ERR: (ThinkException) 无法加载模块:mobile
[ 2013-08-12T19:36:47+08:00 ] ERR: (ThinkException) 无法加载模块:mobile
[ 2013-08-12T19:36:48+08:00 ] ERR: (ThinkException) 无法加载模块:Admin
[ 2013-08-12T19:36:48+08:00 ] ERR: (ThinkException) 无法加载模块:Admin
[ 2013-08-12T19:36:48+08:00 ] ERR: (ThinkException) 无法加载模块:Admin
[ 2013-08-12T19:36:48+08:00 ] ERR: (ThinkException) 无法加载模块:Admin
[ 2013-08-12T19:36:49+08:00 ] ERR: (ThinkException) 无法加载模块:Admin
[ 2013-08-12T19:36:49+08:00 ] ERR: (ThinkException) 无法加载模块:Admin
[ 2013-08-12T19:36:49+08:00 ] ERR: (ThinkException) 无法加载模块:inc
[ 2013-08-12T19:36:49+08:00 ] ERR: (ThinkException) 无法加载模块:inc
[ 2013-08-12T19:36:49+08:00 ] ERR: (ThinkException) 无法加载模块:admin
[ 2013-08-12T19:36:49+08:00 ] ERR: (ThinkException) 无法加载模块:admin
[ 2013-08-12T19:36:49+08:00 ] ERR: (ThinkException) 无法加载模块:template
[ 2013-08-12T19:36:50+08:00 ] ERR: (ThinkException) 无法加载模块:template
[ 2013-08-12T19:36:50+08:00 ] ERR: (ThinkException) 无法加载模块:install
[ 2013-08-12T19:36:50+08:00 ] ERR: (ThinkException) 无法加载模块:install
[ 2013-08-12T19:36:50+08:00 ] ERR: (ThinkException) 无法加载模块:template
[ 2013-08-12T19:36:51+08:00 ] ERR: (ThinkException) 无法加载模块:template
[ 2013-08-12T19:36:51+08:00 ] ERR: (ThinkException) 无法加载模块:ad_duilian
[ 2013-08-12T19:36:51+08:00 ] ERR: (ThinkException) 无法加载模块:ad_duilian
[ 2013-08-12T19:36:51+08:00 ] ERR: (ThinkException) 无法加载模块:images
[ 2013-08-12T19:36:52+08:00 ] ERR: (ThinkException) 无法加载模块:images
[ 2013-08-12T19:36:52+08:00 ] ERR: (ThinkException) 无法加载模块:admin
[ 2013-08-12T19:36:52+08:00 ] ERR: (ThinkException) 无法加载模块:admin
[ 2013-08-12T19:36:52+08:00 ] ERR: (ThinkException) 无法加载模块:admin
[ 2013-08-12T19:36:52+08:00 ] ERR: (ThinkException) 无法加载模块:admin
[ 2013-08-12T19:36:52+08:00 ] ERR: (ThinkException) 无法加载模块:editor
[ 2013-08-12T19:36:55+08:00 ] ERR: (ThinkException) 无法加载模块:editor
[ 2013-08-12T19:36:56+08:00 ] ERR: (ThinkException) 无法加载模块:install
[ 2013-08-12T19:36:56+08:00 ] ERR: (ThinkException) 无法加载模块:install
[ 2013-08-12T19:36:56+08:00 ] ERR: (ThinkException) 无法加载模块:favicon
[ 2013-08-12T19:36:56+08:00 ] ERR: (ThinkException) 无法加载模块:favicon
[ 2013-08-12T19:36:56+08:00 ] ERR: (ThinkException) 无法加载模块:img
[ 2013-08-12T19:36:57+08:00 ] ERR: (ThinkException) 无法加载模块:img
[ 2013-08-12T19:36:57+08:00 ] ERR: (ThinkException) 无法加载模块:install
[ 2013-08-12T19:36:57+08:00 ] ERR: (ThinkException) 无法加载模块:install
[ 2013-08-12T19:36:57+08:00 ] ERR: (ThinkException) 无法加载模块:data
[ 2013-08-12T19:36:58+08:00 ] ERR: (ThinkException) 无法加载模块:data
[ 2013-08-12T19:36:58+08:00 ] ERR: (ThinkException) 无法加载模块:inc
[ 2013-08-12T19:36:58+08:00 ] ERR: (ThinkException) 无法加载模块:inc
[ 2013-08-12T19:36:58+08:00 ] ERR: (ThinkException) 无法加载模块:inc
[ 2013-08-12T19:36:58+08:00 ] ERR: (ThinkException) 无法加载模块:inc
[ 2013-08-12T19:36:58+08:00 ] ERR: (ThinkException) 无法加载模块:inc
[ 2013-08-12T19:36:58+08:00 ] ERR: (ThinkException) 无法加载模块:inc
[ 2013-08-12T19:36:58+08:00 ] ERR: (ThinkException) 无法加载模块:favicon
[ 2013-08-12T19:36:59+08:00 ] ERR: (ThinkException) 无法加载模块:favicon
[ 2013-08-12T19:36:59+08:00 ] ERR: (ThinkException) 无法加载模块:job
[ 2013-08-12T19:36:59+08:00 ] ERR: (ThinkException) 无法加载模块:job
[ 2013-08-12T19:36:59+08:00 ] ERR: (ThinkException) 无法加载模块:admin
[ 2013-08-12T19:36:59+08:00 ] ERR: (ThinkException) 无法加载模块:admin
[ 2013-08-12T19:36:59+08:00 ] ERR: (ThinkException) 无法加载模块:wap
[ 2013-08-12T19:36:59+08:00 ] ERR: (ThinkException) 无法加载模块:wap
[ 2013-08-12T19:36:59+08:00 ] ERR: (ThinkException) 无法加载模块:favicon
[ 2013-08-12T19:37:00+08:00 ] ERR: (ThinkException) 无法加载模块:favicon
[ 2013-08-12T19:37:00+08:00 ] ERR: (ThinkException) 无法加载模块:static
[ 2013-08-12T19:37:00+08:00 ] ERR: (ThinkException) 无法加载模块:static
[ 2013-08-12T19:37:00+08:00 ] ERR: (ThinkException) 无法加载模块:favicon
[ 2013-08-12T19:37:00+08:00 ] ERR: (ThinkException) 无法加载模块:favicon
[ 2013-08-12T19:37:00+08:00 ] ERR: (ThinkException) 无法加载模块:images
[ 2013-08-12T19:37:00+08:00 ] ERR: (ThinkException) 无法加载模块:images
[ 2013-08-12T19:37:01+08:00 ] ERR: (ThinkException) 无法加载模块:images
[ 2013-08-12T19:37:01+08:00 ] ERR: (ThinkException) 无法加载模块:images
[ 2013-08-12T19:37:04+08:00 ] ERR: (ThinkException) 无法加载模块:js
[ 2013-08-12T19:37:04+08:00 ] ERR: (ThinkException) 无法加载模块:js
[ 2013-08-12T19:37:04+08:00 ] ERR: (ThinkException) 无法加载模块:static
[ 2013-08-12T19:37:04+08:00 ] ERR: (ThinkException) 无法加载模块:static
[ 2013-08-12T19:37:04+08:00 ] ERR: (ThinkException) 无法加载模块:images
[ 2013-08-12T19:37:04+08:00 ] ERR: (ThinkException) 无法加载模块:images
[ 2013-08-12T19:37:04+08:00 ] ERR: (ThinkException) 无法加载模块:system
[ 2013-08-12T19:37:05+08:00 ] ERR: (ThinkException) 无法加载模块:system
[ 2013-08-12T19:37:05+08:00 ] ERR: (ThinkException) 无法加载模块:user
[ 2013-08-12T19:37:05+08:00 ] ERR: (ThinkException) 无法加载模块:user
[ 2013-08-12T19:37:05+08:00 ] ERR: (ThinkException) 无法加载模块:install
[ 2013-08-12T19:37:05+08:00 ] ERR: (ThinkException) 无法加载模块:install
[ 2013-08-12T19:37:05+08:00 ] ERR: (ThinkException) 无法加载模块:favicon
[ 2013-08-12T19:37:06+08:00 ] ERR: (ThinkException) 无法加载模块:favicon
[ 2013-08-12T19:37:06+08:00 ] ERR: (ThinkException) 无法加载模块:office
[ 2013-08-12T19:37:06+08:00 ] ERR: (ThinkException) 无法加载模块:office
[ 2013-08-12T19:37:06+08:00 ] ERR: (ThinkException) 无法加载模块:images
[ 2013-08-12T19:37:06+08:00 ] ERR: (ThinkException) 无法加载模块:images
[ 2013-08-12T19:37:06+08:00 ] ERR: (ThinkException) 无法加载模块:images
[ 2013-08-12T19:37:06+08:00 ] ERR: (ThinkException) 无法加载模块:images
[ 2013-08-12T19:37:07+08:00 ] ERR: (ThinkException) 无法加载模块:jscal
[ 2013-08-12T19:37:07+08:00 ] ERR: (ThinkException) 无法加载模块:jscal
[ 2013-08-12T19:37:08+08:00 ] ERR: (ThinkException) 无法加载模块:jscal
[ 2013-08-12T19:37:08+08:00 ] ERR: (ThinkException) 无法加载模块:jscal
[ 2013-08-12T19:37:08+08:00 ] ERR: (ThinkException) 无法加载模块:admin
[ 2013-08-12T19:37:08+08:00 ] ERR: (ThinkException) 无法加载模块:admin
[ 2013-08-12T19:37:08+08:00 ] ERR: (ThinkException) 无法加载模块:admin
[ 2013-08-12T19:37:08+08:00 ] ERR: (ThinkException) 无法加载模块:admin
[ 2013-08-12T19:37:09+08:00 ] ERR: (ThinkException) 无法加载模块:images
[ 2013-08-12T19:37:09+08:00 ] ERR: (ThinkException) 无法加载模块:images
[ 2013-08-12T19:37:09+08:00 ] ERR: (ThinkException) 无法加载模块:images
[ 2013-08-12T19:37:09+08:00 ] ERR: (ThinkException) 无法加载模块:images
[ 2013-08-12T19:37:09+08:00 ] ERR: (ThinkException) 无法加载模块:images
[ 2013-08-12T19:37:09+08:00 ] ERR: (ThinkException) 无法加载模块:images
[ 2013-08-12T19:37:10+08:00 ] ERR: (ThinkException) 无法加载模块:admin
[ 2013-08-12T19:37:10+08:00 ] ERR: (ThinkException) 无法加载模块:admin
[ 2013-08-12T19:37:10+08:00 ] ERR: (ThinkException) 无法加载模块:data
[ 2013-08-12T19:37:10+08:00 ] ERR: (ThinkException) 无法加载模块:data
[ 2013-08-12T19:37:10+08:00 ] ERR: (ThinkException) 无法加载模块:install
[ 2013-08-12T19:37:10+08:00 ] ERR: (ThinkException) 无法加载模块:install
[ 2013-08-12T19:37:11+08:00 ] ERR: (ThinkException) 无法加载模块:images
[ 2013-08-12T19:37:11+08:00 ] ERR: (ThinkException) 无法加载模块:images
[ 2013-08-12T19:37:11+08:00 ] ERR: (ThinkException) 无法加载模块:admin
[ 2013-08-12T19:37:11+08:00 ] ERR: (ThinkException) 无法加载模块:admin
[ 2013-08-12T19:37:12+08:00 ] ERR: (ThinkException) 无法加载模块:static
[ 2013-08-12T19:37:12+08:00 ] ERR: (ThinkException) 无法加载模块:static
[ 2013-08-12T21:56:20+08:00 ] 114.245.202.107 /Login
INFO: [ route_check ] --START--
INFO: Run CheckRoute Behavior [ RunTime:0.000538s ]
INFO: [ route_check ] --END-- [ RunTime:0.000605s ]
INFO: [ app_begin ] --START--
INFO: Run ReadHtmlCache Behavior [ RunTime:0.000343s ]
INFO: [ app_begin ] --END-- [ RunTime:0.000399s ]
NOTIC: [8] Undefined index:  THINK_username /home/wwwroot/www.jobme.cn/Framework/Extend/Library/ORG/Util/Cookie.class.php 第 32 行.
NOTIC: [8] Undefined index:  THINK_uid /home/wwwroot/www.jobme.cn/Framework/Extend/Library/ORG/Util/Cookie.class.php 第 32 行.
NOTIC: [8] Undefined index:  THINK_pid /home/wwwroot/www.jobme.cn/Framework/Extend/Library/ORG/Util/Cookie.class.php 第 32 行.
NOTIC: [8] Undefined index:  THINK_level /home/wwwroot/www.jobme.cn/Framework/Extend/Library/ORG/Util/Cookie.class.php 第 32 行.
NOTIC: [8] Undefined index:  THINK_type /home/wwwroot/www.jobme.cn/Framework/Extend/Library/ORG/Util/Cookie.class.php 第 32 行.
NOTIC: [8] Undefined index:  THINK_department /home/wwwroot/www.jobme.cn/Framework/Extend/Library/ORG/Util/Cookie.class.php 第 32 行.
NOTIC: [8] Undefined index:  THINK_role_id /home/wwwroot/www.jobme.cn/Framework/Extend/Library/ORG/Util/Cookie.class.php 第 32 行.
NOTIC: [8] Undefined index:  THINK_permission_tile /home/wwwroot/www.jobme.cn/Framework/Extend/Library/ORG/Util/Cookie.class.php 第 32 行.
NOTIC: [8] Undefined index:  THINK_permission /home/wwwroot/www.jobme.cn/Framework/Extend/Library/ORG/Util/Cookie.class.php 第 32 行.
NOTIC: [8] Undefined variable: public_arr /home/wwwroot/www.jobme.cn/App/Lib/Action/LoginAction.class.php 第 41 行.
SQL: SHOW COLUMNS FROM `eking_user` [ RunTime:0.000729s ]
NOTIC: [8] Undefined index:  THINK_uid /home/wwwroot/www.jobme.cn/Framework/Extend/Library/ORG/Util/Cookie.class.php 第 32 行.
INFO: [ view_template ] --START--
INFO: Run LocationTemplate Behavior [ RunTime:0.000180s ]
INFO: [ view_template ] --END-- [ RunTime:0.000234s ]
INFO: [ view_parse ] --START--
INFO: Run ParseTemplate Behavior [ RunTime:0.006633s ]
INFO: [ view_parse ] --END-- [ RunTime:0.006690s ]
INFO: [ view_filter ] --START--
INFO: Run ContentReplace Behavior [ RunTime:0.000220s ]
INFO: Run TokenBuild Behavior [ RunTime:0.000216s ]
INFO: Run WriteHtmlCache Behavior [ RunTime:0.000119s ]
INFO: Run ShowRuntime Behavior [ RunTime:0.000269s ]
INFO: [ view_filter ] --END-- [ RunTime:0.000989s ]
INFO: [ view_end ] --START--
INFO: Run ShowPageTrace Behavior [ RunTime:0.000386s ]
INFO: [ view_end ] --END-- [ RunTime:0.000438s ]

[ 2013-08-12T21:56:20+08:00 ] ERR: (ThinkException) 无法加载模块:Public
[ 2013-08-12T21:56:20+08:00 ] ERR: (ThinkException) 无法加载模块:favicon
