[ 2013-05-18T09:55:38+08:00 ] 61.149.213.51 /
INFO: [ app_begin ] --START--
INFO: Run ReadHtmlCache Behavior [ RunTime:0.000419s ]
INFO: [ app_begin ] --END-- [ RunTime:0.000500s ]
NOTIC: [8] Undefined index:  ajax /home/wwwroot/app.jobmedia.cn/App/Lib/Action/GlAction.class.php 第 17 行.
NOTIC: [8] Undefined index:  id /home/wwwroot/app.jobmedia.cn/App/Lib/Action/GlAction.class.php 第 18 行.
SQL: SHOW COLUMNS FROM `eking_index` [ RunTime:0.000314s ]
ERR: Table 'erpking.eking_index' doesn't exist
 [ SQL语句 ] : SHOW COLUMNS FROM `eking_index`
NOTIC: [8] Undefined index:  json /home/wwwroot/app.jobmedia.cn/includes/array.php 第 174 行.
NOTIC: [8] Undefined index:  THINK_uname /home/wwwroot/app.jobmedia.cn/Framework/Extend/Library/ORG/Util/Cookie.class.php 第 32 行.
NOTIC: [8] Undefined index:  THINK_uid /home/wwwroot/app.jobmedia.cn/Framework/Extend/Library/ORG/Util/Cookie.class.php 第 32 行.
NOTIC: [8] Undefined index:  THINK_consultant /home/wwwroot/app.jobmedia.cn/Framework/Extend/Library/ORG/Util/Cookie.class.php 第 32 行.
NOTIC: [8] Undefined index:  THINK_face /home/wwwroot/app.jobmedia.cn/Framework/Extend/Library/ORG/Util/Cookie.class.php 第 32 行.
NOTIC: [8] Undefined index:  THINK_group /home/wwwroot/app.jobmedia.cn/Framework/Extend/Library/ORG/Util/Cookie.class.php 第 32 行.
NOTIC: [8] Undefined index:  THINK_role_id /home/wwwroot/app.jobmedia.cn/Framework/Extend/Library/ORG/Util/Cookie.class.php 第 32 行.

[ 2013-05-18T09:55:38+08:00 ] 61.149.213.51 /User/login.html
INFO: [ route_check ] --START--
INFO: Run CheckRoute Behavior [ RunTime:0.000652s ]
INFO: [ route_check ] --END-- [ RunTime:0.000730s ]
INFO: [ app_begin ] --START--
INFO: Run ReadHtmlCache Behavior [ RunTime:0.000382s ]
INFO: [ app_begin ] --END-- [ RunTime:0.000454s ]
INFO: [ view_template ] --START--
INFO: Run LocationTemplate Behavior [ RunTime:0.000230s ]
INFO: [ view_template ] --END-- [ RunTime:0.000300s ]
INFO: [ view_parse ] --START--
INFO: Run ParseTemplate Behavior [ RunTime:0.006037s ]
INFO: [ view_parse ] --END-- [ RunTime:0.006108s ]
INFO: [ view_filter ] --START--
INFO: Run ContentReplace Behavior [ RunTime:0.000273s ]
INFO: Run TokenBuild Behavior [ RunTime:0.000265s ]
INFO: Run WriteHtmlCache Behavior [ RunTime:0.000163s ]
INFO: Run ShowRuntime Behavior [ RunTime:0.000348s ]
INFO: [ view_filter ] --END-- [ RunTime:0.001232s ]
INFO: [ view_end ] --START--
INFO: Run ShowPageTrace Behavior [ RunTime:0.000447s ]
INFO: [ view_end ] --END-- [ RunTime:0.000512s ]

[ 2013-05-18T09:55:38+08:00 ] ERR: (ThinkException) 无法加载模块:favicon
[ 2013-05-18T09:55:38+08:00 ] 61.149.213.51 /
INFO: [ app_begin ] --START--
INFO: Run ReadHtmlCache Behavior [ RunTime:0.000374s ]
INFO: [ app_begin ] --END-- [ RunTime:0.000469s ]
NOTIC: [8] Undefined index:  ajax /home/wwwroot/app.jobmedia.cn/App/Lib/Action/GlAction.class.php 第 17 行.
NOTIC: [8] Undefined index:  id /home/wwwroot/app.jobmedia.cn/App/Lib/Action/GlAction.class.php 第 18 行.
SQL: SHOW COLUMNS FROM `eking_index` [ RunTime:0.000316s ]
ERR: Table 'erpking.eking_index' doesn't exist
 [ SQL语句 ] : SHOW COLUMNS FROM `eking_index`
NOTIC: [8] Undefined index:  json /home/wwwroot/app.jobmedia.cn/includes/array.php 第 174 行.
NOTIC: [8] Undefined index:  THINK_uname /home/wwwroot/app.jobmedia.cn/Framework/Extend/Library/ORG/Util/Cookie.class.php 第 32 行.
NOTIC: [8] Undefined index:  THINK_uid /home/wwwroot/app.jobmedia.cn/Framework/Extend/Library/ORG/Util/Cookie.class.php 第 32 行.
NOTIC: [8] Undefined index:  THINK_consultant /home/wwwroot/app.jobmedia.cn/Framework/Extend/Library/ORG/Util/Cookie.class.php 第 32 行.
NOTIC: [8] Undefined index:  THINK_face /home/wwwroot/app.jobmedia.cn/Framework/Extend/Library/ORG/Util/Cookie.class.php 第 32 行.
NOTIC: [8] Undefined index:  THINK_group /home/wwwroot/app.jobmedia.cn/Framework/Extend/Library/ORG/Util/Cookie.class.php 第 32 行.
NOTIC: [8] Undefined index:  THINK_role_id /home/wwwroot/app.jobmedia.cn/Framework/Extend/Library/ORG/Util/Cookie.class.php 第 32 行.

[ 2013-05-18T09:55:39+08:00 ] 61.149.213.51 /User/login.html
INFO: [ route_check ] --START--
INFO: Run CheckRoute Behavior [ RunTime:0.000624s ]
INFO: [ route_check ] --END-- [ RunTime:0.000696s ]
INFO: [ app_begin ] --START--
INFO: Run ReadHtmlCache Behavior [ RunTime:0.000398s ]
INFO: [ app_begin ] --END-- [ RunTime:0.000464s ]
INFO: [ view_template ] --START--
INFO: Run LocationTemplate Behavior [ RunTime:0.000239s ]
INFO: [ view_template ] --END-- [ RunTime:0.000305s ]
INFO: [ view_parse ] --START--
INFO: Run ParseTemplate Behavior [ RunTime:0.005888s ]
INFO: [ view_parse ] --END-- [ RunTime:0.005957s ]
INFO: [ view_filter ] --START--
INFO: Run ContentReplace Behavior [ RunTime:0.000241s ]
INFO: Run TokenBuild Behavior [ RunTime:0.000255s ]
INFO: Run WriteHtmlCache Behavior [ RunTime:0.000154s ]
INFO: Run ShowRuntime Behavior [ RunTime:0.000342s ]
INFO: [ view_filter ] --END-- [ RunTime:0.001172s ]
INFO: [ view_end ] --START--
INFO: Run ShowPageTrace Behavior [ RunTime:0.000440s ]
INFO: [ view_end ] --END-- [ RunTime:0.000503s ]

[ 2013-05-18T09:55:39+08:00 ] ERR: (ThinkException) 无法加载模块:favicon
[ 2013-05-18T09:55:43+08:00 ] ERR: (ThinkException) 无法加载模块:favicon
[ 2013-05-18T10:42:15+08:00 ] 61.149.213.51 /
INFO: [ app_begin ] --START--
INFO: Run ReadHtmlCache Behavior [ RunTime:0.000379s ]
INFO: [ app_begin ] --END-- [ RunTime:0.000454s ]
NOTIC: [8] Undefined index:  ajax /home/wwwroot/app.jobmedia.cn/App/Lib/Action/GlAction.class.php 第 17 行.
NOTIC: [8] Undefined index:  id /home/wwwroot/app.jobmedia.cn/App/Lib/Action/GlAction.class.php 第 18 行.
SQL: SHOW COLUMNS FROM `eking_index` [ RunTime:0.002603s ]
ERR: Table 'erpking.eking_index' doesn't exist
 [ SQL语句 ] : SHOW COLUMNS FROM `eking_index`
NOTIC: [8] Undefined index:  json /home/wwwroot/app.jobmedia.cn/includes/array.php 第 174 行.
NOTIC: [8] Undefined index:  THINK_uname /home/wwwroot/app.jobmedia.cn/Framework/Extend/Library/ORG/Util/Cookie.class.php 第 32 行.
NOTIC: [8] Undefined index:  THINK_uid /home/wwwroot/app.jobmedia.cn/Framework/Extend/Library/ORG/Util/Cookie.class.php 第 32 行.
NOTIC: [8] Undefined index:  THINK_consultant /home/wwwroot/app.jobmedia.cn/Framework/Extend/Library/ORG/Util/Cookie.class.php 第 32 行.
NOTIC: [8] Undefined index:  THINK_face /home/wwwroot/app.jobmedia.cn/Framework/Extend/Library/ORG/Util/Cookie.class.php 第 32 行.
NOTIC: [8] Undefined index:  THINK_group /home/wwwroot/app.jobmedia.cn/Framework/Extend/Library/ORG/Util/Cookie.class.php 第 32 行.
NOTIC: [8] Undefined index:  THINK_role_id /home/wwwroot/app.jobmedia.cn/Framework/Extend/Library/ORG/Util/Cookie.class.php 第 32 行.

[ 2013-05-18T10:42:15+08:00 ] 61.149.213.51 /User/login.html
INFO: [ route_check ] --START--
INFO: Run CheckRoute Behavior [ RunTime:0.000600s ]
INFO: [ route_check ] --END-- [ RunTime:0.000672s ]
INFO: [ app_begin ] --START--
INFO: Run ReadHtmlCache Behavior [ RunTime:0.000398s ]
INFO: [ app_begin ] --END-- [ RunTime:0.000464s ]
INFO: [ view_template ] --START--
INFO: Run LocationTemplate Behavior [ RunTime:0.000239s ]
INFO: [ view_template ] --END-- [ RunTime:0.000304s ]
INFO: [ view_parse ] --START--
INFO: Run ParseTemplate Behavior [ RunTime:0.005841s ]
INFO: [ view_parse ] --END-- [ RunTime:0.005907s ]
INFO: [ view_filter ] --START--
INFO: Run ContentReplace Behavior [ RunTime:0.000238s ]
INFO: Run TokenBuild Behavior [ RunTime:0.000254s ]
INFO: Run WriteHtmlCache Behavior [ RunTime:0.000178s ]
INFO: Run ShowRuntime Behavior [ RunTime:0.000314s ]
INFO: [ view_filter ] --END-- [ RunTime:0.001161s ]
INFO: [ view_end ] --START--
INFO: Run ShowPageTrace Behavior [ RunTime:0.000422s ]
INFO: [ view_end ] --END-- [ RunTime:0.000484s ]

[ 2013-05-18T10:42:15+08:00 ] ERR: (ThinkException) 无法加载模块:favicon
