[ 2013-09-11T03:04:37+08:00 ] ERR: (ThinkException) 无法加载模块:robots
[ 2013-09-11T03:04:38+08:00 ] 216.145.11.94 /
INFO: [ app_begin ] --START--
INFO: Run ReadHtmlCache Behavior [ RunTime:0.000327s ]
INFO: [ app_begin ] --END-- [ RunTime:0.000387s ]
NOTIC: [8] Undefined index:  ajax /home/wwwroot/www.jobme.cn/App/Lib/Action/GlAction.class.php 第 18 行.
NOTIC: [8] Undefined index:  id /home/wwwroot/www.jobme.cn/App/Lib/Action/GlAction.class.php 第 19 行.
SQL: SHOW COLUMNS FROM `eking_index` [ RunTime:0.000265s ]
ERR: Table 'erpking.eking_index' doesn't exist
 [ SQL语句 ] : SHOW COLUMNS FROM `eking_index`
NOTIC: [8] Undefined index:  json /home/wwwroot/www.jobme.cn/includes/array.php 第 218 行.
NOTIC: [8] Undefined index:  THINK_username /home/wwwroot/www.jobme.cn/Framework/Extend/Library/ORG/Util/Cookie.class.php 第 32 行.
NOTIC: [8] Undefined index:  THINK_uid /home/wwwroot/www.jobme.cn/Framework/Extend/Library/ORG/Util/Cookie.class.php 第 32 行.
NOTIC: [8] Undefined index:  THINK_pid /home/wwwroot/www.jobme.cn/Framework/Extend/Library/ORG/Util/Cookie.class.php 第 32 行.
NOTIC: [8] Undefined index:  THINK_level /home/wwwroot/www.jobme.cn/Framework/Extend/Library/ORG/Util/Cookie.class.php 第 32 行.
NOTIC: [8] Undefined index:  THINK_post /home/wwwroot/www.jobme.cn/Framework/Extend/Library/ORG/Util/Cookie.class.php 第 32 行.
NOTIC: [8] Undefined index:  THINK_type /home/wwwroot/www.jobme.cn/Framework/Extend/Library/ORG/Util/Cookie.class.php 第 32 行.
NOTIC: [8] Undefined index:  THINK_department /home/wwwroot/www.jobme.cn/Framework/Extend/Library/ORG/Util/Cookie.class.php 第 32 行.
NOTIC: [8] Undefined index:  THINK_role_id /home/wwwroot/www.jobme.cn/Framework/Extend/Library/ORG/Util/Cookie.class.php 第 32 行.
NOTIC: [8] Undefined index:  THINK_realname /home/wwwroot/www.jobme.cn/Framework/Extend/Library/ORG/Util/Cookie.class.php 第 32 行.
NOTIC: [8] Undefined index:  THINK_permission_tile /home/wwwroot/www.jobme.cn/Framework/Extend/Library/ORG/Util/Cookie.class.php 第 32 行.
NOTIC: [8] Undefined index:  THINK_permission /home/wwwroot/www.jobme.cn/Framework/Extend/Library/ORG/Util/Cookie.class.php 第 32 行.
SQL: SHOW COLUMNS FROM `eking_persona` [ RunTime:0.000392s ]
SQL: SELECT * FROM `eking_persona` WHERE ( comid= ) ORDER BY id asc  [ RunTime:0.000082s ]
ERR: You have an error in your SQL syntax; check the manual that corresponds to your MySQL server version for the right syntax to use near ') ORDER BY id asc' at line 1
 [ SQL语句 ] : SELECT * FROM `eking_persona` WHERE ( comid= ) ORDER BY id asc 
NOTIC: [2] Invalid argument supplied for foreach() /home/wwwroot/www.jobme.cn/App/Lib/Action/GlAction.class.php 第 62 行.
NOTIC: [8] Undefined variable: nt /home/wwwroot/www.jobme.cn/App/Lib/Action/GlAction.class.php 第 66 行.
NOTIC: [8] Undefined variable: nt /home/wwwroot/www.jobme.cn/App/Lib/Action/GlAction.class.php 第 67 行.
SQL: SHOW COLUMNS FROM `eking_usermsg` [ RunTime:0.000402s ]
SQL: SELECT COUNT(*) AS tp_count FROM `eking_usermsg` WHERE ( toid= and status=0 ) LIMIT 1   [ RunTime:0.000068s ]
ERR: You have an error in your SQL syntax; check the manual that corresponds to your MySQL server version for the right syntax to use near 'and status=0 ) LIMIT 1' at line 1
 [ SQL语句 ] : SELECT COUNT(*) AS tp_count FROM `eking_usermsg` WHERE ( toid= and status=0 ) LIMIT 1  
SQL: SHOW COLUMNS FROM `eking_sinform` [ RunTime:0.000346s ]
SQL: SELECT COUNT(*) AS tp_count FROM `eking_sinform` WHERE ( to_uid= and `read`=0 ) LIMIT 1   [ RunTime:0.000066s ]
ERR: You have an error in your SQL syntax; check the manual that corresponds to your MySQL server version for the right syntax to use near 'and `read`=0 ) LIMIT 1' at line 1
 [ SQL语句 ] : SELECT COUNT(*) AS tp_count FROM `eking_sinform` WHERE ( to_uid= and `read`=0 ) LIMIT 1  
NOTIC: [8] Undefined index:  THINK_uid /home/wwwroot/www.jobme.cn/Framework/Extend/Library/ORG/Util/Cookie.class.php 第 32 行.

[ 2013-09-11T03:04:38+08:00 ] 216.145.11.94 /Login
INFO: [ route_check ] --START--
INFO: Run CheckRoute Behavior [ RunTime:0.000553s ]
INFO: [ route_check ] --END-- [ RunTime:0.000621s ]
INFO: [ app_begin ] --START--
INFO: Run ReadHtmlCache Behavior [ RunTime:0.000324s ]
INFO: [ app_begin ] --END-- [ RunTime:0.000380s ]
NOTIC: [8] Undefined index:  THINK_username /home/wwwroot/www.jobme.cn/Framework/Extend/Library/ORG/Util/Cookie.class.php 第 32 行.
NOTIC: [8] Undefined index:  THINK_uid /home/wwwroot/www.jobme.cn/Framework/Extend/Library/ORG/Util/Cookie.class.php 第 32 行.
NOTIC: [8] Undefined index:  THINK_pid /home/wwwroot/www.jobme.cn/Framework/Extend/Library/ORG/Util/Cookie.class.php 第 32 行.
NOTIC: [8] Undefined index:  THINK_level /home/wwwroot/www.jobme.cn/Framework/Extend/Library/ORG/Util/Cookie.class.php 第 32 行.
NOTIC: [8] Undefined index:  THINK_type /home/wwwroot/www.jobme.cn/Framework/Extend/Library/ORG/Util/Cookie.class.php 第 32 行.
NOTIC: [8] Undefined index:  THINK_department /home/wwwroot/www.jobme.cn/Framework/Extend/Library/ORG/Util/Cookie.class.php 第 32 行.
NOTIC: [8] Undefined index:  THINK_role_id /home/wwwroot/www.jobme.cn/Framework/Extend/Library/ORG/Util/Cookie.class.php 第 32 行.
NOTIC: [8] Undefined index:  THINK_permission_tile /home/wwwroot/www.jobme.cn/Framework/Extend/Library/ORG/Util/Cookie.class.php 第 32 行.
NOTIC: [8] Undefined index:  THINK_permission /home/wwwroot/www.jobme.cn/Framework/Extend/Library/ORG/Util/Cookie.class.php 第 32 行.
NOTIC: [8] Undefined variable: public_arr /home/wwwroot/www.jobme.cn/App/Lib/Action/LoginAction.class.php 第 41 行.
SQL: SHOW COLUMNS FROM `eking_user` [ RunTime:0.000754s ]
NOTIC: [8] Undefined index:  THINK_uid /home/wwwroot/www.jobme.cn/Framework/Extend/Library/ORG/Util/Cookie.class.php 第 32 行.
INFO: [ view_template ] --START--
INFO: Run LocationTemplate Behavior [ RunTime:0.000181s ]
INFO: [ view_template ] --END-- [ RunTime:0.000235s ]
INFO: [ view_parse ] --START--
INFO: Run ParseTemplate Behavior [ RunTime:0.006496s ]
INFO: [ view_parse ] --END-- [ RunTime:0.006555s ]
INFO: [ view_filter ] --START--
INFO: Run ContentReplace Behavior [ RunTime:0.000238s ]
INFO: Run TokenBuild Behavior [ RunTime:0.000215s ]
INFO: Run WriteHtmlCache Behavior [ RunTime:0.000118s ]
INFO: Run ShowRuntime Behavior [ RunTime:0.000270s ]
INFO: [ view_filter ] --END-- [ RunTime:0.000995s ]
INFO: [ view_end ] --START--
INFO: Run ShowPageTrace Behavior [ RunTime:0.000374s ]
INFO: [ view_end ] --END-- [ RunTime:0.000445s ]

[ 2013-09-11T03:17:47+08:00 ] 114.245.185.102 /
INFO: [ app_begin ] --START--
INFO: Run ReadHtmlCache Behavior [ RunTime:0.000347s ]
INFO: [ app_begin ] --END-- [ RunTime:0.000412s ]
NOTIC: [8] Undefined index:  ajax /home/wwwroot/www.jobme.cn/App/Lib/Action/GlAction.class.php 第 18 行.
NOTIC: [8] Undefined index:  id /home/wwwroot/www.jobme.cn/App/Lib/Action/GlAction.class.php 第 19 行.
SQL: SHOW COLUMNS FROM `eking_index` [ RunTime:0.000267s ]
ERR: Table 'erpking.eking_index' doesn't exist
 [ SQL语句 ] : SHOW COLUMNS FROM `eking_index`
NOTIC: [8] Undefined index:  json /home/wwwroot/www.jobme.cn/includes/array.php 第 218 行.
NOTIC: [8] Undefined index:  THINK_username /home/wwwroot/www.jobme.cn/Framework/Extend/Library/ORG/Util/Cookie.class.php 第 32 行.
NOTIC: [8] Undefined index:  THINK_uid /home/wwwroot/www.jobme.cn/Framework/Extend/Library/ORG/Util/Cookie.class.php 第 32 行.
NOTIC: [8] Undefined index:  THINK_pid /home/wwwroot/www.jobme.cn/Framework/Extend/Library/ORG/Util/Cookie.class.php 第 32 行.
NOTIC: [8] Undefined index:  THINK_level /home/wwwroot/www.jobme.cn/Framework/Extend/Library/ORG/Util/Cookie.class.php 第 32 行.
NOTIC: [8] Undefined index:  THINK_post /home/wwwroot/www.jobme.cn/Framework/Extend/Library/ORG/Util/Cookie.class.php 第 32 行.
NOTIC: [8] Undefined index:  THINK_type /home/wwwroot/www.jobme.cn/Framework/Extend/Library/ORG/Util/Cookie.class.php 第 32 行.
NOTIC: [8] Undefined index:  THINK_department /home/wwwroot/www.jobme.cn/Framework/Extend/Library/ORG/Util/Cookie.class.php 第 32 行.
NOTIC: [8] Undefined index:  THINK_role_id /home/wwwroot/www.jobme.cn/Framework/Extend/Library/ORG/Util/Cookie.class.php 第 32 行.
NOTIC: [8] Undefined index:  THINK_realname /home/wwwroot/www.jobme.cn/Framework/Extend/Library/ORG/Util/Cookie.class.php 第 32 行.
NOTIC: [8] Undefined index:  THINK_permission_tile /home/wwwroot/www.jobme.cn/Framework/Extend/Library/ORG/Util/Cookie.class.php 第 32 行.
NOTIC: [8] Undefined index:  THINK_permission /home/wwwroot/www.jobme.cn/Framework/Extend/Library/ORG/Util/Cookie.class.php 第 32 行.
SQL: SHOW COLUMNS FROM `eking_persona` [ RunTime:0.000394s ]
SQL: SELECT * FROM `eking_persona` WHERE ( comid= ) ORDER BY id asc  [ RunTime:0.000064s ]
ERR: You have an error in your SQL syntax; check the manual that corresponds to your MySQL server version for the right syntax to use near ') ORDER BY id asc' at line 1
 [ SQL语句 ] : SELECT * FROM `eking_persona` WHERE ( comid= ) ORDER BY id asc 
NOTIC: [2] Invalid argument supplied for foreach() /home/wwwroot/www.jobme.cn/App/Lib/Action/GlAction.class.php 第 62 行.
NOTIC: [8] Undefined variable: nt /home/wwwroot/www.jobme.cn/App/Lib/Action/GlAction.class.php 第 66 行.
NOTIC: [8] Undefined variable: nt /home/wwwroot/www.jobme.cn/App/Lib/Action/GlAction.class.php 第 67 行.
SQL: SHOW COLUMNS FROM `eking_usermsg` [ RunTime:0.000381s ]
SQL: SELECT COUNT(*) AS tp_count FROM `eking_usermsg` WHERE ( toid= and status=0 ) LIMIT 1   [ RunTime:0.000068s ]
ERR: You have an error in your SQL syntax; check the manual that corresponds to your MySQL server version for the right syntax to use near 'and status=0 ) LIMIT 1' at line 1
 [ SQL语句 ] : SELECT COUNT(*) AS tp_count FROM `eking_usermsg` WHERE ( toid= and status=0 ) LIMIT 1  
SQL: SHOW COLUMNS FROM `eking_sinform` [ RunTime:0.000352s ]
SQL: SELECT COUNT(*) AS tp_count FROM `eking_sinform` WHERE ( to_uid= and `read`=0 ) LIMIT 1   [ RunTime:0.000066s ]
ERR: You have an error in your SQL syntax; check the manual that corresponds to your MySQL server version for the right syntax to use near 'and `read`=0 ) LIMIT 1' at line 1
 [ SQL语句 ] : SELECT COUNT(*) AS tp_count FROM `eking_sinform` WHERE ( to_uid= and `read`=0 ) LIMIT 1  
NOTIC: [8] Undefined index:  THINK_uid /home/wwwroot/www.jobme.cn/Framework/Extend/Library/ORG/Util/Cookie.class.php 第 32 行.

[ 2013-09-11T03:17:47+08:00 ] 114.245.185.102 /Login
INFO: [ route_check ] --START--
INFO: Run CheckRoute Behavior [ RunTime:0.000550s ]
INFO: [ route_check ] --END-- [ RunTime:0.000612s ]
INFO: [ app_begin ] --START--
INFO: Run ReadHtmlCache Behavior [ RunTime:0.000325s ]
INFO: [ app_begin ] --END-- [ RunTime:0.000378s ]
NOTIC: [8] Undefined index:  THINK_username /home/wwwroot/www.jobme.cn/Framework/Extend/Library/ORG/Util/Cookie.class.php 第 32 行.
NOTIC: [8] Undefined index:  THINK_uid /home/wwwroot/www.jobme.cn/Framework/Extend/Library/ORG/Util/Cookie.class.php 第 32 行.
NOTIC: [8] Undefined index:  THINK_pid /home/wwwroot/www.jobme.cn/Framework/Extend/Library/ORG/Util/Cookie.class.php 第 32 行.
NOTIC: [8] Undefined index:  THINK_level /home/wwwroot/www.jobme.cn/Framework/Extend/Library/ORG/Util/Cookie.class.php 第 32 行.
NOTIC: [8] Undefined index:  THINK_type /home/wwwroot/www.jobme.cn/Framework/Extend/Library/ORG/Util/Cookie.class.php 第 32 行.
NOTIC: [8] Undefined index:  THINK_department /home/wwwroot/www.jobme.cn/Framework/Extend/Library/ORG/Util/Cookie.class.php 第 32 行.
NOTIC: [8] Undefined index:  THINK_role_id /home/wwwroot/www.jobme.cn/Framework/Extend/Library/ORG/Util/Cookie.class.php 第 32 行.
NOTIC: [8] Undefined index:  THINK_permission_tile /home/wwwroot/www.jobme.cn/Framework/Extend/Library/ORG/Util/Cookie.class.php 第 32 行.
NOTIC: [8] Undefined index:  THINK_permission /home/wwwroot/www.jobme.cn/Framework/Extend/Library/ORG/Util/Cookie.class.php 第 32 行.
NOTIC: [8] Undefined variable: public_arr /home/wwwroot/www.jobme.cn/App/Lib/Action/LoginAction.class.php 第 41 行.
SQL: SHOW COLUMNS FROM `eking_user` [ RunTime:0.000712s ]
NOTIC: [8] Undefined index:  THINK_uid /home/wwwroot/www.jobme.cn/Framework/Extend/Library/ORG/Util/Cookie.class.php 第 32 行.
INFO: [ view_template ] --START--
INFO: Run LocationTemplate Behavior [ RunTime:0.000179s ]
INFO: [ view_template ] --END-- [ RunTime:0.000251s ]
INFO: [ view_parse ] --START--
INFO: Run ParseTemplate Behavior [ RunTime:0.006509s ]
INFO: [ view_parse ] --END-- [ RunTime:0.006566s ]
INFO: [ view_filter ] --START--
INFO: Run ContentReplace Behavior [ RunTime:0.000236s ]
INFO: Run TokenBuild Behavior [ RunTime:0.000215s ]
INFO: Run WriteHtmlCache Behavior [ RunTime:0.000118s ]
INFO: Run ShowRuntime Behavior [ RunTime:0.000270s ]
INFO: [ view_filter ] --END-- [ RunTime:0.000988s ]
INFO: [ view_end ] --START--
INFO: Run ShowPageTrace Behavior [ RunTime:0.000383s ]
INFO: [ view_end ] --END-- [ RunTime:0.000436s ]

[ 2013-09-11T03:17:48+08:00 ] ERR: (ThinkException) 无法加载模块:favicon
[ 2013-09-11T03:17:48+08:00 ] ERR: (ThinkException) 无法加载模块:favicon
[ 2013-09-11T03:17:57+08:00 ] 114.245.185.102 /Login/reg
INFO: [ route_check ] --START--
INFO: Run CheckRoute Behavior [ RunTime:0.000553s ]
INFO: [ route_check ] --END-- [ RunTime:0.000619s ]
INFO: [ app_begin ] --START--
INFO: Run ReadHtmlCache Behavior [ RunTime:0.000325s ]
INFO: [ app_begin ] --END-- [ RunTime:0.000378s ]
NOTIC: [8] Undefined index:  THINK_username /home/wwwroot/www.jobme.cn/Framework/Extend/Library/ORG/Util/Cookie.class.php 第 32 行.
NOTIC: [8] Undefined index:  THINK_uid /home/wwwroot/www.jobme.cn/Framework/Extend/Library/ORG/Util/Cookie.class.php 第 32 行.
NOTIC: [8] Undefined index:  THINK_pid /home/wwwroot/www.jobme.cn/Framework/Extend/Library/ORG/Util/Cookie.class.php 第 32 行.
NOTIC: [8] Undefined index:  THINK_level /home/wwwroot/www.jobme.cn/Framework/Extend/Library/ORG/Util/Cookie.class.php 第 32 行.
NOTIC: [8] Undefined index:  THINK_type /home/wwwroot/www.jobme.cn/Framework/Extend/Library/ORG/Util/Cookie.class.php 第 32 行.
NOTIC: [8] Undefined index:  THINK_department /home/wwwroot/www.jobme.cn/Framework/Extend/Library/ORG/Util/Cookie.class.php 第 32 行.
NOTIC: [8] Undefined index:  THINK_role_id /home/wwwroot/www.jobme.cn/Framework/Extend/Library/ORG/Util/Cookie.class.php 第 32 行.
NOTIC: [8] Undefined index:  THINK_permission_tile /home/wwwroot/www.jobme.cn/Framework/Extend/Library/ORG/Util/Cookie.class.php 第 32 行.
NOTIC: [8] Undefined index:  THINK_permission /home/wwwroot/www.jobme.cn/Framework/Extend/Library/ORG/Util/Cookie.class.php 第 32 行.
NOTIC: [8] Undefined variable: public_arr /home/wwwroot/www.jobme.cn/App/Lib/Action/LoginAction.class.php 第 41 行.
SQL: SHOW COLUMNS FROM `eking_user` [ RunTime:0.000753s ]
INFO: [ view_template ] --START--
INFO: Run LocationTemplate Behavior [ RunTime:0.000177s ]
INFO: [ view_template ] --END-- [ RunTime:0.000231s ]
INFO: [ view_parse ] --START--
INFO: Run ParseTemplate Behavior [ RunTime:0.007124s ]
INFO: [ view_parse ] --END-- [ RunTime:0.007196s ]
INFO: [ view_filter ] --START--
INFO: Run ContentReplace Behavior [ RunTime:0.000233s ]
INFO: Run TokenBuild Behavior [ RunTime:0.000215s ]
INFO: Run WriteHtmlCache Behavior [ RunTime:0.000117s ]
INFO: Run ShowRuntime Behavior [ RunTime:0.000289s ]
INFO: [ view_filter ] --END-- [ RunTime:0.001003s ]
INFO: [ view_end ] --START--
INFO: Run ShowPageTrace Behavior [ RunTime:0.000367s ]
INFO: [ view_end ] --END-- [ RunTime:0.000418s ]

[ 2013-09-11T03:17:58+08:00 ] ERR: (ThinkException) 无法加载模块:favicon
[ 2013-09-11T03:18:00+08:00 ] 114.245.185.102 /Login
INFO: [ route_check ] --START--
INFO: Run CheckRoute Behavior [ RunTime:0.000571s ]
INFO: [ route_check ] --END-- [ RunTime:0.000638s ]
INFO: [ app_begin ] --START--
INFO: Run ReadHtmlCache Behavior [ RunTime:0.000321s ]
INFO: [ app_begin ] --END-- [ RunTime:0.000374s ]
NOTIC: [8] Undefined index:  THINK_username /home/wwwroot/www.jobme.cn/Framework/Extend/Library/ORG/Util/Cookie.class.php 第 32 行.
NOTIC: [8] Undefined index:  THINK_uid /home/wwwroot/www.jobme.cn/Framework/Extend/Library/ORG/Util/Cookie.class.php 第 32 行.
NOTIC: [8] Undefined index:  THINK_pid /home/wwwroot/www.jobme.cn/Framework/Extend/Library/ORG/Util/Cookie.class.php 第 32 行.
NOTIC: [8] Undefined index:  THINK_level /home/wwwroot/www.jobme.cn/Framework/Extend/Library/ORG/Util/Cookie.class.php 第 32 行.
NOTIC: [8] Undefined index:  THINK_type /home/wwwroot/www.jobme.cn/Framework/Extend/Library/ORG/Util/Cookie.class.php 第 32 行.
NOTIC: [8] Undefined index:  THINK_department /home/wwwroot/www.jobme.cn/Framework/Extend/Library/ORG/Util/Cookie.class.php 第 32 行.
NOTIC: [8] Undefined index:  THINK_role_id /home/wwwroot/www.jobme.cn/Framework/Extend/Library/ORG/Util/Cookie.class.php 第 32 行.
NOTIC: [8] Undefined index:  THINK_permission_tile /home/wwwroot/www.jobme.cn/Framework/Extend/Library/ORG/Util/Cookie.class.php 第 32 行.
NOTIC: [8] Undefined index:  THINK_permission /home/wwwroot/www.jobme.cn/Framework/Extend/Library/ORG/Util/Cookie.class.php 第 32 行.
NOTIC: [8] Undefined variable: public_arr /home/wwwroot/www.jobme.cn/App/Lib/Action/LoginAction.class.php 第 41 行.
SQL: SHOW COLUMNS FROM `eking_user` [ RunTime:0.000731s ]
NOTIC: [8] Undefined index:  THINK_uid /home/wwwroot/www.jobme.cn/Framework/Extend/Library/ORG/Util/Cookie.class.php 第 32 行.
INFO: [ view_template ] --START--
INFO: Run LocationTemplate Behavior [ RunTime:0.000180s ]
INFO: [ view_template ] --END-- [ RunTime:0.000234s ]
INFO: [ view_parse ] --START--
INFO: Run ParseTemplate Behavior [ RunTime:0.006382s ]
INFO: [ view_parse ] --END-- [ RunTime:0.006439s ]
INFO: [ view_filter ] --START--
INFO: Run ContentReplace Behavior [ RunTime:0.000221s ]
INFO: Run TokenBuild Behavior [ RunTime:0.000213s ]
INFO: Run WriteHtmlCache Behavior [ RunTime:0.000118s ]
INFO: Run ShowRuntime Behavior [ RunTime:0.000288s ]
INFO: [ view_filter ] --END-- [ RunTime:0.000990s ]
INFO: [ view_end ] --START--
INFO: Run ShowPageTrace Behavior [ RunTime:0.000366s ]
INFO: [ view_end ] --END-- [ RunTime:0.000418s ]

[ 2013-09-11T03:18:01+08:00 ] ERR: (ThinkException) 无法加载模块:favicon
[ 2013-09-11T03:18:04+08:00 ] 114.245.185.102 /Login/reg
INFO: [ route_check ] --START--
INFO: Run CheckRoute Behavior [ RunTime:0.000554s ]
INFO: [ route_check ] --END-- [ RunTime:0.000622s ]
INFO: [ app_begin ] --START--
INFO: Run ReadHtmlCache Behavior [ RunTime:0.000318s ]
INFO: [ app_begin ] --END-- [ RunTime:0.000372s ]
NOTIC: [8] Undefined index:  THINK_username /home/wwwroot/www.jobme.cn/Framework/Extend/Library/ORG/Util/Cookie.class.php 第 32 行.
NOTIC: [8] Undefined index:  THINK_uid /home/wwwroot/www.jobme.cn/Framework/Extend/Library/ORG/Util/Cookie.class.php 第 32 行.
NOTIC: [8] Undefined index:  THINK_pid /home/wwwroot/www.jobme.cn/Framework/Extend/Library/ORG/Util/Cookie.class.php 第 32 行.
NOTIC: [8] Undefined index:  THINK_level /home/wwwroot/www.jobme.cn/Framework/Extend/Library/ORG/Util/Cookie.class.php 第 32 行.
NOTIC: [8] Undefined index:  THINK_type /home/wwwroot/www.jobme.cn/Framework/Extend/Library/ORG/Util/Cookie.class.php 第 32 行.
NOTIC: [8] Undefined index:  THINK_department /home/wwwroot/www.jobme.cn/Framework/Extend/Library/ORG/Util/Cookie.class.php 第 32 行.
NOTIC: [8] Undefined index:  THINK_role_id /home/wwwroot/www.jobme.cn/Framework/Extend/Library/ORG/Util/Cookie.class.php 第 32 行.
NOTIC: [8] Undefined index:  THINK_permission_tile /home/wwwroot/www.jobme.cn/Framework/Extend/Library/ORG/Util/Cookie.class.php 第 32 行.
NOTIC: [8] Undefined index:  THINK_permission /home/wwwroot/www.jobme.cn/Framework/Extend/Library/ORG/Util/Cookie.class.php 第 32 行.
NOTIC: [8] Undefined variable: public_arr /home/wwwroot/www.jobme.cn/App/Lib/Action/LoginAction.class.php 第 41 行.
SQL: SHOW COLUMNS FROM `eking_user` [ RunTime:0.000739s ]
INFO: [ view_template ] --START--
INFO: Run LocationTemplate Behavior [ RunTime:0.000175s ]
INFO: [ view_template ] --END-- [ RunTime:0.000231s ]
INFO: [ view_parse ] --START--
INFO: Run ParseTemplate Behavior [ RunTime:0.007236s ]
INFO: [ view_parse ] --END-- [ RunTime:0.007292s ]
INFO: [ view_filter ] --START--
INFO: Run ContentReplace Behavior [ RunTime:0.000250s ]
INFO: Run TokenBuild Behavior [ RunTime:0.000217s ]
INFO: Run WriteHtmlCache Behavior [ RunTime:0.000118s ]
INFO: Run ShowRuntime Behavior [ RunTime:0.000274s ]
INFO: [ view_filter ] --END-- [ RunTime:0.001010s ]
INFO: [ view_end ] --START--
INFO: Run ShowPageTrace Behavior [ RunTime:0.000383s ]
INFO: [ view_end ] --END-- [ RunTime:0.000437s ]

[ 2013-09-11T03:18:04+08:00 ] ERR: (ThinkException) 无法加载模块:favicon
[ 2013-09-11T03:20:02+08:00 ] 119.147.146.118 /
INFO: [ app_begin ] --START--
INFO: Run ReadHtmlCache Behavior [ RunTime:0.000332s ]
INFO: [ app_begin ] --END-- [ RunTime:0.000395s ]
NOTIC: [8] Undefined index:  ajax /home/wwwroot/www.jobme.cn/App/Lib/Action/GlAction.class.php 第 18 行.
NOTIC: [8] Undefined index:  id /home/wwwroot/www.jobme.cn/App/Lib/Action/GlAction.class.php 第 19 行.
SQL: SHOW COLUMNS FROM `eking_index` [ RunTime:0.000265s ]
ERR: Table 'erpking.eking_index' doesn't exist
 [ SQL语句 ] : SHOW COLUMNS FROM `eking_index`
NOTIC: [8] Undefined index:  json /home/wwwroot/www.jobme.cn/includes/array.php 第 218 行.
NOTIC: [8] Undefined index:  THINK_username /home/wwwroot/www.jobme.cn/Framework/Extend/Library/ORG/Util/Cookie.class.php 第 32 行.
NOTIC: [8] Undefined index:  THINK_uid /home/wwwroot/www.jobme.cn/Framework/Extend/Library/ORG/Util/Cookie.class.php 第 32 行.
NOTIC: [8] Undefined index:  THINK_pid /home/wwwroot/www.jobme.cn/Framework/Extend/Library/ORG/Util/Cookie.class.php 第 32 行.
NOTIC: [8] Undefined index:  THINK_level /home/wwwroot/www.jobme.cn/Framework/Extend/Library/ORG/Util/Cookie.class.php 第 32 行.
NOTIC: [8] Undefined index:  THINK_post /home/wwwroot/www.jobme.cn/Framework/Extend/Library/ORG/Util/Cookie.class.php 第 32 行.
NOTIC: [8] Undefined index:  THINK_type /home/wwwroot/www.jobme.cn/Framework/Extend/Library/ORG/Util/Cookie.class.php 第 32 行.
NOTIC: [8] Undefined index:  THINK_department /home/wwwroot/www.jobme.cn/Framework/Extend/Library/ORG/Util/Cookie.class.php 第 32 行.
NOTIC: [8] Undefined index:  THINK_role_id /home/wwwroot/www.jobme.cn/Framework/Extend/Library/ORG/Util/Cookie.class.php 第 32 行.
NOTIC: [8] Undefined index:  THINK_realname /home/wwwroot/www.jobme.cn/Framework/Extend/Library/ORG/Util/Cookie.class.php 第 32 行.
NOTIC: [8] Undefined index:  THINK_permission_tile /home/wwwroot/www.jobme.cn/Framework/Extend/Library/ORG/Util/Cookie.class.php 第 32 行.
NOTIC: [8] Undefined index:  THINK_permission /home/wwwroot/www.jobme.cn/Framework/Extend/Library/ORG/Util/Cookie.class.php 第 32 行.
SQL: SHOW COLUMNS FROM `eking_persona` [ RunTime:0.000409s ]
SQL: SELECT * FROM `eking_persona` WHERE ( comid= ) ORDER BY id asc  [ RunTime:0.000065s ]
ERR: You have an error in your SQL syntax; check the manual that corresponds to your MySQL server version for the right syntax to use near ') ORDER BY id asc' at line 1
 [ SQL语句 ] : SELECT * FROM `eking_persona` WHERE ( comid= ) ORDER BY id asc 
NOTIC: [2] Invalid argument supplied for foreach() /home/wwwroot/www.jobme.cn/App/Lib/Action/GlAction.class.php 第 62 行.
NOTIC: [8] Undefined variable: nt /home/wwwroot/www.jobme.cn/App/Lib/Action/GlAction.class.php 第 66 行.
NOTIC: [8] Undefined variable: nt /home/wwwroot/www.jobme.cn/App/Lib/Action/GlAction.class.php 第 67 行.
SQL: SHOW COLUMNS FROM `eking_usermsg` [ RunTime:0.000379s ]
SQL: SELECT COUNT(*) AS tp_count FROM `eking_usermsg` WHERE ( toid= and status=0 ) LIMIT 1   [ RunTime:0.000068s ]
ERR: You have an error in your SQL syntax; check the manual that corresponds to your MySQL server version for the right syntax to use near 'and status=0 ) LIMIT 1' at line 1
 [ SQL语句 ] : SELECT COUNT(*) AS tp_count FROM `eking_usermsg` WHERE ( toid= and status=0 ) LIMIT 1  
SQL: SHOW COLUMNS FROM `eking_sinform` [ RunTime:0.000346s ]
SQL: SELECT COUNT(*) AS tp_count FROM `eking_sinform` WHERE ( to_uid= and `read`=0 ) LIMIT 1   [ RunTime:0.000065s ]
ERR: You have an error in your SQL syntax; check the manual that corresponds to your MySQL server version for the right syntax to use near 'and `read`=0 ) LIMIT 1' at line 1
 [ SQL语句 ] : SELECT COUNT(*) AS tp_count FROM `eking_sinform` WHERE ( to_uid= and `read`=0 ) LIMIT 1  
NOTIC: [8] Undefined index:  THINK_uid /home/wwwroot/www.jobme.cn/Framework/Extend/Library/ORG/Util/Cookie.class.php 第 32 行.

[ 2013-09-11T03:20:02+08:00 ] 119.147.146.118 /Login
INFO: [ route_check ] --START--
INFO: Run CheckRoute Behavior [ RunTime:0.000548s ]
INFO: [ route_check ] --END-- [ RunTime:0.000609s ]
INFO: [ app_begin ] --START--
INFO: Run ReadHtmlCache Behavior [ RunTime:0.000342s ]
INFO: [ app_begin ] --END-- [ RunTime:0.000397s ]
NOTIC: [8] Undefined index:  THINK_username /home/wwwroot/www.jobme.cn/Framework/Extend/Library/ORG/Util/Cookie.class.php 第 32 行.
NOTIC: [8] Undefined index:  THINK_uid /home/wwwroot/www.jobme.cn/Framework/Extend/Library/ORG/Util/Cookie.class.php 第 32 行.
NOTIC: [8] Undefined index:  THINK_pid /home/wwwroot/www.jobme.cn/Framework/Extend/Library/ORG/Util/Cookie.class.php 第 32 行.
NOTIC: [8] Undefined index:  THINK_level /home/wwwroot/www.jobme.cn/Framework/Extend/Library/ORG/Util/Cookie.class.php 第 32 行.
NOTIC: [8] Undefined index:  THINK_type /home/wwwroot/www.jobme.cn/Framework/Extend/Library/ORG/Util/Cookie.class.php 第 32 行.
NOTIC: [8] Undefined index:  THINK_department /home/wwwroot/www.jobme.cn/Framework/Extend/Library/ORG/Util/Cookie.class.php 第 32 行.
NOTIC: [8] Undefined index:  THINK_role_id /home/wwwroot/www.jobme.cn/Framework/Extend/Library/ORG/Util/Cookie.class.php 第 32 行.
NOTIC: [8] Undefined index:  THINK_permission_tile /home/wwwroot/www.jobme.cn/Framework/Extend/Library/ORG/Util/Cookie.class.php 第 32 行.
NOTIC: [8] Undefined index:  THINK_permission /home/wwwroot/www.jobme.cn/Framework/Extend/Library/ORG/Util/Cookie.class.php 第 32 行.
NOTIC: [8] Undefined variable: public_arr /home/wwwroot/www.jobme.cn/App/Lib/Action/LoginAction.class.php 第 41 行.
SQL: SHOW COLUMNS FROM `eking_user` [ RunTime:0.000700s ]
NOTIC: [8] Undefined index:  THINK_uid /home/wwwroot/www.jobme.cn/Framework/Extend/Library/ORG/Util/Cookie.class.php 第 32 行.
INFO: [ view_template ] --START--
INFO: Run LocationTemplate Behavior [ RunTime:0.000177s ]
INFO: [ view_template ] --END-- [ RunTime:0.000231s ]
INFO: [ view_parse ] --START--
INFO: Run ParseTemplate Behavior [ RunTime:0.006383s ]
INFO: [ view_parse ] --END-- [ RunTime:0.006442s ]
INFO: [ view_filter ] --START--
INFO: Run ContentReplace Behavior [ RunTime:0.000211s ]
INFO: Run TokenBuild Behavior [ RunTime:0.000214s ]
INFO: Run WriteHtmlCache Behavior [ RunTime:0.000118s ]
INFO: Run ShowRuntime Behavior [ RunTime:0.000288s ]
INFO: [ view_filter ] --END-- [ RunTime:0.000981s ]
INFO: [ view_end ] --START--
INFO: Run ShowPageTrace Behavior [ RunTime:0.000498s ]
INFO: [ view_end ] --END-- [ RunTime:0.000552s ]

[ 2013-09-11T03:20:02+08:00 ] 119.147.146.118 /Login
INFO: [ route_check ] --START--
INFO: Run CheckRoute Behavior [ RunTime:0.000534s ]
INFO: [ route_check ] --END-- [ RunTime:0.000595s ]
INFO: [ app_begin ] --START--
INFO: Run ReadHtmlCache Behavior [ RunTime:0.000339s ]
INFO: [ app_begin ] --END-- [ RunTime:0.000394s ]
NOTIC: [8] Undefined index:  THINK_username /home/wwwroot/www.jobme.cn/Framework/Extend/Library/ORG/Util/Cookie.class.php 第 32 行.
NOTIC: [8] Undefined index:  THINK_uid /home/wwwroot/www.jobme.cn/Framework/Extend/Library/ORG/Util/Cookie.class.php 第 32 行.
NOTIC: [8] Undefined index:  THINK_pid /home/wwwroot/www.jobme.cn/Framework/Extend/Library/ORG/Util/Cookie.class.php 第 32 行.
NOTIC: [8] Undefined index:  THINK_level /home/wwwroot/www.jobme.cn/Framework/Extend/Library/ORG/Util/Cookie.class.php 第 32 行.
NOTIC: [8] Undefined index:  THINK_type /home/wwwroot/www.jobme.cn/Framework/Extend/Library/ORG/Util/Cookie.class.php 第 32 行.
NOTIC: [8] Undefined index:  THINK_department /home/wwwroot/www.jobme.cn/Framework/Extend/Library/ORG/Util/Cookie.class.php 第 32 行.
NOTIC: [8] Undefined index:  THINK_role_id /home/wwwroot/www.jobme.cn/Framework/Extend/Library/ORG/Util/Cookie.class.php 第 32 行.
NOTIC: [8] Undefined index:  THINK_permission_tile /home/wwwroot/www.jobme.cn/Framework/Extend/Library/ORG/Util/Cookie.class.php 第 32 行.
NOTIC: [8] Undefined index:  THINK_permission /home/wwwroot/www.jobme.cn/Framework/Extend/Library/ORG/Util/Cookie.class.php 第 32 行.
NOTIC: [8] Undefined variable: public_arr /home/wwwroot/www.jobme.cn/App/Lib/Action/LoginAction.class.php 第 41 行.
SQL: SHOW COLUMNS FROM `eking_user` [ RunTime:0.000705s ]
NOTIC: [8] Undefined index:  THINK_uid /home/wwwroot/www.jobme.cn/Framework/Extend/Library/ORG/Util/Cookie.class.php 第 32 行.
INFO: [ view_template ] --START--
INFO: Run LocationTemplate Behavior [ RunTime:0.000178s ]
INFO: [ view_template ] --END-- [ RunTime:0.000231s ]
INFO: [ view_parse ] --START--
INFO: Run ParseTemplate Behavior [ RunTime:0.006505s ]
INFO: [ view_parse ] --END-- [ RunTime:0.006564s ]
INFO: [ view_filter ] --START--
INFO: Run ContentReplace Behavior [ RunTime:0.000219s ]
INFO: Run TokenBuild Behavior [ RunTime:0.000231s ]
INFO: Run WriteHtmlCache Behavior [ RunTime:0.000119s ]
INFO: Run ShowRuntime Behavior [ RunTime:0.000269s ]
INFO: [ view_filter ] --END-- [ RunTime:0.000987s ]
INFO: [ view_end ] --START--
INFO: Run ShowPageTrace Behavior [ RunTime:0.000366s ]
INFO: [ view_end ] --END-- [ RunTime:0.000434s ]

[ 2013-09-11T03:20:25+08:00 ] ERR: (ThinkException) 无法加载模块:login
[ 2013-09-11T08:03:28+08:00 ] 183.60.243.242 /
INFO: [ app_begin ] --START--
INFO: Run ReadHtmlCache Behavior [ RunTime:0.000347s ]
INFO: [ app_begin ] --END-- [ RunTime:0.000411s ]
NOTIC: [8] Undefined index:  ajax /home/wwwroot/www.jobme.cn/App/Lib/Action/GlAction.class.php 第 18 行.
NOTIC: [8] Undefined index:  id /home/wwwroot/www.jobme.cn/App/Lib/Action/GlAction.class.php 第 19 行.
SQL: SHOW COLUMNS FROM `eking_index` [ RunTime:0.000265s ]
ERR: Table 'erpking.eking_index' doesn't exist
 [ SQL语句 ] : SHOW COLUMNS FROM `eking_index`
NOTIC: [8] Undefined index:  json /home/wwwroot/www.jobme.cn/includes/array.php 第 218 行.
NOTIC: [8] Undefined index:  THINK_username /home/wwwroot/www.jobme.cn/Framework/Extend/Library/ORG/Util/Cookie.class.php 第 32 行.
NOTIC: [8] Undefined index:  THINK_uid /home/wwwroot/www.jobme.cn/Framework/Extend/Library/ORG/Util/Cookie.class.php 第 32 行.
NOTIC: [8] Undefined index:  THINK_pid /home/wwwroot/www.jobme.cn/Framework/Extend/Library/ORG/Util/Cookie.class.php 第 32 行.
NOTIC: [8] Undefined index:  THINK_level /home/wwwroot/www.jobme.cn/Framework/Extend/Library/ORG/Util/Cookie.class.php 第 32 行.
NOTIC: [8] Undefined index:  THINK_post /home/wwwroot/www.jobme.cn/Framework/Extend/Library/ORG/Util/Cookie.class.php 第 32 行.
NOTIC: [8] Undefined index:  THINK_type /home/wwwroot/www.jobme.cn/Framework/Extend/Library/ORG/Util/Cookie.class.php 第 32 行.
NOTIC: [8] Undefined index:  THINK_department /home/wwwroot/www.jobme.cn/Framework/Extend/Library/ORG/Util/Cookie.class.php 第 32 行.
NOTIC: [8] Undefined index:  THINK_role_id /home/wwwroot/www.jobme.cn/Framework/Extend/Library/ORG/Util/Cookie.class.php 第 32 行.
NOTIC: [8] Undefined index:  THINK_realname /home/wwwroot/www.jobme.cn/Framework/Extend/Library/ORG/Util/Cookie.class.php 第 32 行.
NOTIC: [8] Undefined index:  THINK_permission_tile /home/wwwroot/www.jobme.cn/Framework/Extend/Library/ORG/Util/Cookie.class.php 第 32 行.
NOTIC: [8] Undefined index:  THINK_permission /home/wwwroot/www.jobme.cn/Framework/Extend/Library/ORG/Util/Cookie.class.php 第 32 行.
SQL: SHOW COLUMNS FROM `eking_persona` [ RunTime:0.000410s ]
SQL: SELECT * FROM `eking_persona` WHERE ( comid= ) ORDER BY id asc  [ RunTime:0.000066s ]
ERR: You have an error in your SQL syntax; check the manual that corresponds to your MySQL server version for the right syntax to use near ') ORDER BY id asc' at line 1
 [ SQL语句 ] : SELECT * FROM `eking_persona` WHERE ( comid= ) ORDER BY id asc 
NOTIC: [2] Invalid argument supplied for foreach() /home/wwwroot/www.jobme.cn/App/Lib/Action/GlAction.class.php 第 62 行.
NOTIC: [8] Undefined variable: nt /home/wwwroot/www.jobme.cn/App/Lib/Action/GlAction.class.php 第 66 行.
NOTIC: [8] Undefined variable: nt /home/wwwroot/www.jobme.cn/App/Lib/Action/GlAction.class.php 第 67 行.
SQL: SHOW COLUMNS FROM `eking_usermsg` [ RunTime:0.000379s ]
SQL: SELECT COUNT(*) AS tp_count FROM `eking_usermsg` WHERE ( toid= and status=0 ) LIMIT 1   [ RunTime:0.000069s ]
ERR: You have an error in your SQL syntax; check the manual that corresponds to your MySQL server version for the right syntax to use near 'and status=0 ) LIMIT 1' at line 1
 [ SQL语句 ] : SELECT COUNT(*) AS tp_count FROM `eking_usermsg` WHERE ( toid= and status=0 ) LIMIT 1  
SQL: SHOW COLUMNS FROM `eking_sinform` [ RunTime:0.000347s ]
SQL: SELECT COUNT(*) AS tp_count FROM `eking_sinform` WHERE ( to_uid= and `read`=0 ) LIMIT 1   [ RunTime:0.000066s ]
ERR: You have an error in your SQL syntax; check the manual that corresponds to your MySQL server version for the right syntax to use near 'and `read`=0 ) LIMIT 1' at line 1
 [ SQL语句 ] : SELECT COUNT(*) AS tp_count FROM `eking_sinform` WHERE ( to_uid= and `read`=0 ) LIMIT 1  
NOTIC: [8] Undefined index:  THINK_uid /home/wwwroot/www.jobme.cn/Framework/Extend/Library/ORG/Util/Cookie.class.php 第 32 行.

[ 2013-09-11T08:03:29+08:00 ] 183.60.243.242 /Login
INFO: [ route_check ] --START--
INFO: Run CheckRoute Behavior [ RunTime:0.000550s ]
INFO: [ route_check ] --END-- [ RunTime:0.000611s ]
INFO: [ app_begin ] --START--
INFO: Run ReadHtmlCache Behavior [ RunTime:0.000324s ]
INFO: [ app_begin ] --END-- [ RunTime:0.000379s ]
NOTIC: [8] Undefined index:  THINK_username /home/wwwroot/www.jobme.cn/Framework/Extend/Library/ORG/Util/Cookie.class.php 第 32 行.
NOTIC: [8] Undefined index:  THINK_uid /home/wwwroot/www.jobme.cn/Framework/Extend/Library/ORG/Util/Cookie.class.php 第 32 行.
NOTIC: [8] Undefined index:  THINK_pid /home/wwwroot/www.jobme.cn/Framework/Extend/Library/ORG/Util/Cookie.class.php 第 32 行.
NOTIC: [8] Undefined index:  THINK_level /home/wwwroot/www.jobme.cn/Framework/Extend/Library/ORG/Util/Cookie.class.php 第 32 行.
NOTIC: [8] Undefined index:  THINK_type /home/wwwroot/www.jobme.cn/Framework/Extend/Library/ORG/Util/Cookie.class.php 第 32 行.
NOTIC: [8] Undefined index:  THINK_department /home/wwwroot/www.jobme.cn/Framework/Extend/Library/ORG/Util/Cookie.class.php 第 32 行.
NOTIC: [8] Undefined index:  THINK_role_id /home/wwwroot/www.jobme.cn/Framework/Extend/Library/ORG/Util/Cookie.class.php 第 32 行.
NOTIC: [8] Undefined index:  THINK_permission_tile /home/wwwroot/www.jobme.cn/Framework/Extend/Library/ORG/Util/Cookie.class.php 第 32 行.
NOTIC: [8] Undefined index:  THINK_permission /home/wwwroot/www.jobme.cn/Framework/Extend/Library/ORG/Util/Cookie.class.php 第 32 行.
NOTIC: [8] Undefined variable: public_arr /home/wwwroot/www.jobme.cn/App/Lib/Action/LoginAction.class.php 第 41 行.
SQL: SHOW COLUMNS FROM `eking_user` [ RunTime:0.000686s ]
NOTIC: [8] Undefined index:  THINK_uid /home/wwwroot/www.jobme.cn/Framework/Extend/Library/ORG/Util/Cookie.class.php 第 32 行.
INFO: [ view_template ] --START--
INFO: Run LocationTemplate Behavior [ RunTime:0.000180s ]
INFO: [ view_template ] --END-- [ RunTime:0.000234s ]
INFO: [ view_parse ] --START--
INFO: Run ParseTemplate Behavior [ RunTime:0.006512s ]
INFO: [ view_parse ] --END-- [ RunTime:0.006568s ]
INFO: [ view_filter ] --START--
INFO: Run ContentReplace Behavior [ RunTime:0.000221s ]
INFO: Run TokenBuild Behavior [ RunTime:0.000215s ]
INFO: Run WriteHtmlCache Behavior [ RunTime:0.000118s ]
INFO: Run ShowRuntime Behavior [ RunTime:0.000286s ]
INFO: [ view_filter ] --END-- [ RunTime:0.000989s ]
INFO: [ view_end ] --START--
INFO: Run ShowPageTrace Behavior [ RunTime:0.000366s ]
INFO: [ view_end ] --END-- [ RunTime:0.000418s ]

[ 2013-09-11T17:32:40+08:00 ] 220.181.127.126 /
INFO: [ app_begin ] --START--
INFO: Run ReadHtmlCache Behavior [ RunTime:0.000348s ]
INFO: [ app_begin ] --END-- [ RunTime:0.000412s ]
NOTIC: [8] Undefined index:  ajax /home/wwwroot/www.jobme.cn/App/Lib/Action/GlAction.class.php 第 18 行.
NOTIC: [8] Undefined index:  id /home/wwwroot/www.jobme.cn/App/Lib/Action/GlAction.class.php 第 19 行.
SQL: SHOW COLUMNS FROM `eking_index` [ RunTime:0.000264s ]
ERR: Table 'erpking.eking_index' doesn't exist
 [ SQL语句 ] : SHOW COLUMNS FROM `eking_index`
NOTIC: [8] Undefined index:  json /home/wwwroot/www.jobme.cn/includes/array.php 第 218 行.
NOTIC: [8] Undefined index:  THINK_username /home/wwwroot/www.jobme.cn/Framework/Extend/Library/ORG/Util/Cookie.class.php 第 32 行.
NOTIC: [8] Undefined index:  THINK_uid /home/wwwroot/www.jobme.cn/Framework/Extend/Library/ORG/Util/Cookie.class.php 第 32 行.
NOTIC: [8] Undefined index:  THINK_pid /home/wwwroot/www.jobme.cn/Framework/Extend/Library/ORG/Util/Cookie.class.php 第 32 行.
NOTIC: [8] Undefined index:  THINK_level /home/wwwroot/www.jobme.cn/Framework/Extend/Library/ORG/Util/Cookie.class.php 第 32 行.
NOTIC: [8] Undefined index:  THINK_post /home/wwwroot/www.jobme.cn/Framework/Extend/Library/ORG/Util/Cookie.class.php 第 32 行.
NOTIC: [8] Undefined index:  THINK_type /home/wwwroot/www.jobme.cn/Framework/Extend/Library/ORG/Util/Cookie.class.php 第 32 行.
NOTIC: [8] Undefined index:  THINK_department /home/wwwroot/www.jobme.cn/Framework/Extend/Library/ORG/Util/Cookie.class.php 第 32 行.
NOTIC: [8] Undefined index:  THINK_role_id /home/wwwroot/www.jobme.cn/Framework/Extend/Library/ORG/Util/Cookie.class.php 第 32 行.
NOTIC: [8] Undefined index:  THINK_realname /home/wwwroot/www.jobme.cn/Framework/Extend/Library/ORG/Util/Cookie.class.php 第 32 行.
NOTIC: [8] Undefined index:  THINK_permission_tile /home/wwwroot/www.jobme.cn/Framework/Extend/Library/ORG/Util/Cookie.class.php 第 32 行.
NOTIC: [8] Undefined index:  THINK_permission /home/wwwroot/www.jobme.cn/Framework/Extend/Library/ORG/Util/Cookie.class.php 第 32 行.
SQL: SHOW COLUMNS FROM `eking_persona` [ RunTime:0.000398s ]
SQL: SELECT * FROM `eking_persona` WHERE ( comid= ) ORDER BY id asc  [ RunTime:0.000072s ]
ERR: You have an error in your SQL syntax; check the manual that corresponds to your MySQL server version for the right syntax to use near ') ORDER BY id asc' at line 1
 [ SQL语句 ] : SELECT * FROM `eking_persona` WHERE ( comid= ) ORDER BY id asc 
NOTIC: [2] Invalid argument supplied for foreach() /home/wwwroot/www.jobme.cn/App/Lib/Action/GlAction.class.php 第 62 行.
NOTIC: [8] Undefined variable: nt /home/wwwroot/www.jobme.cn/App/Lib/Action/GlAction.class.php 第 66 行.
NOTIC: [8] Undefined variable: nt /home/wwwroot/www.jobme.cn/App/Lib/Action/GlAction.class.php 第 67 行.
SQL: SHOW COLUMNS FROM `eking_usermsg` [ RunTime:0.000379s ]
SQL: SELECT COUNT(*) AS tp_count FROM `eking_usermsg` WHERE ( toid= and status=0 ) LIMIT 1   [ RunTime:0.000068s ]
ERR: You have an error in your SQL syntax; check the manual that corresponds to your MySQL server version for the right syntax to use near 'and status=0 ) LIMIT 1' at line 1
 [ SQL语句 ] : SELECT COUNT(*) AS tp_count FROM `eking_usermsg` WHERE ( toid= and status=0 ) LIMIT 1  
SQL: SHOW COLUMNS FROM `eking_sinform` [ RunTime:0.000347s ]
SQL: SELECT COUNT(*) AS tp_count FROM `eking_sinform` WHERE ( to_uid= and `read`=0 ) LIMIT 1   [ RunTime:0.000066s ]
ERR: You have an error in your SQL syntax; check the manual that corresponds to your MySQL server version for the right syntax to use near 'and `read`=0 ) LIMIT 1' at line 1
 [ SQL语句 ] : SELECT COUNT(*) AS tp_count FROM `eking_sinform` WHERE ( to_uid= and `read`=0 ) LIMIT 1  
NOTIC: [8] Undefined index:  THINK_uid /home/wwwroot/www.jobme.cn/Framework/Extend/Library/ORG/Util/Cookie.class.php 第 32 行.

[ 2013-09-11T17:33:32+08:00 ] 220.181.132.17 /Login
INFO: [ route_check ] --START--
INFO: Run CheckRoute Behavior [ RunTime:0.000534s ]
INFO: [ route_check ] --END-- [ RunTime:0.000600s ]
INFO: [ app_begin ] --START--
INFO: Run ReadHtmlCache Behavior [ RunTime:0.000324s ]
INFO: [ app_begin ] --END-- [ RunTime:0.000378s ]
NOTIC: [8] Undefined index:  THINK_username /home/wwwroot/www.jobme.cn/Framework/Extend/Library/ORG/Util/Cookie.class.php 第 32 行.
NOTIC: [8] Undefined index:  THINK_uid /home/wwwroot/www.jobme.cn/Framework/Extend/Library/ORG/Util/Cookie.class.php 第 32 行.
NOTIC: [8] Undefined index:  THINK_pid /home/wwwroot/www.jobme.cn/Framework/Extend/Library/ORG/Util/Cookie.class.php 第 32 行.
NOTIC: [8] Undefined index:  THINK_level /home/wwwroot/www.jobme.cn/Framework/Extend/Library/ORG/Util/Cookie.class.php 第 32 行.
NOTIC: [8] Undefined index:  THINK_type /home/wwwroot/www.jobme.cn/Framework/Extend/Library/ORG/Util/Cookie.class.php 第 32 行.
NOTIC: [8] Undefined index:  THINK_department /home/wwwroot/www.jobme.cn/Framework/Extend/Library/ORG/Util/Cookie.class.php 第 32 行.
NOTIC: [8] Undefined index:  THINK_role_id /home/wwwroot/www.jobme.cn/Framework/Extend/Library/ORG/Util/Cookie.class.php 第 32 行.
NOTIC: [8] Undefined index:  THINK_permission_tile /home/wwwroot/www.jobme.cn/Framework/Extend/Library/ORG/Util/Cookie.class.php 第 32 行.
NOTIC: [8] Undefined index:  THINK_permission /home/wwwroot/www.jobme.cn/Framework/Extend/Library/ORG/Util/Cookie.class.php 第 32 行.
NOTIC: [8] Undefined variable: public_arr /home/wwwroot/www.jobme.cn/App/Lib/Action/LoginAction.class.php 第 41 行.
SQL: SHOW COLUMNS FROM `eking_user` [ RunTime:0.000735s ]
NOTIC: [8] Undefined index:  THINK_uid /home/wwwroot/www.jobme.cn/Framework/Extend/Library/ORG/Util/Cookie.class.php 第 32 行.
INFO: [ view_template ] --START--
INFO: Run LocationTemplate Behavior [ RunTime:0.000178s ]
INFO: [ view_template ] --END-- [ RunTime:0.000232s ]
INFO: [ view_parse ] --START--
INFO: Run ParseTemplate Behavior [ RunTime:0.006395s ]
INFO: [ view_parse ] --END-- [ RunTime:0.006451s ]
INFO: [ view_filter ] --START--
INFO: Run ContentReplace Behavior [ RunTime:0.000237s ]
INFO: Run TokenBuild Behavior [ RunTime:0.000215s ]
INFO: Run WriteHtmlCache Behavior [ RunTime:0.000118s ]
INFO: Run ShowRuntime Behavior [ RunTime:0.000267s ]
INFO: [ view_filter ] --END-- [ RunTime:0.000985s ]
INFO: [ view_end ] --START--
INFO: Run ShowPageTrace Behavior [ RunTime:0.000385s ]
INFO: [ view_end ] --END-- [ RunTime:0.000437s ]

[ 2013-09-11T18:00:29+08:00 ] 114.245.198.178 /
INFO: [ app_begin ] --START--
INFO: Run ReadHtmlCache Behavior [ RunTime:0.000337s ]
INFO: [ app_begin ] --END-- [ RunTime:0.000401s ]
NOTIC: [8] Undefined index:  ajax /home/wwwroot/www.jobme.cn/App/Lib/Action/GlAction.class.php 第 18 行.
NOTIC: [8] Undefined index:  id /home/wwwroot/www.jobme.cn/App/Lib/Action/GlAction.class.php 第 19 行.
SQL: SHOW COLUMNS FROM `eking_index` [ RunTime:0.000267s ]
ERR: Table 'erpking.eking_index' doesn't exist
 [ SQL语句 ] : SHOW COLUMNS FROM `eking_index`
NOTIC: [8] Undefined index:  json /home/wwwroot/www.jobme.cn/includes/array.php 第 218 行.
NOTIC: [8] Undefined index:  THINK_username /home/wwwroot/www.jobme.cn/Framework/Extend/Library/ORG/Util/Cookie.class.php 第 32 行.
NOTIC: [8] Undefined index:  THINK_uid /home/wwwroot/www.jobme.cn/Framework/Extend/Library/ORG/Util/Cookie.class.php 第 32 行.
NOTIC: [8] Undefined index:  THINK_pid /home/wwwroot/www.jobme.cn/Framework/Extend/Library/ORG/Util/Cookie.class.php 第 32 行.
NOTIC: [8] Undefined index:  THINK_level /home/wwwroot/www.jobme.cn/Framework/Extend/Library/ORG/Util/Cookie.class.php 第 32 行.
NOTIC: [8] Undefined index:  THINK_post /home/wwwroot/www.jobme.cn/Framework/Extend/Library/ORG/Util/Cookie.class.php 第 32 行.
NOTIC: [8] Undefined index:  THINK_type /home/wwwroot/www.jobme.cn/Framework/Extend/Library/ORG/Util/Cookie.class.php 第 32 行.
NOTIC: [8] Undefined index:  THINK_department /home/wwwroot/www.jobme.cn/Framework/Extend/Library/ORG/Util/Cookie.class.php 第 32 行.
NOTIC: [8] Undefined index:  THINK_role_id /home/wwwroot/www.jobme.cn/Framework/Extend/Library/ORG/Util/Cookie.class.php 第 32 行.
NOTIC: [8] Undefined index:  THINK_realname /home/wwwroot/www.jobme.cn/Framework/Extend/Library/ORG/Util/Cookie.class.php 第 32 行.
NOTIC: [8] Undefined index:  THINK_permission_tile /home/wwwroot/www.jobme.cn/Framework/Extend/Library/ORG/Util/Cookie.class.php 第 32 行.
NOTIC: [8] Undefined index:  THINK_permission /home/wwwroot/www.jobme.cn/Framework/Extend/Library/ORG/Util/Cookie.class.php 第 32 行.
SQL: SHOW COLUMNS FROM `eking_persona` [ RunTime:0.000414s ]
SQL: SELECT * FROM `eking_persona` WHERE ( comid= ) ORDER BY id asc  [ RunTime:0.000064s ]
ERR: You have an error in your SQL syntax; check the manual that corresponds to your MySQL server version for the right syntax to use near ') ORDER BY id asc' at line 1
 [ SQL语句 ] : SELECT * FROM `eking_persona` WHERE ( comid= ) ORDER BY id asc 
NOTIC: [2] Invalid argument supplied for foreach() /home/wwwroot/www.jobme.cn/App/Lib/Action/GlAction.class.php 第 62 行.
NOTIC: [8] Undefined variable: nt /home/wwwroot/www.jobme.cn/App/Lib/Action/GlAction.class.php 第 66 行.
NOTIC: [8] Undefined variable: nt /home/wwwroot/www.jobme.cn/App/Lib/Action/GlAction.class.php 第 67 行.
SQL: SHOW COLUMNS FROM `eking_usermsg` [ RunTime:0.000384s ]
SQL: SELECT COUNT(*) AS tp_count FROM `eking_usermsg` WHERE ( toid= and status=0 ) LIMIT 1   [ RunTime:0.000068s ]
ERR: You have an error in your SQL syntax; check the manual that corresponds to your MySQL server version for the right syntax to use near 'and status=0 ) LIMIT 1' at line 1
 [ SQL语句 ] : SELECT COUNT(*) AS tp_count FROM `eking_usermsg` WHERE ( toid= and status=0 ) LIMIT 1  
SQL: SHOW COLUMNS FROM `eking_sinform` [ RunTime:0.000332s ]
SQL: SELECT COUNT(*) AS tp_count FROM `eking_sinform` WHERE ( to_uid= and `read`=0 ) LIMIT 1   [ RunTime:0.000066s ]
ERR: You have an error in your SQL syntax; check the manual that corresponds to your MySQL server version for the right syntax to use near 'and `read`=0 ) LIMIT 1' at line 1
 [ SQL语句 ] : SELECT COUNT(*) AS tp_count FROM `eking_sinform` WHERE ( to_uid= and `read`=0 ) LIMIT 1  
NOTIC: [8] Undefined index:  THINK_uid /home/wwwroot/www.jobme.cn/Framework/Extend/Library/ORG/Util/Cookie.class.php 第 32 行.

[ 2013-09-11T18:00:29+08:00 ] 114.245.198.178 /Login
INFO: [ route_check ] --START--
INFO: Run CheckRoute Behavior [ RunTime:0.000539s ]
INFO: [ route_check ] --END-- [ RunTime:0.000600s ]
INFO: [ app_begin ] --START--
INFO: Run ReadHtmlCache Behavior [ RunTime:0.000327s ]
INFO: [ app_begin ] --END-- [ RunTime:0.000396s ]
NOTIC: [8] Undefined index:  THINK_username /home/wwwroot/www.jobme.cn/Framework/Extend/Library/ORG/Util/Cookie.class.php 第 32 行.
NOTIC: [8] Undefined index:  THINK_uid /home/wwwroot/www.jobme.cn/Framework/Extend/Library/ORG/Util/Cookie.class.php 第 32 行.
NOTIC: [8] Undefined index:  THINK_pid /home/wwwroot/www.jobme.cn/Framework/Extend/Library/ORG/Util/Cookie.class.php 第 32 行.
NOTIC: [8] Undefined index:  THINK_level /home/wwwroot/www.jobme.cn/Framework/Extend/Library/ORG/Util/Cookie.class.php 第 32 行.
NOTIC: [8] Undefined index:  THINK_type /home/wwwroot/www.jobme.cn/Framework/Extend/Library/ORG/Util/Cookie.class.php 第 32 行.
NOTIC: [8] Undefined index:  THINK_department /home/wwwroot/www.jobme.cn/Framework/Extend/Library/ORG/Util/Cookie.class.php 第 32 行.
NOTIC: [8] Undefined index:  THINK_role_id /home/wwwroot/www.jobme.cn/Framework/Extend/Library/ORG/Util/Cookie.class.php 第 32 行.
NOTIC: [8] Undefined index:  THINK_permission_tile /home/wwwroot/www.jobme.cn/Framework/Extend/Library/ORG/Util/Cookie.class.php 第 32 行.
NOTIC: [8] Undefined index:  THINK_permission /home/wwwroot/www.jobme.cn/Framework/Extend/Library/ORG/Util/Cookie.class.php 第 32 行.
NOTIC: [8] Undefined variable: public_arr /home/wwwroot/www.jobme.cn/App/Lib/Action/LoginAction.class.php 第 41 行.
SQL: SHOW COLUMNS FROM `eking_user` [ RunTime:0.000709s ]
NOTIC: [8] Undefined index:  THINK_uid /home/wwwroot/www.jobme.cn/Framework/Extend/Library/ORG/Util/Cookie.class.php 第 32 行.
INFO: [ view_template ] --START--
INFO: Run LocationTemplate Behavior [ RunTime:0.000178s ]
INFO: [ view_template ] --END-- [ RunTime:0.000232s ]
INFO: [ view_parse ] --START--
INFO: Run ParseTemplate Behavior [ RunTime:0.006620s ]
INFO: [ view_parse ] --END-- [ RunTime:0.006675s ]
INFO: [ view_filter ] --START--
INFO: Run ContentReplace Behavior [ RunTime:0.000218s ]
INFO: Run TokenBuild Behavior [ RunTime:0.000231s ]
INFO: Run WriteHtmlCache Behavior [ RunTime:0.000119s ]
INFO: Run ShowRuntime Behavior [ RunTime:0.000269s ]
INFO: [ view_filter ] --END-- [ RunTime:0.000985s ]
INFO: [ view_end ] --START--
INFO: Run ShowPageTrace Behavior [ RunTime:0.000383s ]
INFO: [ view_end ] --END-- [ RunTime:0.000435s ]

[ 2013-09-11T18:00:30+08:00 ] ERR: (ThinkException) 无法加载模块:favicon
[ 2013-09-11T19:41:05+08:00 ] 183.60.243.240 /
INFO: [ app_begin ] --START--
INFO: Run ReadHtmlCache Behavior [ RunTime:0.000349s ]
INFO: [ app_begin ] --END-- [ RunTime:0.000415s ]
NOTIC: [8] Undefined index:  ajax /home/wwwroot/www.jobme.cn/App/Lib/Action/GlAction.class.php 第 18 行.
NOTIC: [8] Undefined index:  id /home/wwwroot/www.jobme.cn/App/Lib/Action/GlAction.class.php 第 19 行.
SQL: SHOW COLUMNS FROM `eking_index` [ RunTime:0.000266s ]
ERR: Table 'erpking.eking_index' doesn't exist
 [ SQL语句 ] : SHOW COLUMNS FROM `eking_index`
NOTIC: [8] Undefined index:  json /home/wwwroot/www.jobme.cn/includes/array.php 第 218 行.
NOTIC: [8] Undefined index:  THINK_username /home/wwwroot/www.jobme.cn/Framework/Extend/Library/ORG/Util/Cookie.class.php 第 32 行.
NOTIC: [8] Undefined index:  THINK_uid /home/wwwroot/www.jobme.cn/Framework/Extend/Library/ORG/Util/Cookie.class.php 第 32 行.
NOTIC: [8] Undefined index:  THINK_pid /home/wwwroot/www.jobme.cn/Framework/Extend/Library/ORG/Util/Cookie.class.php 第 32 行.
NOTIC: [8] Undefined index:  THINK_level /home/wwwroot/www.jobme.cn/Framework/Extend/Library/ORG/Util/Cookie.class.php 第 32 行.
NOTIC: [8] Undefined index:  THINK_post /home/wwwroot/www.jobme.cn/Framework/Extend/Library/ORG/Util/Cookie.class.php 第 32 行.
NOTIC: [8] Undefined index:  THINK_type /home/wwwroot/www.jobme.cn/Framework/Extend/Library/ORG/Util/Cookie.class.php 第 32 行.
NOTIC: [8] Undefined index:  THINK_department /home/wwwroot/www.jobme.cn/Framework/Extend/Library/ORG/Util/Cookie.class.php 第 32 行.
NOTIC: [8] Undefined index:  THINK_role_id /home/wwwroot/www.jobme.cn/Framework/Extend/Library/ORG/Util/Cookie.class.php 第 32 行.
NOTIC: [8] Undefined index:  THINK_realname /home/wwwroot/www.jobme.cn/Framework/Extend/Library/ORG/Util/Cookie.class.php 第 32 行.
NOTIC: [8] Undefined index:  THINK_permission_tile /home/wwwroot/www.jobme.cn/Framework/Extend/Library/ORG/Util/Cookie.class.php 第 32 行.
NOTIC: [8] Undefined index:  THINK_permission /home/wwwroot/www.jobme.cn/Framework/Extend/Library/ORG/Util/Cookie.class.php 第 32 行.
SQL: SHOW COLUMNS FROM `eking_persona` [ RunTime:0.000407s ]
SQL: SELECT * FROM `eking_persona` WHERE ( comid= ) ORDER BY id asc  [ RunTime:0.000064s ]
ERR: You have an error in your SQL syntax; check the manual that corresponds to your MySQL server version for the right syntax to use near ') ORDER BY id asc' at line 1
 [ SQL语句 ] : SELECT * FROM `eking_persona` WHERE ( comid= ) ORDER BY id asc 
NOTIC: [2] Invalid argument supplied for foreach() /home/wwwroot/www.jobme.cn/App/Lib/Action/GlAction.class.php 第 62 行.
NOTIC: [8] Undefined variable: nt /home/wwwroot/www.jobme.cn/App/Lib/Action/GlAction.class.php 第 66 行.
NOTIC: [8] Undefined variable: nt /home/wwwroot/www.jobme.cn/App/Lib/Action/GlAction.class.php 第 67 行.
SQL: SHOW COLUMNS FROM `eking_usermsg` [ RunTime:0.000380s ]
SQL: SELECT COUNT(*) AS tp_count FROM `eking_usermsg` WHERE ( toid= and status=0 ) LIMIT 1   [ RunTime:0.000069s ]
ERR: You have an error in your SQL syntax; check the manual that corresponds to your MySQL server version for the right syntax to use near 'and status=0 ) LIMIT 1' at line 1
 [ SQL语句 ] : SELECT COUNT(*) AS tp_count FROM `eking_usermsg` WHERE ( toid= and status=0 ) LIMIT 1  
SQL: SHOW COLUMNS FROM `eking_sinform` [ RunTime:0.000352s ]
SQL: SELECT COUNT(*) AS tp_count FROM `eking_sinform` WHERE ( to_uid= and `read`=0 ) LIMIT 1   [ RunTime:0.000066s ]
ERR: You have an error in your SQL syntax; check the manual that corresponds to your MySQL server version for the right syntax to use near 'and `read`=0 ) LIMIT 1' at line 1
 [ SQL语句 ] : SELECT COUNT(*) AS tp_count FROM `eking_sinform` WHERE ( to_uid= and `read`=0 ) LIMIT 1  
NOTIC: [8] Undefined index:  THINK_uid /home/wwwroot/www.jobme.cn/Framework/Extend/Library/ORG/Util/Cookie.class.php 第 32 行.

[ 2013-09-11T19:41:05+08:00 ] 183.60.243.240 /Login
INFO: [ route_check ] --START--
INFO: Run CheckRoute Behavior [ RunTime:0.000552s ]
INFO: [ route_check ] --END-- [ RunTime:0.000615s ]
INFO: [ app_begin ] --START--
INFO: Run ReadHtmlCache Behavior [ RunTime:0.000324s ]
INFO: [ app_begin ] --END-- [ RunTime:0.000379s ]
NOTIC: [8] Undefined index:  THINK_username /home/wwwroot/www.jobme.cn/Framework/Extend/Library/ORG/Util/Cookie.class.php 第 32 行.
NOTIC: [8] Undefined index:  THINK_uid /home/wwwroot/www.jobme.cn/Framework/Extend/Library/ORG/Util/Cookie.class.php 第 32 行.
NOTIC: [8] Undefined index:  THINK_pid /home/wwwroot/www.jobme.cn/Framework/Extend/Library/ORG/Util/Cookie.class.php 第 32 行.
NOTIC: [8] Undefined index:  THINK_level /home/wwwroot/www.jobme.cn/Framework/Extend/Library/ORG/Util/Cookie.class.php 第 32 行.
NOTIC: [8] Undefined index:  THINK_type /home/wwwroot/www.jobme.cn/Framework/Extend/Library/ORG/Util/Cookie.class.php 第 32 行.
NOTIC: [8] Undefined index:  THINK_department /home/wwwroot/www.jobme.cn/Framework/Extend/Library/ORG/Util/Cookie.class.php 第 32 行.
NOTIC: [8] Undefined index:  THINK_role_id /home/wwwroot/www.jobme.cn/Framework/Extend/Library/ORG/Util/Cookie.class.php 第 32 行.
NOTIC: [8] Undefined index:  THINK_permission_tile /home/wwwroot/www.jobme.cn/Framework/Extend/Library/ORG/Util/Cookie.class.php 第 32 行.
NOTIC: [8] Undefined index:  THINK_permission /home/wwwroot/www.jobme.cn/Framework/Extend/Library/ORG/Util/Cookie.class.php 第 32 行.
NOTIC: [8] Undefined variable: public_arr /home/wwwroot/www.jobme.cn/App/Lib/Action/LoginAction.class.php 第 41 行.
SQL: SHOW COLUMNS FROM `eking_user` [ RunTime:0.000695s ]
NOTIC: [8] Undefined index:  THINK_uid /home/wwwroot/www.jobme.cn/Framework/Extend/Library/ORG/Util/Cookie.class.php 第 32 行.
INFO: [ view_template ] --START--
INFO: Run LocationTemplate Behavior [ RunTime:0.000178s ]
INFO: [ view_template ] --END-- [ RunTime:0.000230s ]
INFO: [ view_parse ] --START--
INFO: Run ParseTemplate Behavior [ RunTime:0.006362s ]
INFO: [ view_parse ] --END-- [ RunTime:0.006419s ]
INFO: [ view_filter ] --START--
INFO: Run ContentReplace Behavior [ RunTime:0.000221s ]
INFO: Run TokenBuild Behavior [ RunTime:0.000213s ]
INFO: Run WriteHtmlCache Behavior [ RunTime:0.000117s ]
INFO: Run ShowRuntime Behavior [ RunTime:0.000269s ]
INFO: [ view_filter ] --END-- [ RunTime:0.000985s ]
INFO: [ view_end ] --START--
INFO: Run ShowPageTrace Behavior [ RunTime:0.000370s ]
INFO: [ view_end ] --END-- [ RunTime:0.000422s ]

[ 2013-09-11T20:27:43+08:00 ] 183.60.243.242 /
INFO: [ app_begin ] --START--
INFO: Run ReadHtmlCache Behavior [ RunTime:0.000336s ]
INFO: [ app_begin ] --END-- [ RunTime:0.000403s ]
NOTIC: [8] Undefined index:  ajax /home/wwwroot/www.jobme.cn/App/Lib/Action/GlAction.class.php 第 18 行.
NOTIC: [8] Undefined index:  id /home/wwwroot/www.jobme.cn/App/Lib/Action/GlAction.class.php 第 19 行.
SQL: SHOW COLUMNS FROM `eking_index` [ RunTime:0.001508s ]
ERR: Table 'erpking.eking_index' doesn't exist
 [ SQL语句 ] : SHOW COLUMNS FROM `eking_index`
NOTIC: [8] Undefined index:  json /home/wwwroot/www.jobme.cn/includes/array.php 第 218 行.
NOTIC: [8] Undefined index:  THINK_username /home/wwwroot/www.jobme.cn/Framework/Extend/Library/ORG/Util/Cookie.class.php 第 32 行.
NOTIC: [8] Undefined index:  THINK_uid /home/wwwroot/www.jobme.cn/Framework/Extend/Library/ORG/Util/Cookie.class.php 第 32 行.
NOTIC: [8] Undefined index:  THINK_pid /home/wwwroot/www.jobme.cn/Framework/Extend/Library/ORG/Util/Cookie.class.php 第 32 行.
NOTIC: [8] Undefined index:  THINK_level /home/wwwroot/www.jobme.cn/Framework/Extend/Library/ORG/Util/Cookie.class.php 第 32 行.
NOTIC: [8] Undefined index:  THINK_post /home/wwwroot/www.jobme.cn/Framework/Extend/Library/ORG/Util/Cookie.class.php 第 32 行.
NOTIC: [8] Undefined index:  THINK_type /home/wwwroot/www.jobme.cn/Framework/Extend/Library/ORG/Util/Cookie.class.php 第 32 行.
NOTIC: [8] Undefined index:  THINK_department /home/wwwroot/www.jobme.cn/Framework/Extend/Library/ORG/Util/Cookie.class.php 第 32 行.
NOTIC: [8] Undefined index:  THINK_role_id /home/wwwroot/www.jobme.cn/Framework/Extend/Library/ORG/Util/Cookie.class.php 第 32 行.
NOTIC: [8] Undefined index:  THINK_realname /home/wwwroot/www.jobme.cn/Framework/Extend/Library/ORG/Util/Cookie.class.php 第 32 行.
NOTIC: [8] Undefined index:  THINK_permission_tile /home/wwwroot/www.jobme.cn/Framework/Extend/Library/ORG/Util/Cookie.class.php 第 32 行.
NOTIC: [8] Undefined index:  THINK_permission /home/wwwroot/www.jobme.cn/Framework/Extend/Library/ORG/Util/Cookie.class.php 第 32 行.
SQL: SHOW COLUMNS FROM `eking_persona` [ RunTime:0.000427s ]
SQL: SELECT * FROM `eking_persona` WHERE ( comid= ) ORDER BY id asc  [ RunTime:0.000067s ]
ERR: You have an error in your SQL syntax; check the manual that corresponds to your MySQL server version for the right syntax to use near ') ORDER BY id asc' at line 1
 [ SQL语句 ] : SELECT * FROM `eking_persona` WHERE ( comid= ) ORDER BY id asc 
NOTIC: [2] Invalid argument supplied for foreach() /home/wwwroot/www.jobme.cn/App/Lib/Action/GlAction.class.php 第 62 行.
NOTIC: [8] Undefined variable: nt /home/wwwroot/www.jobme.cn/App/Lib/Action/GlAction.class.php 第 66 行.
NOTIC: [8] Undefined variable: nt /home/wwwroot/www.jobme.cn/App/Lib/Action/GlAction.class.php 第 67 行.
SQL: SHOW COLUMNS FROM `eking_usermsg` [ RunTime:0.000671s ]
SQL: SELECT COUNT(*) AS tp_count FROM `eking_usermsg` WHERE ( toid= and status=0 ) LIMIT 1   [ RunTime:0.000149s ]
ERR: You have an error in your SQL syntax; check the manual that corresponds to your MySQL server version for the right syntax to use near 'and status=0 ) LIMIT 1' at line 1
 [ SQL语句 ] : SELECT COUNT(*) AS tp_count FROM `eking_usermsg` WHERE ( toid= and status=0 ) LIMIT 1  
SQL: SHOW COLUMNS FROM `eking_sinform` [ RunTime:0.000880s ]
SQL: SELECT COUNT(*) AS tp_count FROM `eking_sinform` WHERE ( to_uid= and `read`=0 ) LIMIT 1   [ RunTime:0.000067s ]
ERR: You have an error in your SQL syntax; check the manual that corresponds to your MySQL server version for the right syntax to use near 'and `read`=0 ) LIMIT 1' at line 1
 [ SQL语句 ] : SELECT COUNT(*) AS tp_count FROM `eking_sinform` WHERE ( to_uid= and `read`=0 ) LIMIT 1  
NOTIC: [8] Undefined index:  THINK_uid /home/wwwroot/www.jobme.cn/Framework/Extend/Library/ORG/Util/Cookie.class.php 第 32 行.

[ 2013-09-11T20:27:43+08:00 ] 183.60.243.242 /Login
INFO: [ route_check ] --START--
INFO: Run CheckRoute Behavior [ RunTime:0.000553s ]
INFO: [ route_check ] --END-- [ RunTime:0.000619s ]
INFO: [ app_begin ] --START--
INFO: Run ReadHtmlCache Behavior [ RunTime:0.000325s ]
INFO: [ app_begin ] --END-- [ RunTime:0.000395s ]
NOTIC: [8] Undefined index:  THINK_username /home/wwwroot/www.jobme.cn/Framework/Extend/Library/ORG/Util/Cookie.class.php 第 32 行.
NOTIC: [8] Undefined index:  THINK_uid /home/wwwroot/www.jobme.cn/Framework/Extend/Library/ORG/Util/Cookie.class.php 第 32 行.
NOTIC: [8] Undefined index:  THINK_pid /home/wwwroot/www.jobme.cn/Framework/Extend/Library/ORG/Util/Cookie.class.php 第 32 行.
NOTIC: [8] Undefined index:  THINK_level /home/wwwroot/www.jobme.cn/Framework/Extend/Library/ORG/Util/Cookie.class.php 第 32 行.
NOTIC: [8] Undefined index:  THINK_type /home/wwwroot/www.jobme.cn/Framework/Extend/Library/ORG/Util/Cookie.class.php 第 32 行.
NOTIC: [8] Undefined index:  THINK_department /home/wwwroot/www.jobme.cn/Framework/Extend/Library/ORG/Util/Cookie.class.php 第 32 行.
NOTIC: [8] Undefined index:  THINK_role_id /home/wwwroot/www.jobme.cn/Framework/Extend/Library/ORG/Util/Cookie.class.php 第 32 行.
NOTIC: [8] Undefined index:  THINK_permission_tile /home/wwwroot/www.jobme.cn/Framework/Extend/Library/ORG/Util/Cookie.class.php 第 32 行.
NOTIC: [8] Undefined index:  THINK_permission /home/wwwroot/www.jobme.cn/Framework/Extend/Library/ORG/Util/Cookie.class.php 第 32 行.
NOTIC: [8] Undefined variable: public_arr /home/wwwroot/www.jobme.cn/App/Lib/Action/LoginAction.class.php 第 41 行.
SQL: SHOW COLUMNS FROM `eking_user` [ RunTime:0.000740s ]
NOTIC: [8] Undefined index:  THINK_uid /home/wwwroot/www.jobme.cn/Framework/Extend/Library/ORG/Util/Cookie.class.php 第 32 行.
INFO: [ view_template ] --START--
INFO: Run LocationTemplate Behavior [ RunTime:0.000178s ]
INFO: [ view_template ] --END-- [ RunTime:0.000231s ]
INFO: [ view_parse ] --START--
INFO: Run ParseTemplate Behavior [ RunTime:0.006410s ]
INFO: [ view_parse ] --END-- [ RunTime:0.006466s ]
INFO: [ view_filter ] --START--
INFO: Run ContentReplace Behavior [ RunTime:0.000220s ]
INFO: Run TokenBuild Behavior [ RunTime:0.000213s ]
INFO: Run WriteHtmlCache Behavior [ RunTime:0.000135s ]
INFO: Run ShowRuntime Behavior [ RunTime:0.000270s ]
INFO: [ view_filter ] --END-- [ RunTime:0.000987s ]
INFO: [ view_end ] --START--
INFO: Run ShowPageTrace Behavior [ RunTime:0.000369s ]
INFO: [ view_end ] --END-- [ RunTime:0.000509s ]

