[ 2013-05-13T00:22:30+08:00 ] 218.241.98.203 /
INFO: [ app_begin ] --START--
INFO: Run ReadHtmlCache Behavior [ RunTime:0.000384s ]
INFO: [ app_begin ] --END-- [ RunTime:0.000483s ]
NOTIC: [8] Undefined index:  ajax /home/wwwroot/app.jobmedia.cn/App/Lib/Action/GlAction.class.php 第 17 行.
NOTIC: [8] Undefined index:  id /home/wwwroot/app.jobmedia.cn/App/Lib/Action/GlAction.class.php 第 18 行.
SQL: SHOW COLUMNS FROM `eking_index` [ RunTime:0.000315s ]
ERR: Table 'erpking.eking_index' doesn't exist
 [ SQL语句 ] : SHOW COLUMNS FROM `eking_index`
NOTIC: [8] Undefined index:  json /home/wwwroot/app.jobmedia.cn/includes/array.php 第 174 行.
NOTIC: [8] Undefined index:  THINK_uname /home/wwwroot/app.jobmedia.cn/Framework/Extend/Library/ORG/Util/Cookie.class.php 第 32 行.
NOTIC: [8] Undefined index:  THINK_uid /home/wwwroot/app.jobmedia.cn/Framework/Extend/Library/ORG/Util/Cookie.class.php 第 32 行.
NOTIC: [8] Undefined index:  THINK_consultant /home/wwwroot/app.jobmedia.cn/Framework/Extend/Library/ORG/Util/Cookie.class.php 第 32 行.
NOTIC: [8] Undefined index:  THINK_face /home/wwwroot/app.jobmedia.cn/Framework/Extend/Library/ORG/Util/Cookie.class.php 第 32 行.
NOTIC: [8] Undefined index:  THINK_group /home/wwwroot/app.jobmedia.cn/Framework/Extend/Library/ORG/Util/Cookie.class.php 第 32 行.
NOTIC: [8] Undefined index:  THINK_role_id /home/wwwroot/app.jobmedia.cn/Framework/Extend/Library/ORG/Util/Cookie.class.php 第 32 行.

[ 2013-05-13T00:22:30+08:00 ] 218.241.98.203 /User/login.html
INFO: [ route_check ] --START--
INFO: Run CheckRoute Behavior [ RunTime:0.000627s ]
INFO: [ route_check ] --END-- [ RunTime:0.000701s ]
INFO: [ app_begin ] --START--
INFO: Run ReadHtmlCache Behavior [ RunTime:0.000374s ]
INFO: [ app_begin ] --END-- [ RunTime:0.000444s ]
INFO: [ view_template ] --START--
INFO: Run LocationTemplate Behavior [ RunTime:0.000216s ]
INFO: [ view_template ] --END-- [ RunTime:0.000281s ]
INFO: [ view_parse ] --START--
INFO: Run ParseTemplate Behavior [ RunTime:0.005875s ]
INFO: [ view_parse ] --END-- [ RunTime:0.005941s ]
INFO: [ view_filter ] --START--
INFO: Run ContentReplace Behavior [ RunTime:0.000268s ]
INFO: Run TokenBuild Behavior [ RunTime:0.000259s ]
INFO: Run WriteHtmlCache Behavior [ RunTime:0.000158s ]
INFO: Run ShowRuntime Behavior [ RunTime:0.000317s ]
INFO: [ view_filter ] --END-- [ RunTime:0.001200s ]
INFO: [ view_end ] --START--
INFO: Run ShowPageTrace Behavior [ RunTime:0.000424s ]
INFO: [ view_end ] --END-- [ RunTime:0.000487s ]

[ 2013-05-13T09:40:56+08:00 ] 114.245.219.56 /
INFO: [ app_begin ] --START--
INFO: Run ReadHtmlCache Behavior [ RunTime:0.000389s ]
INFO: [ app_begin ] --END-- [ RunTime:0.000469s ]
NOTIC: [8] Undefined index:  ajax /home/wwwroot/app.jobmedia.cn/App/Lib/Action/GlAction.class.php 第 17 行.
NOTIC: [8] Undefined index:  id /home/wwwroot/app.jobmedia.cn/App/Lib/Action/GlAction.class.php 第 18 行.
SQL: SHOW COLUMNS FROM `eking_index` [ RunTime:0.000338s ]
ERR: Table 'erpking.eking_index' doesn't exist
 [ SQL语句 ] : SHOW COLUMNS FROM `eking_index`
NOTIC: [8] Undefined index:  json /home/wwwroot/app.jobmedia.cn/includes/array.php 第 174 行.
NOTIC: [8] Undefined index:  THINK_uname /home/wwwroot/app.jobmedia.cn/Framework/Extend/Library/ORG/Util/Cookie.class.php 第 32 行.
NOTIC: [8] Undefined index:  THINK_uid /home/wwwroot/app.jobmedia.cn/Framework/Extend/Library/ORG/Util/Cookie.class.php 第 32 行.
NOTIC: [8] Undefined index:  THINK_consultant /home/wwwroot/app.jobmedia.cn/Framework/Extend/Library/ORG/Util/Cookie.class.php 第 32 行.
NOTIC: [8] Undefined index:  THINK_face /home/wwwroot/app.jobmedia.cn/Framework/Extend/Library/ORG/Util/Cookie.class.php 第 32 行.
NOTIC: [8] Undefined index:  THINK_group /home/wwwroot/app.jobmedia.cn/Framework/Extend/Library/ORG/Util/Cookie.class.php 第 32 行.
NOTIC: [8] Undefined index:  THINK_role_id /home/wwwroot/app.jobmedia.cn/Framework/Extend/Library/ORG/Util/Cookie.class.php 第 32 行.

[ 2013-05-13T09:40:56+08:00 ] 114.245.219.56 /User/login.html
INFO: [ route_check ] --START--
INFO: Run CheckRoute Behavior [ RunTime:0.000631s ]
INFO: [ route_check ] --END-- [ RunTime:0.000704s ]
INFO: [ app_begin ] --START--
INFO: Run ReadHtmlCache Behavior [ RunTime:0.000374s ]
INFO: [ app_begin ] --END-- [ RunTime:0.000440s ]
INFO: [ view_template ] --START--
INFO: Run LocationTemplate Behavior [ RunTime:0.000223s ]
INFO: [ view_template ] --END-- [ RunTime:0.000288s ]
INFO: [ view_parse ] --START--
INFO: Run ParseTemplate Behavior [ RunTime:0.005879s ]
INFO: [ view_parse ] --END-- [ RunTime:0.005945s ]
INFO: [ view_filter ] --START--
INFO: Run ContentReplace Behavior [ RunTime:0.000268s ]
INFO: Run TokenBuild Behavior [ RunTime:0.000260s ]
INFO: Run WriteHtmlCache Behavior [ RunTime:0.000159s ]
INFO: Run ShowRuntime Behavior [ RunTime:0.000318s ]
INFO: [ view_filter ] --END-- [ RunTime:0.001183s ]
INFO: [ view_end ] --START--
INFO: Run ShowPageTrace Behavior [ RunTime:0.000453s ]
INFO: [ view_end ] --END-- [ RunTime:0.000514s ]

[ 2013-05-13T09:40:57+08:00 ] ERR: (ThinkException) 无法加载模块:favicon
[ 2013-05-13T09:40:59+08:00 ] 114.245.219.56 /User/doLogin
INFO: [ route_check ] --START--
INFO: Run CheckRoute Behavior [ RunTime:0.000628s ]
INFO: [ route_check ] --END-- [ RunTime:0.000705s ]
INFO: [ app_begin ] --START--
INFO: Run ReadHtmlCache Behavior [ RunTime:0.000375s ]
INFO: [ app_begin ] --END-- [ RunTime:0.000436s ]

[ 2013-05-13T09:40:59+08:00 ] 114.245.219.56 /
INFO: [ app_begin ] --START--
INFO: Run ReadHtmlCache Behavior [ RunTime:0.000373s ]
INFO: [ app_begin ] --END-- [ RunTime:0.000449s ]
NOTIC: [8] Undefined index:  ajax /home/wwwroot/app.jobmedia.cn/App/Lib/Action/GlAction.class.php 第 17 行.
NOTIC: [8] Undefined index:  id /home/wwwroot/app.jobmedia.cn/App/Lib/Action/GlAction.class.php 第 18 行.
SQL: SHOW COLUMNS FROM `eking_index` [ RunTime:0.000306s ]
ERR: Table 'erpking.eking_index' doesn't exist
 [ SQL语句 ] : SHOW COLUMNS FROM `eking_index`
NOTIC: [8] Undefined index:  json /home/wwwroot/app.jobmedia.cn/includes/array.php 第 174 行.
NOTIC: [8] Undefined variable: profile /home/wwwroot/app.jobmedia.cn/App/Lib/Action/GlAction.class.php 第 71 行.
SQL: SHOW COLUMNS FROM `eking_inform` [ RunTime:0.000522s ]
SQL: SELECT COUNT(*) AS tp_count FROM `eking_inform` WHERE ( 1=1 and find_in_set(1000483,touid) and not find_in_set(1000483,`read`) and module='candidate' ) LIMIT 1   [ RunTime:0.000170s ]
SQL: SELECT COUNT(*) AS tp_count FROM `eking_inform` WHERE ( 1=1 and find_in_set(1000483,touid) and not find_in_set(1000483,`read`) and module='collection'  ) LIMIT 1   [ RunTime:0.000169s ]
SQL: SHOW COLUMNS FROM `eking_usermsg` [ RunTime:0.000422s ]
SQL: SELECT COUNT(*) AS tp_count FROM `eking_usermsg` WHERE ( toid=1000483 and status=0 ) LIMIT 1   [ RunTime:0.000143s ]
NOTIC: [8] Undefined index:  title /home/wwwroot/app.jobmedia.cn/App/Lib/Action/IndexAction.class.php 第 16 行.
NOTIC: [8] Undefined index:  cid /home/wwwroot/app.jobmedia.cn/App/Lib/Action/IndexAction.class.php 第 18 行.
SQL: SHOW COLUMNS FROM `eking_works` [ RunTime:0.000765s ]
SQL: SELECT COUNT(*) AS tp_count FROM `eking_works` WHERE ( `display` = 1 ) LIMIT 1   [ RunTime:0.000137s ]
SQL: SELECT * FROM `eking_works` WHERE ( `display` = 1 ) ORDER BY id DESC LIMIT 0,15   [ RunTime:0.000304s ]
INFO: [ view_template ] --START--
INFO: Run LocationTemplate Behavior [ RunTime:0.000228s ]
INFO: [ view_template ] --END-- [ RunTime:0.000300s ]
INFO: [ view_parse ] --START--
NOTIC: [8] Undefined variable: Title /home/wwwroot/app.jobmedia.cn/Temp/Cache/f00f177eec6217e16c9f63c0c3fc223d.php 第 5 行.
NOTIC: [8] Undefined variable: ul /home/wwwroot/app.jobmedia.cn/Temp/Cache/f00f177eec6217e16c9f63c0c3fc223d.php 第 36 行.
NOTIC: [8] Undefined variable: cl /home/wwwroot/app.jobmedia.cn/Temp/Cache/f00f177eec6217e16c9f63c0c3fc223d.php 第 38 行.
SQL: SHOW COLUMNS FROM `eking_client` [ RunTime:0.000539s ]
SQL: SELECT `company_name` FROM `eking_client` WHERE ( id=1098 ) LIMIT 1   [ RunTime:0.000122s ]
SQL: SELECT `company_name` FROM `eking_client` WHERE ( id=1116 ) LIMIT 1   [ RunTime:0.000116s ]
SQL: SELECT `company_name` FROM `eking_client` WHERE ( id=1101 ) LIMIT 1   [ RunTime:0.000115s ]
SQL: SELECT `company_name` FROM `eking_client` WHERE ( id=1112 ) LIMIT 1   [ RunTime:0.000114s ]
NOTIC: [8] Undefined index:  0 /home/wwwroot/app.jobmedia.cn/Temp/Cache/f00f177eec6217e16c9f63c0c3fc223d.php 第 209 行.
SQL: SELECT `company_name` FROM `eking_client` WHERE ( id=1113 ) LIMIT 1   [ RunTime:0.000332s ]
SQL: SELECT `company_name` FROM `eking_client` WHERE ( id=1114 ) LIMIT 1   [ RunTime:0.000116s ]
NOTIC: [8] Undefined index:  0 /home/wwwroot/app.jobmedia.cn/Temp/Cache/f00f177eec6217e16c9f63c0c3fc223d.php 第 209 行.
SQL: SELECT `company_name` FROM `eking_client` WHERE ( id=1098 ) LIMIT 1   [ RunTime:0.000115s ]
SQL: SELECT `company_name` FROM `eking_client` WHERE ( id=1097 ) LIMIT 1   [ RunTime:0.000115s ]
SQL: SELECT `company_name` FROM `eking_client` WHERE ( id=1113 ) LIMIT 1   [ RunTime:0.000114s ]
SQL: SELECT `company_name` FROM `eking_client` WHERE ( id=1101 ) LIMIT 1   [ RunTime:0.000114s ]
SQL: SELECT `company_name` FROM `eking_client` WHERE ( id=1098 ) LIMIT 1   [ RunTime:0.000116s ]
INFO: Run ParseTemplate Behavior [ RunTime:0.019410s ]
INFO: [ view_parse ] --END-- [ RunTime:0.019480s ]
INFO: [ view_filter ] --START--
INFO: Run ContentReplace Behavior [ RunTime:0.000298s ]
INFO: Run TokenBuild Behavior [ RunTime:0.000280s ]
INFO: Run WriteHtmlCache Behavior [ RunTime:0.000193s ]
INFO: Run ShowRuntime Behavior [ RunTime:0.000326s ]
INFO: [ view_filter ] --END-- [ RunTime:0.001274s ]
INFO: [ view_end ] --START--
INFO: Run ShowPageTrace Behavior [ RunTime:0.000445s ]
INFO: [ view_end ] --END-- [ RunTime:0.000507s ]

[ 2013-05-13T09:40:59+08:00 ] ERR: (ThinkException) 无法加载模块:App
[ 2013-05-13T09:41:50+08:00 ] 114.245.219.56 /index.php/Job/detail/id/1019
INFO: [ route_check ] --START--
INFO: Run CheckRoute Behavior [ RunTime:0.000618s ]
INFO: [ route_check ] --END-- [ RunTime:0.000695s ]
INFO: [ app_begin ] --START--
INFO: Run ReadHtmlCache Behavior [ RunTime:0.000388s ]
INFO: [ app_begin ] --END-- [ RunTime:0.000454s ]
NOTIC: [8] Undefined index:  ajax /home/wwwroot/app.jobmedia.cn/App/Lib/Action/GlAction.class.php 第 17 行.
SQL: SHOW COLUMNS FROM `eking_job` [ RunTime:0.000356s ]
ERR: Table 'erpking.eking_job' doesn't exist
 [ SQL语句 ] : SHOW COLUMNS FROM `eking_job`
NOTIC: [8] Undefined index:  json /home/wwwroot/app.jobmedia.cn/includes/array.php 第 174 行.
NOTIC: [8] Undefined variable: profile /home/wwwroot/app.jobmedia.cn/App/Lib/Action/GlAction.class.php 第 71 行.
SQL: SHOW COLUMNS FROM `eking_inform` [ RunTime:0.000525s ]
SQL: SELECT COUNT(*) AS tp_count FROM `eking_inform` WHERE ( 1=1 and find_in_set(1000483,touid) and not find_in_set(1000483,`read`) and module='candidate' ) LIMIT 1   [ RunTime:0.000178s ]
SQL: SELECT COUNT(*) AS tp_count FROM `eking_inform` WHERE ( 1=1 and find_in_set(1000483,touid) and not find_in_set(1000483,`read`) and module='collection'  ) LIMIT 1   [ RunTime:0.000149s ]
SQL: SHOW COLUMNS FROM `eking_usermsg` [ RunTime:0.000531s ]
SQL: SELECT COUNT(*) AS tp_count FROM `eking_usermsg` WHERE ( toid=1000483 and status=0 ) LIMIT 1   [ RunTime:0.000150s ]
SQL: SHOW COLUMNS FROM `eking_works` [ RunTime:0.000778s ]
SQL: SELECT * FROM `eking_works` WHERE ( id=1019 ) LIMIT 1   [ RunTime:0.000181s ]
SQL: SHOW COLUMNS FROM `eking_client` [ RunTime:0.000550s ]
SQL: SELECT * FROM `eking_client` WHERE ( id=1098 ) LIMIT 1   [ RunTime:0.000144s ]
INFO: [ view_template ] --START--
INFO: Run LocationTemplate Behavior [ RunTime:0.000226s ]
INFO: [ view_template ] --END-- [ RunTime:0.000294s ]
INFO: [ view_parse ] --START--
NOTIC: [8] Undefined variable: Title /home/wwwroot/app.jobmedia.cn/Temp/Cache/cd59bee961f93352b8b087b7223f0145.php 第 5 行.
NOTIC: [8] Undefined variable: ul /home/wwwroot/app.jobmedia.cn/Temp/Cache/cd59bee961f93352b8b087b7223f0145.php 第 36 行.
NOTIC: [8] Undefined variable: cl /home/wwwroot/app.jobmedia.cn/Temp/Cache/cd59bee961f93352b8b087b7223f0145.php 第 38 行.
NOTIC: [8] Use of undefined constant cid - assumed 'cid' /home/wwwroot/app.jobmedia.cn/Temp/Cache/cd59bee961f93352b8b087b7223f0145.php 第 195 行.
SQL: SELECT `company_name` FROM `eking_client` WHERE ( id=Arraycid ) LIMIT 1   [ RunTime:0.000098s ]
ERR: Unknown column 'Arraycid' in 'where clause'
 [ SQL语句 ] : SELECT `company_name` FROM `eking_client` WHERE ( id=Arraycid ) LIMIT 1  
INFO: Run ParseTemplate Behavior [ RunTime:0.014981s ]
INFO: [ view_parse ] --END-- [ RunTime:0.015051s ]
INFO: [ view_filter ] --START--
INFO: Run ContentReplace Behavior [ RunTime:0.000281s ]
INFO: Run TokenBuild Behavior [ RunTime:0.000286s ]
INFO: Run WriteHtmlCache Behavior [ RunTime:0.000156s ]
INFO: Run ShowRuntime Behavior [ RunTime:0.000318s ]
INFO: [ view_filter ] --END-- [ RunTime:0.001222s ]
INFO: [ view_end ] --START--
INFO: Run ShowPageTrace Behavior [ RunTime:0.000965s ]
INFO: [ view_end ] --END-- [ RunTime:0.001237s ]

[ 2013-05-13T09:41:51+08:00 ] ERR: (ThinkException) 无法加载模块:App
[ 2013-05-13T09:42:18+08:00 ] 114.245.219.56 /index.php/Job/detail/id/1018
INFO: [ route_check ] --START--
INFO: Run CheckRoute Behavior [ RunTime:0.000616s ]
INFO: [ route_check ] --END-- [ RunTime:0.000693s ]
INFO: [ app_begin ] --START--
INFO: Run ReadHtmlCache Behavior [ RunTime:0.000363s ]
INFO: [ app_begin ] --END-- [ RunTime:0.000431s ]
NOTIC: [8] Undefined index:  ajax /home/wwwroot/app.jobmedia.cn/App/Lib/Action/GlAction.class.php 第 17 行.
SQL: SHOW COLUMNS FROM `eking_job` [ RunTime:0.000330s ]
ERR: Table 'erpking.eking_job' doesn't exist
 [ SQL语句 ] : SHOW COLUMNS FROM `eking_job`
NOTIC: [8] Undefined index:  json /home/wwwroot/app.jobmedia.cn/includes/array.php 第 174 行.
NOTIC: [8] Undefined variable: profile /home/wwwroot/app.jobmedia.cn/App/Lib/Action/GlAction.class.php 第 71 行.
SQL: SHOW COLUMNS FROM `eking_inform` [ RunTime:0.000531s ]
SQL: SELECT COUNT(*) AS tp_count FROM `eking_inform` WHERE ( 1=1 and find_in_set(1000483,touid) and not find_in_set(1000483,`read`) and module='candidate' ) LIMIT 1   [ RunTime:0.000181s ]
SQL: SELECT COUNT(*) AS tp_count FROM `eking_inform` WHERE ( 1=1 and find_in_set(1000483,touid) and not find_in_set(1000483,`read`) and module='collection'  ) LIMIT 1   [ RunTime:0.000172s ]
SQL: SHOW COLUMNS FROM `eking_usermsg` [ RunTime:0.000426s ]
SQL: SELECT COUNT(*) AS tp_count FROM `eking_usermsg` WHERE ( toid=1000483 and status=0 ) LIMIT 1   [ RunTime:0.000174s ]
SQL: SHOW COLUMNS FROM `eking_works` [ RunTime:0.000746s ]
SQL: SELECT * FROM `eking_works` WHERE ( id=1018 ) LIMIT 1   [ RunTime:0.000183s ]
SQL: SHOW COLUMNS FROM `eking_client` [ RunTime:0.001673s ]
SQL: SELECT * FROM `eking_client` WHERE ( id=1116 ) LIMIT 1   [ RunTime:0.000147s ]
INFO: [ view_template ] --START--
INFO: Run LocationTemplate Behavior [ RunTime:0.000216s ]
INFO: [ view_template ] --END-- [ RunTime:0.000281s ]
INFO: [ view_parse ] --START--
NOTIC: [8] Undefined variable: Title /home/wwwroot/app.jobmedia.cn/Temp/Cache/cd59bee961f93352b8b087b7223f0145.php 第 5 行.
NOTIC: [8] Undefined variable: ul /home/wwwroot/app.jobmedia.cn/Temp/Cache/cd59bee961f93352b8b087b7223f0145.php 第 36 行.
NOTIC: [8] Undefined variable: cl /home/wwwroot/app.jobmedia.cn/Temp/Cache/cd59bee961f93352b8b087b7223f0145.php 第 38 行.
NOTIC: [8] Use of undefined constant cid - assumed 'cid' /home/wwwroot/app.jobmedia.cn/Temp/Cache/cd59bee961f93352b8b087b7223f0145.php 第 195 行.
SQL: SELECT `company_name` FROM `eking_client` WHERE ( id=Arraycid ) LIMIT 1   [ RunTime:0.000098s ]
ERR: Unknown column 'Arraycid' in 'where clause'
 [ SQL语句 ] : SELECT `company_name` FROM `eking_client` WHERE ( id=Arraycid ) LIMIT 1  
INFO: Run ParseTemplate Behavior [ RunTime:0.014655s ]
INFO: [ view_parse ] --END-- [ RunTime:0.014724s ]
INFO: [ view_filter ] --START--
INFO: Run ContentReplace Behavior [ RunTime:0.000269s ]
INFO: Run TokenBuild Behavior [ RunTime:0.000247s ]
INFO: Run WriteHtmlCache Behavior [ RunTime:0.000144s ]
INFO: Run ShowRuntime Behavior [ RunTime:0.000309s ]
INFO: [ view_filter ] --END-- [ RunTime:0.001173s ]
INFO: [ view_end ] --START--
INFO: Run ShowPageTrace Behavior [ RunTime:0.000407s ]
INFO: [ view_end ] --END-- [ RunTime:0.000469s ]

[ 2013-05-13T09:42:18+08:00 ] ERR: (ThinkException) 无法加载模块:App
[ 2013-05-13T09:42:22+08:00 ] 114.245.219.56 /index.php/Job/detail/id/1011
INFO: [ route_check ] --START--
INFO: Run CheckRoute Behavior [ RunTime:0.000587s ]
INFO: [ route_check ] --END-- [ RunTime:0.000664s ]
INFO: [ app_begin ] --START--
INFO: Run ReadHtmlCache Behavior [ RunTime:0.000361s ]
INFO: [ app_begin ] --END-- [ RunTime:0.000428s ]
NOTIC: [8] Undefined index:  ajax /home/wwwroot/app.jobmedia.cn/App/Lib/Action/GlAction.class.php 第 17 行.
SQL: SHOW COLUMNS FROM `eking_job` [ RunTime:0.000322s ]
ERR: Table 'erpking.eking_job' doesn't exist
 [ SQL语句 ] : SHOW COLUMNS FROM `eking_job`
NOTIC: [8] Undefined index:  json /home/wwwroot/app.jobmedia.cn/includes/array.php 第 174 行.
NOTIC: [8] Undefined variable: profile /home/wwwroot/app.jobmedia.cn/App/Lib/Action/GlAction.class.php 第 71 行.
SQL: SHOW COLUMNS FROM `eking_inform` [ RunTime:0.000450s ]
SQL: SELECT COUNT(*) AS tp_count FROM `eking_inform` WHERE ( 1=1 and find_in_set(1000483,touid) and not find_in_set(1000483,`read`) and module='candidate' ) LIMIT 1   [ RunTime:0.000176s ]
SQL: SELECT COUNT(*) AS tp_count FROM `eking_inform` WHERE ( 1=1 and find_in_set(1000483,touid) and not find_in_set(1000483,`read`) and module='collection'  ) LIMIT 1   [ RunTime:0.000144s ]
SQL: SHOW COLUMNS FROM `eking_usermsg` [ RunTime:0.000451s ]
SQL: SELECT COUNT(*) AS tp_count FROM `eking_usermsg` WHERE ( toid=1000483 and status=0 ) LIMIT 1   [ RunTime:0.000175s ]
SQL: SHOW COLUMNS FROM `eking_works` [ RunTime:0.000753s ]
SQL: SELECT * FROM `eking_works` WHERE ( id=1011 ) LIMIT 1   [ RunTime:0.000178s ]
SQL: SHOW COLUMNS FROM `eking_client` [ RunTime:0.000573s ]
SQL: SELECT * FROM `eking_client` WHERE ( id=1098 ) LIMIT 1   [ RunTime:0.000140s ]
INFO: [ view_template ] --START--
INFO: Run LocationTemplate Behavior [ RunTime:0.000226s ]
INFO: [ view_template ] --END-- [ RunTime:0.000292s ]
INFO: [ view_parse ] --START--
NOTIC: [8] Undefined variable: Title /home/wwwroot/app.jobmedia.cn/Temp/Cache/cd59bee961f93352b8b087b7223f0145.php 第 5 行.
NOTIC: [8] Undefined variable: ul /home/wwwroot/app.jobmedia.cn/Temp/Cache/cd59bee961f93352b8b087b7223f0145.php 第 36 行.
NOTIC: [8] Undefined variable: cl /home/wwwroot/app.jobmedia.cn/Temp/Cache/cd59bee961f93352b8b087b7223f0145.php 第 38 行.
NOTIC: [8] Use of undefined constant cid - assumed 'cid' /home/wwwroot/app.jobmedia.cn/Temp/Cache/cd59bee961f93352b8b087b7223f0145.php 第 195 行.
SQL: SELECT `company_name` FROM `eking_client` WHERE ( id=Arraycid ) LIMIT 1   [ RunTime:0.000101s ]
ERR: Unknown column 'Arraycid' in 'where clause'
 [ SQL语句 ] : SELECT `company_name` FROM `eking_client` WHERE ( id=Arraycid ) LIMIT 1  
INFO: Run ParseTemplate Behavior [ RunTime:0.014719s ]
INFO: [ view_parse ] --END-- [ RunTime:0.014788s ]
INFO: [ view_filter ] --START--
INFO: Run ContentReplace Behavior [ RunTime:0.000308s ]
INFO: Run TokenBuild Behavior [ RunTime:0.000260s ]
INFO: Run WriteHtmlCache Behavior [ RunTime:0.000157s ]
INFO: Run ShowRuntime Behavior [ RunTime:0.000887s ]
INFO: [ view_filter ] --END-- [ RunTime:0.001826s ]
INFO: [ view_end ] --START--
INFO: Run ShowPageTrace Behavior [ RunTime:0.000652s ]
INFO: [ view_end ] --END-- [ RunTime:0.000714s ]

[ 2013-05-13T09:42:22+08:00 ] ERR: (ThinkException) 无法加载模块:App
[ 2013-05-13T09:48:06+08:00 ] 218.30.116.96 /
INFO: [ app_begin ] --START--
INFO: Run ReadHtmlCache Behavior [ RunTime:0.000404s ]
INFO: [ app_begin ] --END-- [ RunTime:0.000478s ]
NOTIC: [8] Undefined index:  ajax /home/wwwroot/app.jobmedia.cn/App/Lib/Action/GlAction.class.php 第 17 行.
NOTIC: [8] Undefined index:  id /home/wwwroot/app.jobmedia.cn/App/Lib/Action/GlAction.class.php 第 18 行.
SQL: SHOW COLUMNS FROM `eking_index` [ RunTime:0.000340s ]
ERR: Table 'erpking.eking_index' doesn't exist
 [ SQL语句 ] : SHOW COLUMNS FROM `eking_index`
NOTIC: [8] Undefined index:  json /home/wwwroot/app.jobmedia.cn/includes/array.php 第 174 行.
NOTIC: [8] Undefined index:  THINK_uname /home/wwwroot/app.jobmedia.cn/Framework/Extend/Library/ORG/Util/Cookie.class.php 第 32 行.
NOTIC: [8] Undefined index:  THINK_uid /home/wwwroot/app.jobmedia.cn/Framework/Extend/Library/ORG/Util/Cookie.class.php 第 32 行.
NOTIC: [8] Undefined index:  THINK_consultant /home/wwwroot/app.jobmedia.cn/Framework/Extend/Library/ORG/Util/Cookie.class.php 第 32 行.
NOTIC: [8] Undefined index:  THINK_face /home/wwwroot/app.jobmedia.cn/Framework/Extend/Library/ORG/Util/Cookie.class.php 第 32 行.
NOTIC: [8] Undefined index:  THINK_group /home/wwwroot/app.jobmedia.cn/Framework/Extend/Library/ORG/Util/Cookie.class.php 第 32 行.
NOTIC: [8] Undefined index:  THINK_role_id /home/wwwroot/app.jobmedia.cn/Framework/Extend/Library/ORG/Util/Cookie.class.php 第 32 行.

[ 2013-05-13T10:27:23+08:00 ] 114.245.219.56 /index.php/Job/detail/id/1011
INFO: [ route_check ] --START--
INFO: Run CheckRoute Behavior [ RunTime:0.000642s ]
INFO: [ route_check ] --END-- [ RunTime:0.000723s ]
INFO: [ app_begin ] --START--
INFO: Run ReadHtmlCache Behavior [ RunTime:0.000409s ]
INFO: [ app_begin ] --END-- [ RunTime:0.000484s ]
NOTIC: [8] Undefined index:  ajax /home/wwwroot/app.jobmedia.cn/App/Lib/Action/GlAction.class.php 第 17 行.
SQL: SHOW COLUMNS FROM `eking_job` [ RunTime:0.000322s ]
ERR: Table 'erpking.eking_job' doesn't exist
 [ SQL语句 ] : SHOW COLUMNS FROM `eking_job`
NOTIC: [8] Undefined index:  json /home/wwwroot/app.jobmedia.cn/includes/array.php 第 174 行.
NOTIC: [8] Undefined variable: profile /home/wwwroot/app.jobmedia.cn/App/Lib/Action/GlAction.class.php 第 71 行.
SQL: SHOW COLUMNS FROM `eking_inform` [ RunTime:0.000496s ]
SQL: SELECT COUNT(*) AS tp_count FROM `eking_inform` WHERE ( 1=1 and find_in_set(1000483,touid) and not find_in_set(1000483,`read`) and module='candidate' ) LIMIT 1   [ RunTime:0.000176s ]
SQL: SELECT COUNT(*) AS tp_count FROM `eking_inform` WHERE ( 1=1 and find_in_set(1000483,touid) and not find_in_set(1000483,`read`) and module='collection'  ) LIMIT 1   [ RunTime:0.000147s ]
SQL: SHOW COLUMNS FROM `eking_usermsg` [ RunTime:0.000444s ]
SQL: SELECT COUNT(*) AS tp_count FROM `eking_usermsg` WHERE ( toid=1000483 and status=0 ) LIMIT 1   [ RunTime:0.000144s ]
SQL: SHOW COLUMNS FROM `eking_works` [ RunTime:0.000766s ]
SQL: SELECT * FROM `eking_works` WHERE ( id=1011 ) LIMIT 1   [ RunTime:0.000179s ]
SQL: SHOW COLUMNS FROM `eking_client` [ RunTime:0.000527s ]
SQL: SELECT * FROM `eking_client` WHERE ( id=1098 ) LIMIT 1   [ RunTime:0.000143s ]
INFO: [ view_template ] --START--
INFO: Run LocationTemplate Behavior [ RunTime:0.000225s ]
INFO: [ view_template ] --END-- [ RunTime:0.000291s ]
INFO: [ view_parse ] --START--
NOTIC: [8] Undefined variable: Title /home/wwwroot/app.jobmedia.cn/Temp/Cache/cd59bee961f93352b8b087b7223f0145.php 第 5 行.
NOTIC: [8] Undefined variable: ul /home/wwwroot/app.jobmedia.cn/Temp/Cache/cd59bee961f93352b8b087b7223f0145.php 第 36 行.
NOTIC: [8] Undefined variable: cl /home/wwwroot/app.jobmedia.cn/Temp/Cache/cd59bee961f93352b8b087b7223f0145.php 第 38 行.
NOTIC: [8] Use of undefined constant cid - assumed 'cid' /home/wwwroot/app.jobmedia.cn/Temp/Cache/cd59bee961f93352b8b087b7223f0145.php 第 195 行.
SQL: SELECT `company_name` FROM `eking_client` WHERE ( id=Arraycid ) LIMIT 1   [ RunTime:0.000096s ]
ERR: Unknown column 'Arraycid' in 'where clause'
 [ SQL语句 ] : SELECT `company_name` FROM `eking_client` WHERE ( id=Arraycid ) LIMIT 1  
INFO: Run ParseTemplate Behavior [ RunTime:0.013935s ]
INFO: [ view_parse ] --END-- [ RunTime:0.014005s ]
INFO: [ view_filter ] --START--
INFO: Run ContentReplace Behavior [ RunTime:0.000286s ]
INFO: Run TokenBuild Behavior [ RunTime:0.000260s ]
INFO: Run WriteHtmlCache Behavior [ RunTime:0.000155s ]
INFO: Run ShowRuntime Behavior [ RunTime:0.000347s ]
INFO: [ view_filter ] --END-- [ RunTime:0.001252s ]
INFO: [ view_end ] --START--
INFO: Run ShowPageTrace Behavior [ RunTime:0.000418s ]
INFO: [ view_end ] --END-- [ RunTime:0.000480s ]

[ 2013-05-13T10:27:24+08:00 ] ERR: (ThinkException) 无法加载模块:App
[ 2013-05-13T10:53:07+08:00 ] 114.245.219.56 /index.php/Job/detail/id/1011
INFO: [ route_check ] --START--
INFO: Run CheckRoute Behavior [ RunTime:0.000647s ]
INFO: [ route_check ] --END-- [ RunTime:0.000730s ]
INFO: [ app_begin ] --START--
INFO: Run ReadHtmlCache Behavior [ RunTime:0.000547s ]
INFO: [ app_begin ] --END-- [ RunTime:0.000622s ]
NOTIC: [8] Undefined index:  ajax /home/wwwroot/app.jobmedia.cn/App/Lib/Action/GlAction.class.php 第 17 行.
SQL: SHOW COLUMNS FROM `eking_job` [ RunTime:0.000330s ]
ERR: Table 'erpking.eking_job' doesn't exist
 [ SQL语句 ] : SHOW COLUMNS FROM `eking_job`
NOTIC: [8] Undefined index:  json /home/wwwroot/app.jobmedia.cn/includes/array.php 第 174 行.
NOTIC: [8] Undefined variable: profile /home/wwwroot/app.jobmedia.cn/App/Lib/Action/GlAction.class.php 第 71 行.
SQL: SHOW COLUMNS FROM `eking_inform` [ RunTime:0.000506s ]
SQL: SELECT COUNT(*) AS tp_count FROM `eking_inform` WHERE ( 1=1 and find_in_set(1000483,touid) and not find_in_set(1000483,`read`) and module='candidate' ) LIMIT 1   [ RunTime:0.000179s ]
SQL: SELECT COUNT(*) AS tp_count FROM `eking_inform` WHERE ( 1=1 and find_in_set(1000483,touid) and not find_in_set(1000483,`read`) and module='collection'  ) LIMIT 1   [ RunTime:0.000151s ]
SQL: SHOW COLUMNS FROM `eking_usermsg` [ RunTime:0.000448s ]
SQL: SELECT COUNT(*) AS tp_count FROM `eking_usermsg` WHERE ( toid=1000483 and status=0 ) LIMIT 1   [ RunTime:0.000147s ]
SQL: SHOW COLUMNS FROM `eking_works` [ RunTime:0.000769s ]
SQL: SELECT * FROM `eking_works` WHERE ( id=1011 ) LIMIT 1   [ RunTime:0.000183s ]
SQL: SHOW COLUMNS FROM `eking_client` [ RunTime:0.000572s ]
SQL: SELECT * FROM `eking_client` WHERE ( id=1098 ) LIMIT 1   [ RunTime:0.000145s ]
INFO: [ view_template ] --START--
INFO: Run LocationTemplate Behavior [ RunTime:0.000227s ]
INFO: [ view_template ] --END-- [ RunTime:0.000294s ]
INFO: [ view_parse ] --START--
NOTIC: [8] Undefined variable: Title /home/wwwroot/app.jobmedia.cn/Temp/Cache/cd59bee961f93352b8b087b7223f0145.php 第 5 行.
NOTIC: [8] Undefined variable: ul /home/wwwroot/app.jobmedia.cn/Temp/Cache/cd59bee961f93352b8b087b7223f0145.php 第 36 行.
NOTIC: [8] Undefined variable: cl /home/wwwroot/app.jobmedia.cn/Temp/Cache/cd59bee961f93352b8b087b7223f0145.php 第 38 行.
NOTIC: [8] Use of undefined constant cid - assumed 'cid' /home/wwwroot/app.jobmedia.cn/Temp/Cache/cd59bee961f93352b8b087b7223f0145.php 第 195 行.
SQL: SELECT `company_name` FROM `eking_client` WHERE ( id=Arraycid ) LIMIT 1   [ RunTime:0.000100s ]
ERR: Unknown column 'Arraycid' in 'where clause'
 [ SQL语句 ] : SELECT `company_name` FROM `eking_client` WHERE ( id=Arraycid ) LIMIT 1  
INFO: Run ParseTemplate Behavior [ RunTime:0.014611s ]
INFO: [ view_parse ] --END-- [ RunTime:0.014683s ]
INFO: [ view_filter ] --START--
INFO: Run ContentReplace Behavior [ RunTime:0.000309s ]
INFO: Run TokenBuild Behavior [ RunTime:0.000262s ]
INFO: Run WriteHtmlCache Behavior [ RunTime:0.000159s ]
INFO: Run ShowRuntime Behavior [ RunTime:0.000321s ]
INFO: [ view_filter ] --END-- [ RunTime:0.001230s ]
INFO: [ view_end ] --START--
INFO: Run ShowPageTrace Behavior [ RunTime:0.000421s ]
INFO: [ view_end ] --END-- [ RunTime:0.000639s ]

[ 2013-05-13T10:53:08+08:00 ] ERR: (ThinkException) 无法加载模块:App
[ 2013-05-13T10:55:56+08:00 ] ERR: (ThinkException) 无法加载模块:App
[ 2013-05-13T12:48:51+08:00 ] 114.245.203.225 /
INFO: [ app_begin ] --START--
INFO: Run ReadHtmlCache Behavior [ RunTime:0.000386s ]
INFO: [ app_begin ] --END-- [ RunTime:0.000466s ]
NOTIC: [8] Undefined index:  ajax /home/wwwroot/app.jobmedia.cn/App/Lib/Action/GlAction.class.php 第 17 行.
NOTIC: [8] Undefined index:  id /home/wwwroot/app.jobmedia.cn/App/Lib/Action/GlAction.class.php 第 18 行.
SQL: SHOW COLUMNS FROM `eking_index` [ RunTime:0.000340s ]
ERR: Table 'erpking.eking_index' doesn't exist
 [ SQL语句 ] : SHOW COLUMNS FROM `eking_index`
NOTIC: [8] Undefined index:  json /home/wwwroot/app.jobmedia.cn/includes/array.php 第 174 行.
NOTIC: [8] Undefined index:  THINK_uname /home/wwwroot/app.jobmedia.cn/Framework/Extend/Library/ORG/Util/Cookie.class.php 第 32 行.
NOTIC: [8] Undefined index:  THINK_uid /home/wwwroot/app.jobmedia.cn/Framework/Extend/Library/ORG/Util/Cookie.class.php 第 32 行.
NOTIC: [8] Undefined index:  THINK_consultant /home/wwwroot/app.jobmedia.cn/Framework/Extend/Library/ORG/Util/Cookie.class.php 第 32 行.
NOTIC: [8] Undefined index:  THINK_face /home/wwwroot/app.jobmedia.cn/Framework/Extend/Library/ORG/Util/Cookie.class.php 第 32 行.
NOTIC: [8] Undefined index:  THINK_group /home/wwwroot/app.jobmedia.cn/Framework/Extend/Library/ORG/Util/Cookie.class.php 第 32 行.
NOTIC: [8] Undefined index:  THINK_role_id /home/wwwroot/app.jobmedia.cn/Framework/Extend/Library/ORG/Util/Cookie.class.php 第 32 行.

[ 2013-05-13T12:48:51+08:00 ] 114.245.203.225 /User/login.html
INFO: [ route_check ] --START--
INFO: Run CheckRoute Behavior [ RunTime:0.000626s ]
INFO: [ route_check ] --END-- [ RunTime:0.000700s ]
INFO: [ app_begin ] --START--
INFO: Run ReadHtmlCache Behavior [ RunTime:0.000402s ]
INFO: [ app_begin ] --END-- [ RunTime:0.000467s ]
INFO: [ view_template ] --START--
INFO: Run LocationTemplate Behavior [ RunTime:0.000240s ]
INFO: [ view_template ] --END-- [ RunTime:0.000305s ]
INFO: [ view_parse ] --START--
INFO: Run ParseTemplate Behavior [ RunTime:0.005830s ]
INFO: [ view_parse ] --END-- [ RunTime:0.005920s ]
INFO: [ view_filter ] --START--
INFO: Run ContentReplace Behavior [ RunTime:0.000239s ]
INFO: Run TokenBuild Behavior [ RunTime:0.000254s ]
INFO: Run WriteHtmlCache Behavior [ RunTime:0.000155s ]
INFO: Run ShowRuntime Behavior [ RunTime:0.000339s ]
INFO: [ view_filter ] --END-- [ RunTime:0.001161s ]
INFO: [ view_end ] --START--
INFO: Run ShowPageTrace Behavior [ RunTime:0.000423s ]
INFO: [ view_end ] --END-- [ RunTime:0.000484s ]

[ 2013-05-13T12:48:52+08:00 ] ERR: (ThinkException) 无法加载模块:favicon
[ 2013-05-13T12:50:08+08:00 ] 114.245.203.225 /User/doLogin
INFO: [ route_check ] --START--
INFO: Run CheckRoute Behavior [ RunTime:0.000626s ]
INFO: [ route_check ] --END-- [ RunTime:0.000703s ]
INFO: [ app_begin ] --START--
INFO: Run ReadHtmlCache Behavior [ RunTime:0.000549s ]
INFO: [ app_begin ] --END-- [ RunTime:0.000611s ]

[ 2013-05-13T12:50:11+08:00 ] 114.245.203.225 /
INFO: [ app_begin ] --START--
INFO: Run ReadHtmlCache Behavior [ RunTime:0.000375s ]
INFO: [ app_begin ] --END-- [ RunTime:0.000480s ]
NOTIC: [8] Undefined index:  ajax /home/wwwroot/app.jobmedia.cn/App/Lib/Action/GlAction.class.php 第 17 行.
NOTIC: [8] Undefined index:  id /home/wwwroot/app.jobmedia.cn/App/Lib/Action/GlAction.class.php 第 18 行.
SQL: SHOW COLUMNS FROM `eking_index` [ RunTime:0.000357s ]
ERR: Table 'erpking.eking_index' doesn't exist
 [ SQL语句 ] : SHOW COLUMNS FROM `eking_index`
NOTIC: [8] Undefined index:  json /home/wwwroot/app.jobmedia.cn/includes/array.php 第 174 行.
NOTIC: [8] Undefined variable: profile /home/wwwroot/app.jobmedia.cn/App/Lib/Action/GlAction.class.php 第 71 行.
SQL: SHOW COLUMNS FROM `eking_inform` [ RunTime:0.000520s ]
SQL: SELECT COUNT(*) AS tp_count FROM `eking_inform` WHERE ( 1=1 and find_in_set(1000483,touid) and not find_in_set(1000483,`read`) and module='candidate' ) LIMIT 1   [ RunTime:0.000176s ]
SQL: SELECT COUNT(*) AS tp_count FROM `eking_inform` WHERE ( 1=1 and find_in_set(1000483,touid) and not find_in_set(1000483,`read`) and module='collection'  ) LIMIT 1   [ RunTime:0.000145s ]
SQL: SHOW COLUMNS FROM `eking_usermsg` [ RunTime:0.000509s ]
SQL: SELECT COUNT(*) AS tp_count FROM `eking_usermsg` WHERE ( toid=1000483 and status=0 ) LIMIT 1   [ RunTime:0.000145s ]
NOTIC: [8] Undefined index:  title /home/wwwroot/app.jobmedia.cn/App/Lib/Action/IndexAction.class.php 第 16 行.
NOTIC: [8] Undefined index:  cid /home/wwwroot/app.jobmedia.cn/App/Lib/Action/IndexAction.class.php 第 18 行.
SQL: SHOW COLUMNS FROM `eking_works` [ RunTime:0.000770s ]
SQL: SELECT COUNT(*) AS tp_count FROM `eking_works` WHERE ( `display` = 1 ) LIMIT 1   [ RunTime:0.000160s ]
SQL: SELECT * FROM `eking_works` WHERE ( `display` = 1 ) ORDER BY id DESC LIMIT 0,15   [ RunTime:0.000281s ]
INFO: [ view_template ] --START--
INFO: Run LocationTemplate Behavior [ RunTime:0.000257s ]
INFO: [ view_template ] --END-- [ RunTime:0.000326s ]
INFO: [ view_parse ] --START--
NOTIC: [8] Undefined variable: Title /home/wwwroot/app.jobmedia.cn/Temp/Cache/f00f177eec6217e16c9f63c0c3fc223d.php 第 5 行.
NOTIC: [8] Undefined variable: ul /home/wwwroot/app.jobmedia.cn/Temp/Cache/f00f177eec6217e16c9f63c0c3fc223d.php 第 36 行.
NOTIC: [8] Undefined variable: cl /home/wwwroot/app.jobmedia.cn/Temp/Cache/f00f177eec6217e16c9f63c0c3fc223d.php 第 38 行.
SQL: SHOW COLUMNS FROM `eking_client` [ RunTime:0.000539s ]
SQL: SELECT `company_name` FROM `eking_client` WHERE ( id=1098 ) LIMIT 1   [ RunTime:0.000122s ]
SQL: SELECT `company_name` FROM `eking_client` WHERE ( id=1116 ) LIMIT 1   [ RunTime:0.000117s ]
SQL: SELECT `company_name` FROM `eking_client` WHERE ( id=1101 ) LIMIT 1   [ RunTime:0.000115s ]
SQL: SELECT `company_name` FROM `eking_client` WHERE ( id=1112 ) LIMIT 1   [ RunTime:0.000115s ]
NOTIC: [8] Undefined index:  0 /home/wwwroot/app.jobmedia.cn/Temp/Cache/f00f177eec6217e16c9f63c0c3fc223d.php 第 209 行.
SQL: SELECT `company_name` FROM `eking_client` WHERE ( id=1113 ) LIMIT 1   [ RunTime:0.000234s ]
SQL: SELECT `company_name` FROM `eking_client` WHERE ( id=1114 ) LIMIT 1   [ RunTime:0.000116s ]
NOTIC: [8] Undefined index:  0 /home/wwwroot/app.jobmedia.cn/Temp/Cache/f00f177eec6217e16c9f63c0c3fc223d.php 第 209 行.
SQL: SELECT `company_name` FROM `eking_client` WHERE ( id=1098 ) LIMIT 1   [ RunTime:0.000116s ]
SQL: SELECT `company_name` FROM `eking_client` WHERE ( id=1097 ) LIMIT 1   [ RunTime:0.000114s ]
SQL: SELECT `company_name` FROM `eking_client` WHERE ( id=1113 ) LIMIT 1   [ RunTime:0.000115s ]
SQL: SELECT `company_name` FROM `eking_client` WHERE ( id=1101 ) LIMIT 1   [ RunTime:0.000114s ]
SQL: SELECT `company_name` FROM `eking_client` WHERE ( id=1098 ) LIMIT 1   [ RunTime:0.000114s ]
INFO: Run ParseTemplate Behavior [ RunTime:0.018833s ]
INFO: [ view_parse ] --END-- [ RunTime:0.018904s ]
INFO: [ view_filter ] --START--
INFO: Run ContentReplace Behavior [ RunTime:0.000302s ]
INFO: Run TokenBuild Behavior [ RunTime:0.000256s ]
INFO: Run WriteHtmlCache Behavior [ RunTime:0.000161s ]
INFO: Run ShowRuntime Behavior [ RunTime:0.000355s ]
INFO: [ view_filter ] --END-- [ RunTime:0.001252s ]
INFO: [ view_end ] --START--
INFO: Run ShowPageTrace Behavior [ RunTime:0.000418s ]
INFO: [ view_end ] --END-- [ RunTime:0.000480s ]

[ 2013-05-13T12:50:11+08:00 ] ERR: (ThinkException) 无法加载模块:App
[ 2013-05-13T15:24:29+08:00 ] 114.245.203.225 /
INFO: [ app_begin ] --START--
INFO: Run ReadHtmlCache Behavior [ RunTime:0.000406s ]
INFO: [ app_begin ] --END-- [ RunTime:0.000481s ]
NOTIC: [8] Undefined index:  ajax /home/wwwroot/app.jobmedia.cn/App/Lib/Action/GlAction.class.php 第 17 行.
NOTIC: [8] Undefined index:  id /home/wwwroot/app.jobmedia.cn/App/Lib/Action/GlAction.class.php 第 18 行.
SQL: SHOW COLUMNS FROM `eking_index` [ RunTime:0.000338s ]
ERR: Table 'erpking.eking_index' doesn't exist
 [ SQL语句 ] : SHOW COLUMNS FROM `eking_index`
NOTIC: [8] Undefined index:  json /home/wwwroot/app.jobmedia.cn/includes/array.php 第 174 行.
NOTIC: [8] Undefined variable: profile /home/wwwroot/app.jobmedia.cn/App/Lib/Action/GlAction.class.php 第 71 行.
SQL: SHOW COLUMNS FROM `eking_inform` [ RunTime:0.000455s ]
SQL: SELECT COUNT(*) AS tp_count FROM `eking_inform` WHERE ( 1=1 and find_in_set(1000483,touid) and not find_in_set(1000483,`read`) and module='candidate' ) LIMIT 1   [ RunTime:0.000203s ]
SQL: SELECT COUNT(*) AS tp_count FROM `eking_inform` WHERE ( 1=1 and find_in_set(1000483,touid) and not find_in_set(1000483,`read`) and module='collection'  ) LIMIT 1   [ RunTime:0.000148s ]
SQL: SHOW COLUMNS FROM `eking_usermsg` [ RunTime:0.000454s ]
SQL: SELECT COUNT(*) AS tp_count FROM `eking_usermsg` WHERE ( toid=1000483 and status=0 ) LIMIT 1   [ RunTime:0.000147s ]
NOTIC: [8] Undefined index:  title /home/wwwroot/app.jobmedia.cn/App/Lib/Action/IndexAction.class.php 第 16 行.
NOTIC: [8] Undefined index:  cid /home/wwwroot/app.jobmedia.cn/App/Lib/Action/IndexAction.class.php 第 18 行.
SQL: SHOW COLUMNS FROM `eking_works` [ RunTime:0.001394s ]
SQL: SELECT COUNT(*) AS tp_count FROM `eking_works` WHERE ( `display` = 1 ) LIMIT 1   [ RunTime:0.000141s ]
SQL: SELECT * FROM `eking_works` WHERE ( `display` = 1 ) ORDER BY id DESC LIMIT 0,15   [ RunTime:0.000313s ]
INFO: [ view_template ] --START--
INFO: Run LocationTemplate Behavior [ RunTime:0.000234s ]
INFO: [ view_template ] --END-- [ RunTime:0.000381s ]
INFO: [ view_parse ] --START--
NOTIC: [8] Undefined variable: Title /home/wwwroot/app.jobmedia.cn/Temp/Cache/f00f177eec6217e16c9f63c0c3fc223d.php 第 5 行.
NOTIC: [8] Undefined variable: ul /home/wwwroot/app.jobmedia.cn/Temp/Cache/f00f177eec6217e16c9f63c0c3fc223d.php 第 36 行.
NOTIC: [8] Undefined variable: cl /home/wwwroot/app.jobmedia.cn/Temp/Cache/f00f177eec6217e16c9f63c0c3fc223d.php 第 38 行.
SQL: SHOW COLUMNS FROM `eking_client` [ RunTime:0.000522s ]
SQL: SELECT `company_name` FROM `eking_client` WHERE ( id=1098 ) LIMIT 1   [ RunTime:0.000125s ]
SQL: SELECT `company_name` FROM `eking_client` WHERE ( id=1116 ) LIMIT 1   [ RunTime:0.000119s ]
SQL: SELECT `company_name` FROM `eking_client` WHERE ( id=1101 ) LIMIT 1   [ RunTime:0.000708s ]
SQL: SELECT `company_name` FROM `eking_client` WHERE ( id=1112 ) LIMIT 1   [ RunTime:0.000328s ]
NOTIC: [8] Undefined index:  0 /home/wwwroot/app.jobmedia.cn/Temp/Cache/f00f177eec6217e16c9f63c0c3fc223d.php 第 209 行.
SQL: SELECT `company_name` FROM `eking_client` WHERE ( id=1113 ) LIMIT 1   [ RunTime:0.000116s ]
SQL: SELECT `company_name` FROM `eking_client` WHERE ( id=1114 ) LIMIT 1   [ RunTime:0.000114s ]
NOTIC: [8] Undefined index:  0 /home/wwwroot/app.jobmedia.cn/Temp/Cache/f00f177eec6217e16c9f63c0c3fc223d.php 第 209 行.
SQL: SELECT `company_name` FROM `eking_client` WHERE ( id=1098 ) LIMIT 1   [ RunTime:0.000116s ]
SQL: SELECT `company_name` FROM `eking_client` WHERE ( id=1097 ) LIMIT 1   [ RunTime:0.000114s ]
SQL: SELECT `company_name` FROM `eking_client` WHERE ( id=1113 ) LIMIT 1   [ RunTime:0.000137s ]
SQL: SELECT `company_name` FROM `eking_client` WHERE ( id=1101 ) LIMIT 1   [ RunTime:0.000114s ]
SQL: SELECT `company_name` FROM `eking_client` WHERE ( id=1098 ) LIMIT 1   [ RunTime:0.000115s ]
INFO: Run ParseTemplate Behavior [ RunTime:0.018775s ]
INFO: [ view_parse ] --END-- [ RunTime:0.018843s ]
INFO: [ view_filter ] --START--
INFO: Run ContentReplace Behavior [ RunTime:0.000321s ]
INFO: Run TokenBuild Behavior [ RunTime:0.000254s ]
INFO: Run WriteHtmlCache Behavior [ RunTime:0.000154s ]
INFO: Run ShowRuntime Behavior [ RunTime:0.000411s ]
INFO: [ view_filter ] --END-- [ RunTime:0.001316s ]
INFO: [ view_end ] --START--
INFO: Run ShowPageTrace Behavior [ RunTime:0.000418s ]
INFO: [ view_end ] --END-- [ RunTime:0.000480s ]

[ 2013-05-13T15:24:29+08:00 ] ERR: (ThinkException) 无法加载模块:App
[ 2013-05-13T15:24:49+08:00 ] 114.245.203.225 /
INFO: [ app_begin ] --START--
INFO: Run ReadHtmlCache Behavior [ RunTime:0.000382s ]
INFO: [ app_begin ] --END-- [ RunTime:0.000466s ]
NOTIC: [8] Undefined index:  ajax /home/wwwroot/app.jobmedia.cn/App/Lib/Action/GlAction.class.php 第 17 行.
NOTIC: [8] Undefined index:  id /home/wwwroot/app.jobmedia.cn/App/Lib/Action/GlAction.class.php 第 18 行.
SQL: SHOW COLUMNS FROM `eking_index` [ RunTime:0.000330s ]
ERR: Table 'erpking.eking_index' doesn't exist
 [ SQL语句 ] : SHOW COLUMNS FROM `eking_index`
NOTIC: [8] Undefined index:  json /home/wwwroot/app.jobmedia.cn/includes/array.php 第 174 行.
NOTIC: [8] Undefined variable: profile /home/wwwroot/app.jobmedia.cn/App/Lib/Action/GlAction.class.php 第 71 行.
SQL: SHOW COLUMNS FROM `eking_inform` [ RunTime:0.000452s ]
SQL: SELECT COUNT(*) AS tp_count FROM `eking_inform` WHERE ( 1=1 and find_in_set(1000483,touid) and not find_in_set(1000483,`read`) and module='candidate' ) LIMIT 1   [ RunTime:0.000177s ]
SQL: SELECT COUNT(*) AS tp_count FROM `eking_inform` WHERE ( 1=1 and find_in_set(1000483,touid) and not find_in_set(1000483,`read`) and module='collection'  ) LIMIT 1   [ RunTime:0.000145s ]
SQL: SHOW COLUMNS FROM `eking_usermsg` [ RunTime:0.000442s ]
SQL: SELECT COUNT(*) AS tp_count FROM `eking_usermsg` WHERE ( toid=1000483 and status=0 ) LIMIT 1   [ RunTime:0.000145s ]
NOTIC: [8] Undefined index:  title /home/wwwroot/app.jobmedia.cn/App/Lib/Action/IndexAction.class.php 第 16 行.
NOTIC: [8] Undefined index:  cid /home/wwwroot/app.jobmedia.cn/App/Lib/Action/IndexAction.class.php 第 18 行.
SQL: SHOW COLUMNS FROM `eking_works` [ RunTime:0.000734s ]
SQL: SELECT COUNT(*) AS tp_count FROM `eking_works` WHERE ( `display` = 1 ) LIMIT 1   [ RunTime:0.000156s ]
SQL: SELECT * FROM `eking_works` WHERE ( `display` = 1 ) ORDER BY id DESC LIMIT 0,15   [ RunTime:0.000284s ]
INFO: [ view_template ] --START--
INFO: Run LocationTemplate Behavior [ RunTime:0.000232s ]
INFO: [ view_template ] --END-- [ RunTime:0.000305s ]
INFO: [ view_parse ] --START--
NOTIC: [8] Undefined variable: Title /home/wwwroot/app.jobmedia.cn/Temp/Cache/f00f177eec6217e16c9f63c0c3fc223d.php 第 5 行.
NOTIC: [8] Undefined variable: ul /home/wwwroot/app.jobmedia.cn/Temp/Cache/f00f177eec6217e16c9f63c0c3fc223d.php 第 36 行.
NOTIC: [8] Undefined variable: cl /home/wwwroot/app.jobmedia.cn/Temp/Cache/f00f177eec6217e16c9f63c0c3fc223d.php 第 38 行.
SQL: SHOW COLUMNS FROM `eking_client` [ RunTime:0.000542s ]
SQL: SELECT `company_name` FROM `eking_client` WHERE ( id=1098 ) LIMIT 1   [ RunTime:0.000123s ]
SQL: SELECT `company_name` FROM `eking_client` WHERE ( id=1116 ) LIMIT 1   [ RunTime:0.000220s ]
SQL: SELECT `company_name` FROM `eking_client` WHERE ( id=1101 ) LIMIT 1   [ RunTime:0.000115s ]
SQL: SELECT `company_name` FROM `eking_client` WHERE ( id=1112 ) LIMIT 1   [ RunTime:0.000115s ]
NOTIC: [8] Undefined index:  0 /home/wwwroot/app.jobmedia.cn/Temp/Cache/f00f177eec6217e16c9f63c0c3fc223d.php 第 209 行.
SQL: SELECT `company_name` FROM `eking_client` WHERE ( id=1113 ) LIMIT 1   [ RunTime:0.000120s ]
SQL: SELECT `company_name` FROM `eking_client` WHERE ( id=1114 ) LIMIT 1   [ RunTime:0.000119s ]
NOTIC: [8] Undefined index:  0 /home/wwwroot/app.jobmedia.cn/Temp/Cache/f00f177eec6217e16c9f63c0c3fc223d.php 第 209 行.
SQL: SELECT `company_name` FROM `eking_client` WHERE ( id=1098 ) LIMIT 1   [ RunTime:0.000116s ]
SQL: SELECT `company_name` FROM `eking_client` WHERE ( id=1097 ) LIMIT 1   [ RunTime:0.000115s ]
SQL: SELECT `company_name` FROM `eking_client` WHERE ( id=1113 ) LIMIT 1   [ RunTime:0.000138s ]
SQL: SELECT `company_name` FROM `eking_client` WHERE ( id=1101 ) LIMIT 1   [ RunTime:0.000114s ]
SQL: SELECT `company_name` FROM `eking_client` WHERE ( id=1098 ) LIMIT 1   [ RunTime:0.000114s ]
INFO: Run ParseTemplate Behavior [ RunTime:0.018225s ]
INFO: [ view_parse ] --END-- [ RunTime:0.018295s ]
INFO: [ view_filter ] --START--
INFO: Run ContentReplace Behavior [ RunTime:0.000325s ]
INFO: Run TokenBuild Behavior [ RunTime:0.000256s ]
INFO: Run WriteHtmlCache Behavior [ RunTime:0.000154s ]
INFO: Run ShowRuntime Behavior [ RunTime:0.000354s ]
INFO: [ view_filter ] --END-- [ RunTime:0.001265s ]
INFO: [ view_end ] --START--
INFO: Run ShowPageTrace Behavior [ RunTime:0.000418s ]
INFO: [ view_end ] --END-- [ RunTime:0.000480s ]

[ 2013-05-13T15:24:49+08:00 ] ERR: (ThinkException) 无法加载模块:App
[ 2013-05-13T16:10:21+08:00 ] 114.245.203.225 /
INFO: [ app_begin ] --START--
INFO: Run ReadHtmlCache Behavior [ RunTime:0.000415s ]
INFO: [ app_begin ] --END-- [ RunTime:0.000636s ]
NOTIC: [8] Undefined index:  ajax /home/wwwroot/app.jobmedia.cn/App/Lib/Action/GlAction.class.php 第 17 行.
NOTIC: [8] Undefined index:  id /home/wwwroot/app.jobmedia.cn/App/Lib/Action/GlAction.class.php 第 18 行.
SQL: SHOW COLUMNS FROM `eking_index` [ RunTime:0.000319s ]
ERR: Table 'erpking.eking_index' doesn't exist
 [ SQL语句 ] : SHOW COLUMNS FROM `eking_index`
NOTIC: [8] Undefined index:  json /home/wwwroot/app.jobmedia.cn/includes/array.php 第 174 行.
NOTIC: [8] Undefined variable: profile /home/wwwroot/app.jobmedia.cn/App/Lib/Action/GlAction.class.php 第 71 行.
SQL: SHOW COLUMNS FROM `eking_inform` [ RunTime:0.000496s ]
SQL: SELECT COUNT(*) AS tp_count FROM `eking_inform` WHERE ( 1=1 and find_in_set(1000483,touid) and not find_in_set(1000483,`read`) and module='candidate' ) LIMIT 1   [ RunTime:0.000176s ]
SQL: SELECT COUNT(*) AS tp_count FROM `eking_inform` WHERE ( 1=1 and find_in_set(1000483,touid) and not find_in_set(1000483,`read`) and module='collection'  ) LIMIT 1   [ RunTime:0.000147s ]
SQL: SHOW COLUMNS FROM `eking_usermsg` [ RunTime:0.000457s ]
SQL: SELECT COUNT(*) AS tp_count FROM `eking_usermsg` WHERE ( toid=1000483 and status=0 ) LIMIT 1   [ RunTime:0.000142s ]
NOTIC: [8] Undefined index:  title /home/wwwroot/app.jobmedia.cn/App/Lib/Action/IndexAction.class.php 第 16 行.
NOTIC: [8] Undefined index:  cid /home/wwwroot/app.jobmedia.cn/App/Lib/Action/IndexAction.class.php 第 18 行.
SQL: SHOW COLUMNS FROM `eking_works` [ RunTime:0.000735s ]
SQL: SELECT COUNT(*) AS tp_count FROM `eking_works` WHERE ( `display` = 1 ) LIMIT 1   [ RunTime:0.000136s ]
SQL: SELECT * FROM `eking_works` WHERE ( `display` = 1 ) ORDER BY id DESC LIMIT 0,15   [ RunTime:0.000406s ]
INFO: [ view_template ] --START--
INFO: Run LocationTemplate Behavior [ RunTime:0.000229s ]
INFO: [ view_template ] --END-- [ RunTime:0.000299s ]
INFO: [ view_parse ] --START--
NOTIC: [8] Undefined variable: Title /home/wwwroot/app.jobmedia.cn/Temp/Cache/f00f177eec6217e16c9f63c0c3fc223d.php 第 5 行.
NOTIC: [8] Undefined variable: ul /home/wwwroot/app.jobmedia.cn/Temp/Cache/f00f177eec6217e16c9f63c0c3fc223d.php 第 36 行.
NOTIC: [8] Undefined variable: cl /home/wwwroot/app.jobmedia.cn/Temp/Cache/f00f177eec6217e16c9f63c0c3fc223d.php 第 38 行.
SQL: SHOW COLUMNS FROM `eking_client` [ RunTime:0.000539s ]
SQL: SELECT `company_name` FROM `eking_client` WHERE ( id=1098 ) LIMIT 1   [ RunTime:0.000121s ]
SQL: SELECT `company_name` FROM `eking_client` WHERE ( id=1116 ) LIMIT 1   [ RunTime:0.000141s ]
SQL: SELECT `company_name` FROM `eking_client` WHERE ( id=1101 ) LIMIT 1   [ RunTime:0.000114s ]
SQL: SELECT `company_name` FROM `eking_client` WHERE ( id=1112 ) LIMIT 1   [ RunTime:0.000116s ]
NOTIC: [8] Undefined index:  0 /home/wwwroot/app.jobmedia.cn/Temp/Cache/f00f177eec6217e16c9f63c0c3fc223d.php 第 209 行.
SQL: SELECT `company_name` FROM `eking_client` WHERE ( id=1113 ) LIMIT 1   [ RunTime:0.000122s ]
SQL: SELECT `company_name` FROM `eking_client` WHERE ( id=1114 ) LIMIT 1   [ RunTime:0.000117s ]
NOTIC: [8] Undefined index:  0 /home/wwwroot/app.jobmedia.cn/Temp/Cache/f00f177eec6217e16c9f63c0c3fc223d.php 第 209 行.
SQL: SELECT `company_name` FROM `eking_client` WHERE ( id=1098 ) LIMIT 1   [ RunTime:0.000116s ]
SQL: SELECT `company_name` FROM `eking_client` WHERE ( id=1097 ) LIMIT 1   [ RunTime:0.000139s ]
SQL: SELECT `company_name` FROM `eking_client` WHERE ( id=1113 ) LIMIT 1   [ RunTime:0.000114s ]
SQL: SELECT `company_name` FROM `eking_client` WHERE ( id=1101 ) LIMIT 1   [ RunTime:0.000113s ]
SQL: SELECT `company_name` FROM `eking_client` WHERE ( id=1098 ) LIMIT 1   [ RunTime:0.000114s ]
INFO: Run ParseTemplate Behavior [ RunTime:0.018550s ]
INFO: [ view_parse ] --END-- [ RunTime:0.018620s ]
INFO: [ view_filter ] --START--
INFO: Run ContentReplace Behavior [ RunTime:0.000297s ]
INFO: Run TokenBuild Behavior [ RunTime:0.000256s ]
INFO: Run WriteHtmlCache Behavior [ RunTime:0.000180s ]
INFO: Run ShowRuntime Behavior [ RunTime:0.000326s ]
INFO: [ view_filter ] --END-- [ RunTime:0.001238s ]
INFO: [ view_end ] --START--
INFO: Run ShowPageTrace Behavior [ RunTime:0.000444s ]
INFO: [ view_end ] --END-- [ RunTime:0.000507s ]

[ 2013-05-13T16:10:24+08:00 ] ERR: (ThinkException) 无法加载模块:App
[ 2013-05-13T16:27:19+08:00 ] 114.245.203.225 /
INFO: [ app_begin ] --START--
INFO: Run ReadHtmlCache Behavior [ RunTime:0.000416s ]
INFO: [ app_begin ] --END-- [ RunTime:0.000493s ]
NOTIC: [8] Undefined index:  ajax /home/wwwroot/app.jobmedia.cn/App/Lib/Action/GlAction.class.php 第 17 行.
NOTIC: [8] Undefined index:  id /home/wwwroot/app.jobmedia.cn/App/Lib/Action/GlAction.class.php 第 18 行.
SQL: SHOW COLUMNS FROM `eking_index` [ RunTime:0.000321s ]
ERR: Table 'erpking.eking_index' doesn't exist
 [ SQL语句 ] : SHOW COLUMNS FROM `eking_index`
NOTIC: [8] Undefined index:  json /home/wwwroot/app.jobmedia.cn/includes/array.php 第 174 行.
NOTIC: [8] Undefined variable: profile /home/wwwroot/app.jobmedia.cn/App/Lib/Action/GlAction.class.php 第 71 行.
SQL: SHOW COLUMNS FROM `eking_inform` [ RunTime:0.000454s ]
SQL: SELECT COUNT(*) AS tp_count FROM `eking_inform` WHERE ( 1=1 and find_in_set(1000483,touid) and not find_in_set(1000483,`read`) and module='candidate' ) LIMIT 1   [ RunTime:0.000175s ]
SQL: SELECT COUNT(*) AS tp_count FROM `eking_inform` WHERE ( 1=1 and find_in_set(1000483,touid) and not find_in_set(1000483,`read`) and module='collection'  ) LIMIT 1   [ RunTime:0.000144s ]
SQL: SHOW COLUMNS FROM `eking_usermsg` [ RunTime:0.000452s ]
SQL: SELECT COUNT(*) AS tp_count FROM `eking_usermsg` WHERE ( toid=1000483 and status=0 ) LIMIT 1   [ RunTime:0.000142s ]
NOTIC: [8] Undefined index:  title /home/wwwroot/app.jobmedia.cn/App/Lib/Action/IndexAction.class.php 第 16 行.
NOTIC: [8] Undefined index:  cid /home/wwwroot/app.jobmedia.cn/App/Lib/Action/IndexAction.class.php 第 18 行.
SQL: SHOW COLUMNS FROM `eking_works` [ RunTime:0.000765s ]
SQL: SELECT COUNT(*) AS tp_count FROM `eking_works` WHERE ( `display` = 1 ) LIMIT 1   [ RunTime:0.000138s ]
SQL: SELECT * FROM `eking_works` WHERE ( `display` = 1 ) ORDER BY id DESC LIMIT 0,15   [ RunTime:0.000279s ]
INFO: [ view_template ] --START--
INFO: Run LocationTemplate Behavior [ RunTime:0.000228s ]
INFO: [ view_template ] --END-- [ RunTime:0.000299s ]
INFO: [ view_parse ] --START--
NOTIC: [8] Undefined variable: Title /home/wwwroot/app.jobmedia.cn/Temp/Cache/f00f177eec6217e16c9f63c0c3fc223d.php 第 5 行.
NOTIC: [8] Undefined variable: ul /home/wwwroot/app.jobmedia.cn/Temp/Cache/f00f177eec6217e16c9f63c0c3fc223d.php 第 36 行.
NOTIC: [8] Undefined variable: cl /home/wwwroot/app.jobmedia.cn/Temp/Cache/f00f177eec6217e16c9f63c0c3fc223d.php 第 38 行.
SQL: SHOW COLUMNS FROM `eking_client` [ RunTime:0.000550s ]
SQL: SELECT `company_name` FROM `eking_client` WHERE ( id=1098 ) LIMIT 1   [ RunTime:0.000121s ]
SQL: SELECT `company_name` FROM `eking_client` WHERE ( id=1116 ) LIMIT 1   [ RunTime:0.000115s ]
SQL: SELECT `company_name` FROM `eking_client` WHERE ( id=1101 ) LIMIT 1   [ RunTime:0.000115s ]
SQL: SELECT `company_name` FROM `eking_client` WHERE ( id=1112 ) LIMIT 1   [ RunTime:0.000114s ]
NOTIC: [8] Undefined index:  0 /home/wwwroot/app.jobmedia.cn/Temp/Cache/f00f177eec6217e16c9f63c0c3fc223d.php 第 209 行.
SQL: SELECT `company_name` FROM `eking_client` WHERE ( id=1113 ) LIMIT 1   [ RunTime:0.000547s ]
SQL: SELECT `company_name` FROM `eking_client` WHERE ( id=1114 ) LIMIT 1   [ RunTime:0.000116s ]
NOTIC: [8] Undefined index:  0 /home/wwwroot/app.jobmedia.cn/Temp/Cache/f00f177eec6217e16c9f63c0c3fc223d.php 第 209 行.
SQL: SELECT `company_name` FROM `eking_client` WHERE ( id=1098 ) LIMIT 1   [ RunTime:0.000117s ]
SQL: SELECT `company_name` FROM `eking_client` WHERE ( id=1097 ) LIMIT 1   [ RunTime:0.000114s ]
SQL: SELECT `company_name` FROM `eking_client` WHERE ( id=1113 ) LIMIT 1   [ RunTime:0.000116s ]
SQL: SELECT `company_name` FROM `eking_client` WHERE ( id=1101 ) LIMIT 1   [ RunTime:0.000114s ]
SQL: SELECT `company_name` FROM `eking_client` WHERE ( id=1098 ) LIMIT 1   [ RunTime:0.000114s ]
INFO: Run ParseTemplate Behavior [ RunTime:0.018391s ]
INFO: [ view_parse ] --END-- [ RunTime:0.018459s ]
INFO: [ view_filter ] --START--
INFO: Run ContentReplace Behavior [ RunTime:0.000323s ]
INFO: Run TokenBuild Behavior [ RunTime:0.000256s ]
INFO: Run WriteHtmlCache Behavior [ RunTime:0.000154s ]
INFO: Run ShowRuntime Behavior [ RunTime:0.000354s ]
INFO: [ view_filter ] --END-- [ RunTime:0.001263s ]
INFO: [ view_end ] --START--
INFO: Run ShowPageTrace Behavior [ RunTime:0.000420s ]
INFO: [ view_end ] --END-- [ RunTime:0.000483s ]

[ 2013-05-13T16:27:19+08:00 ] ERR: (ThinkException) 无法加载模块:App
[ 2013-05-13T16:27:29+08:00 ] 114.245.203.225 /index.php/Job/detail/id/1019
INFO: [ route_check ] --START--
INFO: Run CheckRoute Behavior [ RunTime:0.000603s ]
INFO: [ route_check ] --END-- [ RunTime:0.000705s ]
INFO: [ app_begin ] --START--
INFO: Run ReadHtmlCache Behavior [ RunTime:0.000397s ]
INFO: [ app_begin ] --END-- [ RunTime:0.000465s ]
NOTIC: [8] Undefined index:  ajax /home/wwwroot/app.jobmedia.cn/App/Lib/Action/GlAction.class.php 第 17 行.
SQL: SHOW COLUMNS FROM `eking_job` [ RunTime:0.000353s ]
ERR: Table 'erpking.eking_job' doesn't exist
 [ SQL语句 ] : SHOW COLUMNS FROM `eking_job`
NOTIC: [8] Undefined index:  json /home/wwwroot/app.jobmedia.cn/includes/array.php 第 174 行.
NOTIC: [8] Undefined variable: profile /home/wwwroot/app.jobmedia.cn/App/Lib/Action/GlAction.class.php 第 71 行.
SQL: SHOW COLUMNS FROM `eking_inform` [ RunTime:0.000455s ]
SQL: SELECT COUNT(*) AS tp_count FROM `eking_inform` WHERE ( 1=1 and find_in_set(1000483,touid) and not find_in_set(1000483,`read`) and module='candidate' ) LIMIT 1   [ RunTime:0.000179s ]
SQL: SELECT COUNT(*) AS tp_count FROM `eking_inform` WHERE ( 1=1 and find_in_set(1000483,touid) and not find_in_set(1000483,`read`) and module='collection'  ) LIMIT 1   [ RunTime:0.000148s ]
SQL: SHOW COLUMNS FROM `eking_usermsg` [ RunTime:0.000455s ]
SQL: SELECT COUNT(*) AS tp_count FROM `eking_usermsg` WHERE ( toid=1000483 and status=0 ) LIMIT 1   [ RunTime:0.000146s ]
SQL: SHOW COLUMNS FROM `eking_works` [ RunTime:0.000776s ]
SQL: SELECT * FROM `eking_works` WHERE ( id=1019 ) LIMIT 1   [ RunTime:0.000206s ]
SQL: SHOW COLUMNS FROM `eking_client` [ RunTime:0.000547s ]
SQL: SELECT * FROM `eking_client` WHERE ( id=1098 ) LIMIT 1   [ RunTime:0.000172s ]
INFO: [ view_template ] --START--
INFO: Run LocationTemplate Behavior [ RunTime:0.000226s ]
INFO: [ view_template ] --END-- [ RunTime:0.000292s ]
INFO: [ view_parse ] --START--
NOTIC: [8] Undefined variable: Title /home/wwwroot/app.jobmedia.cn/Temp/Cache/cd59bee961f93352b8b087b7223f0145.php 第 5 行.
NOTIC: [8] Undefined variable: ul /home/wwwroot/app.jobmedia.cn/Temp/Cache/cd59bee961f93352b8b087b7223f0145.php 第 36 行.
NOTIC: [8] Undefined variable: cl /home/wwwroot/app.jobmedia.cn/Temp/Cache/cd59bee961f93352b8b087b7223f0145.php 第 38 行.
NOTIC: [8] Use of undefined constant cid - assumed 'cid' /home/wwwroot/app.jobmedia.cn/Temp/Cache/cd59bee961f93352b8b087b7223f0145.php 第 195 行.
SQL: SELECT `company_name` FROM `eking_client` WHERE ( id=Arraycid ) LIMIT 1   [ RunTime:0.000099s ]
ERR: Unknown column 'Arraycid' in 'where clause'
 [ SQL语句 ] : SELECT `company_name` FROM `eking_client` WHERE ( id=Arraycid ) LIMIT 1  
INFO: Run ParseTemplate Behavior [ RunTime:0.015491s ]
INFO: [ view_parse ] --END-- [ RunTime:0.015560s ]
INFO: [ view_filter ] --START--
INFO: Run ContentReplace Behavior [ RunTime:0.000280s ]
INFO: Run TokenBuild Behavior [ RunTime:0.000259s ]
INFO: Run WriteHtmlCache Behavior [ RunTime:0.000180s ]
INFO: Run ShowRuntime Behavior [ RunTime:0.000319s ]
INFO: [ view_filter ] --END-- [ RunTime:0.001217s ]
INFO: [ view_end ] --START--
INFO: Run ShowPageTrace Behavior [ RunTime:0.000419s ]
INFO: [ view_end ] --END-- [ RunTime:0.000481s ]

[ 2013-05-13T16:27:29+08:00 ] ERR: (ThinkException) 无法加载模块:App
[ 2013-05-13T18:15:19+08:00 ] 218.241.98.203 /
INFO: [ app_begin ] --START--
INFO: Run ReadHtmlCache Behavior [ RunTime:0.000379s ]
INFO: [ app_begin ] --END-- [ RunTime:0.000453s ]
NOTIC: [8] Undefined index:  ajax /home/wwwroot/app.jobmedia.cn/App/Lib/Action/GlAction.class.php 第 17 行.
NOTIC: [8] Undefined index:  id /home/wwwroot/app.jobmedia.cn/App/Lib/Action/GlAction.class.php 第 18 行.
SQL: SHOW COLUMNS FROM `eking_index` [ RunTime:0.000313s ]
ERR: Table 'erpking.eking_index' doesn't exist
 [ SQL语句 ] : SHOW COLUMNS FROM `eking_index`
NOTIC: [8] Undefined index:  json /home/wwwroot/app.jobmedia.cn/includes/array.php 第 174 行.
NOTIC: [8] Undefined index:  THINK_uname /home/wwwroot/app.jobmedia.cn/Framework/Extend/Library/ORG/Util/Cookie.class.php 第 32 行.
NOTIC: [8] Undefined index:  THINK_uid /home/wwwroot/app.jobmedia.cn/Framework/Extend/Library/ORG/Util/Cookie.class.php 第 32 行.
NOTIC: [8] Undefined index:  THINK_consultant /home/wwwroot/app.jobmedia.cn/Framework/Extend/Library/ORG/Util/Cookie.class.php 第 32 行.
NOTIC: [8] Undefined index:  THINK_face /home/wwwroot/app.jobmedia.cn/Framework/Extend/Library/ORG/Util/Cookie.class.php 第 32 行.
NOTIC: [8] Undefined index:  THINK_group /home/wwwroot/app.jobmedia.cn/Framework/Extend/Library/ORG/Util/Cookie.class.php 第 32 行.
NOTIC: [8] Undefined index:  THINK_role_id /home/wwwroot/app.jobmedia.cn/Framework/Extend/Library/ORG/Util/Cookie.class.php 第 32 行.

[ 2013-05-13T18:15:19+08:00 ] 218.241.98.203 /User/login.html
INFO: [ route_check ] --START--
INFO: Run CheckRoute Behavior [ RunTime:0.000626s ]
INFO: [ route_check ] --END-- [ RunTime:0.000699s ]
INFO: [ app_begin ] --START--
INFO: Run ReadHtmlCache Behavior [ RunTime:0.000399s ]
INFO: [ app_begin ] --END-- [ RunTime:0.000466s ]
INFO: [ view_template ] --START--
INFO: Run LocationTemplate Behavior [ RunTime:0.000214s ]
INFO: [ view_template ] --END-- [ RunTime:0.000304s ]
INFO: [ view_parse ] --START--
INFO: Run ParseTemplate Behavior [ RunTime:0.005875s ]
INFO: [ view_parse ] --END-- [ RunTime:0.005968s ]
INFO: [ view_filter ] --START--
INFO: Run ContentReplace Behavior [ RunTime:0.000239s ]
INFO: Run TokenBuild Behavior [ RunTime:0.000256s ]
INFO: Run WriteHtmlCache Behavior [ RunTime:0.000154s ]
INFO: Run ShowRuntime Behavior [ RunTime:0.000344s ]
INFO: [ view_filter ] --END-- [ RunTime:0.001173s ]
INFO: [ view_end ] --START--
INFO: Run ShowPageTrace Behavior [ RunTime:0.000439s ]
INFO: [ view_end ] --END-- [ RunTime:0.000500s ]

