[ 2013-05-23T23:04:36+08:00 ] 218.241.98.204 /
INFO: [ app_begin ] --START--
INFO: Run ReadHtmlCache Behavior [ RunTime:0.000381s ]
INFO: [ app_begin ] --END-- [ RunTime:0.000455s ]
NOTIC: [8] Undefined index:  ajax /home/wwwroot/app.jobmedia.cn/App/Lib/Action/GlAction.class.php 第 17 行.
NOTIC: [8] Undefined index:  id /home/wwwroot/app.jobmedia.cn/App/Lib/Action/GlAction.class.php 第 18 行.
SQL: SHOW COLUMNS FROM `eking_index` [ RunTime:0.000319s ]
ERR: Table 'erpking.eking_index' doesn't exist
 [ SQL语句 ] : SHOW COLUMNS FROM `eking_index`
NOTIC: [8] Undefined index:  json /home/wwwroot/app.jobmedia.cn/includes/array.php 第 174 行.
NOTIC: [8] Undefined index:  THINK_uname /home/wwwroot/app.jobmedia.cn/Framework/Extend/Library/ORG/Util/Cookie.class.php 第 32 行.
NOTIC: [8] Undefined index:  THINK_uid /home/wwwroot/app.jobmedia.cn/Framework/Extend/Library/ORG/Util/Cookie.class.php 第 32 行.
NOTIC: [8] Undefined index:  THINK_consultant /home/wwwroot/app.jobmedia.cn/Framework/Extend/Library/ORG/Util/Cookie.class.php 第 32 行.
NOTIC: [8] Undefined index:  THINK_face /home/wwwroot/app.jobmedia.cn/Framework/Extend/Library/ORG/Util/Cookie.class.php 第 32 行.
NOTIC: [8] Undefined index:  THINK_group /home/wwwroot/app.jobmedia.cn/Framework/Extend/Library/ORG/Util/Cookie.class.php 第 32 行.
NOTIC: [8] Undefined index:  THINK_role_id /home/wwwroot/app.jobmedia.cn/Framework/Extend/Library/ORG/Util/Cookie.class.php 第 32 行.

[ 2013-05-23T23:04:36+08:00 ] 218.241.98.204 /User/login.html
INFO: [ route_check ] --START--
INFO: Run CheckRoute Behavior [ RunTime:0.000630s ]
INFO: [ route_check ] --END-- [ RunTime:0.000703s ]
INFO: [ app_begin ] --START--
INFO: Run ReadHtmlCache Behavior [ RunTime:0.000372s ]
INFO: [ app_begin ] --END-- [ RunTime:0.000437s ]
INFO: [ view_template ] --START--
INFO: Run LocationTemplate Behavior [ RunTime:0.000216s ]
INFO: [ view_template ] --END-- [ RunTime:0.000282s ]
INFO: [ view_parse ] --START--
INFO: Run ParseTemplate Behavior [ RunTime:0.005921s ]
INFO: [ view_parse ] --END-- [ RunTime:0.005987s ]
INFO: [ view_filter ] --START--
INFO: Run ContentReplace Behavior [ RunTime:0.000268s ]
INFO: Run TokenBuild Behavior [ RunTime:0.000258s ]
INFO: Run WriteHtmlCache Behavior [ RunTime:0.000157s ]
INFO: Run ShowRuntime Behavior [ RunTime:0.000315s ]
INFO: [ view_filter ] --END-- [ RunTime:0.001200s ]
INFO: [ view_end ] --START--
INFO: Run ShowPageTrace Behavior [ RunTime:0.000429s ]
INFO: [ view_end ] --END-- [ RunTime:0.000492s ]

