[ 2013-05-11T05:33:37+08:00 ] 61.148.244.13 /
INFO: [ app_begin ] --START--
INFO: Run ReadHtmlCache Behavior [ RunTime:0.000414s ]
INFO: [ app_begin ] --END-- [ RunTime:0.000493s ]
NOTIC: [8] Undefined index:  ajax /home/wwwroot/app.jobmedia.cn/App/Lib/Action/GlAction.class.php 第 17 行.
NOTIC: [8] Undefined index:  id /home/wwwroot/app.jobmedia.cn/App/Lib/Action/GlAction.class.php 第 18 行.
SQL: SHOW COLUMNS FROM `eking_index` [ RunTime:0.000310s ]
ERR: Table 'erpking.eking_index' doesn't exist
 [ SQL语句 ] : SHOW COLUMNS FROM `eking_index`
NOTIC: [8] Undefined index:  json /home/wwwroot/app.jobmedia.cn/includes/array.php 第 174 行.
NOTIC: [8] Undefined index:  THINK_uname /home/wwwroot/app.jobmedia.cn/Framework/Extend/Library/ORG/Util/Cookie.class.php 第 32 行.
NOTIC: [8] Undefined index:  THINK_uid /home/wwwroot/app.jobmedia.cn/Framework/Extend/Library/ORG/Util/Cookie.class.php 第 32 行.
NOTIC: [8] Undefined index:  THINK_consultant /home/wwwroot/app.jobmedia.cn/Framework/Extend/Library/ORG/Util/Cookie.class.php 第 32 行.
NOTIC: [8] Undefined index:  THINK_face /home/wwwroot/app.jobmedia.cn/Framework/Extend/Library/ORG/Util/Cookie.class.php 第 32 行.
NOTIC: [8] Undefined index:  THINK_group /home/wwwroot/app.jobmedia.cn/Framework/Extend/Library/ORG/Util/Cookie.class.php 第 32 行.
NOTIC: [8] Undefined index:  THINK_role_id /home/wwwroot/app.jobmedia.cn/Framework/Extend/Library/ORG/Util/Cookie.class.php 第 32 行.

[ 2013-05-11T05:33:37+08:00 ] 61.148.244.13 /User/login.html
INFO: [ route_check ] --START--
INFO: Run CheckRoute Behavior [ RunTime:0.000635s ]
INFO: [ route_check ] --END-- [ RunTime:0.000708s ]
INFO: [ app_begin ] --START--
INFO: Run ReadHtmlCache Behavior [ RunTime:0.000399s ]
INFO: [ app_begin ] --END-- [ RunTime:0.000465s ]
INFO: [ view_template ] --START--
INFO: Run LocationTemplate Behavior [ RunTime:0.000237s ]
INFO: [ view_template ] --END-- [ RunTime:0.000304s ]
INFO: [ view_parse ] --START--
INFO: Run ParseTemplate Behavior [ RunTime:0.005999s ]
INFO: [ view_parse ] --END-- [ RunTime:0.006066s ]
INFO: [ view_filter ] --START--
INFO: Run ContentReplace Behavior [ RunTime:0.000239s ]
INFO: Run TokenBuild Behavior [ RunTime:0.000254s ]
INFO: Run WriteHtmlCache Behavior [ RunTime:0.000155s ]
INFO: Run ShowRuntime Behavior [ RunTime:0.000315s ]
INFO: [ view_filter ] --END-- [ RunTime:0.001163s ]
INFO: [ view_end ] --START--
INFO: Run ShowPageTrace Behavior [ RunTime:0.000431s ]
INFO: [ view_end ] --END-- [ RunTime:0.000493s ]

[ 2013-05-11T05:34:00+08:00 ] 61.148.244.13 /User/doLogin
INFO: [ route_check ] --START--
INFO: Run CheckRoute Behavior [ RunTime:0.000602s ]
INFO: [ route_check ] --END-- [ RunTime:0.000680s ]
INFO: [ app_begin ] --START--
INFO: Run ReadHtmlCache Behavior [ RunTime:0.000372s ]
INFO: [ app_begin ] --END-- [ RunTime:0.000433s ]
NOTIC: [8] Trying to get property of non-object /home/wwwroot/app.jobmedia.cn/App/Lib/Action/UserAction.class.php 第 29 行.

[ 2013-05-11T10:13:28+08:00 ] 114.245.217.35 /
INFO: [ app_begin ] --START--
INFO: Run ReadHtmlCache Behavior [ RunTime:0.000403s ]
INFO: [ app_begin ] --END-- [ RunTime:0.000477s ]
NOTIC: [8] Undefined index:  ajax /home/wwwroot/app.jobmedia.cn/App/Lib/Action/GlAction.class.php 第 17 行.
NOTIC: [8] Undefined index:  id /home/wwwroot/app.jobmedia.cn/App/Lib/Action/GlAction.class.php 第 18 行.
SQL: SHOW COLUMNS FROM `eking_index` [ RunTime:0.000311s ]
ERR: Table 'erpking.eking_index' doesn't exist
 [ SQL语句 ] : SHOW COLUMNS FROM `eking_index`
NOTIC: [8] Undefined index:  json /home/wwwroot/app.jobmedia.cn/includes/array.php 第 174 行.
NOTIC: [8] Undefined index:  THINK_uname /home/wwwroot/app.jobmedia.cn/Framework/Extend/Library/ORG/Util/Cookie.class.php 第 32 行.
NOTIC: [8] Undefined index:  THINK_uid /home/wwwroot/app.jobmedia.cn/Framework/Extend/Library/ORG/Util/Cookie.class.php 第 32 行.
NOTIC: [8] Undefined index:  THINK_consultant /home/wwwroot/app.jobmedia.cn/Framework/Extend/Library/ORG/Util/Cookie.class.php 第 32 行.
NOTIC: [8] Undefined index:  THINK_face /home/wwwroot/app.jobmedia.cn/Framework/Extend/Library/ORG/Util/Cookie.class.php 第 32 行.
NOTIC: [8] Undefined index:  THINK_group /home/wwwroot/app.jobmedia.cn/Framework/Extend/Library/ORG/Util/Cookie.class.php 第 32 行.
NOTIC: [8] Undefined index:  THINK_role_id /home/wwwroot/app.jobmedia.cn/Framework/Extend/Library/ORG/Util/Cookie.class.php 第 32 行.

[ 2013-05-11T10:13:28+08:00 ] 114.245.217.35 /User/login.html
INFO: [ route_check ] --START--
INFO: Run CheckRoute Behavior [ RunTime:0.000643s ]
INFO: [ route_check ] --END-- [ RunTime:0.000723s ]
INFO: [ app_begin ] --START--
INFO: Run ReadHtmlCache Behavior [ RunTime:0.000409s ]
INFO: [ app_begin ] --END-- [ RunTime:0.000482s ]
INFO: [ view_template ] --START--
INFO: Run LocationTemplate Behavior [ RunTime:0.000241s ]
INFO: [ view_template ] --END-- [ RunTime:0.000312s ]
INFO: [ view_parse ] --START--
INFO: Run ParseTemplate Behavior [ RunTime:0.006152s ]
INFO: [ view_parse ] --END-- [ RunTime:0.006222s ]
INFO: [ view_filter ] --START--
INFO: Run ContentReplace Behavior [ RunTime:0.000243s ]
INFO: Run TokenBuild Behavior [ RunTime:0.000284s ]
INFO: Run WriteHtmlCache Behavior [ RunTime:0.000156s ]
INFO: Run ShowRuntime Behavior [ RunTime:0.000317s ]
INFO: [ view_filter ] --END-- [ RunTime:0.001181s ]
INFO: [ view_end ] --START--
INFO: Run ShowPageTrace Behavior [ RunTime:0.000466s ]
INFO: [ view_end ] --END-- [ RunTime:0.000530s ]

[ 2013-05-11T10:13:29+08:00 ] ERR: (ThinkException) 无法加载模块:favicon
[ 2013-05-11T10:13:31+08:00 ] 114.245.217.35 /User/doLogin
INFO: [ route_check ] --START--
INFO: Run CheckRoute Behavior [ RunTime:0.000643s ]
INFO: [ route_check ] --END-- [ RunTime:0.000726s ]
INFO: [ app_begin ] --START--
INFO: Run ReadHtmlCache Behavior [ RunTime:0.000410s ]
INFO: [ app_begin ] --END-- [ RunTime:0.000477s ]
NOTIC: [8] Trying to get property of non-object /home/wwwroot/app.jobmedia.cn/App/Lib/Action/UserAction.class.php 第 29 行.

[ 2013-05-11T10:14:02+08:00 ] 114.245.217.35 /
INFO: [ app_begin ] --START--
INFO: Run ReadHtmlCache Behavior [ RunTime:0.000393s ]
INFO: [ app_begin ] --END-- [ RunTime:0.000468s ]
NOTIC: [8] Undefined index:  ajax /home/wwwroot/app.jobmedia.cn/App/Lib/Action/GlAction.class.php 第 17 行.
NOTIC: [8] Undefined index:  id /home/wwwroot/app.jobmedia.cn/App/Lib/Action/GlAction.class.php 第 18 行.
SQL: SHOW COLUMNS FROM `eking_index` [ RunTime:0.000335s ]
ERR: Table 'erpking.eking_index' doesn't exist
 [ SQL语句 ] : SHOW COLUMNS FROM `eking_index`
NOTIC: [8] Undefined index:  json /home/wwwroot/app.jobmedia.cn/includes/array.php 第 174 行.
NOTIC: [8] Undefined variable: profile /home/wwwroot/app.jobmedia.cn/App/Lib/Action/GlAction.class.php 第 71 行.
SQL: SHOW COLUMNS FROM `eking_inform` [ RunTime:0.000448s ]
SQL: SELECT COUNT(*) AS tp_count FROM `eking_inform` WHERE ( 1=1 and find_in_set(1000483,touid) and not find_in_set(1000483,`read`) and module='candidate' ) LIMIT 1   [ RunTime:0.000199s ]
SQL: SELECT COUNT(*) AS tp_count FROM `eking_inform` WHERE ( 1=1 and find_in_set(1000483,touid) and not find_in_set(1000483,`read`) and module='collection'  ) LIMIT 1   [ RunTime:0.000145s ]
SQL: SHOW COLUMNS FROM `eking_usermsg` [ RunTime:0.000444s ]
SQL: SELECT COUNT(*) AS tp_count FROM `eking_usermsg` WHERE ( toid=1000483 and status=0 ) LIMIT 1   [ RunTime:0.000145s ]
NOTIC: [8] Undefined index:  title /home/wwwroot/app.jobmedia.cn/App/Lib/Action/IndexAction.class.php 第 16 行.
NOTIC: [8] Undefined index:  cid /home/wwwroot/app.jobmedia.cn/App/Lib/Action/IndexAction.class.php 第 18 行.
SQL: SHOW COLUMNS FROM `eking_works` [ RunTime:0.000780s ]
SQL: SELECT COUNT(*) AS tp_count FROM `eking_works` WHERE ( `display` = 1 ) LIMIT 1   [ RunTime:0.000160s ]
SQL: SELECT * FROM `eking_works` WHERE ( `display` = 1 ) ORDER BY id DESC LIMIT 0,15   [ RunTime:0.000282s ]
INFO: [ view_template ] --START--
INFO: Run LocationTemplate Behavior [ RunTime:0.000254s ]
INFO: [ view_template ] --END-- [ RunTime:0.000325s ]
INFO: [ view_parse ] --START--
NOTIC: [8] Undefined variable: Title /home/wwwroot/app.jobmedia.cn/Temp/Cache/f00f177eec6217e16c9f63c0c3fc223d.php 第 5 行.
NOTIC: [8] Undefined variable: ul /home/wwwroot/app.jobmedia.cn/Temp/Cache/f00f177eec6217e16c9f63c0c3fc223d.php 第 36 行.
NOTIC: [8] Undefined variable: cl /home/wwwroot/app.jobmedia.cn/Temp/Cache/f00f177eec6217e16c9f63c0c3fc223d.php 第 38 行.
SQL: SHOW COLUMNS FROM `eking_client` [ RunTime:0.000516s ]
SQL: SELECT `company_name` FROM `eking_client` WHERE ( id=1098 ) LIMIT 1   [ RunTime:0.000122s ]
SQL: SELECT `company_name` FROM `eking_client` WHERE ( id=1116 ) LIMIT 1   [ RunTime:0.000116s ]
SQL: SELECT `company_name` FROM `eking_client` WHERE ( id=1101 ) LIMIT 1   [ RunTime:0.000115s ]
SQL: SELECT `company_name` FROM `eking_client` WHERE ( id=1112 ) LIMIT 1   [ RunTime:0.000272s ]
NOTIC: [8] Undefined index:  0 /home/wwwroot/app.jobmedia.cn/Temp/Cache/f00f177eec6217e16c9f63c0c3fc223d.php 第 209 行.
SQL: SELECT `company_name` FROM `eking_client` WHERE ( id=1113 ) LIMIT 1   [ RunTime:0.000116s ]
SQL: SELECT `company_name` FROM `eking_client` WHERE ( id=1114 ) LIMIT 1   [ RunTime:0.000114s ]
NOTIC: [8] Undefined index:  0 /home/wwwroot/app.jobmedia.cn/Temp/Cache/f00f177eec6217e16c9f63c0c3fc223d.php 第 209 行.
SQL: SELECT `company_name` FROM `eking_client` WHERE ( id=1098 ) LIMIT 1   [ RunTime:0.000138s ]
SQL: SELECT `company_name` FROM `eking_client` WHERE ( id=1097 ) LIMIT 1   [ RunTime:0.000115s ]
SQL: SELECT `company_name` FROM `eking_client` WHERE ( id=1113 ) LIMIT 1   [ RunTime:0.000114s ]
SQL: SELECT `company_name` FROM `eking_client` WHERE ( id=1101 ) LIMIT 1   [ RunTime:0.000141s ]
SQL: SELECT `company_name` FROM `eking_client` WHERE ( id=1098 ) LIMIT 1   [ RunTime:0.000115s ]
INFO: Run ParseTemplate Behavior [ RunTime:0.018311s ]
INFO: [ view_parse ] --END-- [ RunTime:0.018378s ]
INFO: [ view_filter ] --START--
INFO: Run ContentReplace Behavior [ RunTime:0.000299s ]
INFO: Run TokenBuild Behavior [ RunTime:0.000283s ]
INFO: Run WriteHtmlCache Behavior [ RunTime:0.000155s ]
INFO: Run ShowRuntime Behavior [ RunTime:0.000328s ]
INFO: [ view_filter ] --END-- [ RunTime:0.001241s ]
INFO: [ view_end ] --START--
INFO: Run ShowPageTrace Behavior [ RunTime:0.000443s ]
INFO: [ view_end ] --END-- [ RunTime:0.000506s ]

[ 2013-05-11T10:14:02+08:00 ] ERR: (ThinkException) 无法加载模块:App
[ 2013-05-11T10:14:16+08:00 ] 114.245.217.35 /User/logout
INFO: [ route_check ] --START--
INFO: Run CheckRoute Behavior [ RunTime:0.000590s ]
INFO: [ route_check ] --END-- [ RunTime:0.000670s ]
INFO: [ app_begin ] --START--
INFO: Run ReadHtmlCache Behavior [ RunTime:0.000362s ]
INFO: [ app_begin ] --END-- [ RunTime:0.000428s ]

[ 2013-05-11T10:14:16+08:00 ] 114.245.217.35 /User/login
INFO: [ route_check ] --START--
INFO: Run CheckRoute Behavior [ RunTime:0.000642s ]
INFO: [ route_check ] --END-- [ RunTime:0.000714s ]
INFO: [ app_begin ] --START--
INFO: Run ReadHtmlCache Behavior [ RunTime:0.000372s ]
INFO: [ app_begin ] --END-- [ RunTime:0.000438s ]
INFO: [ view_template ] --START--
INFO: Run LocationTemplate Behavior [ RunTime:0.000212s ]
INFO: [ view_template ] --END-- [ RunTime:0.000276s ]
INFO: [ view_parse ] --START--
INFO: Run ParseTemplate Behavior [ RunTime:0.005862s ]
INFO: [ view_parse ] --END-- [ RunTime:0.005928s ]
INFO: [ view_filter ] --START--
INFO: Run ContentReplace Behavior [ RunTime:0.000264s ]
INFO: Run TokenBuild Behavior [ RunTime:0.000253s ]
INFO: Run WriteHtmlCache Behavior [ RunTime:0.000154s ]
INFO: Run ShowRuntime Behavior [ RunTime:0.000312s ]
INFO: [ view_filter ] --END-- [ RunTime:0.001157s ]
INFO: [ view_end ] --START--
INFO: Run ShowPageTrace Behavior [ RunTime:0.000422s ]
INFO: [ view_end ] --END-- [ RunTime:0.000509s ]

[ 2013-05-11T10:14:16+08:00 ] ERR: (ThinkException) 无法加载模块:favicon
[ 2013-05-11T10:14:23+08:00 ] 114.245.217.35 /User/doLogin
INFO: [ route_check ] --START--
INFO: Run CheckRoute Behavior [ RunTime:0.000626s ]
INFO: [ route_check ] --END-- [ RunTime:0.000703s ]
INFO: [ app_begin ] --START--
INFO: Run ReadHtmlCache Behavior [ RunTime:0.000388s ]
INFO: [ app_begin ] --END-- [ RunTime:0.000447s ]

[ 2013-05-11T10:14:23+08:00 ] 114.245.217.35 /
INFO: [ app_begin ] --START--
INFO: Run ReadHtmlCache Behavior [ RunTime:0.000364s ]
INFO: [ app_begin ] --END-- [ RunTime:0.000435s ]
NOTIC: [8] Undefined index:  ajax /home/wwwroot/app.jobmedia.cn/App/Lib/Action/GlAction.class.php 第 17 行.
NOTIC: [8] Undefined index:  id /home/wwwroot/app.jobmedia.cn/App/Lib/Action/GlAction.class.php 第 18 行.
SQL: SHOW COLUMNS FROM `eking_index` [ RunTime:0.000304s ]
ERR: Table 'erpking.eking_index' doesn't exist
 [ SQL语句 ] : SHOW COLUMNS FROM `eking_index`
NOTIC: [8] Undefined index:  json /home/wwwroot/app.jobmedia.cn/includes/array.php 第 174 行.
NOTIC: [8] Undefined variable: profile /home/wwwroot/app.jobmedia.cn/App/Lib/Action/GlAction.class.php 第 71 行.
SQL: SHOW COLUMNS FROM `eking_inform` [ RunTime:0.000520s ]
SQL: SELECT COUNT(*) AS tp_count FROM `eking_inform` WHERE ( 1=1 and find_in_set(1000483,touid) and not find_in_set(1000483,`read`) and module='candidate' ) LIMIT 1   [ RunTime:0.000166s ]
SQL: SELECT COUNT(*) AS tp_count FROM `eking_inform` WHERE ( 1=1 and find_in_set(1000483,touid) and not find_in_set(1000483,`read`) and module='collection'  ) LIMIT 1   [ RunTime:0.000146s ]
SQL: SHOW COLUMNS FROM `eking_usermsg` [ RunTime:0.000417s ]
SQL: SELECT COUNT(*) AS tp_count FROM `eking_usermsg` WHERE ( toid=1000483 and status=0 ) LIMIT 1   [ RunTime:0.000139s ]
NOTIC: [8] Undefined index:  title /home/wwwroot/app.jobmedia.cn/App/Lib/Action/IndexAction.class.php 第 16 行.
NOTIC: [8] Undefined index:  cid /home/wwwroot/app.jobmedia.cn/App/Lib/Action/IndexAction.class.php 第 18 行.
SQL: SHOW COLUMNS FROM `eking_works` [ RunTime:0.000744s ]
SQL: SELECT COUNT(*) AS tp_count FROM `eking_works` WHERE ( `display` = 1 ) LIMIT 1   [ RunTime:0.000137s ]
SQL: SELECT * FROM `eking_works` WHERE ( `display` = 1 ) ORDER BY id DESC LIMIT 0,15   [ RunTime:0.000306s ]
INFO: [ view_template ] --START--
INFO: Run LocationTemplate Behavior [ RunTime:0.000231s ]
INFO: [ view_template ] --END-- [ RunTime:0.000302s ]
INFO: [ view_parse ] --START--
NOTIC: [8] Undefined variable: Title /home/wwwroot/app.jobmedia.cn/Temp/Cache/f00f177eec6217e16c9f63c0c3fc223d.php 第 5 行.
NOTIC: [8] Undefined variable: ul /home/wwwroot/app.jobmedia.cn/Temp/Cache/f00f177eec6217e16c9f63c0c3fc223d.php 第 36 行.
NOTIC: [8] Undefined variable: cl /home/wwwroot/app.jobmedia.cn/Temp/Cache/f00f177eec6217e16c9f63c0c3fc223d.php 第 38 行.
SQL: SHOW COLUMNS FROM `eking_client` [ RunTime:0.000516s ]
SQL: SELECT `company_name` FROM `eking_client` WHERE ( id=1098 ) LIMIT 1   [ RunTime:0.000121s ]
SQL: SELECT `company_name` FROM `eking_client` WHERE ( id=1116 ) LIMIT 1   [ RunTime:0.000116s ]
SQL: SELECT `company_name` FROM `eking_client` WHERE ( id=1101 ) LIMIT 1   [ RunTime:0.000493s ]
SQL: SELECT `company_name` FROM `eking_client` WHERE ( id=1112 ) LIMIT 1   [ RunTime:0.000243s ]
NOTIC: [8] Undefined index:  0 /home/wwwroot/app.jobmedia.cn/Temp/Cache/f00f177eec6217e16c9f63c0c3fc223d.php 第 209 行.
SQL: SELECT `company_name` FROM `eking_client` WHERE ( id=1113 ) LIMIT 1   [ RunTime:0.000116s ]
SQL: SELECT `company_name` FROM `eking_client` WHERE ( id=1114 ) LIMIT 1   [ RunTime:0.000115s ]
NOTIC: [8] Undefined index:  0 /home/wwwroot/app.jobmedia.cn/Temp/Cache/f00f177eec6217e16c9f63c0c3fc223d.php 第 209 行.
SQL: SELECT `company_name` FROM `eking_client` WHERE ( id=1098 ) LIMIT 1   [ RunTime:0.000115s ]
SQL: SELECT `company_name` FROM `eking_client` WHERE ( id=1097 ) LIMIT 1   [ RunTime:0.000117s ]
SQL: SELECT `company_name` FROM `eking_client` WHERE ( id=1113 ) LIMIT 1   [ RunTime:0.000114s ]
SQL: SELECT `company_name` FROM `eking_client` WHERE ( id=1101 ) LIMIT 1   [ RunTime:0.000140s ]
SQL: SELECT `company_name` FROM `eking_client` WHERE ( id=1098 ) LIMIT 1   [ RunTime:0.000115s ]
INFO: Run ParseTemplate Behavior [ RunTime:0.018760s ]
INFO: [ view_parse ] --END-- [ RunTime:0.018829s ]
INFO: [ view_filter ] --START--
INFO: Run ContentReplace Behavior [ RunTime:0.000298s ]
INFO: Run TokenBuild Behavior [ RunTime:0.000283s ]
INFO: Run WriteHtmlCache Behavior [ RunTime:0.000155s ]
INFO: Run ShowRuntime Behavior [ RunTime:0.000327s ]
INFO: [ view_filter ] --END-- [ RunTime:0.001240s ]
INFO: [ view_end ] --START--
INFO: Run ShowPageTrace Behavior [ RunTime:0.000444s ]
INFO: [ view_end ] --END-- [ RunTime:0.000507s ]

[ 2013-05-11T10:14:23+08:00 ] ERR: (ThinkException) 无法加载模块:App
[ 2013-05-11T10:14:27+08:00 ] 114.245.217.35 /index.php/Job/detail/id/1019
INFO: [ route_check ] --START--
INFO: Run CheckRoute Behavior [ RunTime:0.000635s ]
INFO: [ route_check ] --END-- [ RunTime:0.000717s ]
INFO: [ app_begin ] --START--
INFO: Run ReadHtmlCache Behavior [ RunTime:0.000370s ]
INFO: [ app_begin ] --END-- [ RunTime:0.000468s ]
NOTIC: [8] Undefined index:  ajax /home/wwwroot/app.jobmedia.cn/App/Lib/Action/GlAction.class.php 第 17 行.
SQL: SHOW COLUMNS FROM `eking_job` [ RunTime:0.000350s ]
ERR: Table 'erpking.eking_job' doesn't exist
 [ SQL语句 ] : SHOW COLUMNS FROM `eking_job`
NOTIC: [8] Undefined index:  json /home/wwwroot/app.jobmedia.cn/includes/array.php 第 174 行.
NOTIC: [8] Undefined variable: profile /home/wwwroot/app.jobmedia.cn/App/Lib/Action/GlAction.class.php 第 71 行.
SQL: SHOW COLUMNS FROM `eking_inform` [ RunTime:0.000617s ]
SQL: SELECT COUNT(*) AS tp_count FROM `eking_inform` WHERE ( 1=1 and find_in_set(1000483,touid) and not find_in_set(1000483,`read`) and module='candidate' ) LIMIT 1   [ RunTime:0.000176s ]
SQL: SELECT COUNT(*) AS tp_count FROM `eking_inform` WHERE ( 1=1 and find_in_set(1000483,touid) and not find_in_set(1000483,`read`) and module='collection'  ) LIMIT 1   [ RunTime:0.000147s ]
SQL: SHOW COLUMNS FROM `eking_usermsg` [ RunTime:0.000452s ]
SQL: SELECT COUNT(*) AS tp_count FROM `eking_usermsg` WHERE ( toid=1000483 and status=0 ) LIMIT 1   [ RunTime:0.000142s ]
SQL: SHOW COLUMNS FROM `eking_works` [ RunTime:0.000775s ]
SQL: SELECT * FROM `eking_works` WHERE ( id=1019 ) LIMIT 1   [ RunTime:0.000202s ]
SQL: SHOW COLUMNS FROM `eking_client` [ RunTime:0.000539s ]
SQL: SELECT * FROM `eking_client` WHERE ( id=1098 ) LIMIT 1   [ RunTime:0.000143s ]
INFO: [ view_template ] --START--
INFO: Run LocationTemplate Behavior [ RunTime:0.000228s ]
INFO: [ view_template ] --END-- [ RunTime:0.000294s ]
INFO: [ view_parse ] --START--
NOTIC: [8] Undefined variable: Title /home/wwwroot/app.jobmedia.cn/Temp/Cache/cd59bee961f93352b8b087b7223f0145.php 第 5 行.
NOTIC: [8] Undefined variable: ul /home/wwwroot/app.jobmedia.cn/Temp/Cache/cd59bee961f93352b8b087b7223f0145.php 第 36 行.
NOTIC: [8] Undefined variable: cl /home/wwwroot/app.jobmedia.cn/Temp/Cache/cd59bee961f93352b8b087b7223f0145.php 第 38 行.
NOTIC: [8] Use of undefined constant cid - assumed 'cid' /home/wwwroot/app.jobmedia.cn/Temp/Cache/cd59bee961f93352b8b087b7223f0145.php 第 195 行.
SQL: SELECT `company_name` FROM `eking_client` WHERE ( id=Arraycid ) LIMIT 1   [ RunTime:0.000097s ]
ERR: Unknown column 'Arraycid' in 'where clause'
 [ SQL语句 ] : SELECT `company_name` FROM `eking_client` WHERE ( id=Arraycid ) LIMIT 1  
INFO: Run ParseTemplate Behavior [ RunTime:0.014640s ]
INFO: [ view_parse ] --END-- [ RunTime:0.014713s ]
INFO: [ view_filter ] --START--
INFO: Run ContentReplace Behavior [ RunTime:0.000278s ]
INFO: Run TokenBuild Behavior [ RunTime:0.000257s ]
INFO: Run WriteHtmlCache Behavior [ RunTime:0.000157s ]
INFO: Run ShowRuntime Behavior [ RunTime:0.000317s ]
INFO: [ view_filter ] --END-- [ RunTime:0.001215s ]
INFO: [ view_end ] --START--
INFO: Run ShowPageTrace Behavior [ RunTime:0.000448s ]
INFO: [ view_end ] --END-- [ RunTime:0.000511s ]

[ 2013-05-11T10:14:28+08:00 ] ERR: (ThinkException) 无法加载模块:App
[ 2013-05-11T10:17:22+08:00 ] 114.245.217.35 /User/doLogin
INFO: [ route_check ] --START--
INFO: Run CheckRoute Behavior [ RunTime:0.000599s ]
INFO: [ route_check ] --END-- [ RunTime:0.000676s ]
INFO: [ app_begin ] --START--
INFO: Run ReadHtmlCache Behavior [ RunTime:0.000398s ]
INFO: [ app_begin ] --END-- [ RunTime:0.000459s ]

[ 2013-05-11T10:17:22+08:00 ] 114.245.217.35 /
INFO: [ app_begin ] --START--
INFO: Run ReadHtmlCache Behavior [ RunTime:0.000412s ]
INFO: [ app_begin ] --END-- [ RunTime:0.000489s ]
NOTIC: [8] Undefined index:  ajax /home/wwwroot/app.jobmedia.cn/App/Lib/Action/GlAction.class.php 第 17 行.
NOTIC: [8] Undefined index:  id /home/wwwroot/app.jobmedia.cn/App/Lib/Action/GlAction.class.php 第 18 行.
SQL: SHOW COLUMNS FROM `eking_index` [ RunTime:0.000333s ]
ERR: Table 'erpking.eking_index' doesn't exist
 [ SQL语句 ] : SHOW COLUMNS FROM `eking_index`
NOTIC: [8] Undefined index:  json /home/wwwroot/app.jobmedia.cn/includes/array.php 第 174 行.
NOTIC: [8] Undefined variable: profile /home/wwwroot/app.jobmedia.cn/App/Lib/Action/GlAction.class.php 第 71 行.
SQL: SHOW COLUMNS FROM `eking_inform` [ RunTime:0.000446s ]
SQL: SELECT COUNT(*) AS tp_count FROM `eking_inform` WHERE ( 1=1 and find_in_set(1000483,touid) and not find_in_set(1000483,`read`) and module='candidate' ) LIMIT 1   [ RunTime:0.000192s ]
SQL: SELECT COUNT(*) AS tp_count FROM `eking_inform` WHERE ( 1=1 and find_in_set(1000483,touid) and not find_in_set(1000483,`read`) and module='collection'  ) LIMIT 1   [ RunTime:0.000145s ]
SQL: SHOW COLUMNS FROM `eking_usermsg` [ RunTime:0.000417s ]
SQL: SELECT COUNT(*) AS tp_count FROM `eking_usermsg` WHERE ( toid=1000483 and status=0 ) LIMIT 1   [ RunTime:0.000141s ]
NOTIC: [8] Undefined index:  title /home/wwwroot/app.jobmedia.cn/App/Lib/Action/IndexAction.class.php 第 16 行.
NOTIC: [8] Undefined index:  cid /home/wwwroot/app.jobmedia.cn/App/Lib/Action/IndexAction.class.php 第 18 行.
SQL: SHOW COLUMNS FROM `eking_works` [ RunTime:0.000775s ]
SQL: SELECT COUNT(*) AS tp_count FROM `eking_works` WHERE ( `display` = 1 ) LIMIT 1   [ RunTime:0.000160s ]
SQL: SELECT * FROM `eking_works` WHERE ( `display` = 1 ) ORDER BY id DESC LIMIT 0,15   [ RunTime:0.000280s ]
INFO: [ view_template ] --START--
INFO: Run LocationTemplate Behavior [ RunTime:0.000254s ]
INFO: [ view_template ] --END-- [ RunTime:0.000325s ]
INFO: [ view_parse ] --START--
NOTIC: [8] Undefined variable: Title /home/wwwroot/app.jobmedia.cn/Temp/Cache/f00f177eec6217e16c9f63c0c3fc223d.php 第 5 行.
NOTIC: [8] Undefined variable: ul /home/wwwroot/app.jobmedia.cn/Temp/Cache/f00f177eec6217e16c9f63c0c3fc223d.php 第 36 行.
NOTIC: [8] Undefined variable: cl /home/wwwroot/app.jobmedia.cn/Temp/Cache/f00f177eec6217e16c9f63c0c3fc223d.php 第 38 行.
SQL: SHOW COLUMNS FROM `eking_client` [ RunTime:0.000540s ]
SQL: SELECT `company_name` FROM `eking_client` WHERE ( id=1098 ) LIMIT 1   [ RunTime:0.000121s ]
SQL: SELECT `company_name` FROM `eking_client` WHERE ( id=1116 ) LIMIT 1   [ RunTime:0.000117s ]
SQL: SELECT `company_name` FROM `eking_client` WHERE ( id=1101 ) LIMIT 1   [ RunTime:0.000114s ]
SQL: SELECT `company_name` FROM `eking_client` WHERE ( id=1112 ) LIMIT 1   [ RunTime:0.000115s ]
NOTIC: [8] Undefined index:  0 /home/wwwroot/app.jobmedia.cn/Temp/Cache/f00f177eec6217e16c9f63c0c3fc223d.php 第 209 行.
SQL: SELECT `company_name` FROM `eking_client` WHERE ( id=1113 ) LIMIT 1   [ RunTime:0.000263s ]
SQL: SELECT `company_name` FROM `eking_client` WHERE ( id=1114 ) LIMIT 1   [ RunTime:0.000116s ]
NOTIC: [8] Undefined index:  0 /home/wwwroot/app.jobmedia.cn/Temp/Cache/f00f177eec6217e16c9f63c0c3fc223d.php 第 209 行.
SQL: SELECT `company_name` FROM `eking_client` WHERE ( id=1098 ) LIMIT 1   [ RunTime:0.000115s ]
SQL: SELECT `company_name` FROM `eking_client` WHERE ( id=1097 ) LIMIT 1   [ RunTime:0.000114s ]
SQL: SELECT `company_name` FROM `eking_client` WHERE ( id=1113 ) LIMIT 1   [ RunTime:0.000116s ]
SQL: SELECT `company_name` FROM `eking_client` WHERE ( id=1101 ) LIMIT 1   [ RunTime:0.000114s ]
SQL: SELECT `company_name` FROM `eking_client` WHERE ( id=1098 ) LIMIT 1   [ RunTime:0.000140s ]
INFO: Run ParseTemplate Behavior [ RunTime:0.018837s ]
INFO: [ view_parse ] --END-- [ RunTime:0.018905s ]
INFO: [ view_filter ] --START--
INFO: Run ContentReplace Behavior [ RunTime:0.000298s ]
INFO: Run TokenBuild Behavior [ RunTime:0.000254s ]
INFO: Run WriteHtmlCache Behavior [ RunTime:0.000178s ]
INFO: Run ShowRuntime Behavior [ RunTime:0.000328s ]
INFO: [ view_filter ] --END-- [ RunTime:0.001235s ]
INFO: [ view_end ] --START--
INFO: Run ShowPageTrace Behavior [ RunTime:0.000416s ]
INFO: [ view_end ] --END-- [ RunTime:0.000479s ]

[ 2013-05-11T10:17:23+08:00 ] ERR: (ThinkException) 无法加载模块:App
[ 2013-05-11T10:17:59+08:00 ] 114.245.217.35 /index.php/Job/detail/id/1019
INFO: [ route_check ] --START--
INFO: Run CheckRoute Behavior [ RunTime:0.000628s ]
INFO: [ route_check ] --END-- [ RunTime:0.000705s ]
INFO: [ app_begin ] --START--
INFO: Run ReadHtmlCache Behavior [ RunTime:0.000372s ]
INFO: [ app_begin ] --END-- [ RunTime:0.000438s ]
NOTIC: [8] Undefined index:  ajax /home/wwwroot/app.jobmedia.cn/App/Lib/Action/GlAction.class.php 第 17 行.
SQL: SHOW COLUMNS FROM `eking_job` [ RunTime:0.000326s ]
ERR: Table 'erpking.eking_job' doesn't exist
 [ SQL语句 ] : SHOW COLUMNS FROM `eking_job`
NOTIC: [8] Undefined index:  json /home/wwwroot/app.jobmedia.cn/includes/array.php 第 174 行.
NOTIC: [8] Undefined variable: profile /home/wwwroot/app.jobmedia.cn/App/Lib/Action/GlAction.class.php 第 71 行.
SQL: SHOW COLUMNS FROM `eking_inform` [ RunTime:0.000525s ]
SQL: SELECT COUNT(*) AS tp_count FROM `eking_inform` WHERE ( 1=1 and find_in_set(1000483,touid) and not find_in_set(1000483,`read`) and module='candidate' ) LIMIT 1   [ RunTime:0.000176s ]
SQL: SELECT COUNT(*) AS tp_count FROM `eking_inform` WHERE ( 1=1 and find_in_set(1000483,touid) and not find_in_set(1000483,`read`) and module='collection'  ) LIMIT 1   [ RunTime:0.000144s ]
SQL: SHOW COLUMNS FROM `eking_usermsg` [ RunTime:0.000421s ]
SQL: SELECT COUNT(*) AS tp_count FROM `eking_usermsg` WHERE ( toid=1000483 and status=0 ) LIMIT 1   [ RunTime:0.000144s ]
SQL: SHOW COLUMNS FROM `eking_works` [ RunTime:0.000802s ]
SQL: SELECT * FROM `eking_works` WHERE ( id=1019 ) LIMIT 1   [ RunTime:0.000178s ]
SQL: SHOW COLUMNS FROM `eking_client` [ RunTime:0.000541s ]
SQL: SELECT * FROM `eking_client` WHERE ( id=1098 ) LIMIT 1   [ RunTime:0.000140s ]
INFO: [ view_template ] --START--
INFO: Run LocationTemplate Behavior [ RunTime:0.000249s ]
INFO: [ view_template ] --END-- [ RunTime:0.000315s ]
INFO: [ view_parse ] --START--
NOTIC: [8] Undefined variable: Title /home/wwwroot/app.jobmedia.cn/Temp/Cache/cd59bee961f93352b8b087b7223f0145.php 第 5 行.
NOTIC: [8] Undefined variable: ul /home/wwwroot/app.jobmedia.cn/Temp/Cache/cd59bee961f93352b8b087b7223f0145.php 第 36 行.
NOTIC: [8] Undefined variable: cl /home/wwwroot/app.jobmedia.cn/Temp/Cache/cd59bee961f93352b8b087b7223f0145.php 第 38 行.
NOTIC: [8] Use of undefined constant cid - assumed 'cid' /home/wwwroot/app.jobmedia.cn/Temp/Cache/cd59bee961f93352b8b087b7223f0145.php 第 195 行.
SQL: SELECT `company_name` FROM `eking_client` WHERE ( id=Arraycid ) LIMIT 1   [ RunTime:0.000096s ]
ERR: Unknown column 'Arraycid' in 'where clause'
 [ SQL语句 ] : SELECT `company_name` FROM `eking_client` WHERE ( id=Arraycid ) LIMIT 1  
INFO: Run ParseTemplate Behavior [ RunTime:0.014552s ]
INFO: [ view_parse ] --END-- [ RunTime:0.014621s ]
INFO: [ view_filter ] --START--
INFO: Run ContentReplace Behavior [ RunTime:0.000307s ]
INFO: Run TokenBuild Behavior [ RunTime:0.000259s ]
INFO: Run WriteHtmlCache Behavior [ RunTime:0.000155s ]
INFO: Run ShowRuntime Behavior [ RunTime:0.000317s ]
INFO: [ view_filter ] --END-- [ RunTime:0.001538s ]
INFO: [ view_end ] --START--
INFO: Run ShowPageTrace Behavior [ RunTime:0.000548s ]
INFO: [ view_end ] --END-- [ RunTime:0.000639s ]

[ 2013-05-11T10:17:59+08:00 ] ERR: (ThinkException) 无法加载模块:App
[ 2013-05-11T10:20:11+08:00 ] 218.30.116.96 /
INFO: [ app_begin ] --START--
INFO: Run ReadHtmlCache Behavior [ RunTime:0.000388s ]
INFO: [ app_begin ] --END-- [ RunTime:0.000469s ]
NOTIC: [8] Undefined index:  ajax /home/wwwroot/app.jobmedia.cn/App/Lib/Action/GlAction.class.php 第 17 行.
NOTIC: [8] Undefined index:  id /home/wwwroot/app.jobmedia.cn/App/Lib/Action/GlAction.class.php 第 18 行.
SQL: SHOW COLUMNS FROM `eking_index` [ RunTime:0.000337s ]
ERR: Table 'erpking.eking_index' doesn't exist
 [ SQL语句 ] : SHOW COLUMNS FROM `eking_index`
NOTIC: [8] Undefined index:  json /home/wwwroot/app.jobmedia.cn/includes/array.php 第 174 行.
NOTIC: [8] Undefined index:  THINK_uname /home/wwwroot/app.jobmedia.cn/Framework/Extend/Library/ORG/Util/Cookie.class.php 第 32 行.
NOTIC: [8] Undefined index:  THINK_uid /home/wwwroot/app.jobmedia.cn/Framework/Extend/Library/ORG/Util/Cookie.class.php 第 32 行.
NOTIC: [8] Undefined index:  THINK_consultant /home/wwwroot/app.jobmedia.cn/Framework/Extend/Library/ORG/Util/Cookie.class.php 第 32 行.
NOTIC: [8] Undefined index:  THINK_face /home/wwwroot/app.jobmedia.cn/Framework/Extend/Library/ORG/Util/Cookie.class.php 第 32 行.
NOTIC: [8] Undefined index:  THINK_group /home/wwwroot/app.jobmedia.cn/Framework/Extend/Library/ORG/Util/Cookie.class.php 第 32 行.
NOTIC: [8] Undefined index:  THINK_role_id /home/wwwroot/app.jobmedia.cn/Framework/Extend/Library/ORG/Util/Cookie.class.php 第 32 行.

[ 2013-05-11T10:20:21+08:00 ] ERR: (ThinkException) 无法加载模块:App
[ 2013-05-11T10:21:01+08:00 ] 114.245.217.35 /Job
INFO: [ route_check ] --START--
INFO: Run CheckRoute Behavior [ RunTime:0.000625s ]
INFO: [ route_check ] --END-- [ RunTime:0.000702s ]
INFO: [ app_begin ] --START--
INFO: Run ReadHtmlCache Behavior [ RunTime:0.000399s ]
INFO: [ app_begin ] --END-- [ RunTime:0.000465s ]
NOTIC: [8] Undefined index:  ajax /home/wwwroot/app.jobmedia.cn/App/Lib/Action/GlAction.class.php 第 17 行.
NOTIC: [8] Undefined index:  id /home/wwwroot/app.jobmedia.cn/App/Lib/Action/GlAction.class.php 第 18 行.
SQL: SHOW COLUMNS FROM `eking_job` [ RunTime:0.000323s ]
ERR: Table 'erpking.eking_job' doesn't exist
 [ SQL语句 ] : SHOW COLUMNS FROM `eking_job`
NOTIC: [8] Undefined index:  json /home/wwwroot/app.jobmedia.cn/includes/array.php 第 174 行.
NOTIC: [8] Undefined variable: profile /home/wwwroot/app.jobmedia.cn/App/Lib/Action/GlAction.class.php 第 71 行.
SQL: SHOW COLUMNS FROM `eking_inform` [ RunTime:0.000452s ]
SQL: SELECT COUNT(*) AS tp_count FROM `eking_inform` WHERE ( 1=1 and find_in_set(1000483,touid) and not find_in_set(1000483,`read`) and module='candidate' ) LIMIT 1   [ RunTime:0.000174s ]
SQL: SELECT COUNT(*) AS tp_count FROM `eking_inform` WHERE ( 1=1 and find_in_set(1000483,touid) and not find_in_set(1000483,`read`) and module='collection'  ) LIMIT 1   [ RunTime:0.000144s ]
SQL: SHOW COLUMNS FROM `eking_usermsg` [ RunTime:0.000450s ]
SQL: SELECT COUNT(*) AS tp_count FROM `eking_usermsg` WHERE ( toid=1000483 and status=0 ) LIMIT 1   [ RunTime:0.000142s ]
SQL: SHOW COLUMNS FROM `eking_works` [ RunTime:0.000777s ]
NOTIC: [8] Undefined index:  title /home/wwwroot/app.jobmedia.cn/App/Lib/Action/JobAction.class.php 第 32 行.
NOTIC: [8] Undefined index:  cid /home/wwwroot/app.jobmedia.cn/App/Lib/Action/JobAction.class.php 第 34 行.
SQL: SELECT COUNT(*) AS tp_count FROM `eking_works` WHERE ( `display` = 1 ) LIMIT 1   [ RunTime:0.000139s ]
SQL: SELECT * FROM `eking_works` WHERE ( `display` = 1 ) ORDER BY id DESC LIMIT 0,15   [ RunTime:0.000281s ]
INFO: [ view_template ] --START--
INFO: Run LocationTemplate Behavior [ RunTime:0.000228s ]
INFO: [ view_template ] --END-- [ RunTime:0.000303s ]
INFO: [ view_parse ] --START--
NOTIC: [8] Undefined variable: Title /home/wwwroot/app.jobmedia.cn/Temp/Cache/3c8a3a4279806a463c865f84f39a12db.php 第 5 行.
NOTIC: [8] Undefined variable: ul /home/wwwroot/app.jobmedia.cn/Temp/Cache/3c8a3a4279806a463c865f84f39a12db.php 第 36 行.
NOTIC: [8] Undefined variable: cl /home/wwwroot/app.jobmedia.cn/Temp/Cache/3c8a3a4279806a463c865f84f39a12db.php 第 38 行.
SQL: SHOW COLUMNS FROM `eking_client` [ RunTime:0.000519s ]
SQL: SELECT `company_name` FROM `eking_client` WHERE ( id=1098 ) LIMIT 1   [ RunTime:0.000125s ]
SQL: SELECT `company_name` FROM `eking_client` WHERE ( id=1116 ) LIMIT 1   [ RunTime:0.000119s ]
SQL: SELECT `company_name` FROM `eking_client` WHERE ( id=1101 ) LIMIT 1   [ RunTime:0.000118s ]
SQL: SELECT `company_name` FROM `eking_client` WHERE ( id=1112 ) LIMIT 1   [ RunTime:0.000121s ]
NOTIC: [8] Undefined index:  0 /home/wwwroot/app.jobmedia.cn/Temp/Cache/3c8a3a4279806a463c865f84f39a12db.php 第 211 行.
SQL: SELECT `company_name` FROM `eking_client` WHERE ( id=1113 ) LIMIT 1   [ RunTime:0.000119s ]
SQL: SELECT `company_name` FROM `eking_client` WHERE ( id=1114 ) LIMIT 1   [ RunTime:0.000141s ]
NOTIC: [8] Undefined index:  0 /home/wwwroot/app.jobmedia.cn/Temp/Cache/3c8a3a4279806a463c865f84f39a12db.php 第 211 行.
SQL: SELECT `company_name` FROM `eking_client` WHERE ( id=1098 ) LIMIT 1   [ RunTime:0.000119s ]
SQL: SELECT `company_name` FROM `eking_client` WHERE ( id=1097 ) LIMIT 1   [ RunTime:0.000118s ]
SQL: SELECT `company_name` FROM `eking_client` WHERE ( id=1113 ) LIMIT 1   [ RunTime:0.000141s ]
SQL: SELECT `company_name` FROM `eking_client` WHERE ( id=1101 ) LIMIT 1   [ RunTime:0.000118s ]
SQL: SELECT `company_name` FROM `eking_client` WHERE ( id=1098 ) LIMIT 1   [ RunTime:0.000118s ]
NOTIC: [8] Undefined index:  area_cn /home/wwwroot/app.jobmedia.cn/Temp/Cache/3c8a3a4279806a463c865f84f39a12db.php 第 231 行.
NOTIC: [8] Undefined index:  area /home/wwwroot/app.jobmedia.cn/Temp/Cache/3c8a3a4279806a463c865f84f39a12db.php 第 232 行.
INFO: Run ParseTemplate Behavior [ RunTime:0.021520s ]
INFO: [ view_parse ] --END-- [ RunTime:0.021584s ]
INFO: [ view_filter ] --START--
INFO: Run ContentReplace Behavior [ RunTime:0.000364s ]
INFO: Run TokenBuild Behavior [ RunTime:0.000269s ]
INFO: Run WriteHtmlCache Behavior [ RunTime:0.000158s ]
INFO: Run ShowRuntime Behavior [ RunTime:0.000362s ]
INFO: [ view_filter ] --END-- [ RunTime:0.001333s ]
INFO: [ view_end ] --START--
INFO: Run ShowPageTrace Behavior [ RunTime:0.000419s ]
INFO: [ view_end ] --END-- [ RunTime:0.000481s ]

[ 2013-05-11T10:21:01+08:00 ] ERR: (ThinkException) 无法加载模块:App
[ 2013-05-11T10:22:25+08:00 ] 114.245.217.35 /index.php/Job/detail/id/1001
INFO: [ route_check ] --START--
INFO: Run CheckRoute Behavior [ RunTime:0.000628s ]
INFO: [ route_check ] --END-- [ RunTime:0.000705s ]
INFO: [ app_begin ] --START--
INFO: Run ReadHtmlCache Behavior [ RunTime:0.000371s ]
INFO: [ app_begin ] --END-- [ RunTime:0.000438s ]
NOTIC: [8] Undefined index:  ajax /home/wwwroot/app.jobmedia.cn/App/Lib/Action/GlAction.class.php 第 17 行.
SQL: SHOW COLUMNS FROM `eking_job` [ RunTime:0.000362s ]
ERR: Table 'erpking.eking_job' doesn't exist
 [ SQL语句 ] : SHOW COLUMNS FROM `eking_job`
NOTIC: [8] Undefined index:  json /home/wwwroot/app.jobmedia.cn/includes/array.php 第 174 行.
NOTIC: [8] Undefined variable: profile /home/wwwroot/app.jobmedia.cn/App/Lib/Action/GlAction.class.php 第 71 行.
SQL: SHOW COLUMNS FROM `eking_inform` [ RunTime:0.000501s ]
SQL: SELECT COUNT(*) AS tp_count FROM `eking_inform` WHERE ( 1=1 and find_in_set(1000483,touid) and not find_in_set(1000483,`read`) and module='candidate' ) LIMIT 1   [ RunTime:0.000175s ]
SQL: SELECT COUNT(*) AS tp_count FROM `eking_inform` WHERE ( 1=1 and find_in_set(1000483,touid) and not find_in_set(1000483,`read`) and module='collection'  ) LIMIT 1   [ RunTime:0.000147s ]
SQL: SHOW COLUMNS FROM `eking_usermsg` [ RunTime:0.000418s ]
SQL: SELECT COUNT(*) AS tp_count FROM `eking_usermsg` WHERE ( toid=1000483 and status=0 ) LIMIT 1   [ RunTime:0.000143s ]
SQL: SHOW COLUMNS FROM `eking_works` [ RunTime:0.000773s ]
SQL: SELECT * FROM `eking_works` WHERE ( id=1001 ) LIMIT 1   [ RunTime:0.000178s ]
SQL: SHOW COLUMNS FROM `eking_client` [ RunTime:0.000510s ]
SQL: SELECT * FROM `eking_client` WHERE ( id=1098 ) LIMIT 1   [ RunTime:0.000168s ]
INFO: [ view_template ] --START--
INFO: Run LocationTemplate Behavior [ RunTime:0.000225s ]
INFO: [ view_template ] --END-- [ RunTime:0.000291s ]
INFO: [ view_parse ] --START--
NOTIC: [8] Undefined variable: Title /home/wwwroot/app.jobmedia.cn/Temp/Cache/cd59bee961f93352b8b087b7223f0145.php 第 5 行.
NOTIC: [8] Undefined variable: ul /home/wwwroot/app.jobmedia.cn/Temp/Cache/cd59bee961f93352b8b087b7223f0145.php 第 36 行.
NOTIC: [8] Undefined variable: cl /home/wwwroot/app.jobmedia.cn/Temp/Cache/cd59bee961f93352b8b087b7223f0145.php 第 38 行.
NOTIC: [8] Use of undefined constant cid - assumed 'cid' /home/wwwroot/app.jobmedia.cn/Temp/Cache/cd59bee961f93352b8b087b7223f0145.php 第 195 行.
SQL: SELECT `company_name` FROM `eking_client` WHERE ( id=Arraycid ) LIMIT 1   [ RunTime:0.000096s ]
ERR: Unknown column 'Arraycid' in 'where clause'
 [ SQL语句 ] : SELECT `company_name` FROM `eking_client` WHERE ( id=Arraycid ) LIMIT 1  
INFO: Run ParseTemplate Behavior [ RunTime:0.013984s ]
INFO: [ view_parse ] --END-- [ RunTime:0.014053s ]
INFO: [ view_filter ] --START--
INFO: Run ContentReplace Behavior [ RunTime:0.000281s ]
INFO: Run TokenBuild Behavior [ RunTime:0.000285s ]
INFO: Run WriteHtmlCache Behavior [ RunTime:0.000155s ]
INFO: Run ShowRuntime Behavior [ RunTime:0.000318s ]
INFO: [ view_filter ] --END-- [ RunTime:0.001217s ]
INFO: [ view_end ] --START--
INFO: Run ShowPageTrace Behavior [ RunTime:0.001024s ]
INFO: [ view_end ] --END-- [ RunTime:0.001088s ]

[ 2013-05-11T10:22:25+08:00 ] ERR: (ThinkException) 无法加载模块:App
[ 2013-05-11T11:44:03+08:00 ] 114.245.217.35 /
INFO: [ app_begin ] --START--
INFO: Run ReadHtmlCache Behavior [ RunTime:0.000378s ]
INFO: [ app_begin ] --END-- [ RunTime:0.000451s ]
NOTIC: [8] Undefined index:  ajax /home/wwwroot/app.jobmedia.cn/App/Lib/Action/GlAction.class.php 第 17 行.
NOTIC: [8] Undefined index:  id /home/wwwroot/app.jobmedia.cn/App/Lib/Action/GlAction.class.php 第 18 行.
SQL: SHOW COLUMNS FROM `eking_index` [ RunTime:0.000309s ]
ERR: Table 'erpking.eking_index' doesn't exist
 [ SQL语句 ] : SHOW COLUMNS FROM `eking_index`
NOTIC: [8] Undefined index:  json /home/wwwroot/app.jobmedia.cn/includes/array.php 第 174 行.
NOTIC: [8] Undefined index:  THINK_uname /home/wwwroot/app.jobmedia.cn/Framework/Extend/Library/ORG/Util/Cookie.class.php 第 32 行.
NOTIC: [8] Undefined index:  THINK_uid /home/wwwroot/app.jobmedia.cn/Framework/Extend/Library/ORG/Util/Cookie.class.php 第 32 行.
NOTIC: [8] Undefined index:  THINK_consultant /home/wwwroot/app.jobmedia.cn/Framework/Extend/Library/ORG/Util/Cookie.class.php 第 32 行.
NOTIC: [8] Undefined index:  THINK_face /home/wwwroot/app.jobmedia.cn/Framework/Extend/Library/ORG/Util/Cookie.class.php 第 32 行.
NOTIC: [8] Undefined index:  THINK_group /home/wwwroot/app.jobmedia.cn/Framework/Extend/Library/ORG/Util/Cookie.class.php 第 32 行.
NOTIC: [8] Undefined index:  THINK_role_id /home/wwwroot/app.jobmedia.cn/Framework/Extend/Library/ORG/Util/Cookie.class.php 第 32 行.

[ 2013-05-11T11:44:03+08:00 ] 114.245.217.35 /User/login.html
INFO: [ route_check ] --START--
INFO: Run CheckRoute Behavior [ RunTime:0.000615s ]
INFO: [ route_check ] --END-- [ RunTime:0.000694s ]
INFO: [ app_begin ] --START--
INFO: Run ReadHtmlCache Behavior [ RunTime:0.000383s ]
INFO: [ app_begin ] --END-- [ RunTime:0.000455s ]
INFO: [ view_template ] --START--
INFO: Run LocationTemplate Behavior [ RunTime:0.000216s ]
INFO: [ view_template ] --END-- [ RunTime:0.000285s ]
INFO: [ view_parse ] --START--
INFO: Run ParseTemplate Behavior [ RunTime:0.006225s ]
INFO: [ view_parse ] --END-- [ RunTime:0.006295s ]
INFO: [ view_filter ] --START--
INFO: Run ContentReplace Behavior [ RunTime:0.000265s ]
INFO: Run TokenBuild Behavior [ RunTime:0.000257s ]
INFO: Run WriteHtmlCache Behavior [ RunTime:0.000158s ]
INFO: Run ShowRuntime Behavior [ RunTime:0.000316s ]
INFO: [ view_filter ] --END-- [ RunTime:0.001176s ]
INFO: [ view_end ] --START--
INFO: Run ShowPageTrace Behavior [ RunTime:0.000438s ]
INFO: [ view_end ] --END-- [ RunTime:0.000527s ]

[ 2013-05-11T11:44:03+08:00 ] ERR: (ThinkException) 无法加载模块:favicon
[ 2013-05-11T11:48:48+08:00 ] 114.245.217.35 /User/doLogin
INFO: [ route_check ] --START--
INFO: Run CheckRoute Behavior [ RunTime:0.000625s ]
INFO: [ route_check ] --END-- [ RunTime:0.000702s ]
INFO: [ app_begin ] --START--
INFO: Run ReadHtmlCache Behavior [ RunTime:0.000397s ]
INFO: [ app_begin ] --END-- [ RunTime:0.000458s ]

[ 2013-05-11T11:48:48+08:00 ] 114.245.217.35 /
INFO: [ app_begin ] --START--
INFO: Run ReadHtmlCache Behavior [ RunTime:0.000386s ]
INFO: [ app_begin ] --END-- [ RunTime:0.000463s ]
NOTIC: [8] Undefined index:  ajax /home/wwwroot/app.jobmedia.cn/App/Lib/Action/GlAction.class.php 第 17 行.
NOTIC: [8] Undefined index:  id /home/wwwroot/app.jobmedia.cn/App/Lib/Action/GlAction.class.php 第 18 行.
SQL: SHOW COLUMNS FROM `eking_index` [ RunTime:0.000311s ]
ERR: Table 'erpking.eking_index' doesn't exist
 [ SQL语句 ] : SHOW COLUMNS FROM `eking_index`
NOTIC: [8] Undefined index:  json /home/wwwroot/app.jobmedia.cn/includes/array.php 第 174 行.
NOTIC: [8] Undefined variable: profile /home/wwwroot/app.jobmedia.cn/App/Lib/Action/GlAction.class.php 第 71 行.
SQL: SHOW COLUMNS FROM `eking_inform` [ RunTime:0.000542s ]
SQL: SELECT COUNT(*) AS tp_count FROM `eking_inform` WHERE ( 1=1 and find_in_set(1000483,touid) and not find_in_set(1000483,`read`) and module='candidate' ) LIMIT 1   [ RunTime:0.000169s ]
SQL: SELECT COUNT(*) AS tp_count FROM `eking_inform` WHERE ( 1=1 and find_in_set(1000483,touid) and not find_in_set(1000483,`read`) and module='collection'  ) LIMIT 1   [ RunTime:0.000147s ]
SQL: SHOW COLUMNS FROM `eking_usermsg` [ RunTime:0.000420s ]
SQL: SELECT COUNT(*) AS tp_count FROM `eking_usermsg` WHERE ( toid=1000483 and status=0 ) LIMIT 1   [ RunTime:0.000165s ]
NOTIC: [8] Undefined index:  title /home/wwwroot/app.jobmedia.cn/App/Lib/Action/IndexAction.class.php 第 16 行.
NOTIC: [8] Undefined index:  cid /home/wwwroot/app.jobmedia.cn/App/Lib/Action/IndexAction.class.php 第 18 行.
SQL: SHOW COLUMNS FROM `eking_works` [ RunTime:0.000767s ]
SQL: SELECT COUNT(*) AS tp_count FROM `eking_works` WHERE ( `display` = 1 ) LIMIT 1   [ RunTime:0.000138s ]
SQL: SELECT * FROM `eking_works` WHERE ( `display` = 1 ) ORDER BY id DESC LIMIT 0,15   [ RunTime:0.000309s ]
INFO: [ view_template ] --START--
INFO: Run LocationTemplate Behavior [ RunTime:0.000229s ]
INFO: [ view_template ] --END-- [ RunTime:0.000301s ]
INFO: [ view_parse ] --START--
NOTIC: [8] Undefined variable: Title /home/wwwroot/app.jobmedia.cn/Temp/Cache/f00f177eec6217e16c9f63c0c3fc223d.php 第 5 行.
NOTIC: [8] Undefined variable: ul /home/wwwroot/app.jobmedia.cn/Temp/Cache/f00f177eec6217e16c9f63c0c3fc223d.php 第 36 行.
NOTIC: [8] Undefined variable: cl /home/wwwroot/app.jobmedia.cn/Temp/Cache/f00f177eec6217e16c9f63c0c3fc223d.php 第 38 行.
SQL: SHOW COLUMNS FROM `eking_client` [ RunTime:0.000516s ]
SQL: SELECT `company_name` FROM `eking_client` WHERE ( id=1098 ) LIMIT 1   [ RunTime:0.000122s ]
SQL: SELECT `company_name` FROM `eking_client` WHERE ( id=1116 ) LIMIT 1   [ RunTime:0.000116s ]
SQL: SELECT `company_name` FROM `eking_client` WHERE ( id=1101 ) LIMIT 1   [ RunTime:0.000115s ]
SQL: SELECT `company_name` FROM `eking_client` WHERE ( id=1112 ) LIMIT 1   [ RunTime:0.000524s ]
NOTIC: [8] Undefined index:  0 /home/wwwroot/app.jobmedia.cn/Temp/Cache/f00f177eec6217e16c9f63c0c3fc223d.php 第 209 行.
SQL: SELECT `company_name` FROM `eking_client` WHERE ( id=1113 ) LIMIT 1   [ RunTime:0.000245s ]
SQL: SELECT `company_name` FROM `eking_client` WHERE ( id=1114 ) LIMIT 1   [ RunTime:0.000116s ]
NOTIC: [8] Undefined index:  0 /home/wwwroot/app.jobmedia.cn/Temp/Cache/f00f177eec6217e16c9f63c0c3fc223d.php 第 209 行.
SQL: SELECT `company_name` FROM `eking_client` WHERE ( id=1098 ) LIMIT 1   [ RunTime:0.000116s ]
SQL: SELECT `company_name` FROM `eking_client` WHERE ( id=1097 ) LIMIT 1   [ RunTime:0.000139s ]
SQL: SELECT `company_name` FROM `eking_client` WHERE ( id=1113 ) LIMIT 1   [ RunTime:0.000115s ]
SQL: SELECT `company_name` FROM `eking_client` WHERE ( id=1101 ) LIMIT 1   [ RunTime:0.000115s ]
SQL: SELECT `company_name` FROM `eking_client` WHERE ( id=1098 ) LIMIT 1   [ RunTime:0.000139s ]
INFO: Run ParseTemplate Behavior [ RunTime:0.018349s ]
INFO: [ view_parse ] --END-- [ RunTime:0.018418s ]
INFO: [ view_filter ] --START--
INFO: Run ContentReplace Behavior [ RunTime:0.000299s ]
INFO: Run TokenBuild Behavior [ RunTime:0.000323s ]
INFO: Run WriteHtmlCache Behavior [ RunTime:0.000182s ]
INFO: Run ShowRuntime Behavior [ RunTime:0.000330s ]
INFO: [ view_filter ] --END-- [ RunTime:0.001312s ]
INFO: [ view_end ] --START--
INFO: Run ShowPageTrace Behavior [ RunTime:0.000443s ]
INFO: [ view_end ] --END-- [ RunTime:0.000506s ]

[ 2013-05-11T11:48:48+08:00 ] ERR: (ThinkException) 无法加载模块:App
[ 2013-05-11T16:48:16+08:00 ] 114.245.217.35 /index.php/Job/detail/id/1019
INFO: [ route_check ] --START--
INFO: Run CheckRoute Behavior [ RunTime:0.000654s ]
INFO: [ route_check ] --END-- [ RunTime:0.000739s ]
INFO: [ app_begin ] --START--
INFO: Run ReadHtmlCache Behavior [ RunTime:0.000413s ]
INFO: [ app_begin ] --END-- [ RunTime:0.000488s ]
NOTIC: [8] Undefined index:  ajax /home/wwwroot/app.jobmedia.cn/App/Lib/Action/GlAction.class.php 第 17 行.
SQL: SHOW COLUMNS FROM `eking_job` [ RunTime:0.000317s ]
ERR: Table 'erpking.eking_job' doesn't exist
 [ SQL语句 ] : SHOW COLUMNS FROM `eking_job`
NOTIC: [8] Undefined index:  json /home/wwwroot/app.jobmedia.cn/includes/array.php 第 174 行.
NOTIC: [8] Undefined variable: profile /home/wwwroot/app.jobmedia.cn/App/Lib/Action/GlAction.class.php 第 71 行.
SQL: SHOW COLUMNS FROM `eking_inform` [ RunTime:0.000485s ]
SQL: SELECT COUNT(*) AS tp_count FROM `eking_inform` WHERE ( 1=1 and find_in_set(1000483,touid) and not find_in_set(1000483,`read`) and module='candidate' ) LIMIT 1   [ RunTime:0.000181s ]
SQL: SELECT COUNT(*) AS tp_count FROM `eking_inform` WHERE ( 1=1 and find_in_set(1000483,touid) and not find_in_set(1000483,`read`) and module='collection'  ) LIMIT 1   [ RunTime:0.000152s ]
SQL: SHOW COLUMNS FROM `eking_usermsg` [ RunTime:0.000425s ]
SQL: SELECT COUNT(*) AS tp_count FROM `eking_usermsg` WHERE ( toid=1000483 and status=0 ) LIMIT 1   [ RunTime:0.000244s ]
SQL: SHOW COLUMNS FROM `eking_works` [ RunTime:0.000774s ]
SQL: SELECT * FROM `eking_works` WHERE ( id=1019 ) LIMIT 1   [ RunTime:0.000184s ]
SQL: SHOW COLUMNS FROM `eking_client` [ RunTime:0.000571s ]
SQL: SELECT * FROM `eking_client` WHERE ( id=1098 ) LIMIT 1   [ RunTime:0.000146s ]
INFO: [ view_template ] --START--
INFO: Run LocationTemplate Behavior [ RunTime:0.000233s ]
INFO: [ view_template ] --END-- [ RunTime:0.000300s ]
INFO: [ view_parse ] --START--
NOTIC: [8] Undefined variable: Title /home/wwwroot/app.jobmedia.cn/Temp/Cache/cd59bee961f93352b8b087b7223f0145.php 第 5 行.
NOTIC: [8] Undefined variable: ul /home/wwwroot/app.jobmedia.cn/Temp/Cache/cd59bee961f93352b8b087b7223f0145.php 第 36 行.
NOTIC: [8] Undefined variable: cl /home/wwwroot/app.jobmedia.cn/Temp/Cache/cd59bee961f93352b8b087b7223f0145.php 第 38 行.
NOTIC: [8] Use of undefined constant cid - assumed 'cid' /home/wwwroot/app.jobmedia.cn/Temp/Cache/cd59bee961f93352b8b087b7223f0145.php 第 195 行.
SQL: SELECT `company_name` FROM `eking_client` WHERE ( id=Arraycid ) LIMIT 1   [ RunTime:0.000100s ]
ERR: Unknown column 'Arraycid' in 'where clause'
 [ SQL语句 ] : SELECT `company_name` FROM `eking_client` WHERE ( id=Arraycid ) LIMIT 1  
INFO: Run ParseTemplate Behavior [ RunTime:0.014535s ]
INFO: [ view_parse ] --END-- [ RunTime:0.014631s ]
INFO: [ view_filter ] --START--
INFO: Run ContentReplace Behavior [ RunTime:0.000289s ]
INFO: Run TokenBuild Behavior [ RunTime:0.000266s ]
INFO: Run WriteHtmlCache Behavior [ RunTime:0.000162s ]
INFO: Run ShowRuntime Behavior [ RunTime:0.000351s ]
INFO: [ view_filter ] --END-- [ RunTime:0.001250s ]
INFO: [ view_end ] --START--
INFO: Run ShowPageTrace Behavior [ RunTime:0.000423s ]
INFO: [ view_end ] --END-- [ RunTime:0.000486s ]

[ 2013-05-11T16:48:16+08:00 ] ERR: (ThinkException) 无法加载模块:App
