[ 2013-11-09T00:02:25+08:00 ] 157.55.35.32 /
INFO: [ app_begin ] --START--
INFO: Run ReadHtmlCache Behavior [ RunTime:0.000353s ]
INFO: [ app_begin ] --END-- [ RunTime:0.000418s ]
NOTIC: [8] Undefined index:  ajax /home/wwwroot/www.jobme.cn/App/Lib/Action/GlAction.class.php 第 18 行.
NOTIC: [8] Undefined index:  id /home/wwwroot/www.jobme.cn/App/Lib/Action/GlAction.class.php 第 19 行.
SQL: SHOW COLUMNS FROM `eking_index` [ RunTime:0.000264s ]
ERR: Table 'erpking.eking_index' doesn't exist
 [ SQL语句 ] : SHOW COLUMNS FROM `eking_index`
NOTIC: [8] Undefined index:  json /home/wwwroot/www.jobme.cn/includes/array.php 第 218 行.
NOTIC: [8] Undefined index:  THINK_username /home/wwwroot/www.jobme.cn/Framework/Extend/Library/ORG/Util/Cookie.class.php 第 32 行.
NOTIC: [8] Undefined index:  THINK_uid /home/wwwroot/www.jobme.cn/Framework/Extend/Library/ORG/Util/Cookie.class.php 第 32 行.
NOTIC: [8] Undefined index:  THINK_pid /home/wwwroot/www.jobme.cn/Framework/Extend/Library/ORG/Util/Cookie.class.php 第 32 行.
NOTIC: [8] Undefined index:  THINK_level /home/wwwroot/www.jobme.cn/Framework/Extend/Library/ORG/Util/Cookie.class.php 第 32 行.
NOTIC: [8] Undefined index:  THINK_post /home/wwwroot/www.jobme.cn/Framework/Extend/Library/ORG/Util/Cookie.class.php 第 32 行.
NOTIC: [8] Undefined index:  THINK_type /home/wwwroot/www.jobme.cn/Framework/Extend/Library/ORG/Util/Cookie.class.php 第 32 行.
NOTIC: [8] Undefined index:  THINK_department /home/wwwroot/www.jobme.cn/Framework/Extend/Library/ORG/Util/Cookie.class.php 第 32 行.
NOTIC: [8] Undefined index:  THINK_role_id /home/wwwroot/www.jobme.cn/Framework/Extend/Library/ORG/Util/Cookie.class.php 第 32 行.
NOTIC: [8] Undefined index:  THINK_realname /home/wwwroot/www.jobme.cn/Framework/Extend/Library/ORG/Util/Cookie.class.php 第 32 行.
NOTIC: [8] Undefined index:  THINK_permission_tile /home/wwwroot/www.jobme.cn/Framework/Extend/Library/ORG/Util/Cookie.class.php 第 32 行.
NOTIC: [8] Undefined index:  THINK_permission /home/wwwroot/www.jobme.cn/Framework/Extend/Library/ORG/Util/Cookie.class.php 第 32 行.
SQL: SHOW COLUMNS FROM `eking_persona` [ RunTime:0.000395s ]
SQL: SELECT * FROM `eking_persona` WHERE ( comid= ) ORDER BY id asc  [ RunTime:0.000064s ]
ERR: You have an error in your SQL syntax; check the manual that corresponds to your MySQL server version for the right syntax to use near ') ORDER BY id asc' at line 1
 [ SQL语句 ] : SELECT * FROM `eking_persona` WHERE ( comid= ) ORDER BY id asc 
NOTIC: [2] Invalid argument supplied for foreach() /home/wwwroot/www.jobme.cn/App/Lib/Action/GlAction.class.php 第 62 行.
NOTIC: [8] Undefined variable: nt /home/wwwroot/www.jobme.cn/App/Lib/Action/GlAction.class.php 第 66 行.
NOTIC: [8] Undefined variable: nt /home/wwwroot/www.jobme.cn/App/Lib/Action/GlAction.class.php 第 67 行.
SQL: SHOW COLUMNS FROM `eking_usermsg` [ RunTime:0.000381s ]
SQL: SELECT COUNT(*) AS tp_count FROM `eking_usermsg` WHERE ( toid= and status=0 ) LIMIT 1   [ RunTime:0.000068s ]
ERR: You have an error in your SQL syntax; check the manual that corresponds to your MySQL server version for the right syntax to use near 'and status=0 ) LIMIT 1' at line 1
 [ SQL语句 ] : SELECT COUNT(*) AS tp_count FROM `eking_usermsg` WHERE ( toid= and status=0 ) LIMIT 1  
SQL: SHOW COLUMNS FROM `eking_sinform` [ RunTime:0.000349s ]
SQL: SELECT COUNT(*) AS tp_count FROM `eking_sinform` WHERE ( to_uid= and `read`=0 ) LIMIT 1   [ RunTime:0.000066s ]
ERR: You have an error in your SQL syntax; check the manual that corresponds to your MySQL server version for the right syntax to use near 'and `read`=0 ) LIMIT 1' at line 1
 [ SQL语句 ] : SELECT COUNT(*) AS tp_count FROM `eking_sinform` WHERE ( to_uid= and `read`=0 ) LIMIT 1  
NOTIC: [8] Undefined index:  THINK_uid /home/wwwroot/www.jobme.cn/Framework/Extend/Library/ORG/Util/Cookie.class.php 第 32 行.

[ 2013-11-09T00:02:35+08:00 ] 157.55.35.32 /Login
INFO: [ route_check ] --START--
INFO: Run CheckRoute Behavior [ RunTime:0.000555s ]
INFO: [ route_check ] --END-- [ RunTime:0.000622s ]
INFO: [ app_begin ] --START--
INFO: Run ReadHtmlCache Behavior [ RunTime:0.000345s ]
INFO: [ app_begin ] --END-- [ RunTime:0.000399s ]
NOTIC: [8] Undefined index:  THINK_username /home/wwwroot/www.jobme.cn/Framework/Extend/Library/ORG/Util/Cookie.class.php 第 32 行.
NOTIC: [8] Undefined index:  THINK_uid /home/wwwroot/www.jobme.cn/Framework/Extend/Library/ORG/Util/Cookie.class.php 第 32 行.
NOTIC: [8] Undefined index:  THINK_pid /home/wwwroot/www.jobme.cn/Framework/Extend/Library/ORG/Util/Cookie.class.php 第 32 行.
NOTIC: [8] Undefined index:  THINK_level /home/wwwroot/www.jobme.cn/Framework/Extend/Library/ORG/Util/Cookie.class.php 第 32 行.
NOTIC: [8] Undefined index:  THINK_type /home/wwwroot/www.jobme.cn/Framework/Extend/Library/ORG/Util/Cookie.class.php 第 32 行.
NOTIC: [8] Undefined index:  THINK_department /home/wwwroot/www.jobme.cn/Framework/Extend/Library/ORG/Util/Cookie.class.php 第 32 行.
NOTIC: [8] Undefined index:  THINK_role_id /home/wwwroot/www.jobme.cn/Framework/Extend/Library/ORG/Util/Cookie.class.php 第 32 行.
NOTIC: [8] Undefined index:  THINK_permission_tile /home/wwwroot/www.jobme.cn/Framework/Extend/Library/ORG/Util/Cookie.class.php 第 32 行.
NOTIC: [8] Undefined index:  THINK_permission /home/wwwroot/www.jobme.cn/Framework/Extend/Library/ORG/Util/Cookie.class.php 第 32 行.
NOTIC: [8] Undefined variable: public_arr /home/wwwroot/www.jobme.cn/App/Lib/Action/LoginAction.class.php 第 41 行.
SQL: SHOW COLUMNS FROM `eking_user` [ RunTime:0.000758s ]
NOTIC: [8] Undefined index:  THINK_uid /home/wwwroot/www.jobme.cn/Framework/Extend/Library/ORG/Util/Cookie.class.php 第 32 行.
INFO: [ view_template ] --START--
INFO: Run LocationTemplate Behavior [ RunTime:0.000183s ]
INFO: [ view_template ] --END-- [ RunTime:0.000238s ]
INFO: [ view_parse ] --START--
INFO: Run ParseTemplate Behavior [ RunTime:0.006562s ]
INFO: [ view_parse ] --END-- [ RunTime:0.006639s ]
INFO: [ view_filter ] --START--
INFO: Run ContentReplace Behavior [ RunTime:0.000400s ]
INFO: Run TokenBuild Behavior [ RunTime:0.000221s ]
INFO: Run WriteHtmlCache Behavior [ RunTime:0.000122s ]
INFO: Run ShowRuntime Behavior [ RunTime:0.000273s ]
INFO: [ view_filter ] --END-- [ RunTime:0.001168s ]
INFO: [ view_end ] --START--
INFO: Run ShowPageTrace Behavior [ RunTime:0.000385s ]
INFO: [ view_end ] --END-- [ RunTime:0.000437s ]

[ 2013-11-09T00:21:36+08:00 ] 183.60.214.118 /Login
INFO: [ route_check ] --START--
INFO: Run CheckRoute Behavior [ RunTime:0.000752s ]
INFO: [ route_check ] --END-- [ RunTime:0.000819s ]
INFO: [ app_begin ] --START--
INFO: Run ReadHtmlCache Behavior [ RunTime:0.000327s ]
INFO: [ app_begin ] --END-- [ RunTime:0.000381s ]
NOTIC: [8] Undefined index:  THINK_username /home/wwwroot/www.jobme.cn/Framework/Extend/Library/ORG/Util/Cookie.class.php 第 32 行.
NOTIC: [8] Undefined index:  THINK_uid /home/wwwroot/www.jobme.cn/Framework/Extend/Library/ORG/Util/Cookie.class.php 第 32 行.
NOTIC: [8] Undefined index:  THINK_pid /home/wwwroot/www.jobme.cn/Framework/Extend/Library/ORG/Util/Cookie.class.php 第 32 行.
NOTIC: [8] Undefined index:  THINK_level /home/wwwroot/www.jobme.cn/Framework/Extend/Library/ORG/Util/Cookie.class.php 第 32 行.
NOTIC: [8] Undefined index:  THINK_type /home/wwwroot/www.jobme.cn/Framework/Extend/Library/ORG/Util/Cookie.class.php 第 32 行.
NOTIC: [8] Undefined index:  THINK_department /home/wwwroot/www.jobme.cn/Framework/Extend/Library/ORG/Util/Cookie.class.php 第 32 行.
NOTIC: [8] Undefined index:  THINK_role_id /home/wwwroot/www.jobme.cn/Framework/Extend/Library/ORG/Util/Cookie.class.php 第 32 行.
NOTIC: [8] Undefined index:  THINK_permission_tile /home/wwwroot/www.jobme.cn/Framework/Extend/Library/ORG/Util/Cookie.class.php 第 32 行.
NOTIC: [8] Undefined index:  THINK_permission /home/wwwroot/www.jobme.cn/Framework/Extend/Library/ORG/Util/Cookie.class.php 第 32 行.
NOTIC: [8] Undefined variable: public_arr /home/wwwroot/www.jobme.cn/App/Lib/Action/LoginAction.class.php 第 41 行.
SQL: SHOW COLUMNS FROM `eking_user` [ RunTime:0.000742s ]
NOTIC: [8] Undefined index:  THINK_uid /home/wwwroot/www.jobme.cn/Framework/Extend/Library/ORG/Util/Cookie.class.php 第 32 行.
INFO: [ view_template ] --START--
INFO: Run LocationTemplate Behavior [ RunTime:0.000182s ]
INFO: [ view_template ] --END-- [ RunTime:0.000237s ]
INFO: [ view_parse ] --START--
INFO: Run ParseTemplate Behavior [ RunTime:0.006668s ]
INFO: [ view_parse ] --END-- [ RunTime:0.006725s ]
INFO: [ view_filter ] --START--
INFO: Run ContentReplace Behavior [ RunTime:0.000225s ]
INFO: Run TokenBuild Behavior [ RunTime:0.000217s ]
INFO: Run WriteHtmlCache Behavior [ RunTime:0.000120s ]
INFO: Run ShowRuntime Behavior [ RunTime:0.000292s ]
INFO: [ view_filter ] --END-- [ RunTime:0.001003s ]
INFO: [ view_end ] --START--
INFO: Run ShowPageTrace Behavior [ RunTime:0.000367s ]
INFO: [ view_end ] --END-- [ RunTime:0.000420s ]

[ 2013-11-09T00:36:53+08:00 ] ERR: (ThinkException) 无法加载模块:robots
[ 2013-11-09T00:36:54+08:00 ] 203.208.60.104 /
INFO: [ app_begin ] --START--
INFO: Run ReadHtmlCache Behavior [ RunTime:0.000352s ]
INFO: [ app_begin ] --END-- [ RunTime:0.000416s ]
NOTIC: [8] Undefined index:  ajax /home/wwwroot/www.jobme.cn/App/Lib/Action/GlAction.class.php 第 18 行.
NOTIC: [8] Undefined index:  id /home/wwwroot/www.jobme.cn/App/Lib/Action/GlAction.class.php 第 19 行.
SQL: SHOW COLUMNS FROM `eking_index` [ RunTime:0.000397s ]
ERR: Table 'erpking.eking_index' doesn't exist
 [ SQL语句 ] : SHOW COLUMNS FROM `eking_index`
NOTIC: [8] Undefined index:  json /home/wwwroot/www.jobme.cn/includes/array.php 第 218 行.
NOTIC: [8] Undefined index:  THINK_username /home/wwwroot/www.jobme.cn/Framework/Extend/Library/ORG/Util/Cookie.class.php 第 32 行.
NOTIC: [8] Undefined index:  THINK_uid /home/wwwroot/www.jobme.cn/Framework/Extend/Library/ORG/Util/Cookie.class.php 第 32 行.
NOTIC: [8] Undefined index:  THINK_pid /home/wwwroot/www.jobme.cn/Framework/Extend/Library/ORG/Util/Cookie.class.php 第 32 行.
NOTIC: [8] Undefined index:  THINK_level /home/wwwroot/www.jobme.cn/Framework/Extend/Library/ORG/Util/Cookie.class.php 第 32 行.
NOTIC: [8] Undefined index:  THINK_post /home/wwwroot/www.jobme.cn/Framework/Extend/Library/ORG/Util/Cookie.class.php 第 32 行.
NOTIC: [8] Undefined index:  THINK_type /home/wwwroot/www.jobme.cn/Framework/Extend/Library/ORG/Util/Cookie.class.php 第 32 行.
NOTIC: [8] Undefined index:  THINK_department /home/wwwroot/www.jobme.cn/Framework/Extend/Library/ORG/Util/Cookie.class.php 第 32 行.
NOTIC: [8] Undefined index:  THINK_role_id /home/wwwroot/www.jobme.cn/Framework/Extend/Library/ORG/Util/Cookie.class.php 第 32 行.
NOTIC: [8] Undefined index:  THINK_realname /home/wwwroot/www.jobme.cn/Framework/Extend/Library/ORG/Util/Cookie.class.php 第 32 行.
NOTIC: [8] Undefined index:  THINK_permission_tile /home/wwwroot/www.jobme.cn/Framework/Extend/Library/ORG/Util/Cookie.class.php 第 32 行.
NOTIC: [8] Undefined index:  THINK_permission /home/wwwroot/www.jobme.cn/Framework/Extend/Library/ORG/Util/Cookie.class.php 第 32 行.
SQL: SHOW COLUMNS FROM `eking_persona` [ RunTime:0.000393s ]
SQL: SELECT * FROM `eking_persona` WHERE ( comid= ) ORDER BY id asc  [ RunTime:0.000065s ]
ERR: You have an error in your SQL syntax; check the manual that corresponds to your MySQL server version for the right syntax to use near ') ORDER BY id asc' at line 1
 [ SQL语句 ] : SELECT * FROM `eking_persona` WHERE ( comid= ) ORDER BY id asc 
NOTIC: [2] Invalid argument supplied for foreach() /home/wwwroot/www.jobme.cn/App/Lib/Action/GlAction.class.php 第 62 行.
NOTIC: [8] Undefined variable: nt /home/wwwroot/www.jobme.cn/App/Lib/Action/GlAction.class.php 第 66 行.
NOTIC: [8] Undefined variable: nt /home/wwwroot/www.jobme.cn/App/Lib/Action/GlAction.class.php 第 67 行.
SQL: SHOW COLUMNS FROM `eking_usermsg` [ RunTime:0.000400s ]
SQL: SELECT COUNT(*) AS tp_count FROM `eking_usermsg` WHERE ( toid= and status=0 ) LIMIT 1   [ RunTime:0.000068s ]
ERR: You have an error in your SQL syntax; check the manual that corresponds to your MySQL server version for the right syntax to use near 'and status=0 ) LIMIT 1' at line 1
 [ SQL语句 ] : SELECT COUNT(*) AS tp_count FROM `eking_usermsg` WHERE ( toid= and status=0 ) LIMIT 1  
SQL: SHOW COLUMNS FROM `eking_sinform` [ RunTime:0.000332s ]
SQL: SELECT COUNT(*) AS tp_count FROM `eking_sinform` WHERE ( to_uid= and `read`=0 ) LIMIT 1   [ RunTime:0.000065s ]
ERR: You have an error in your SQL syntax; check the manual that corresponds to your MySQL server version for the right syntax to use near 'and `read`=0 ) LIMIT 1' at line 1
 [ SQL语句 ] : SELECT COUNT(*) AS tp_count FROM `eking_sinform` WHERE ( to_uid= and `read`=0 ) LIMIT 1  
NOTIC: [8] Undefined index:  THINK_uid /home/wwwroot/www.jobme.cn/Framework/Extend/Library/ORG/Util/Cookie.class.php 第 32 行.

[ 2013-11-09T00:36:54+08:00 ] 203.208.60.103 /Login
INFO: [ route_check ] --START--
INFO: Run CheckRoute Behavior [ RunTime:0.000554s ]
INFO: [ route_check ] --END-- [ RunTime:0.000621s ]
INFO: [ app_begin ] --START--
INFO: Run ReadHtmlCache Behavior [ RunTime:0.001841s ]
INFO: [ app_begin ] --END-- [ RunTime:0.001898s ]
NOTIC: [8] Undefined index:  THINK_username /home/wwwroot/www.jobme.cn/Framework/Extend/Library/ORG/Util/Cookie.class.php 第 32 行.
NOTIC: [8] Undefined index:  THINK_uid /home/wwwroot/www.jobme.cn/Framework/Extend/Library/ORG/Util/Cookie.class.php 第 32 行.
NOTIC: [8] Undefined index:  THINK_pid /home/wwwroot/www.jobme.cn/Framework/Extend/Library/ORG/Util/Cookie.class.php 第 32 行.
NOTIC: [8] Undefined index:  THINK_level /home/wwwroot/www.jobme.cn/Framework/Extend/Library/ORG/Util/Cookie.class.php 第 32 行.
NOTIC: [8] Undefined index:  THINK_type /home/wwwroot/www.jobme.cn/Framework/Extend/Library/ORG/Util/Cookie.class.php 第 32 行.
NOTIC: [8] Undefined index:  THINK_department /home/wwwroot/www.jobme.cn/Framework/Extend/Library/ORG/Util/Cookie.class.php 第 32 行.
NOTIC: [8] Undefined index:  THINK_role_id /home/wwwroot/www.jobme.cn/Framework/Extend/Library/ORG/Util/Cookie.class.php 第 32 行.
NOTIC: [8] Undefined index:  THINK_permission_tile /home/wwwroot/www.jobme.cn/Framework/Extend/Library/ORG/Util/Cookie.class.php 第 32 行.
NOTIC: [8] Undefined index:  THINK_permission /home/wwwroot/www.jobme.cn/Framework/Extend/Library/ORG/Util/Cookie.class.php 第 32 行.
NOTIC: [8] Undefined variable: public_arr /home/wwwroot/www.jobme.cn/App/Lib/Action/LoginAction.class.php 第 41 行.
SQL: SHOW COLUMNS FROM `eking_user` [ RunTime:0.000773s ]
NOTIC: [8] Undefined index:  THINK_uid /home/wwwroot/www.jobme.cn/Framework/Extend/Library/ORG/Util/Cookie.class.php 第 32 行.
INFO: [ view_template ] --START--
INFO: Run LocationTemplate Behavior [ RunTime:0.000206s ]
INFO: [ view_template ] --END-- [ RunTime:0.000262s ]
INFO: [ view_parse ] --START--
INFO: Run ParseTemplate Behavior [ RunTime:0.007517s ]
INFO: [ view_parse ] --END-- [ RunTime:0.007575s ]
INFO: [ view_filter ] --START--
INFO: Run ContentReplace Behavior [ RunTime:0.000242s ]
INFO: Run TokenBuild Behavior [ RunTime:0.000220s ]
INFO: Run WriteHtmlCache Behavior [ RunTime:0.000121s ]
INFO: Run ShowRuntime Behavior [ RunTime:0.000275s ]
INFO: [ view_filter ] --END-- [ RunTime:0.001008s ]
INFO: [ view_end ] --START--
INFO: Run ShowPageTrace Behavior [ RunTime:0.000385s ]
INFO: [ view_end ] --END-- [ RunTime:0.000438s ]

[ 2013-11-09T02:41:15+08:00 ] 211.139.149.71 /
INFO: [ app_begin ] --START--
INFO: Run ReadHtmlCache Behavior [ RunTime:0.000357s ]
INFO: [ app_begin ] --END-- [ RunTime:0.000422s ]
NOTIC: [8] Undefined index:  ajax /home/wwwroot/www.jobme.cn/App/Lib/Action/GlAction.class.php 第 18 行.
NOTIC: [8] Undefined index:  id /home/wwwroot/www.jobme.cn/App/Lib/Action/GlAction.class.php 第 19 行.
SQL: SHOW COLUMNS FROM `eking_index` [ RunTime:0.000264s ]
ERR: Table 'erpking.eking_index' doesn't exist
 [ SQL语句 ] : SHOW COLUMNS FROM `eking_index`
NOTIC: [8] Undefined index:  json /home/wwwroot/www.jobme.cn/includes/array.php 第 218 行.
NOTIC: [8] Undefined index:  THINK_username /home/wwwroot/www.jobme.cn/Framework/Extend/Library/ORG/Util/Cookie.class.php 第 32 行.
NOTIC: [8] Undefined index:  THINK_uid /home/wwwroot/www.jobme.cn/Framework/Extend/Library/ORG/Util/Cookie.class.php 第 32 行.
NOTIC: [8] Undefined index:  THINK_pid /home/wwwroot/www.jobme.cn/Framework/Extend/Library/ORG/Util/Cookie.class.php 第 32 行.
NOTIC: [8] Undefined index:  THINK_level /home/wwwroot/www.jobme.cn/Framework/Extend/Library/ORG/Util/Cookie.class.php 第 32 行.
NOTIC: [8] Undefined index:  THINK_post /home/wwwroot/www.jobme.cn/Framework/Extend/Library/ORG/Util/Cookie.class.php 第 32 行.
NOTIC: [8] Undefined index:  THINK_type /home/wwwroot/www.jobme.cn/Framework/Extend/Library/ORG/Util/Cookie.class.php 第 32 行.
NOTIC: [8] Undefined index:  THINK_department /home/wwwroot/www.jobme.cn/Framework/Extend/Library/ORG/Util/Cookie.class.php 第 32 行.
NOTIC: [8] Undefined index:  THINK_role_id /home/wwwroot/www.jobme.cn/Framework/Extend/Library/ORG/Util/Cookie.class.php 第 32 行.
NOTIC: [8] Undefined index:  THINK_realname /home/wwwroot/www.jobme.cn/Framework/Extend/Library/ORG/Util/Cookie.class.php 第 32 行.
NOTIC: [8] Undefined index:  THINK_permission_tile /home/wwwroot/www.jobme.cn/Framework/Extend/Library/ORG/Util/Cookie.class.php 第 32 行.
NOTIC: [8] Undefined index:  THINK_permission /home/wwwroot/www.jobme.cn/Framework/Extend/Library/ORG/Util/Cookie.class.php 第 32 行.
SQL: SHOW COLUMNS FROM `eking_persona` [ RunTime:0.000410s ]
SQL: SELECT * FROM `eking_persona` WHERE ( comid= ) ORDER BY id asc  [ RunTime:0.000064s ]
ERR: You have an error in your SQL syntax; check the manual that corresponds to your MySQL server version for the right syntax to use near ') ORDER BY id asc' at line 1
 [ SQL语句 ] : SELECT * FROM `eking_persona` WHERE ( comid= ) ORDER BY id asc 
NOTIC: [2] Invalid argument supplied for foreach() /home/wwwroot/www.jobme.cn/App/Lib/Action/GlAction.class.php 第 62 行.
NOTIC: [8] Undefined variable: nt /home/wwwroot/www.jobme.cn/App/Lib/Action/GlAction.class.php 第 66 行.
NOTIC: [8] Undefined variable: nt /home/wwwroot/www.jobme.cn/App/Lib/Action/GlAction.class.php 第 67 行.
SQL: SHOW COLUMNS FROM `eking_usermsg` [ RunTime:0.000405s ]
SQL: SELECT COUNT(*) AS tp_count FROM `eking_usermsg` WHERE ( toid= and status=0 ) LIMIT 1   [ RunTime:0.000068s ]
ERR: You have an error in your SQL syntax; check the manual that corresponds to your MySQL server version for the right syntax to use near 'and status=0 ) LIMIT 1' at line 1
 [ SQL语句 ] : SELECT COUNT(*) AS tp_count FROM `eking_usermsg` WHERE ( toid= and status=0 ) LIMIT 1  
SQL: SHOW COLUMNS FROM `eking_sinform` [ RunTime:0.000330s ]
SQL: SELECT COUNT(*) AS tp_count FROM `eking_sinform` WHERE ( to_uid= and `read`=0 ) LIMIT 1   [ RunTime:0.000066s ]
ERR: You have an error in your SQL syntax; check the manual that corresponds to your MySQL server version for the right syntax to use near 'and `read`=0 ) LIMIT 1' at line 1
 [ SQL语句 ] : SELECT COUNT(*) AS tp_count FROM `eking_sinform` WHERE ( to_uid= and `read`=0 ) LIMIT 1  
NOTIC: [8] Undefined index:  THINK_uid /home/wwwroot/www.jobme.cn/Framework/Extend/Library/ORG/Util/Cookie.class.php 第 32 行.

[ 2013-11-09T02:41:15+08:00 ] ERR: (ThinkException) 无法加载模块:login
[ 2013-11-09T03:25:45+08:00 ] ERR: (ThinkException) 无法加载模块:robots
[ 2013-11-09T03:31:56+08:00 ] ERR: (ThinkException) 无法加载模块:robots
[ 2013-11-09T04:18:41+08:00 ] ERR: (ThinkException) 无法加载模块:robots
[ 2013-11-09T04:29:39+08:00 ] 157.55.32.81 /
INFO: [ app_begin ] --START--
INFO: Run ReadHtmlCache Behavior [ RunTime:0.000335s ]
INFO: [ app_begin ] --END-- [ RunTime:0.000400s ]
NOTIC: [8] Undefined index:  ajax /home/wwwroot/www.jobme.cn/App/Lib/Action/GlAction.class.php 第 18 行.
NOTIC: [8] Undefined index:  id /home/wwwroot/www.jobme.cn/App/Lib/Action/GlAction.class.php 第 19 行.
SQL: SHOW COLUMNS FROM `eking_index` [ RunTime:0.000285s ]
ERR: Table 'erpking.eking_index' doesn't exist
 [ SQL语句 ] : SHOW COLUMNS FROM `eking_index`
NOTIC: [8] Undefined index:  json /home/wwwroot/www.jobme.cn/includes/array.php 第 218 行.
NOTIC: [8] Undefined index:  THINK_username /home/wwwroot/www.jobme.cn/Framework/Extend/Library/ORG/Util/Cookie.class.php 第 32 行.
NOTIC: [8] Undefined index:  THINK_uid /home/wwwroot/www.jobme.cn/Framework/Extend/Library/ORG/Util/Cookie.class.php 第 32 行.
NOTIC: [8] Undefined index:  THINK_pid /home/wwwroot/www.jobme.cn/Framework/Extend/Library/ORG/Util/Cookie.class.php 第 32 行.
NOTIC: [8] Undefined index:  THINK_level /home/wwwroot/www.jobme.cn/Framework/Extend/Library/ORG/Util/Cookie.class.php 第 32 行.
NOTIC: [8] Undefined index:  THINK_post /home/wwwroot/www.jobme.cn/Framework/Extend/Library/ORG/Util/Cookie.class.php 第 32 行.
NOTIC: [8] Undefined index:  THINK_type /home/wwwroot/www.jobme.cn/Framework/Extend/Library/ORG/Util/Cookie.class.php 第 32 行.
NOTIC: [8] Undefined index:  THINK_department /home/wwwroot/www.jobme.cn/Framework/Extend/Library/ORG/Util/Cookie.class.php 第 32 行.
NOTIC: [8] Undefined index:  THINK_role_id /home/wwwroot/www.jobme.cn/Framework/Extend/Library/ORG/Util/Cookie.class.php 第 32 行.
NOTIC: [8] Undefined index:  THINK_realname /home/wwwroot/www.jobme.cn/Framework/Extend/Library/ORG/Util/Cookie.class.php 第 32 行.
NOTIC: [8] Undefined index:  THINK_permission_tile /home/wwwroot/www.jobme.cn/Framework/Extend/Library/ORG/Util/Cookie.class.php 第 32 行.
NOTIC: [8] Undefined index:  THINK_permission /home/wwwroot/www.jobme.cn/Framework/Extend/Library/ORG/Util/Cookie.class.php 第 32 行.
SQL: SHOW COLUMNS FROM `eking_persona` [ RunTime:0.000393s ]
SQL: SELECT * FROM `eking_persona` WHERE ( comid= ) ORDER BY id asc  [ RunTime:0.000064s ]
ERR: You have an error in your SQL syntax; check the manual that corresponds to your MySQL server version for the right syntax to use near ') ORDER BY id asc' at line 1
 [ SQL语句 ] : SELECT * FROM `eking_persona` WHERE ( comid= ) ORDER BY id asc 
NOTIC: [2] Invalid argument supplied for foreach() /home/wwwroot/www.jobme.cn/App/Lib/Action/GlAction.class.php 第 62 行.
NOTIC: [8] Undefined variable: nt /home/wwwroot/www.jobme.cn/App/Lib/Action/GlAction.class.php 第 66 行.
NOTIC: [8] Undefined variable: nt /home/wwwroot/www.jobme.cn/App/Lib/Action/GlAction.class.php 第 67 行.
SQL: SHOW COLUMNS FROM `eking_usermsg` [ RunTime:0.000403s ]
SQL: SELECT COUNT(*) AS tp_count FROM `eking_usermsg` WHERE ( toid= and status=0 ) LIMIT 1   [ RunTime:0.000068s ]
ERR: You have an error in your SQL syntax; check the manual that corresponds to your MySQL server version for the right syntax to use near 'and status=0 ) LIMIT 1' at line 1
 [ SQL语句 ] : SELECT COUNT(*) AS tp_count FROM `eking_usermsg` WHERE ( toid= and status=0 ) LIMIT 1  
SQL: SHOW COLUMNS FROM `eking_sinform` [ RunTime:0.000333s ]
SQL: SELECT COUNT(*) AS tp_count FROM `eking_sinform` WHERE ( to_uid= and `read`=0 ) LIMIT 1   [ RunTime:0.000065s ]
ERR: You have an error in your SQL syntax; check the manual that corresponds to your MySQL server version for the right syntax to use near 'and `read`=0 ) LIMIT 1' at line 1
 [ SQL语句 ] : SELECT COUNT(*) AS tp_count FROM `eking_sinform` WHERE ( to_uid= and `read`=0 ) LIMIT 1  
NOTIC: [8] Undefined index:  THINK_uid /home/wwwroot/www.jobme.cn/Framework/Extend/Library/ORG/Util/Cookie.class.php 第 32 行.

[ 2013-11-09T05:27:42+08:00 ] ERR: (ThinkException) 无法加载模块:robots
[ 2013-11-09T05:35:41+08:00 ] ERR: (ThinkException) 无法加载模块:robots
[ 2013-11-09T07:10:56+08:00 ] 157.56.93.96 /
INFO: [ app_begin ] --START--
INFO: Run ReadHtmlCache Behavior [ RunTime:0.000335s ]
INFO: [ app_begin ] --END-- [ RunTime:0.000399s ]
NOTIC: [8] Undefined index:  ajax /home/wwwroot/www.jobme.cn/App/Lib/Action/GlAction.class.php 第 18 行.
NOTIC: [8] Undefined index:  id /home/wwwroot/www.jobme.cn/App/Lib/Action/GlAction.class.php 第 19 行.
SQL: SHOW COLUMNS FROM `eking_index` [ RunTime:0.000267s ]
ERR: Table 'erpking.eking_index' doesn't exist
 [ SQL语句 ] : SHOW COLUMNS FROM `eking_index`
NOTIC: [8] Undefined index:  json /home/wwwroot/www.jobme.cn/includes/array.php 第 218 行.
NOTIC: [8] Undefined index:  THINK_username /home/wwwroot/www.jobme.cn/Framework/Extend/Library/ORG/Util/Cookie.class.php 第 32 行.
NOTIC: [8] Undefined index:  THINK_uid /home/wwwroot/www.jobme.cn/Framework/Extend/Library/ORG/Util/Cookie.class.php 第 32 行.
NOTIC: [8] Undefined index:  THINK_pid /home/wwwroot/www.jobme.cn/Framework/Extend/Library/ORG/Util/Cookie.class.php 第 32 行.
NOTIC: [8] Undefined index:  THINK_level /home/wwwroot/www.jobme.cn/Framework/Extend/Library/ORG/Util/Cookie.class.php 第 32 行.
NOTIC: [8] Undefined index:  THINK_post /home/wwwroot/www.jobme.cn/Framework/Extend/Library/ORG/Util/Cookie.class.php 第 32 行.
NOTIC: [8] Undefined index:  THINK_type /home/wwwroot/www.jobme.cn/Framework/Extend/Library/ORG/Util/Cookie.class.php 第 32 行.
NOTIC: [8] Undefined index:  THINK_department /home/wwwroot/www.jobme.cn/Framework/Extend/Library/ORG/Util/Cookie.class.php 第 32 行.
NOTIC: [8] Undefined index:  THINK_role_id /home/wwwroot/www.jobme.cn/Framework/Extend/Library/ORG/Util/Cookie.class.php 第 32 行.
NOTIC: [8] Undefined index:  THINK_realname /home/wwwroot/www.jobme.cn/Framework/Extend/Library/ORG/Util/Cookie.class.php 第 32 行.
NOTIC: [8] Undefined index:  THINK_permission_tile /home/wwwroot/www.jobme.cn/Framework/Extend/Library/ORG/Util/Cookie.class.php 第 32 行.
NOTIC: [8] Undefined index:  THINK_permission /home/wwwroot/www.jobme.cn/Framework/Extend/Library/ORG/Util/Cookie.class.php 第 32 行.
SQL: SHOW COLUMNS FROM `eking_persona` [ RunTime:0.000410s ]
SQL: SELECT * FROM `eking_persona` WHERE ( comid= ) ORDER BY id asc  [ RunTime:0.000063s ]
ERR: You have an error in your SQL syntax; check the manual that corresponds to your MySQL server version for the right syntax to use near ') ORDER BY id asc' at line 1
 [ SQL语句 ] : SELECT * FROM `eking_persona` WHERE ( comid= ) ORDER BY id asc 
NOTIC: [2] Invalid argument supplied for foreach() /home/wwwroot/www.jobme.cn/App/Lib/Action/GlAction.class.php 第 62 行.
NOTIC: [8] Undefined variable: nt /home/wwwroot/www.jobme.cn/App/Lib/Action/GlAction.class.php 第 66 行.
NOTIC: [8] Undefined variable: nt /home/wwwroot/www.jobme.cn/App/Lib/Action/GlAction.class.php 第 67 行.
SQL: SHOW COLUMNS FROM `eking_usermsg` [ RunTime:0.000383s ]
SQL: SELECT COUNT(*) AS tp_count FROM `eking_usermsg` WHERE ( toid= and status=0 ) LIMIT 1   [ RunTime:0.000068s ]
ERR: You have an error in your SQL syntax; check the manual that corresponds to your MySQL server version for the right syntax to use near 'and status=0 ) LIMIT 1' at line 1
 [ SQL语句 ] : SELECT COUNT(*) AS tp_count FROM `eking_usermsg` WHERE ( toid= and status=0 ) LIMIT 1  
SQL: SHOW COLUMNS FROM `eking_sinform` [ RunTime:0.000333s ]
SQL: SELECT COUNT(*) AS tp_count FROM `eking_sinform` WHERE ( to_uid= and `read`=0 ) LIMIT 1   [ RunTime:0.000065s ]
ERR: You have an error in your SQL syntax; check the manual that corresponds to your MySQL server version for the right syntax to use near 'and `read`=0 ) LIMIT 1' at line 1
 [ SQL语句 ] : SELECT COUNT(*) AS tp_count FROM `eking_sinform` WHERE ( to_uid= and `read`=0 ) LIMIT 1  
NOTIC: [8] Undefined index:  THINK_uid /home/wwwroot/www.jobme.cn/Framework/Extend/Library/ORG/Util/Cookie.class.php 第 32 行.

[ 2013-11-09T09:34:59+08:00 ] 183.60.243.240 /
INFO: [ app_begin ] --START--
INFO: Run ReadHtmlCache Behavior [ RunTime:0.000353s ]
INFO: [ app_begin ] --END-- [ RunTime:0.000418s ]
NOTIC: [8] Undefined index:  ajax /home/wwwroot/www.jobme.cn/App/Lib/Action/GlAction.class.php 第 18 行.
NOTIC: [8] Undefined index:  id /home/wwwroot/www.jobme.cn/App/Lib/Action/GlAction.class.php 第 19 行.
SQL: SHOW COLUMNS FROM `eking_index` [ RunTime:0.000272s ]
ERR: Table 'erpking.eking_index' doesn't exist
 [ SQL语句 ] : SHOW COLUMNS FROM `eking_index`
NOTIC: [8] Undefined index:  json /home/wwwroot/www.jobme.cn/includes/array.php 第 218 行.
NOTIC: [8] Undefined index:  THINK_username /home/wwwroot/www.jobme.cn/Framework/Extend/Library/ORG/Util/Cookie.class.php 第 32 行.
NOTIC: [8] Undefined index:  THINK_uid /home/wwwroot/www.jobme.cn/Framework/Extend/Library/ORG/Util/Cookie.class.php 第 32 行.
NOTIC: [8] Undefined index:  THINK_pid /home/wwwroot/www.jobme.cn/Framework/Extend/Library/ORG/Util/Cookie.class.php 第 32 行.
NOTIC: [8] Undefined index:  THINK_level /home/wwwroot/www.jobme.cn/Framework/Extend/Library/ORG/Util/Cookie.class.php 第 32 行.
NOTIC: [8] Undefined index:  THINK_post /home/wwwroot/www.jobme.cn/Framework/Extend/Library/ORG/Util/Cookie.class.php 第 32 行.
NOTIC: [8] Undefined index:  THINK_type /home/wwwroot/www.jobme.cn/Framework/Extend/Library/ORG/Util/Cookie.class.php 第 32 行.
NOTIC: [8] Undefined index:  THINK_department /home/wwwroot/www.jobme.cn/Framework/Extend/Library/ORG/Util/Cookie.class.php 第 32 行.
NOTIC: [8] Undefined index:  THINK_role_id /home/wwwroot/www.jobme.cn/Framework/Extend/Library/ORG/Util/Cookie.class.php 第 32 行.
NOTIC: [8] Undefined index:  THINK_realname /home/wwwroot/www.jobme.cn/Framework/Extend/Library/ORG/Util/Cookie.class.php 第 32 行.
NOTIC: [8] Undefined index:  THINK_permission_tile /home/wwwroot/www.jobme.cn/Framework/Extend/Library/ORG/Util/Cookie.class.php 第 32 行.
NOTIC: [8] Undefined index:  THINK_permission /home/wwwroot/www.jobme.cn/Framework/Extend/Library/ORG/Util/Cookie.class.php 第 32 行.
SQL: SHOW COLUMNS FROM `eking_persona` [ RunTime:0.000398s ]
SQL: SELECT * FROM `eking_persona` WHERE ( comid= ) ORDER BY id asc  [ RunTime:0.000067s ]
ERR: You have an error in your SQL syntax; check the manual that corresponds to your MySQL server version for the right syntax to use near ') ORDER BY id asc' at line 1
 [ SQL语句 ] : SELECT * FROM `eking_persona` WHERE ( comid= ) ORDER BY id asc 
NOTIC: [2] Invalid argument supplied for foreach() /home/wwwroot/www.jobme.cn/App/Lib/Action/GlAction.class.php 第 62 行.
NOTIC: [8] Undefined variable: nt /home/wwwroot/www.jobme.cn/App/Lib/Action/GlAction.class.php 第 66 行.
NOTIC: [8] Undefined variable: nt /home/wwwroot/www.jobme.cn/App/Lib/Action/GlAction.class.php 第 67 行.
SQL: SHOW COLUMNS FROM `eking_usermsg` [ RunTime:0.000386s ]
SQL: SELECT COUNT(*) AS tp_count FROM `eking_usermsg` WHERE ( toid= and status=0 ) LIMIT 1   [ RunTime:0.000179s ]
ERR: You have an error in your SQL syntax; check the manual that corresponds to your MySQL server version for the right syntax to use near 'and status=0 ) LIMIT 1' at line 1
 [ SQL语句 ] : SELECT COUNT(*) AS tp_count FROM `eking_usermsg` WHERE ( toid= and status=0 ) LIMIT 1  
SQL: SHOW COLUMNS FROM `eking_sinform` [ RunTime:0.000339s ]
SQL: SELECT COUNT(*) AS tp_count FROM `eking_sinform` WHERE ( to_uid= and `read`=0 ) LIMIT 1   [ RunTime:0.000067s ]
ERR: You have an error in your SQL syntax; check the manual that corresponds to your MySQL server version for the right syntax to use near 'and `read`=0 ) LIMIT 1' at line 1
 [ SQL语句 ] : SELECT COUNT(*) AS tp_count FROM `eking_sinform` WHERE ( to_uid= and `read`=0 ) LIMIT 1  
NOTIC: [8] Undefined index:  THINK_uid /home/wwwroot/www.jobme.cn/Framework/Extend/Library/ORG/Util/Cookie.class.php 第 32 行.

[ 2013-11-09T09:34:59+08:00 ] 183.60.243.240 /Login
INFO: [ route_check ] --START--
INFO: Run CheckRoute Behavior [ RunTime:0.000553s ]
INFO: [ route_check ] --END-- [ RunTime:0.000615s ]
INFO: [ app_begin ] --START--
INFO: Run ReadHtmlCache Behavior [ RunTime:0.000328s ]
INFO: [ app_begin ] --END-- [ RunTime:0.000382s ]
NOTIC: [8] Undefined index:  THINK_username /home/wwwroot/www.jobme.cn/Framework/Extend/Library/ORG/Util/Cookie.class.php 第 32 行.
NOTIC: [8] Undefined index:  THINK_uid /home/wwwroot/www.jobme.cn/Framework/Extend/Library/ORG/Util/Cookie.class.php 第 32 行.
NOTIC: [8] Undefined index:  THINK_pid /home/wwwroot/www.jobme.cn/Framework/Extend/Library/ORG/Util/Cookie.class.php 第 32 行.
NOTIC: [8] Undefined index:  THINK_level /home/wwwroot/www.jobme.cn/Framework/Extend/Library/ORG/Util/Cookie.class.php 第 32 行.
NOTIC: [8] Undefined index:  THINK_type /home/wwwroot/www.jobme.cn/Framework/Extend/Library/ORG/Util/Cookie.class.php 第 32 行.
NOTIC: [8] Undefined index:  THINK_department /home/wwwroot/www.jobme.cn/Framework/Extend/Library/ORG/Util/Cookie.class.php 第 32 行.
NOTIC: [8] Undefined index:  THINK_role_id /home/wwwroot/www.jobme.cn/Framework/Extend/Library/ORG/Util/Cookie.class.php 第 32 行.
NOTIC: [8] Undefined index:  THINK_permission_tile /home/wwwroot/www.jobme.cn/Framework/Extend/Library/ORG/Util/Cookie.class.php 第 32 行.
NOTIC: [8] Undefined index:  THINK_permission /home/wwwroot/www.jobme.cn/Framework/Extend/Library/ORG/Util/Cookie.class.php 第 32 行.
NOTIC: [8] Undefined variable: public_arr /home/wwwroot/www.jobme.cn/App/Lib/Action/LoginAction.class.php 第 41 行.
SQL: SHOW COLUMNS FROM `eking_user` [ RunTime:0.000713s ]
NOTIC: [8] Undefined index:  THINK_uid /home/wwwroot/www.jobme.cn/Framework/Extend/Library/ORG/Util/Cookie.class.php 第 32 行.
INFO: [ view_template ] --START--
INFO: Run LocationTemplate Behavior [ RunTime:0.000183s ]
INFO: [ view_template ] --END-- [ RunTime:0.000238s ]
INFO: [ view_parse ] --START--
INFO: Run ParseTemplate Behavior [ RunTime:0.006549s ]
INFO: [ view_parse ] --END-- [ RunTime:0.006607s ]
INFO: [ view_filter ] --START--
INFO: Run ContentReplace Behavior [ RunTime:0.000225s ]
INFO: Run TokenBuild Behavior [ RunTime:0.000330s ]
INFO: Run WriteHtmlCache Behavior [ RunTime:0.000138s ]
INFO: Run ShowRuntime Behavior [ RunTime:0.000274s ]
INFO: [ view_filter ] --END-- [ RunTime:0.001119s ]
INFO: [ view_end ] --START--
INFO: Run ShowPageTrace Behavior [ RunTime:0.000369s ]
INFO: [ view_end ] --END-- [ RunTime:0.000421s ]

[ 2013-11-09T09:51:06+08:00 ] ERR: (ThinkException) 无法加载模块:robots
[ 2013-11-09T09:51:36+08:00 ] ERR: (ThinkException) 无法加载模块:robots
[ 2013-11-09T10:56:56+08:00 ] ERR: (ThinkException) 无法加载模块:robots
[ 2013-11-09T11:47:42+08:00 ] 183.60.243.242 /
INFO: [ app_begin ] --START--
INFO: Run ReadHtmlCache Behavior [ RunTime:0.000349s ]
INFO: [ app_begin ] --END-- [ RunTime:0.000413s ]
NOTIC: [8] Undefined index:  ajax /home/wwwroot/www.jobme.cn/App/Lib/Action/GlAction.class.php 第 18 行.
NOTIC: [8] Undefined index:  id /home/wwwroot/www.jobme.cn/App/Lib/Action/GlAction.class.php 第 19 行.
SQL: SHOW COLUMNS FROM `eking_index` [ RunTime:0.000272s ]
ERR: Table 'erpking.eking_index' doesn't exist
 [ SQL语句 ] : SHOW COLUMNS FROM `eking_index`
NOTIC: [8] Undefined index:  json /home/wwwroot/www.jobme.cn/includes/array.php 第 218 行.
NOTIC: [8] Undefined index:  THINK_username /home/wwwroot/www.jobme.cn/Framework/Extend/Library/ORG/Util/Cookie.class.php 第 32 行.
NOTIC: [8] Undefined index:  THINK_uid /home/wwwroot/www.jobme.cn/Framework/Extend/Library/ORG/Util/Cookie.class.php 第 32 行.
NOTIC: [8] Undefined index:  THINK_pid /home/wwwroot/www.jobme.cn/Framework/Extend/Library/ORG/Util/Cookie.class.php 第 32 行.
NOTIC: [8] Undefined index:  THINK_level /home/wwwroot/www.jobme.cn/Framework/Extend/Library/ORG/Util/Cookie.class.php 第 32 行.
NOTIC: [8] Undefined index:  THINK_post /home/wwwroot/www.jobme.cn/Framework/Extend/Library/ORG/Util/Cookie.class.php 第 32 行.
NOTIC: [8] Undefined index:  THINK_type /home/wwwroot/www.jobme.cn/Framework/Extend/Library/ORG/Util/Cookie.class.php 第 32 行.
NOTIC: [8] Undefined index:  THINK_department /home/wwwroot/www.jobme.cn/Framework/Extend/Library/ORG/Util/Cookie.class.php 第 32 行.
NOTIC: [8] Undefined index:  THINK_role_id /home/wwwroot/www.jobme.cn/Framework/Extend/Library/ORG/Util/Cookie.class.php 第 32 行.
NOTIC: [8] Undefined index:  THINK_realname /home/wwwroot/www.jobme.cn/Framework/Extend/Library/ORG/Util/Cookie.class.php 第 32 行.
NOTIC: [8] Undefined index:  THINK_permission_tile /home/wwwroot/www.jobme.cn/Framework/Extend/Library/ORG/Util/Cookie.class.php 第 32 行.
NOTIC: [8] Undefined index:  THINK_permission /home/wwwroot/www.jobme.cn/Framework/Extend/Library/ORG/Util/Cookie.class.php 第 32 行.
SQL: SHOW COLUMNS FROM `eking_persona` [ RunTime:0.000415s ]
SQL: SELECT * FROM `eking_persona` WHERE ( comid= ) ORDER BY id asc  [ RunTime:0.000067s ]
ERR: You have an error in your SQL syntax; check the manual that corresponds to your MySQL server version for the right syntax to use near ') ORDER BY id asc' at line 1
 [ SQL语句 ] : SELECT * FROM `eking_persona` WHERE ( comid= ) ORDER BY id asc 
NOTIC: [2] Invalid argument supplied for foreach() /home/wwwroot/www.jobme.cn/App/Lib/Action/GlAction.class.php 第 62 行.
NOTIC: [8] Undefined variable: nt /home/wwwroot/www.jobme.cn/App/Lib/Action/GlAction.class.php 第 66 行.
NOTIC: [8] Undefined variable: nt /home/wwwroot/www.jobme.cn/App/Lib/Action/GlAction.class.php 第 67 行.
SQL: SHOW COLUMNS FROM `eking_usermsg` [ RunTime:0.000386s ]
SQL: SELECT COUNT(*) AS tp_count FROM `eking_usermsg` WHERE ( toid= and status=0 ) LIMIT 1   [ RunTime:0.000071s ]
ERR: You have an error in your SQL syntax; check the manual that corresponds to your MySQL server version for the right syntax to use near 'and status=0 ) LIMIT 1' at line 1
 [ SQL语句 ] : SELECT COUNT(*) AS tp_count FROM `eking_usermsg` WHERE ( toid= and status=0 ) LIMIT 1  
SQL: SHOW COLUMNS FROM `eking_sinform` [ RunTime:0.000337s ]
SQL: SELECT COUNT(*) AS tp_count FROM `eking_sinform` WHERE ( to_uid= and `read`=0 ) LIMIT 1   [ RunTime:0.000068s ]
ERR: You have an error in your SQL syntax; check the manual that corresponds to your MySQL server version for the right syntax to use near 'and `read`=0 ) LIMIT 1' at line 1
 [ SQL语句 ] : SELECT COUNT(*) AS tp_count FROM `eking_sinform` WHERE ( to_uid= and `read`=0 ) LIMIT 1  
NOTIC: [8] Undefined index:  THINK_uid /home/wwwroot/www.jobme.cn/Framework/Extend/Library/ORG/Util/Cookie.class.php 第 32 行.

[ 2013-11-09T11:47:43+08:00 ] 183.60.243.242 /Login
INFO: [ route_check ] --START--
INFO: Run CheckRoute Behavior [ RunTime:0.000552s ]
INFO: [ route_check ] --END-- [ RunTime:0.000614s ]
INFO: [ app_begin ] --START--
INFO: Run ReadHtmlCache Behavior [ RunTime:0.000345s ]
INFO: [ app_begin ] --END-- [ RunTime:0.000399s ]
NOTIC: [8] Undefined index:  THINK_username /home/wwwroot/www.jobme.cn/Framework/Extend/Library/ORG/Util/Cookie.class.php 第 32 行.
NOTIC: [8] Undefined index:  THINK_uid /home/wwwroot/www.jobme.cn/Framework/Extend/Library/ORG/Util/Cookie.class.php 第 32 行.
NOTIC: [8] Undefined index:  THINK_pid /home/wwwroot/www.jobme.cn/Framework/Extend/Library/ORG/Util/Cookie.class.php 第 32 行.
NOTIC: [8] Undefined index:  THINK_level /home/wwwroot/www.jobme.cn/Framework/Extend/Library/ORG/Util/Cookie.class.php 第 32 行.
NOTIC: [8] Undefined index:  THINK_type /home/wwwroot/www.jobme.cn/Framework/Extend/Library/ORG/Util/Cookie.class.php 第 32 行.
NOTIC: [8] Undefined index:  THINK_department /home/wwwroot/www.jobme.cn/Framework/Extend/Library/ORG/Util/Cookie.class.php 第 32 行.
NOTIC: [8] Undefined index:  THINK_role_id /home/wwwroot/www.jobme.cn/Framework/Extend/Library/ORG/Util/Cookie.class.php 第 32 行.
NOTIC: [8] Undefined index:  THINK_permission_tile /home/wwwroot/www.jobme.cn/Framework/Extend/Library/ORG/Util/Cookie.class.php 第 32 行.
NOTIC: [8] Undefined index:  THINK_permission /home/wwwroot/www.jobme.cn/Framework/Extend/Library/ORG/Util/Cookie.class.php 第 32 行.
NOTIC: [8] Undefined variable: public_arr /home/wwwroot/www.jobme.cn/App/Lib/Action/LoginAction.class.php 第 41 行.
SQL: SHOW COLUMNS FROM `eking_user` [ RunTime:0.000729s ]
NOTIC: [8] Undefined index:  THINK_uid /home/wwwroot/www.jobme.cn/Framework/Extend/Library/ORG/Util/Cookie.class.php 第 32 行.
INFO: [ view_template ] --START--
INFO: Run LocationTemplate Behavior [ RunTime:0.000184s ]
INFO: [ view_template ] --END-- [ RunTime:0.000237s ]
INFO: [ view_parse ] --START--
INFO: Run ParseTemplate Behavior [ RunTime:0.006764s ]
INFO: [ view_parse ] --END-- [ RunTime:0.006823s ]
INFO: [ view_filter ] --START--
INFO: Run ContentReplace Behavior [ RunTime:0.000226s ]
INFO: Run TokenBuild Behavior [ RunTime:0.000234s ]
INFO: Run WriteHtmlCache Behavior [ RunTime:0.000121s ]
INFO: Run ShowRuntime Behavior [ RunTime:0.000274s ]
INFO: [ view_filter ] --END-- [ RunTime:0.001006s ]
INFO: [ view_end ] --START--
INFO: Run ShowPageTrace Behavior [ RunTime:0.000386s ]
INFO: [ view_end ] --END-- [ RunTime:0.000439s ]

[ 2013-11-09T12:09:44+08:00 ] ERR: (ThinkException) 无法加载模块:robots
[ 2013-11-09T12:45:07+08:00 ] 110.75.145.2 /
INFO: [ app_begin ] --START--
INFO: Run ReadHtmlCache Behavior [ RunTime:0.000334s ]
INFO: [ app_begin ] --END-- [ RunTime:0.000398s ]
NOTIC: [8] Undefined index:  ajax /home/wwwroot/www.jobme.cn/App/Lib/Action/GlAction.class.php 第 18 行.
NOTIC: [8] Undefined index:  id /home/wwwroot/www.jobme.cn/App/Lib/Action/GlAction.class.php 第 19 行.
SQL: SHOW COLUMNS FROM `eking_index` [ RunTime:0.000268s ]
ERR: Table 'erpking.eking_index' doesn't exist
 [ SQL语句 ] : SHOW COLUMNS FROM `eking_index`
NOTIC: [8] Undefined index:  json /home/wwwroot/www.jobme.cn/includes/array.php 第 218 行.
NOTIC: [8] Undefined index:  THINK_username /home/wwwroot/www.jobme.cn/Framework/Extend/Library/ORG/Util/Cookie.class.php 第 32 行.
NOTIC: [8] Undefined index:  THINK_uid /home/wwwroot/www.jobme.cn/Framework/Extend/Library/ORG/Util/Cookie.class.php 第 32 行.
NOTIC: [8] Undefined index:  THINK_pid /home/wwwroot/www.jobme.cn/Framework/Extend/Library/ORG/Util/Cookie.class.php 第 32 行.
NOTIC: [8] Undefined index:  THINK_level /home/wwwroot/www.jobme.cn/Framework/Extend/Library/ORG/Util/Cookie.class.php 第 32 行.
NOTIC: [8] Undefined index:  THINK_post /home/wwwroot/www.jobme.cn/Framework/Extend/Library/ORG/Util/Cookie.class.php 第 32 行.
NOTIC: [8] Undefined index:  THINK_type /home/wwwroot/www.jobme.cn/Framework/Extend/Library/ORG/Util/Cookie.class.php 第 32 行.
NOTIC: [8] Undefined index:  THINK_department /home/wwwroot/www.jobme.cn/Framework/Extend/Library/ORG/Util/Cookie.class.php 第 32 行.
NOTIC: [8] Undefined index:  THINK_role_id /home/wwwroot/www.jobme.cn/Framework/Extend/Library/ORG/Util/Cookie.class.php 第 32 行.
NOTIC: [8] Undefined index:  THINK_realname /home/wwwroot/www.jobme.cn/Framework/Extend/Library/ORG/Util/Cookie.class.php 第 32 行.
NOTIC: [8] Undefined index:  THINK_permission_tile /home/wwwroot/www.jobme.cn/Framework/Extend/Library/ORG/Util/Cookie.class.php 第 32 行.
NOTIC: [8] Undefined index:  THINK_permission /home/wwwroot/www.jobme.cn/Framework/Extend/Library/ORG/Util/Cookie.class.php 第 32 行.
SQL: SHOW COLUMNS FROM `eking_persona` [ RunTime:0.000393s ]
SQL: SELECT * FROM `eking_persona` WHERE ( comid= ) ORDER BY id asc  [ RunTime:0.000064s ]
ERR: You have an error in your SQL syntax; check the manual that corresponds to your MySQL server version for the right syntax to use near ') ORDER BY id asc' at line 1
 [ SQL语句 ] : SELECT * FROM `eking_persona` WHERE ( comid= ) ORDER BY id asc 
NOTIC: [2] Invalid argument supplied for foreach() /home/wwwroot/www.jobme.cn/App/Lib/Action/GlAction.class.php 第 62 行.
NOTIC: [8] Undefined variable: nt /home/wwwroot/www.jobme.cn/App/Lib/Action/GlAction.class.php 第 66 行.
NOTIC: [8] Undefined variable: nt /home/wwwroot/www.jobme.cn/App/Lib/Action/GlAction.class.php 第 67 行.
SQL: SHOW COLUMNS FROM `eking_usermsg` [ RunTime:0.000402s ]
SQL: SELECT COUNT(*) AS tp_count FROM `eking_usermsg` WHERE ( toid= and status=0 ) LIMIT 1   [ RunTime:0.000068s ]
ERR: You have an error in your SQL syntax; check the manual that corresponds to your MySQL server version for the right syntax to use near 'and status=0 ) LIMIT 1' at line 1
 [ SQL语句 ] : SELECT COUNT(*) AS tp_count FROM `eking_usermsg` WHERE ( toid= and status=0 ) LIMIT 1  
SQL: SHOW COLUMNS FROM `eking_sinform` [ RunTime:0.000333s ]
SQL: SELECT COUNT(*) AS tp_count FROM `eking_sinform` WHERE ( to_uid= and `read`=0 ) LIMIT 1   [ RunTime:0.000066s ]
ERR: You have an error in your SQL syntax; check the manual that corresponds to your MySQL server version for the right syntax to use near 'and `read`=0 ) LIMIT 1' at line 1
 [ SQL语句 ] : SELECT COUNT(*) AS tp_count FROM `eking_sinform` WHERE ( to_uid= and `read`=0 ) LIMIT 1  
NOTIC: [8] Undefined index:  THINK_uid /home/wwwroot/www.jobme.cn/Framework/Extend/Library/ORG/Util/Cookie.class.php 第 32 行.

[ 2013-11-09T12:45:07+08:00 ] 110.75.145.1 /Login
INFO: [ route_check ] --START--
INFO: Run CheckRoute Behavior [ RunTime:0.000552s ]
INFO: [ route_check ] --END-- [ RunTime:0.000614s ]
INFO: [ app_begin ] --START--
INFO: Run ReadHtmlCache Behavior [ RunTime:0.000344s ]
INFO: [ app_begin ] --END-- [ RunTime:0.000398s ]
NOTIC: [8] Undefined index:  THINK_username /home/wwwroot/www.jobme.cn/Framework/Extend/Library/ORG/Util/Cookie.class.php 第 32 行.
NOTIC: [8] Undefined index:  THINK_uid /home/wwwroot/www.jobme.cn/Framework/Extend/Library/ORG/Util/Cookie.class.php 第 32 行.
NOTIC: [8] Undefined index:  THINK_pid /home/wwwroot/www.jobme.cn/Framework/Extend/Library/ORG/Util/Cookie.class.php 第 32 行.
NOTIC: [8] Undefined index:  THINK_level /home/wwwroot/www.jobme.cn/Framework/Extend/Library/ORG/Util/Cookie.class.php 第 32 行.
NOTIC: [8] Undefined index:  THINK_type /home/wwwroot/www.jobme.cn/Framework/Extend/Library/ORG/Util/Cookie.class.php 第 32 行.
NOTIC: [8] Undefined index:  THINK_department /home/wwwroot/www.jobme.cn/Framework/Extend/Library/ORG/Util/Cookie.class.php 第 32 行.
NOTIC: [8] Undefined index:  THINK_role_id /home/wwwroot/www.jobme.cn/Framework/Extend/Library/ORG/Util/Cookie.class.php 第 32 行.
NOTIC: [8] Undefined index:  THINK_permission_tile /home/wwwroot/www.jobme.cn/Framework/Extend/Library/ORG/Util/Cookie.class.php 第 32 行.
NOTIC: [8] Undefined index:  THINK_permission /home/wwwroot/www.jobme.cn/Framework/Extend/Library/ORG/Util/Cookie.class.php 第 32 行.
NOTIC: [8] Undefined variable: public_arr /home/wwwroot/www.jobme.cn/App/Lib/Action/LoginAction.class.php 第 41 行.
SQL: SHOW COLUMNS FROM `eking_user` [ RunTime:0.001737s ]
NOTIC: [8] Undefined index:  THINK_uid /home/wwwroot/www.jobme.cn/Framework/Extend/Library/ORG/Util/Cookie.class.php 第 32 行.
INFO: [ view_template ] --START--
INFO: Run LocationTemplate Behavior [ RunTime:0.000212s ]
INFO: [ view_template ] --END-- [ RunTime:0.000269s ]
INFO: [ view_parse ] --START--
INFO: Run ParseTemplate Behavior [ RunTime:0.011465s ]
INFO: [ view_parse ] --END-- [ RunTime:0.011528s ]
INFO: [ view_filter ] --START--
INFO: Run ContentReplace Behavior [ RunTime:0.000235s ]
INFO: Run TokenBuild Behavior [ RunTime:0.000226s ]
INFO: Run WriteHtmlCache Behavior [ RunTime:0.000127s ]
INFO: Run ShowRuntime Behavior [ RunTime:0.001097s ]
INFO: [ view_filter ] --END-- [ RunTime:0.001926s ]
INFO: [ view_end ] --START--
INFO: Run ShowPageTrace Behavior [ RunTime:0.001194s ]
INFO: [ view_end ] --END-- [ RunTime:0.001252s ]

[ 2013-11-09T13:25:15+08:00 ] 188.165.195.156 /
INFO: [ app_begin ] --START--
INFO: Run ReadHtmlCache Behavior [ RunTime:0.000335s ]
INFO: [ app_begin ] --END-- [ RunTime:0.000400s ]
NOTIC: [8] Undefined index:  ajax /home/wwwroot/www.jobme.cn/App/Lib/Action/GlAction.class.php 第 18 行.
NOTIC: [8] Undefined index:  id /home/wwwroot/www.jobme.cn/App/Lib/Action/GlAction.class.php 第 19 行.
SQL: SHOW COLUMNS FROM `eking_index` [ RunTime:0.000265s ]
ERR: Table 'erpking.eking_index' doesn't exist
 [ SQL语句 ] : SHOW COLUMNS FROM `eking_index`
NOTIC: [8] Undefined index:  json /home/wwwroot/www.jobme.cn/includes/array.php 第 218 行.
NOTIC: [8] Undefined index:  THINK_username /home/wwwroot/www.jobme.cn/Framework/Extend/Library/ORG/Util/Cookie.class.php 第 32 行.
NOTIC: [8] Undefined index:  THINK_uid /home/wwwroot/www.jobme.cn/Framework/Extend/Library/ORG/Util/Cookie.class.php 第 32 行.
NOTIC: [8] Undefined index:  THINK_pid /home/wwwroot/www.jobme.cn/Framework/Extend/Library/ORG/Util/Cookie.class.php 第 32 行.
NOTIC: [8] Undefined index:  THINK_level /home/wwwroot/www.jobme.cn/Framework/Extend/Library/ORG/Util/Cookie.class.php 第 32 行.
NOTIC: [8] Undefined index:  THINK_post /home/wwwroot/www.jobme.cn/Framework/Extend/Library/ORG/Util/Cookie.class.php 第 32 行.
NOTIC: [8] Undefined index:  THINK_type /home/wwwroot/www.jobme.cn/Framework/Extend/Library/ORG/Util/Cookie.class.php 第 32 行.
NOTIC: [8] Undefined index:  THINK_department /home/wwwroot/www.jobme.cn/Framework/Extend/Library/ORG/Util/Cookie.class.php 第 32 行.
NOTIC: [8] Undefined index:  THINK_role_id /home/wwwroot/www.jobme.cn/Framework/Extend/Library/ORG/Util/Cookie.class.php 第 32 行.
NOTIC: [8] Undefined index:  THINK_realname /home/wwwroot/www.jobme.cn/Framework/Extend/Library/ORG/Util/Cookie.class.php 第 32 行.
NOTIC: [8] Undefined index:  THINK_permission_tile /home/wwwroot/www.jobme.cn/Framework/Extend/Library/ORG/Util/Cookie.class.php 第 32 行.
NOTIC: [8] Undefined index:  THINK_permission /home/wwwroot/www.jobme.cn/Framework/Extend/Library/ORG/Util/Cookie.class.php 第 32 行.
SQL: SHOW COLUMNS FROM `eking_persona` [ RunTime:0.000414s ]
SQL: SELECT * FROM `eking_persona` WHERE ( comid= ) ORDER BY id asc  [ RunTime:0.000064s ]
ERR: You have an error in your SQL syntax; check the manual that corresponds to your MySQL server version for the right syntax to use near ') ORDER BY id asc' at line 1
 [ SQL语句 ] : SELECT * FROM `eking_persona` WHERE ( comid= ) ORDER BY id asc 
NOTIC: [2] Invalid argument supplied for foreach() /home/wwwroot/www.jobme.cn/App/Lib/Action/GlAction.class.php 第 62 行.
NOTIC: [8] Undefined variable: nt /home/wwwroot/www.jobme.cn/App/Lib/Action/GlAction.class.php 第 66 行.
NOTIC: [8] Undefined variable: nt /home/wwwroot/www.jobme.cn/App/Lib/Action/GlAction.class.php 第 67 行.
SQL: SHOW COLUMNS FROM `eking_usermsg` [ RunTime:0.000382s ]
SQL: SELECT COUNT(*) AS tp_count FROM `eking_usermsg` WHERE ( toid= and status=0 ) LIMIT 1   [ RunTime:0.000068s ]
ERR: You have an error in your SQL syntax; check the manual that corresponds to your MySQL server version for the right syntax to use near 'and status=0 ) LIMIT 1' at line 1
 [ SQL语句 ] : SELECT COUNT(*) AS tp_count FROM `eking_usermsg` WHERE ( toid= and status=0 ) LIMIT 1  
SQL: SHOW COLUMNS FROM `eking_sinform` [ RunTime:0.000333s ]
SQL: SELECT COUNT(*) AS tp_count FROM `eking_sinform` WHERE ( to_uid= and `read`=0 ) LIMIT 1   [ RunTime:0.000065s ]
ERR: You have an error in your SQL syntax; check the manual that corresponds to your MySQL server version for the right syntax to use near 'and `read`=0 ) LIMIT 1' at line 1
 [ SQL语句 ] : SELECT COUNT(*) AS tp_count FROM `eking_sinform` WHERE ( to_uid= and `read`=0 ) LIMIT 1  
NOTIC: [8] Undefined index:  THINK_uid /home/wwwroot/www.jobme.cn/Framework/Extend/Library/ORG/Util/Cookie.class.php 第 32 行.

[ 2013-11-09T21:56:51+08:00 ] ERR: (ThinkException) 无法加载模块:robots
[ 2013-11-09T21:58:14+08:00 ] 157.55.34.98 /
INFO: [ app_begin ] --START--
INFO: Run ReadHtmlCache Behavior [ RunTime:0.000336s ]
INFO: [ app_begin ] --END-- [ RunTime:0.000402s ]
NOTIC: [8] Undefined index:  ajax /home/wwwroot/www.jobme.cn/App/Lib/Action/GlAction.class.php 第 18 行.
NOTIC: [8] Undefined index:  id /home/wwwroot/www.jobme.cn/App/Lib/Action/GlAction.class.php 第 19 行.
SQL: SHOW COLUMNS FROM `eking_index` [ RunTime:0.000265s ]
ERR: Table 'erpking.eking_index' doesn't exist
 [ SQL语句 ] : SHOW COLUMNS FROM `eking_index`
NOTIC: [8] Undefined index:  json /home/wwwroot/www.jobme.cn/includes/array.php 第 218 行.
NOTIC: [8] Undefined index:  THINK_username /home/wwwroot/www.jobme.cn/Framework/Extend/Library/ORG/Util/Cookie.class.php 第 32 行.
NOTIC: [8] Undefined index:  THINK_uid /home/wwwroot/www.jobme.cn/Framework/Extend/Library/ORG/Util/Cookie.class.php 第 32 行.
NOTIC: [8] Undefined index:  THINK_pid /home/wwwroot/www.jobme.cn/Framework/Extend/Library/ORG/Util/Cookie.class.php 第 32 行.
NOTIC: [8] Undefined index:  THINK_level /home/wwwroot/www.jobme.cn/Framework/Extend/Library/ORG/Util/Cookie.class.php 第 32 行.
NOTIC: [8] Undefined index:  THINK_post /home/wwwroot/www.jobme.cn/Framework/Extend/Library/ORG/Util/Cookie.class.php 第 32 行.
NOTIC: [8] Undefined index:  THINK_type /home/wwwroot/www.jobme.cn/Framework/Extend/Library/ORG/Util/Cookie.class.php 第 32 行.
NOTIC: [8] Undefined index:  THINK_department /home/wwwroot/www.jobme.cn/Framework/Extend/Library/ORG/Util/Cookie.class.php 第 32 行.
NOTIC: [8] Undefined index:  THINK_role_id /home/wwwroot/www.jobme.cn/Framework/Extend/Library/ORG/Util/Cookie.class.php 第 32 行.
NOTIC: [8] Undefined index:  THINK_realname /home/wwwroot/www.jobme.cn/Framework/Extend/Library/ORG/Util/Cookie.class.php 第 32 行.
NOTIC: [8] Undefined index:  THINK_permission_tile /home/wwwroot/www.jobme.cn/Framework/Extend/Library/ORG/Util/Cookie.class.php 第 32 行.
NOTIC: [8] Undefined index:  THINK_permission /home/wwwroot/www.jobme.cn/Framework/Extend/Library/ORG/Util/Cookie.class.php 第 32 行.
SQL: SHOW COLUMNS FROM `eking_persona` [ RunTime:0.000424s ]
SQL: SELECT * FROM `eking_persona` WHERE ( comid= ) ORDER BY id asc  [ RunTime:0.000071s ]
ERR: You have an error in your SQL syntax; check the manual that corresponds to your MySQL server version for the right syntax to use near ') ORDER BY id asc' at line 1
 [ SQL语句 ] : SELECT * FROM `eking_persona` WHERE ( comid= ) ORDER BY id asc 
NOTIC: [2] Invalid argument supplied for foreach() /home/wwwroot/www.jobme.cn/App/Lib/Action/GlAction.class.php 第 62 行.
NOTIC: [8] Undefined variable: nt /home/wwwroot/www.jobme.cn/App/Lib/Action/GlAction.class.php 第 66 行.
NOTIC: [8] Undefined variable: nt /home/wwwroot/www.jobme.cn/App/Lib/Action/GlAction.class.php 第 67 行.
SQL: SHOW COLUMNS FROM `eking_usermsg` [ RunTime:0.000384s ]
SQL: SELECT COUNT(*) AS tp_count FROM `eking_usermsg` WHERE ( toid= and status=0 ) LIMIT 1   [ RunTime:0.000067s ]
ERR: You have an error in your SQL syntax; check the manual that corresponds to your MySQL server version for the right syntax to use near 'and status=0 ) LIMIT 1' at line 1
 [ SQL语句 ] : SELECT COUNT(*) AS tp_count FROM `eking_usermsg` WHERE ( toid= and status=0 ) LIMIT 1  
SQL: SHOW COLUMNS FROM `eking_sinform` [ RunTime:0.000334s ]
SQL: SELECT COUNT(*) AS tp_count FROM `eking_sinform` WHERE ( to_uid= and `read`=0 ) LIMIT 1   [ RunTime:0.000066s ]
ERR: You have an error in your SQL syntax; check the manual that corresponds to your MySQL server version for the right syntax to use near 'and `read`=0 ) LIMIT 1' at line 1
 [ SQL语句 ] : SELECT COUNT(*) AS tp_count FROM `eking_sinform` WHERE ( to_uid= and `read`=0 ) LIMIT 1  
NOTIC: [8] Undefined index:  THINK_uid /home/wwwroot/www.jobme.cn/Framework/Extend/Library/ORG/Util/Cookie.class.php 第 32 行.

[ 2013-11-09T23:13:01+08:00 ] ERR: (ThinkException) 无法加载模块:robots
[ 2013-11-09T23:15:20+08:00 ] 157.55.34.98 /
INFO: [ app_begin ] --START--
INFO: Run ReadHtmlCache Behavior [ RunTime:0.000333s ]
INFO: [ app_begin ] --END-- [ RunTime:0.000399s ]
NOTIC: [8] Undefined index:  ajax /home/wwwroot/www.jobme.cn/App/Lib/Action/GlAction.class.php 第 18 行.
NOTIC: [8] Undefined index:  id /home/wwwroot/www.jobme.cn/App/Lib/Action/GlAction.class.php 第 19 行.
SQL: SHOW COLUMNS FROM `eking_index` [ RunTime:0.000286s ]
ERR: Table 'erpking.eking_index' doesn't exist
 [ SQL语句 ] : SHOW COLUMNS FROM `eking_index`
NOTIC: [8] Undefined index:  json /home/wwwroot/www.jobme.cn/includes/array.php 第 218 行.
NOTIC: [8] Undefined index:  THINK_username /home/wwwroot/www.jobme.cn/Framework/Extend/Library/ORG/Util/Cookie.class.php 第 32 行.
NOTIC: [8] Undefined index:  THINK_uid /home/wwwroot/www.jobme.cn/Framework/Extend/Library/ORG/Util/Cookie.class.php 第 32 行.
NOTIC: [8] Undefined index:  THINK_pid /home/wwwroot/www.jobme.cn/Framework/Extend/Library/ORG/Util/Cookie.class.php 第 32 行.
NOTIC: [8] Undefined index:  THINK_level /home/wwwroot/www.jobme.cn/Framework/Extend/Library/ORG/Util/Cookie.class.php 第 32 行.
NOTIC: [8] Undefined index:  THINK_post /home/wwwroot/www.jobme.cn/Framework/Extend/Library/ORG/Util/Cookie.class.php 第 32 行.
NOTIC: [8] Undefined index:  THINK_type /home/wwwroot/www.jobme.cn/Framework/Extend/Library/ORG/Util/Cookie.class.php 第 32 行.
NOTIC: [8] Undefined index:  THINK_department /home/wwwroot/www.jobme.cn/Framework/Extend/Library/ORG/Util/Cookie.class.php 第 32 行.
NOTIC: [8] Undefined index:  THINK_role_id /home/wwwroot/www.jobme.cn/Framework/Extend/Library/ORG/Util/Cookie.class.php 第 32 行.
NOTIC: [8] Undefined index:  THINK_realname /home/wwwroot/www.jobme.cn/Framework/Extend/Library/ORG/Util/Cookie.class.php 第 32 行.
NOTIC: [8] Undefined index:  THINK_permission_tile /home/wwwroot/www.jobme.cn/Framework/Extend/Library/ORG/Util/Cookie.class.php 第 32 行.
NOTIC: [8] Undefined index:  THINK_permission /home/wwwroot/www.jobme.cn/Framework/Extend/Library/ORG/Util/Cookie.class.php 第 32 行.
SQL: SHOW COLUMNS FROM `eking_persona` [ RunTime:0.000391s ]
SQL: SELECT * FROM `eking_persona` WHERE ( comid= ) ORDER BY id asc  [ RunTime:0.000064s ]
ERR: You have an error in your SQL syntax; check the manual that corresponds to your MySQL server version for the right syntax to use near ') ORDER BY id asc' at line 1
 [ SQL语句 ] : SELECT * FROM `eking_persona` WHERE ( comid= ) ORDER BY id asc 
NOTIC: [2] Invalid argument supplied for foreach() /home/wwwroot/www.jobme.cn/App/Lib/Action/GlAction.class.php 第 62 行.
NOTIC: [8] Undefined variable: nt /home/wwwroot/www.jobme.cn/App/Lib/Action/GlAction.class.php 第 66 行.
NOTIC: [8] Undefined variable: nt /home/wwwroot/www.jobme.cn/App/Lib/Action/GlAction.class.php 第 67 行.
SQL: SHOW COLUMNS FROM `eking_usermsg` [ RunTime:0.000405s ]
SQL: SELECT COUNT(*) AS tp_count FROM `eking_usermsg` WHERE ( toid= and status=0 ) LIMIT 1   [ RunTime:0.000068s ]
ERR: You have an error in your SQL syntax; check the manual that corresponds to your MySQL server version for the right syntax to use near 'and status=0 ) LIMIT 1' at line 1
 [ SQL语句 ] : SELECT COUNT(*) AS tp_count FROM `eking_usermsg` WHERE ( toid= and status=0 ) LIMIT 1  
SQL: SHOW COLUMNS FROM `eking_sinform` [ RunTime:0.000338s ]
SQL: SELECT COUNT(*) AS tp_count FROM `eking_sinform` WHERE ( to_uid= and `read`=0 ) LIMIT 1   [ RunTime:0.000065s ]
ERR: You have an error in your SQL syntax; check the manual that corresponds to your MySQL server version for the right syntax to use near 'and `read`=0 ) LIMIT 1' at line 1
 [ SQL语句 ] : SELECT COUNT(*) AS tp_count FROM `eking_sinform` WHERE ( to_uid= and `read`=0 ) LIMIT 1  
NOTIC: [8] Undefined index:  THINK_uid /home/wwwroot/www.jobme.cn/Framework/Extend/Library/ORG/Util/Cookie.class.php 第 32 行.

