[ 2013-10-19T00:46:22+08:00 ] 114.245.214.248 /
INFO: [ app_begin ] --START--
INFO: Run ReadHtmlCache Behavior [ RunTime:0.017347s ]
INFO: [ app_begin ] --END-- [ RunTime:0.017416s ]
NOTIC: [8] Undefined index:  ajax /home/wwwroot/www.jobme.cn/App/Lib/Action/GlAction.class.php 第 18 行.
NOTIC: [8] Undefined index:  id /home/wwwroot/www.jobme.cn/App/Lib/Action/GlAction.class.php 第 19 行.
SQL: SHOW COLUMNS FROM `eking_index` [ RunTime:0.000271s ]
ERR: Table 'erpking.eking_index' doesn't exist
 [ SQL语句 ] : SHOW COLUMNS FROM `eking_index`
NOTIC: [8] Undefined index:  json /home/wwwroot/www.jobme.cn/includes/array.php 第 218 行.
NOTIC: [8] Undefined index:  THINK_username /home/wwwroot/www.jobme.cn/Framework/Extend/Library/ORG/Util/Cookie.class.php 第 32 行.
NOTIC: [8] Undefined index:  THINK_uid /home/wwwroot/www.jobme.cn/Framework/Extend/Library/ORG/Util/Cookie.class.php 第 32 行.
NOTIC: [8] Undefined index:  THINK_pid /home/wwwroot/www.jobme.cn/Framework/Extend/Library/ORG/Util/Cookie.class.php 第 32 行.
NOTIC: [8] Undefined index:  THINK_level /home/wwwroot/www.jobme.cn/Framework/Extend/Library/ORG/Util/Cookie.class.php 第 32 行.
NOTIC: [8] Undefined index:  THINK_post /home/wwwroot/www.jobme.cn/Framework/Extend/Library/ORG/Util/Cookie.class.php 第 32 行.
NOTIC: [8] Undefined index:  THINK_type /home/wwwroot/www.jobme.cn/Framework/Extend/Library/ORG/Util/Cookie.class.php 第 32 行.
NOTIC: [8] Undefined index:  THINK_department /home/wwwroot/www.jobme.cn/Framework/Extend/Library/ORG/Util/Cookie.class.php 第 32 行.
NOTIC: [8] Undefined index:  THINK_role_id /home/wwwroot/www.jobme.cn/Framework/Extend/Library/ORG/Util/Cookie.class.php 第 32 行.
NOTIC: [8] Undefined index:  THINK_realname /home/wwwroot/www.jobme.cn/Framework/Extend/Library/ORG/Util/Cookie.class.php 第 32 行.
NOTIC: [8] Undefined index:  THINK_permission_tile /home/wwwroot/www.jobme.cn/Framework/Extend/Library/ORG/Util/Cookie.class.php 第 32 行.
NOTIC: [8] Undefined index:  THINK_permission /home/wwwroot/www.jobme.cn/Framework/Extend/Library/ORG/Util/Cookie.class.php 第 32 行.
SQL: SHOW COLUMNS FROM `eking_persona` [ RunTime:0.000349s ]
SQL: SELECT * FROM `eking_persona` WHERE ( comid= ) ORDER BY id asc  [ RunTime:0.000064s ]
ERR: You have an error in your SQL syntax; check the manual that corresponds to your MySQL server version for the right syntax to use near ') ORDER BY id asc' at line 1
 [ SQL语句 ] : SELECT * FROM `eking_persona` WHERE ( comid= ) ORDER BY id asc 
NOTIC: [2] Invalid argument supplied for foreach() /home/wwwroot/www.jobme.cn/App/Lib/Action/GlAction.class.php 第 62 行.
NOTIC: [8] Undefined variable: nt /home/wwwroot/www.jobme.cn/App/Lib/Action/GlAction.class.php 第 66 行.
NOTIC: [8] Undefined variable: nt /home/wwwroot/www.jobme.cn/App/Lib/Action/GlAction.class.php 第 67 行.
SQL: SHOW COLUMNS FROM `eking_usermsg` [ RunTime:0.000385s ]
SQL: SELECT COUNT(*) AS tp_count FROM `eking_usermsg` WHERE ( toid= and status=0 ) LIMIT 1   [ RunTime:0.000086s ]
ERR: You have an error in your SQL syntax; check the manual that corresponds to your MySQL server version for the right syntax to use near 'and status=0 ) LIMIT 1' at line 1
 [ SQL语句 ] : SELECT COUNT(*) AS tp_count FROM `eking_usermsg` WHERE ( toid= and status=0 ) LIMIT 1  
SQL: SHOW COLUMNS FROM `eking_sinform` [ RunTime:0.000337s ]
SQL: SELECT COUNT(*) AS tp_count FROM `eking_sinform` WHERE ( to_uid= and `read`=0 ) LIMIT 1   [ RunTime:0.000065s ]
ERR: You have an error in your SQL syntax; check the manual that corresponds to your MySQL server version for the right syntax to use near 'and `read`=0 ) LIMIT 1' at line 1
 [ SQL语句 ] : SELECT COUNT(*) AS tp_count FROM `eking_sinform` WHERE ( to_uid= and `read`=0 ) LIMIT 1  
NOTIC: [8] Undefined index:  THINK_uid /home/wwwroot/www.jobme.cn/Framework/Extend/Library/ORG/Util/Cookie.class.php 第 32 行.

[ 2013-10-19T00:46:22+08:00 ] 114.245.214.248 /Login
INFO: [ route_check ] --START--
INFO: Run CheckRoute Behavior [ RunTime:0.001306s ]
INFO: [ route_check ] --END-- [ RunTime:0.001370s ]
INFO: [ app_begin ] --START--
INFO: Run ReadHtmlCache Behavior [ RunTime:0.000336s ]
INFO: [ app_begin ] --END-- [ RunTime:0.000415s ]
NOTIC: [8] Undefined index:  THINK_username /home/wwwroot/www.jobme.cn/Framework/Extend/Library/ORG/Util/Cookie.class.php 第 32 行.
NOTIC: [8] Undefined index:  THINK_uid /home/wwwroot/www.jobme.cn/Framework/Extend/Library/ORG/Util/Cookie.class.php 第 32 行.
NOTIC: [8] Undefined index:  THINK_pid /home/wwwroot/www.jobme.cn/Framework/Extend/Library/ORG/Util/Cookie.class.php 第 32 行.
NOTIC: [8] Undefined index:  THINK_level /home/wwwroot/www.jobme.cn/Framework/Extend/Library/ORG/Util/Cookie.class.php 第 32 行.
NOTIC: [8] Undefined index:  THINK_type /home/wwwroot/www.jobme.cn/Framework/Extend/Library/ORG/Util/Cookie.class.php 第 32 行.
NOTIC: [8] Undefined index:  THINK_department /home/wwwroot/www.jobme.cn/Framework/Extend/Library/ORG/Util/Cookie.class.php 第 32 行.
NOTIC: [8] Undefined index:  THINK_role_id /home/wwwroot/www.jobme.cn/Framework/Extend/Library/ORG/Util/Cookie.class.php 第 32 行.
NOTIC: [8] Undefined index:  THINK_permission_tile /home/wwwroot/www.jobme.cn/Framework/Extend/Library/ORG/Util/Cookie.class.php 第 32 行.
NOTIC: [8] Undefined index:  THINK_permission /home/wwwroot/www.jobme.cn/Framework/Extend/Library/ORG/Util/Cookie.class.php 第 32 行.
NOTIC: [8] Undefined variable: public_arr /home/wwwroot/www.jobme.cn/App/Lib/Action/LoginAction.class.php 第 41 行.
SQL: SHOW COLUMNS FROM `eking_user` [ RunTime:0.000737s ]
NOTIC: [8] Undefined index:  THINK_uid /home/wwwroot/www.jobme.cn/Framework/Extend/Library/ORG/Util/Cookie.class.php 第 32 行.
INFO: [ view_template ] --START--
INFO: Run LocationTemplate Behavior [ RunTime:0.000929s ]
INFO: [ view_template ] --END-- [ RunTime:0.000988s ]
INFO: [ view_parse ] --START--
INFO: Run ParseTemplate Behavior [ RunTime:0.019070s ]
INFO: [ view_parse ] --END-- [ RunTime:0.019127s ]
INFO: [ view_filter ] --START--
INFO: Run ContentReplace Behavior [ RunTime:0.000922s ]
INFO: Run TokenBuild Behavior [ RunTime:0.000914s ]
INFO: Run WriteHtmlCache Behavior [ RunTime:0.000719s ]
INFO: Run ShowRuntime Behavior [ RunTime:0.001130s ]
INFO: [ view_filter ] --END-- [ RunTime:0.003845s ]
INFO: [ view_end ] --START--
INFO: Run ShowPageTrace Behavior [ RunTime:0.001237s ]
INFO: [ view_end ] --END-- [ RunTime:0.001294s ]

[ 2013-10-19T05:16:52+08:00 ] 183.60.243.242 /
INFO: [ app_begin ] --START--
INFO: Run ReadHtmlCache Behavior [ RunTime:0.000335s ]
INFO: [ app_begin ] --END-- [ RunTime:0.000398s ]
NOTIC: [8] Undefined index:  ajax /home/wwwroot/www.jobme.cn/App/Lib/Action/GlAction.class.php 第 18 行.
NOTIC: [8] Undefined index:  id /home/wwwroot/www.jobme.cn/App/Lib/Action/GlAction.class.php 第 19 行.
SQL: SHOW COLUMNS FROM `eking_index` [ RunTime:0.000258s ]
ERR: Table 'erpking.eking_index' doesn't exist
 [ SQL语句 ] : SHOW COLUMNS FROM `eking_index`
NOTIC: [8] Undefined index:  json /home/wwwroot/www.jobme.cn/includes/array.php 第 218 行.
NOTIC: [8] Undefined index:  THINK_username /home/wwwroot/www.jobme.cn/Framework/Extend/Library/ORG/Util/Cookie.class.php 第 32 行.
NOTIC: [8] Undefined index:  THINK_uid /home/wwwroot/www.jobme.cn/Framework/Extend/Library/ORG/Util/Cookie.class.php 第 32 行.
NOTIC: [8] Undefined index:  THINK_pid /home/wwwroot/www.jobme.cn/Framework/Extend/Library/ORG/Util/Cookie.class.php 第 32 行.
NOTIC: [8] Undefined index:  THINK_level /home/wwwroot/www.jobme.cn/Framework/Extend/Library/ORG/Util/Cookie.class.php 第 32 行.
NOTIC: [8] Undefined index:  THINK_post /home/wwwroot/www.jobme.cn/Framework/Extend/Library/ORG/Util/Cookie.class.php 第 32 行.
NOTIC: [8] Undefined index:  THINK_type /home/wwwroot/www.jobme.cn/Framework/Extend/Library/ORG/Util/Cookie.class.php 第 32 行.
NOTIC: [8] Undefined index:  THINK_department /home/wwwroot/www.jobme.cn/Framework/Extend/Library/ORG/Util/Cookie.class.php 第 32 行.
NOTIC: [8] Undefined index:  THINK_role_id /home/wwwroot/www.jobme.cn/Framework/Extend/Library/ORG/Util/Cookie.class.php 第 32 行.
NOTIC: [8] Undefined index:  THINK_realname /home/wwwroot/www.jobme.cn/Framework/Extend/Library/ORG/Util/Cookie.class.php 第 32 行.
NOTIC: [8] Undefined index:  THINK_permission_tile /home/wwwroot/www.jobme.cn/Framework/Extend/Library/ORG/Util/Cookie.class.php 第 32 行.
NOTIC: [8] Undefined index:  THINK_permission /home/wwwroot/www.jobme.cn/Framework/Extend/Library/ORG/Util/Cookie.class.php 第 32 行.
SQL: SHOW COLUMNS FROM `eking_persona` [ RunTime:0.000385s ]
SQL: SELECT * FROM `eking_persona` WHERE ( comid= ) ORDER BY id asc  [ RunTime:0.000081s ]
ERR: You have an error in your SQL syntax; check the manual that corresponds to your MySQL server version for the right syntax to use near ') ORDER BY id asc' at line 1
 [ SQL语句 ] : SELECT * FROM `eking_persona` WHERE ( comid= ) ORDER BY id asc 
NOTIC: [2] Invalid argument supplied for foreach() /home/wwwroot/www.jobme.cn/App/Lib/Action/GlAction.class.php 第 62 行.
NOTIC: [8] Undefined variable: nt /home/wwwroot/www.jobme.cn/App/Lib/Action/GlAction.class.php 第 66 行.
NOTIC: [8] Undefined variable: nt /home/wwwroot/www.jobme.cn/App/Lib/Action/GlAction.class.php 第 67 行.
SQL: SHOW COLUMNS FROM `eking_usermsg` [ RunTime:0.000399s ]
SQL: SELECT COUNT(*) AS tp_count FROM `eking_usermsg` WHERE ( toid= and status=0 ) LIMIT 1   [ RunTime:0.000068s ]
ERR: You have an error in your SQL syntax; check the manual that corresponds to your MySQL server version for the right syntax to use near 'and status=0 ) LIMIT 1' at line 1
 [ SQL语句 ] : SELECT COUNT(*) AS tp_count FROM `eking_usermsg` WHERE ( toid= and status=0 ) LIMIT 1  
SQL: SHOW COLUMNS FROM `eking_sinform` [ RunTime:0.016779s ]
SQL: SELECT COUNT(*) AS tp_count FROM `eking_sinform` WHERE ( to_uid= and `read`=0 ) LIMIT 1   [ RunTime:0.000066s ]
ERR: You have an error in your SQL syntax; check the manual that corresponds to your MySQL server version for the right syntax to use near 'and `read`=0 ) LIMIT 1' at line 1
 [ SQL语句 ] : SELECT COUNT(*) AS tp_count FROM `eking_sinform` WHERE ( to_uid= and `read`=0 ) LIMIT 1  
NOTIC: [8] Undefined index:  THINK_uid /home/wwwroot/www.jobme.cn/Framework/Extend/Library/ORG/Util/Cookie.class.php 第 32 行.

[ 2013-10-19T05:16:56+08:00 ] 183.60.243.242 /Login
INFO: [ route_check ] --START--
INFO: Run CheckRoute Behavior [ RunTime:0.000545s ]
INFO: [ route_check ] --END-- [ RunTime:0.000610s ]
INFO: [ app_begin ] --START--
INFO: Run ReadHtmlCache Behavior [ RunTime:0.000342s ]
INFO: [ app_begin ] --END-- [ RunTime:0.000395s ]
NOTIC: [8] Undefined index:  THINK_username /home/wwwroot/www.jobme.cn/Framework/Extend/Library/ORG/Util/Cookie.class.php 第 32 行.
NOTIC: [8] Undefined index:  THINK_uid /home/wwwroot/www.jobme.cn/Framework/Extend/Library/ORG/Util/Cookie.class.php 第 32 行.
NOTIC: [8] Undefined index:  THINK_pid /home/wwwroot/www.jobme.cn/Framework/Extend/Library/ORG/Util/Cookie.class.php 第 32 行.
NOTIC: [8] Undefined index:  THINK_level /home/wwwroot/www.jobme.cn/Framework/Extend/Library/ORG/Util/Cookie.class.php 第 32 行.
NOTIC: [8] Undefined index:  THINK_type /home/wwwroot/www.jobme.cn/Framework/Extend/Library/ORG/Util/Cookie.class.php 第 32 行.
NOTIC: [8] Undefined index:  THINK_department /home/wwwroot/www.jobme.cn/Framework/Extend/Library/ORG/Util/Cookie.class.php 第 32 行.
NOTIC: [8] Undefined index:  THINK_role_id /home/wwwroot/www.jobme.cn/Framework/Extend/Library/ORG/Util/Cookie.class.php 第 32 行.
NOTIC: [8] Undefined index:  THINK_permission_tile /home/wwwroot/www.jobme.cn/Framework/Extend/Library/ORG/Util/Cookie.class.php 第 32 行.
NOTIC: [8] Undefined index:  THINK_permission /home/wwwroot/www.jobme.cn/Framework/Extend/Library/ORG/Util/Cookie.class.php 第 32 行.
NOTIC: [8] Undefined variable: public_arr /home/wwwroot/www.jobme.cn/App/Lib/Action/LoginAction.class.php 第 41 行.
SQL: SHOW COLUMNS FROM `eking_user` [ RunTime:0.000793s ]
NOTIC: [8] Undefined index:  THINK_uid /home/wwwroot/www.jobme.cn/Framework/Extend/Library/ORG/Util/Cookie.class.php 第 32 行.
INFO: [ view_template ] --START--
INFO: Run LocationTemplate Behavior [ RunTime:0.000185s ]
INFO: [ view_template ] --END-- [ RunTime:0.000256s ]
INFO: [ view_parse ] --START--
INFO: Run ParseTemplate Behavior [ RunTime:0.006449s ]
INFO: [ view_parse ] --END-- [ RunTime:0.006506s ]
INFO: [ view_filter ] --START--
INFO: Run ContentReplace Behavior [ RunTime:0.000242s ]
INFO: Run TokenBuild Behavior [ RunTime:0.000220s ]
INFO: Run WriteHtmlCache Behavior [ RunTime:0.000124s ]
INFO: Run ShowRuntime Behavior [ RunTime:0.000274s ]
INFO: [ view_filter ] --END-- [ RunTime:0.001010s ]
INFO: [ view_end ] --START--
INFO: Run ShowPageTrace Behavior [ RunTime:0.000388s ]
INFO: [ view_end ] --END-- [ RunTime:0.000443s ]

[ 2013-10-19T05:49:05+08:00 ] ERR: (ThinkException) 无法加载模块:robots
[ 2013-10-19T05:49:34+08:00 ] 157.56.93.187 /
INFO: [ app_begin ] --START--
INFO: Run ReadHtmlCache Behavior [ RunTime:0.000333s ]
INFO: [ app_begin ] --END-- [ RunTime:0.000396s ]
NOTIC: [8] Undefined index:  ajax /home/wwwroot/www.jobme.cn/App/Lib/Action/GlAction.class.php 第 18 行.
NOTIC: [8] Undefined index:  id /home/wwwroot/www.jobme.cn/App/Lib/Action/GlAction.class.php 第 19 行.
SQL: SHOW COLUMNS FROM `eking_index` [ RunTime:0.000257s ]
ERR: Table 'erpking.eking_index' doesn't exist
 [ SQL语句 ] : SHOW COLUMNS FROM `eking_index`
NOTIC: [8] Undefined index:  json /home/wwwroot/www.jobme.cn/includes/array.php 第 218 行.
NOTIC: [8] Undefined index:  THINK_username /home/wwwroot/www.jobme.cn/Framework/Extend/Library/ORG/Util/Cookie.class.php 第 32 行.
NOTIC: [8] Undefined index:  THINK_uid /home/wwwroot/www.jobme.cn/Framework/Extend/Library/ORG/Util/Cookie.class.php 第 32 行.
NOTIC: [8] Undefined index:  THINK_pid /home/wwwroot/www.jobme.cn/Framework/Extend/Library/ORG/Util/Cookie.class.php 第 32 行.
NOTIC: [8] Undefined index:  THINK_level /home/wwwroot/www.jobme.cn/Framework/Extend/Library/ORG/Util/Cookie.class.php 第 32 行.
NOTIC: [8] Undefined index:  THINK_post /home/wwwroot/www.jobme.cn/Framework/Extend/Library/ORG/Util/Cookie.class.php 第 32 行.
NOTIC: [8] Undefined index:  THINK_type /home/wwwroot/www.jobme.cn/Framework/Extend/Library/ORG/Util/Cookie.class.php 第 32 行.
NOTIC: [8] Undefined index:  THINK_department /home/wwwroot/www.jobme.cn/Framework/Extend/Library/ORG/Util/Cookie.class.php 第 32 行.
NOTIC: [8] Undefined index:  THINK_role_id /home/wwwroot/www.jobme.cn/Framework/Extend/Library/ORG/Util/Cookie.class.php 第 32 行.
NOTIC: [8] Undefined index:  THINK_realname /home/wwwroot/www.jobme.cn/Framework/Extend/Library/ORG/Util/Cookie.class.php 第 32 行.
NOTIC: [8] Undefined index:  THINK_permission_tile /home/wwwroot/www.jobme.cn/Framework/Extend/Library/ORG/Util/Cookie.class.php 第 32 行.
NOTIC: [8] Undefined index:  THINK_permission /home/wwwroot/www.jobme.cn/Framework/Extend/Library/ORG/Util/Cookie.class.php 第 32 行.
SQL: SHOW COLUMNS FROM `eking_persona` [ RunTime:0.000405s ]
SQL: SELECT * FROM `eking_persona` WHERE ( comid= ) ORDER BY id asc  [ RunTime:0.000065s ]
ERR: You have an error in your SQL syntax; check the manual that corresponds to your MySQL server version for the right syntax to use near ') ORDER BY id asc' at line 1
 [ SQL语句 ] : SELECT * FROM `eking_persona` WHERE ( comid= ) ORDER BY id asc 
NOTIC: [2] Invalid argument supplied for foreach() /home/wwwroot/www.jobme.cn/App/Lib/Action/GlAction.class.php 第 62 行.
NOTIC: [8] Undefined variable: nt /home/wwwroot/www.jobme.cn/App/Lib/Action/GlAction.class.php 第 66 行.
NOTIC: [8] Undefined variable: nt /home/wwwroot/www.jobme.cn/App/Lib/Action/GlAction.class.php 第 67 行.
SQL: SHOW COLUMNS FROM `eking_usermsg` [ RunTime:0.000381s ]
SQL: SELECT COUNT(*) AS tp_count FROM `eking_usermsg` WHERE ( toid= and status=0 ) LIMIT 1   [ RunTime:0.000068s ]
ERR: You have an error in your SQL syntax; check the manual that corresponds to your MySQL server version for the right syntax to use near 'and status=0 ) LIMIT 1' at line 1
 [ SQL语句 ] : SELECT COUNT(*) AS tp_count FROM `eking_usermsg` WHERE ( toid= and status=0 ) LIMIT 1  
SQL: SHOW COLUMNS FROM `eking_sinform` [ RunTime:0.000329s ]
SQL: SELECT COUNT(*) AS tp_count FROM `eking_sinform` WHERE ( to_uid= and `read`=0 ) LIMIT 1   [ RunTime:0.000068s ]
ERR: You have an error in your SQL syntax; check the manual that corresponds to your MySQL server version for the right syntax to use near 'and `read`=0 ) LIMIT 1' at line 1
 [ SQL语句 ] : SELECT COUNT(*) AS tp_count FROM `eking_sinform` WHERE ( to_uid= and `read`=0 ) LIMIT 1  
NOTIC: [8] Undefined index:  THINK_uid /home/wwwroot/www.jobme.cn/Framework/Extend/Library/ORG/Util/Cookie.class.php 第 32 行.

[ 2013-10-19T06:43:58+08:00 ] 157.56.93.187 /
INFO: [ app_begin ] --START--
INFO: Run ReadHtmlCache Behavior [ RunTime:0.000333s ]
INFO: [ app_begin ] --END-- [ RunTime:0.000396s ]
NOTIC: [8] Undefined index:  ajax /home/wwwroot/www.jobme.cn/App/Lib/Action/GlAction.class.php 第 18 行.
NOTIC: [8] Undefined index:  id /home/wwwroot/www.jobme.cn/App/Lib/Action/GlAction.class.php 第 19 行.
SQL: SHOW COLUMNS FROM `eking_index` [ RunTime:0.000271s ]
ERR: Table 'erpking.eking_index' doesn't exist
 [ SQL语句 ] : SHOW COLUMNS FROM `eking_index`
NOTIC: [8] Undefined index:  json /home/wwwroot/www.jobme.cn/includes/array.php 第 218 行.
NOTIC: [8] Undefined index:  THINK_username /home/wwwroot/www.jobme.cn/Framework/Extend/Library/ORG/Util/Cookie.class.php 第 32 行.
NOTIC: [8] Undefined index:  THINK_uid /home/wwwroot/www.jobme.cn/Framework/Extend/Library/ORG/Util/Cookie.class.php 第 32 行.
NOTIC: [8] Undefined index:  THINK_pid /home/wwwroot/www.jobme.cn/Framework/Extend/Library/ORG/Util/Cookie.class.php 第 32 行.
NOTIC: [8] Undefined index:  THINK_level /home/wwwroot/www.jobme.cn/Framework/Extend/Library/ORG/Util/Cookie.class.php 第 32 行.
NOTIC: [8] Undefined index:  THINK_post /home/wwwroot/www.jobme.cn/Framework/Extend/Library/ORG/Util/Cookie.class.php 第 32 行.
NOTIC: [8] Undefined index:  THINK_type /home/wwwroot/www.jobme.cn/Framework/Extend/Library/ORG/Util/Cookie.class.php 第 32 行.
NOTIC: [8] Undefined index:  THINK_department /home/wwwroot/www.jobme.cn/Framework/Extend/Library/ORG/Util/Cookie.class.php 第 32 行.
NOTIC: [8] Undefined index:  THINK_role_id /home/wwwroot/www.jobme.cn/Framework/Extend/Library/ORG/Util/Cookie.class.php 第 32 行.
NOTIC: [8] Undefined index:  THINK_realname /home/wwwroot/www.jobme.cn/Framework/Extend/Library/ORG/Util/Cookie.class.php 第 32 行.
NOTIC: [8] Undefined index:  THINK_permission_tile /home/wwwroot/www.jobme.cn/Framework/Extend/Library/ORG/Util/Cookie.class.php 第 32 行.
NOTIC: [8] Undefined index:  THINK_permission /home/wwwroot/www.jobme.cn/Framework/Extend/Library/ORG/Util/Cookie.class.php 第 32 行.
SQL: SHOW COLUMNS FROM `eking_persona` [ RunTime:0.000389s ]
SQL: SELECT * FROM `eking_persona` WHERE ( comid= ) ORDER BY id asc  [ RunTime:0.000064s ]
ERR: You have an error in your SQL syntax; check the manual that corresponds to your MySQL server version for the right syntax to use near ') ORDER BY id asc' at line 1
 [ SQL语句 ] : SELECT * FROM `eking_persona` WHERE ( comid= ) ORDER BY id asc 
NOTIC: [2] Invalid argument supplied for foreach() /home/wwwroot/www.jobme.cn/App/Lib/Action/GlAction.class.php 第 62 行.
NOTIC: [8] Undefined variable: nt /home/wwwroot/www.jobme.cn/App/Lib/Action/GlAction.class.php 第 66 行.
NOTIC: [8] Undefined variable: nt /home/wwwroot/www.jobme.cn/App/Lib/Action/GlAction.class.php 第 67 行.
SQL: SHOW COLUMNS FROM `eking_usermsg` [ RunTime:0.000402s ]
SQL: SELECT COUNT(*) AS tp_count FROM `eking_usermsg` WHERE ( toid= and status=0 ) LIMIT 1   [ RunTime:0.000068s ]
ERR: You have an error in your SQL syntax; check the manual that corresponds to your MySQL server version for the right syntax to use near 'and status=0 ) LIMIT 1' at line 1
 [ SQL语句 ] : SELECT COUNT(*) AS tp_count FROM `eking_usermsg` WHERE ( toid= and status=0 ) LIMIT 1  
SQL: SHOW COLUMNS FROM `eking_sinform` [ RunTime:0.000330s ]
SQL: SELECT COUNT(*) AS tp_count FROM `eking_sinform` WHERE ( to_uid= and `read`=0 ) LIMIT 1   [ RunTime:0.000066s ]
ERR: You have an error in your SQL syntax; check the manual that corresponds to your MySQL server version for the right syntax to use near 'and `read`=0 ) LIMIT 1' at line 1
 [ SQL语句 ] : SELECT COUNT(*) AS tp_count FROM `eking_sinform` WHERE ( to_uid= and `read`=0 ) LIMIT 1  
NOTIC: [8] Undefined index:  THINK_uid /home/wwwroot/www.jobme.cn/Framework/Extend/Library/ORG/Util/Cookie.class.php 第 32 行.

[ 2013-10-19T07:35:01+08:00 ] 183.60.243.240 /
INFO: [ app_begin ] --START--
INFO: Run ReadHtmlCache Behavior [ RunTime:0.000332s ]
INFO: [ app_begin ] --END-- [ RunTime:0.000412s ]
NOTIC: [8] Undefined index:  ajax /home/wwwroot/www.jobme.cn/App/Lib/Action/GlAction.class.php 第 18 行.
NOTIC: [8] Undefined index:  id /home/wwwroot/www.jobme.cn/App/Lib/Action/GlAction.class.php 第 19 行.
SQL: SHOW COLUMNS FROM `eking_index` [ RunTime:0.000260s ]
ERR: Table 'erpking.eking_index' doesn't exist
 [ SQL语句 ] : SHOW COLUMNS FROM `eking_index`
NOTIC: [8] Undefined index:  json /home/wwwroot/www.jobme.cn/includes/array.php 第 218 行.
NOTIC: [8] Undefined index:  THINK_username /home/wwwroot/www.jobme.cn/Framework/Extend/Library/ORG/Util/Cookie.class.php 第 32 行.
NOTIC: [8] Undefined index:  THINK_uid /home/wwwroot/www.jobme.cn/Framework/Extend/Library/ORG/Util/Cookie.class.php 第 32 行.
NOTIC: [8] Undefined index:  THINK_pid /home/wwwroot/www.jobme.cn/Framework/Extend/Library/ORG/Util/Cookie.class.php 第 32 行.
NOTIC: [8] Undefined index:  THINK_level /home/wwwroot/www.jobme.cn/Framework/Extend/Library/ORG/Util/Cookie.class.php 第 32 行.
NOTIC: [8] Undefined index:  THINK_post /home/wwwroot/www.jobme.cn/Framework/Extend/Library/ORG/Util/Cookie.class.php 第 32 行.
NOTIC: [8] Undefined index:  THINK_type /home/wwwroot/www.jobme.cn/Framework/Extend/Library/ORG/Util/Cookie.class.php 第 32 行.
NOTIC: [8] Undefined index:  THINK_department /home/wwwroot/www.jobme.cn/Framework/Extend/Library/ORG/Util/Cookie.class.php 第 32 行.
NOTIC: [8] Undefined index:  THINK_role_id /home/wwwroot/www.jobme.cn/Framework/Extend/Library/ORG/Util/Cookie.class.php 第 32 行.
NOTIC: [8] Undefined index:  THINK_realname /home/wwwroot/www.jobme.cn/Framework/Extend/Library/ORG/Util/Cookie.class.php 第 32 行.
NOTIC: [8] Undefined index:  THINK_permission_tile /home/wwwroot/www.jobme.cn/Framework/Extend/Library/ORG/Util/Cookie.class.php 第 32 行.
NOTIC: [8] Undefined index:  THINK_permission /home/wwwroot/www.jobme.cn/Framework/Extend/Library/ORG/Util/Cookie.class.php 第 32 行.
SQL: SHOW COLUMNS FROM `eking_persona` [ RunTime:0.000387s ]
SQL: SELECT * FROM `eking_persona` WHERE ( comid= ) ORDER BY id asc  [ RunTime:0.000081s ]
ERR: You have an error in your SQL syntax; check the manual that corresponds to your MySQL server version for the right syntax to use near ') ORDER BY id asc' at line 1
 [ SQL语句 ] : SELECT * FROM `eking_persona` WHERE ( comid= ) ORDER BY id asc 
NOTIC: [2] Invalid argument supplied for foreach() /home/wwwroot/www.jobme.cn/App/Lib/Action/GlAction.class.php 第 62 行.
NOTIC: [8] Undefined variable: nt /home/wwwroot/www.jobme.cn/App/Lib/Action/GlAction.class.php 第 66 行.
NOTIC: [8] Undefined variable: nt /home/wwwroot/www.jobme.cn/App/Lib/Action/GlAction.class.php 第 67 行.
SQL: SHOW COLUMNS FROM `eking_usermsg` [ RunTime:0.000380s ]
SQL: SELECT COUNT(*) AS tp_count FROM `eking_usermsg` WHERE ( toid= and status=0 ) LIMIT 1   [ RunTime:0.000068s ]
ERR: You have an error in your SQL syntax; check the manual that corresponds to your MySQL server version for the right syntax to use near 'and status=0 ) LIMIT 1' at line 1
 [ SQL语句 ] : SELECT COUNT(*) AS tp_count FROM `eking_usermsg` WHERE ( toid= and status=0 ) LIMIT 1  
SQL: SHOW COLUMNS FROM `eking_sinform` [ RunTime:0.000350s ]
SQL: SELECT COUNT(*) AS tp_count FROM `eking_sinform` WHERE ( to_uid= and `read`=0 ) LIMIT 1   [ RunTime:0.000065s ]
ERR: You have an error in your SQL syntax; check the manual that corresponds to your MySQL server version for the right syntax to use near 'and `read`=0 ) LIMIT 1' at line 1
 [ SQL语句 ] : SELECT COUNT(*) AS tp_count FROM `eking_sinform` WHERE ( to_uid= and `read`=0 ) LIMIT 1  
NOTIC: [8] Undefined index:  THINK_uid /home/wwwroot/www.jobme.cn/Framework/Extend/Library/ORG/Util/Cookie.class.php 第 32 行.

[ 2013-10-19T07:35:01+08:00 ] 183.60.243.240 /Login
INFO: [ route_check ] --START--
INFO: Run CheckRoute Behavior [ RunTime:0.000559s ]
INFO: [ route_check ] --END-- [ RunTime:0.000629s ]
INFO: [ app_begin ] --START--
INFO: Run ReadHtmlCache Behavior [ RunTime:0.000330s ]
INFO: [ app_begin ] --END-- [ RunTime:0.000383s ]
NOTIC: [8] Undefined index:  THINK_username /home/wwwroot/www.jobme.cn/Framework/Extend/Library/ORG/Util/Cookie.class.php 第 32 行.
NOTIC: [8] Undefined index:  THINK_uid /home/wwwroot/www.jobme.cn/Framework/Extend/Library/ORG/Util/Cookie.class.php 第 32 行.
NOTIC: [8] Undefined index:  THINK_pid /home/wwwroot/www.jobme.cn/Framework/Extend/Library/ORG/Util/Cookie.class.php 第 32 行.
NOTIC: [8] Undefined index:  THINK_level /home/wwwroot/www.jobme.cn/Framework/Extend/Library/ORG/Util/Cookie.class.php 第 32 行.
NOTIC: [8] Undefined index:  THINK_type /home/wwwroot/www.jobme.cn/Framework/Extend/Library/ORG/Util/Cookie.class.php 第 32 行.
NOTIC: [8] Undefined index:  THINK_department /home/wwwroot/www.jobme.cn/Framework/Extend/Library/ORG/Util/Cookie.class.php 第 32 行.
NOTIC: [8] Undefined index:  THINK_role_id /home/wwwroot/www.jobme.cn/Framework/Extend/Library/ORG/Util/Cookie.class.php 第 32 行.
NOTIC: [8] Undefined index:  THINK_permission_tile /home/wwwroot/www.jobme.cn/Framework/Extend/Library/ORG/Util/Cookie.class.php 第 32 行.
NOTIC: [8] Undefined index:  THINK_permission /home/wwwroot/www.jobme.cn/Framework/Extend/Library/ORG/Util/Cookie.class.php 第 32 行.
NOTIC: [8] Undefined variable: public_arr /home/wwwroot/www.jobme.cn/App/Lib/Action/LoginAction.class.php 第 41 行.
SQL: SHOW COLUMNS FROM `eking_user` [ RunTime:0.002406s ]
NOTIC: [8] Undefined index:  THINK_uid /home/wwwroot/www.jobme.cn/Framework/Extend/Library/ORG/Util/Cookie.class.php 第 32 行.
INFO: [ view_template ] --START--
INFO: Run LocationTemplate Behavior [ RunTime:0.000584s ]
INFO: [ view_template ] --END-- [ RunTime:0.000845s ]
INFO: [ view_parse ] --START--
INFO: Run ParseTemplate Behavior [ RunTime:0.009746s ]
INFO: [ view_parse ] --END-- [ RunTime:0.009810s ]
INFO: [ view_filter ] --START--
INFO: Run ContentReplace Behavior [ RunTime:0.000227s ]
INFO: Run TokenBuild Behavior [ RunTime:0.000218s ]
INFO: Run WriteHtmlCache Behavior [ RunTime:0.000119s ]
INFO: Run ShowRuntime Behavior [ RunTime:0.002988s ]
INFO: [ view_filter ] --END-- [ RunTime:0.003727s ]
INFO: [ view_end ] --START--
INFO: Run ShowPageTrace Behavior [ RunTime:0.000410s ]
INFO: [ view_end ] --END-- [ RunTime:0.000611s ]

[ 2013-10-19T13:54:36+08:00 ] 223.198.110.130 /
INFO: [ app_begin ] --START--
INFO: Run ReadHtmlCache Behavior [ RunTime:0.000349s ]
INFO: [ app_begin ] --END-- [ RunTime:0.000413s ]
NOTIC: [8] Undefined index:  ajax /home/wwwroot/www.jobme.cn/App/Lib/Action/GlAction.class.php 第 18 行.
NOTIC: [8] Undefined index:  id /home/wwwroot/www.jobme.cn/App/Lib/Action/GlAction.class.php 第 19 行.
SQL: SHOW COLUMNS FROM `eking_index` [ RunTime:0.000263s ]
ERR: Table 'erpking.eking_index' doesn't exist
 [ SQL语句 ] : SHOW COLUMNS FROM `eking_index`
NOTIC: [8] Undefined index:  json /home/wwwroot/www.jobme.cn/includes/array.php 第 218 行.
NOTIC: [8] Undefined index:  THINK_username /home/wwwroot/www.jobme.cn/Framework/Extend/Library/ORG/Util/Cookie.class.php 第 32 行.
NOTIC: [8] Undefined index:  THINK_uid /home/wwwroot/www.jobme.cn/Framework/Extend/Library/ORG/Util/Cookie.class.php 第 32 行.
NOTIC: [8] Undefined index:  THINK_pid /home/wwwroot/www.jobme.cn/Framework/Extend/Library/ORG/Util/Cookie.class.php 第 32 行.
NOTIC: [8] Undefined index:  THINK_level /home/wwwroot/www.jobme.cn/Framework/Extend/Library/ORG/Util/Cookie.class.php 第 32 行.
NOTIC: [8] Undefined index:  THINK_post /home/wwwroot/www.jobme.cn/Framework/Extend/Library/ORG/Util/Cookie.class.php 第 32 行.
NOTIC: [8] Undefined index:  THINK_type /home/wwwroot/www.jobme.cn/Framework/Extend/Library/ORG/Util/Cookie.class.php 第 32 行.
NOTIC: [8] Undefined index:  THINK_department /home/wwwroot/www.jobme.cn/Framework/Extend/Library/ORG/Util/Cookie.class.php 第 32 行.
NOTIC: [8] Undefined index:  THINK_role_id /home/wwwroot/www.jobme.cn/Framework/Extend/Library/ORG/Util/Cookie.class.php 第 32 行.
NOTIC: [8] Undefined index:  THINK_realname /home/wwwroot/www.jobme.cn/Framework/Extend/Library/ORG/Util/Cookie.class.php 第 32 行.
NOTIC: [8] Undefined index:  THINK_permission_tile /home/wwwroot/www.jobme.cn/Framework/Extend/Library/ORG/Util/Cookie.class.php 第 32 行.
NOTIC: [8] Undefined index:  THINK_permission /home/wwwroot/www.jobme.cn/Framework/Extend/Library/ORG/Util/Cookie.class.php 第 32 行.
SQL: SHOW COLUMNS FROM `eking_persona` [ RunTime:0.000412s ]
SQL: SELECT * FROM `eking_persona` WHERE ( comid= ) ORDER BY id asc  [ RunTime:0.000064s ]
ERR: You have an error in your SQL syntax; check the manual that corresponds to your MySQL server version for the right syntax to use near ') ORDER BY id asc' at line 1
 [ SQL语句 ] : SELECT * FROM `eking_persona` WHERE ( comid= ) ORDER BY id asc 
NOTIC: [2] Invalid argument supplied for foreach() /home/wwwroot/www.jobme.cn/App/Lib/Action/GlAction.class.php 第 62 行.
NOTIC: [8] Undefined variable: nt /home/wwwroot/www.jobme.cn/App/Lib/Action/GlAction.class.php 第 66 行.
NOTIC: [8] Undefined variable: nt /home/wwwroot/www.jobme.cn/App/Lib/Action/GlAction.class.php 第 67 行.
SQL: SHOW COLUMNS FROM `eking_usermsg` [ RunTime:0.000379s ]
SQL: SELECT COUNT(*) AS tp_count FROM `eking_usermsg` WHERE ( toid= and status=0 ) LIMIT 1   [ RunTime:0.000068s ]
ERR: You have an error in your SQL syntax; check the manual that corresponds to your MySQL server version for the right syntax to use near 'and status=0 ) LIMIT 1' at line 1
 [ SQL语句 ] : SELECT COUNT(*) AS tp_count FROM `eking_usermsg` WHERE ( toid= and status=0 ) LIMIT 1  
SQL: SHOW COLUMNS FROM `eking_sinform` [ RunTime:0.000329s ]
SQL: SELECT COUNT(*) AS tp_count FROM `eking_sinform` WHERE ( to_uid= and `read`=0 ) LIMIT 1   [ RunTime:0.000065s ]
ERR: You have an error in your SQL syntax; check the manual that corresponds to your MySQL server version for the right syntax to use near 'and `read`=0 ) LIMIT 1' at line 1
 [ SQL语句 ] : SELECT COUNT(*) AS tp_count FROM `eking_sinform` WHERE ( to_uid= and `read`=0 ) LIMIT 1  
NOTIC: [8] Undefined index:  THINK_uid /home/wwwroot/www.jobme.cn/Framework/Extend/Library/ORG/Util/Cookie.class.php 第 32 行.

[ 2013-10-19T13:54:36+08:00 ] 223.198.110.130 /Login
INFO: [ route_check ] --START--
INFO: Run CheckRoute Behavior [ RunTime:0.000550s ]
INFO: [ route_check ] --END-- [ RunTime:0.000612s ]
INFO: [ app_begin ] --START--
INFO: Run ReadHtmlCache Behavior [ RunTime:0.000323s ]
INFO: [ app_begin ] --END-- [ RunTime:0.000377s ]
NOTIC: [8] Undefined index:  THINK_username /home/wwwroot/www.jobme.cn/Framework/Extend/Library/ORG/Util/Cookie.class.php 第 32 行.
NOTIC: [8] Undefined index:  THINK_uid /home/wwwroot/www.jobme.cn/Framework/Extend/Library/ORG/Util/Cookie.class.php 第 32 行.
NOTIC: [8] Undefined index:  THINK_pid /home/wwwroot/www.jobme.cn/Framework/Extend/Library/ORG/Util/Cookie.class.php 第 32 行.
NOTIC: [8] Undefined index:  THINK_level /home/wwwroot/www.jobme.cn/Framework/Extend/Library/ORG/Util/Cookie.class.php 第 32 行.
NOTIC: [8] Undefined index:  THINK_type /home/wwwroot/www.jobme.cn/Framework/Extend/Library/ORG/Util/Cookie.class.php 第 32 行.
NOTIC: [8] Undefined index:  THINK_department /home/wwwroot/www.jobme.cn/Framework/Extend/Library/ORG/Util/Cookie.class.php 第 32 行.
NOTIC: [8] Undefined index:  THINK_role_id /home/wwwroot/www.jobme.cn/Framework/Extend/Library/ORG/Util/Cookie.class.php 第 32 行.
NOTIC: [8] Undefined index:  THINK_permission_tile /home/wwwroot/www.jobme.cn/Framework/Extend/Library/ORG/Util/Cookie.class.php 第 32 行.
NOTIC: [8] Undefined index:  THINK_permission /home/wwwroot/www.jobme.cn/Framework/Extend/Library/ORG/Util/Cookie.class.php 第 32 行.
NOTIC: [8] Undefined variable: public_arr /home/wwwroot/www.jobme.cn/App/Lib/Action/LoginAction.class.php 第 41 行.
SQL: SHOW COLUMNS FROM `eking_user` [ RunTime:0.000748s ]
NOTIC: [8] Undefined index:  THINK_uid /home/wwwroot/www.jobme.cn/Framework/Extend/Library/ORG/Util/Cookie.class.php 第 32 行.
INFO: [ view_template ] --START--
INFO: Run LocationTemplate Behavior [ RunTime:0.000180s ]
INFO: [ view_template ] --END-- [ RunTime:0.000235s ]
INFO: [ view_parse ] --START--
INFO: Run ParseTemplate Behavior [ RunTime:0.006532s ]
INFO: [ view_parse ] --END-- [ RunTime:0.006588s ]
INFO: [ view_filter ] --START--
INFO: Run ContentReplace Behavior [ RunTime:0.000221s ]
INFO: Run TokenBuild Behavior [ RunTime:0.000215s ]
INFO: Run WriteHtmlCache Behavior [ RunTime:0.000118s ]
INFO: Run ShowRuntime Behavior [ RunTime:0.000289s ]
INFO: [ view_filter ] --END-- [ RunTime:0.000991s ]
INFO: [ view_end ] --START--
INFO: Run ShowPageTrace Behavior [ RunTime:0.000367s ]
INFO: [ view_end ] --END-- [ RunTime:0.000418s ]

[ 2013-10-19T17:23:50+08:00 ] ERR: (ThinkException) 无法加载模块:member
[ 2013-10-19T17:23:50+08:00 ] ERR: (ThinkException) 无法加载模块:member
[ 2013-10-19T17:23:50+08:00 ] ERR: (ThinkException) 无法加载模块:robots
[ 2013-10-19T17:23:50+08:00 ] ERR: (ThinkException) 无法加载模块:robots
[ 2013-10-19T17:23:51+08:00 ] ERR: (ThinkException) 无法加载模块:base
[ 2013-10-19T17:23:51+08:00 ] ERR: (ThinkException) 无法加载模块:base
[ 2013-10-19T17:23:51+08:00 ] ERR: (ThinkException) 无法加载模块:data
[ 2013-10-19T17:23:51+08:00 ] ERR: (ThinkException) 无法加载模块:data
[ 2013-10-19T17:23:51+08:00 ] ERR: (ThinkException) 无法加载模块:dede
[ 2013-10-19T17:23:51+08:00 ] ERR: (ThinkException) 无法加载模块:dede
[ 2013-10-19T17:23:52+08:00 ] ERR: (ThinkException) 无法加载模块:adminsoft
[ 2013-10-19T17:23:52+08:00 ] ERR: (ThinkException) 无法加载模块:adminsoft
[ 2013-10-19T17:23:52+08:00 ] ERR: (ThinkException) 无法加载模块:adminsoft
[ 2013-10-19T17:23:52+08:00 ] ERR: (ThinkException) 无法加载模块:adminsoft
[ 2013-10-19T17:23:52+08:00 ] ERR: (ThinkException) 无法加载模块:public
[ 2013-10-19T17:23:52+08:00 ] ERR: (ThinkException) 无法加载模块:public
[ 2013-10-19T17:23:53+08:00 ] ERR: (ThinkException) 无法加载模块:public
[ 2013-10-19T17:23:53+08:00 ] ERR: (ThinkException) 无法加载模块:public
[ 2013-10-19T17:23:53+08:00 ] ERR: (ThinkException) 无法加载模块:data
[ 2013-10-19T17:23:53+08:00 ] ERR: (ThinkException) 无法加载模块:data
[ 2013-10-19T17:23:54+08:00 ] ERR: (ThinkException) 无法加载模块:Vote
[ 2013-10-19T17:23:54+08:00 ] ERR: (ThinkException) 无法加载模块:Vote
[ 2013-10-19T17:23:54+08:00 ] ERR: (ThinkException) 无法加载模块:js
[ 2013-10-19T17:23:54+08:00 ] ERR: (ThinkException) 无法加载模块:js
[ 2013-10-19T17:23:54+08:00 ] ERR: (ThinkException) 无法加载模块:member
[ 2013-10-19T17:23:54+08:00 ] ERR: (ThinkException) 无法加载模块:member
[ 2013-10-19T17:23:54+08:00 ] ERR: (ThinkException) 无法加载模块:member
[ 2013-10-19T17:23:55+08:00 ] ERR: (ThinkException) 无法加载模块:member
[ 2013-10-19T17:23:55+08:00 ] ERR: (ThinkException) 无法加载模块:plus
[ 2013-10-19T17:23:55+08:00 ] ERR: (ThinkException) 无法加载模块:plus
[ 2013-10-19T17:23:55+08:00 ] ERR: (ThinkException) 无法加载模块:images
[ 2013-10-19T17:23:55+08:00 ] ERR: (ThinkException) 无法加载模块:images
[ 2013-10-19T17:23:55+08:00 ] ERR: (ThinkException) 无法加载模块:images
[ 2013-10-19T17:23:56+08:00 ] ERR: (ThinkException) 无法加载模块:images
[ 2013-10-19T17:23:56+08:00 ] ERR: (ThinkException) 无法加载模块:admin
[ 2013-10-19T17:23:56+08:00 ] ERR: (ThinkException) 无法加载模块:admin
[ 2013-10-19T17:23:56+08:00 ] ERR: (ThinkException) 无法加载模块:htaccess
[ 2013-10-19T17:23:57+08:00 ] ERR: (ThinkException) 无法加载模块:htaccess
[ 2013-10-19T17:23:57+08:00 ] 223.240.32.125 /.htaccess
INFO: [ route_check ] --START--
INFO: Run CheckRoute Behavior [ RunTime:0.000547s ]
INFO: [ route_check ] --END-- [ RunTime:0.000608s ]
INFO: [ app_begin ] --START--
INFO: Run ReadHtmlCache Behavior [ RunTime:0.002130s ]
INFO: [ app_begin ] --END-- [ RunTime:0.002186s ]
NOTIC: [8] Undefined index:  ajax /home/wwwroot/www.jobme.cn/App/Lib/Action/GlAction.class.php 第 18 行.
NOTIC: [8] Undefined index:  id /home/wwwroot/www.jobme.cn/App/Lib/Action/GlAction.class.php 第 19 行.
SQL: SHOW COLUMNS FROM `eking_index` [ RunTime:0.000260s ]
ERR: Table 'erpking.eking_index' doesn't exist
 [ SQL语句 ] : SHOW COLUMNS FROM `eking_index`
NOTIC: [8] Undefined index:  json /home/wwwroot/www.jobme.cn/includes/array.php 第 218 行.
NOTIC: [8] Undefined index:  THINK_username /home/wwwroot/www.jobme.cn/Framework/Extend/Library/ORG/Util/Cookie.class.php 第 32 行.
NOTIC: [8] Undefined index:  THINK_uid /home/wwwroot/www.jobme.cn/Framework/Extend/Library/ORG/Util/Cookie.class.php 第 32 行.
NOTIC: [8] Undefined index:  THINK_pid /home/wwwroot/www.jobme.cn/Framework/Extend/Library/ORG/Util/Cookie.class.php 第 32 行.
NOTIC: [8] Undefined index:  THINK_level /home/wwwroot/www.jobme.cn/Framework/Extend/Library/ORG/Util/Cookie.class.php 第 32 行.
NOTIC: [8] Undefined index:  THINK_post /home/wwwroot/www.jobme.cn/Framework/Extend/Library/ORG/Util/Cookie.class.php 第 32 行.
NOTIC: [8] Undefined index:  THINK_type /home/wwwroot/www.jobme.cn/Framework/Extend/Library/ORG/Util/Cookie.class.php 第 32 行.
NOTIC: [8] Undefined index:  THINK_department /home/wwwroot/www.jobme.cn/Framework/Extend/Library/ORG/Util/Cookie.class.php 第 32 行.
NOTIC: [8] Undefined index:  THINK_role_id /home/wwwroot/www.jobme.cn/Framework/Extend/Library/ORG/Util/Cookie.class.php 第 32 行.
NOTIC: [8] Undefined index:  THINK_realname /home/wwwroot/www.jobme.cn/Framework/Extend/Library/ORG/Util/Cookie.class.php 第 32 行.
NOTIC: [8] Undefined index:  THINK_permission_tile /home/wwwroot/www.jobme.cn/Framework/Extend/Library/ORG/Util/Cookie.class.php 第 32 行.
NOTIC: [8] Undefined index:  THINK_permission /home/wwwroot/www.jobme.cn/Framework/Extend/Library/ORG/Util/Cookie.class.php 第 32 行.
SQL: SHOW COLUMNS FROM `eking_persona` [ RunTime:0.000390s ]
SQL: SELECT * FROM `eking_persona` WHERE ( comid= ) ORDER BY id asc  [ RunTime:0.000081s ]
ERR: You have an error in your SQL syntax; check the manual that corresponds to your MySQL server version for the right syntax to use near ') ORDER BY id asc' at line 1
 [ SQL语句 ] : SELECT * FROM `eking_persona` WHERE ( comid= ) ORDER BY id asc 
NOTIC: [2] Invalid argument supplied for foreach() /home/wwwroot/www.jobme.cn/App/Lib/Action/GlAction.class.php 第 62 行.
NOTIC: [8] Undefined variable: nt /home/wwwroot/www.jobme.cn/App/Lib/Action/GlAction.class.php 第 66 行.
NOTIC: [8] Undefined variable: nt /home/wwwroot/www.jobme.cn/App/Lib/Action/GlAction.class.php 第 67 行.
SQL: SHOW COLUMNS FROM `eking_usermsg` [ RunTime:0.000403s ]
SQL: SELECT COUNT(*) AS tp_count FROM `eking_usermsg` WHERE ( toid= and status=0 ) LIMIT 1   [ RunTime:0.000068s ]
ERR: You have an error in your SQL syntax; check the manual that corresponds to your MySQL server version for the right syntax to use near 'and status=0 ) LIMIT 1' at line 1
 [ SQL语句 ] : SELECT COUNT(*) AS tp_count FROM `eking_usermsg` WHERE ( toid= and status=0 ) LIMIT 1  
SQL: SHOW COLUMNS FROM `eking_sinform` [ RunTime:0.000349s ]
SQL: SELECT COUNT(*) AS tp_count FROM `eking_sinform` WHERE ( to_uid= and `read`=0 ) LIMIT 1   [ RunTime:0.000066s ]
ERR: You have an error in your SQL syntax; check the manual that corresponds to your MySQL server version for the right syntax to use near 'and `read`=0 ) LIMIT 1' at line 1
 [ SQL语句 ] : SELECT COUNT(*) AS tp_count FROM `eking_sinform` WHERE ( to_uid= and `read`=0 ) LIMIT 1  
NOTIC: [8] Undefined index:  THINK_uid /home/wwwroot/www.jobme.cn/Framework/Extend/Library/ORG/Util/Cookie.class.php 第 32 行.

[ 2013-10-19T17:23:57+08:00 ] 223.240.32.125 /Login
INFO: [ route_check ] --START--
INFO: Run CheckRoute Behavior [ RunTime:0.000552s ]
INFO: [ route_check ] --END-- [ RunTime:0.000613s ]
INFO: [ app_begin ] --START--
INFO: Run ReadHtmlCache Behavior [ RunTime:0.000325s ]
INFO: [ app_begin ] --END-- [ RunTime:0.000394s ]
NOTIC: [8] Undefined index:  THINK_username /home/wwwroot/www.jobme.cn/Framework/Extend/Library/ORG/Util/Cookie.class.php 第 32 行.
NOTIC: [8] Undefined index:  THINK_uid /home/wwwroot/www.jobme.cn/Framework/Extend/Library/ORG/Util/Cookie.class.php 第 32 行.
NOTIC: [8] Undefined index:  THINK_pid /home/wwwroot/www.jobme.cn/Framework/Extend/Library/ORG/Util/Cookie.class.php 第 32 行.
NOTIC: [8] Undefined index:  THINK_level /home/wwwroot/www.jobme.cn/Framework/Extend/Library/ORG/Util/Cookie.class.php 第 32 行.
NOTIC: [8] Undefined index:  THINK_type /home/wwwroot/www.jobme.cn/Framework/Extend/Library/ORG/Util/Cookie.class.php 第 32 行.
NOTIC: [8] Undefined index:  THINK_department /home/wwwroot/www.jobme.cn/Framework/Extend/Library/ORG/Util/Cookie.class.php 第 32 行.
NOTIC: [8] Undefined index:  THINK_role_id /home/wwwroot/www.jobme.cn/Framework/Extend/Library/ORG/Util/Cookie.class.php 第 32 行.
NOTIC: [8] Undefined index:  THINK_permission_tile /home/wwwroot/www.jobme.cn/Framework/Extend/Library/ORG/Util/Cookie.class.php 第 32 行.
NOTIC: [8] Undefined index:  THINK_permission /home/wwwroot/www.jobme.cn/Framework/Extend/Library/ORG/Util/Cookie.class.php 第 32 行.
NOTIC: [8] Undefined variable: public_arr /home/wwwroot/www.jobme.cn/App/Lib/Action/LoginAction.class.php 第 41 行.
SQL: SHOW COLUMNS FROM `eking_user` [ RunTime:0.000762s ]
NOTIC: [8] Undefined index:  THINK_uid /home/wwwroot/www.jobme.cn/Framework/Extend/Library/ORG/Util/Cookie.class.php 第 32 行.
INFO: [ view_template ] --START--
INFO: Run LocationTemplate Behavior [ RunTime:0.000185s ]
INFO: [ view_template ] --END-- [ RunTime:0.000245s ]
INFO: [ view_parse ] --START--
INFO: Run ParseTemplate Behavior [ RunTime:0.006762s ]
INFO: [ view_parse ] --END-- [ RunTime:0.006821s ]
INFO: [ view_filter ] --START--
INFO: Run ContentReplace Behavior [ RunTime:0.000242s ]
INFO: Run TokenBuild Behavior [ RunTime:0.000222s ]
INFO: Run WriteHtmlCache Behavior [ RunTime:0.000123s ]
INFO: Run ShowRuntime Behavior [ RunTime:0.000277s ]
INFO: [ view_filter ] --END-- [ RunTime:0.001015s ]
INFO: [ view_end ] --START--
INFO: Run ShowPageTrace Behavior [ RunTime:0.000390s ]
INFO: [ view_end ] --END-- [ RunTime:0.000446s ]

[ 2013-10-19T17:23:57+08:00 ] ERR: (ThinkException) 无法加载模块:Admin
[ 2013-10-19T17:23:57+08:00 ] ERR: (ThinkException) 无法加载模块:Admin
[ 2013-10-19T17:23:57+08:00 ] ERR: (ThinkException) 无法加载模块:wp-content
[ 2013-10-19T17:23:57+08:00 ] ERR: (ThinkException) 无法加载模块:wp-content
[ 2013-10-19T17:23:58+08:00 ] ERR: (ThinkException) 无法加载模块:wp-admin
[ 2013-10-19T17:23:58+08:00 ] ERR: (ThinkException) 无法加载模块:wp-admin
[ 2013-10-19T17:23:58+08:00 ] ERR: (ThinkException) 无法加载模块:admin
[ 2013-10-19T17:23:58+08:00 ] ERR: (ThinkException) 无法加载模块:admin
[ 2013-10-19T17:23:58+08:00 ] ERR: (ThinkException) 无法加载模块:Admin
[ 2013-10-19T17:23:59+08:00 ] ERR: (ThinkException) 无法加载模块:Admin
[ 2013-10-19T17:23:59+08:00 ] ERR: (ThinkException) 无法加载模块:Script
[ 2013-10-19T17:23:59+08:00 ] ERR: (ThinkException) 无法加载模块:Script
[ 2013-10-19T17:23:59+08:00 ] ERR: (ThinkException) 无法加载模块:Inc
[ 2013-10-19T17:23:59+08:00 ] ERR: (ThinkException) 无法加载模块:Inc
[ 2013-10-19T17:23:59+08:00 ] ERR: (ThinkException) 无法加载模块:style
[ 2013-10-19T17:23:59+08:00 ] ERR: (ThinkException) 无法加载模块:style
[ 2013-10-19T17:23:59+08:00 ] ERR: (ThinkException) 无法加载模块:e
[ 2013-10-19T17:24:00+08:00 ] ERR: (ThinkException) 无法加载模块:e
[ 2013-10-19T17:24:00+08:00 ] ERR: (ThinkException) 无法加载模块:static
[ 2013-10-19T17:24:00+08:00 ] ERR: (ThinkException) 无法加载模块:static
[ 2013-10-19T17:24:00+08:00 ] ERR: (ThinkException) 无法加载模块:admin
[ 2013-10-19T17:24:00+08:00 ] ERR: (ThinkException) 无法加载模块:admin
[ 2013-10-19T17:24:00+08:00 ] ERR: (ThinkException) 无法加载模块:admin
[ 2013-10-19T17:24:00+08:00 ] ERR: (ThinkException) 无法加载模块:admin
[ 2013-10-19T17:24:01+08:00 ] ERR: (ThinkException) 无法加载模块:images
[ 2013-10-19T17:24:01+08:00 ] ERR: (ThinkException) 无法加载模块:images
[ 2013-10-19T17:24:01+08:00 ] ERR: (ThinkException) 无法加载模块:images
[ 2013-10-19T17:24:01+08:00 ] ERR: (ThinkException) 无法加载模块:images
[ 2013-10-19T17:24:01+08:00 ] ERR: (ThinkException) 无法加载模块:logo
[ 2013-10-19T17:24:01+08:00 ] ERR: (ThinkException) 无法加载模块:logo
[ 2013-10-19T17:24:01+08:00 ] ERR: (ThinkException) 无法加载模块:SouthidcEditor
[ 2013-10-19T17:24:01+08:00 ] ERR: (ThinkException) 无法加载模块:SouthidcEditor
[ 2013-10-19T17:24:02+08:00 ] ERR: (ThinkException) 无法加载模块:DatePicker
[ 2013-10-19T17:24:02+08:00 ] ERR: (ThinkException) 无法加载模块:DatePicker
[ 2013-10-19T17:24:02+08:00 ] ERR: (ThinkException) 无法加载模块:images
[ 2013-10-19T17:24:02+08:00 ] ERR: (ThinkException) 无法加载模块:images
[ 2013-10-19T17:24:02+08:00 ] ERR: (ThinkException) 无法加载模块:admin
[ 2013-10-19T17:24:02+08:00 ] ERR: (ThinkException) 无法加载模块:admin
[ 2013-10-19T17:24:02+08:00 ] ERR: (ThinkException) 无法加载模块:admin
[ 2013-10-19T17:24:02+08:00 ] ERR: (ThinkException) 无法加载模块:admin
[ 2013-10-19T17:24:02+08:00 ] ERR: (ThinkException) 无法加载模块:admin
[ 2013-10-19T17:24:03+08:00 ] ERR: (ThinkException) 无法加载模块:admin
[ 2013-10-19T17:24:03+08:00 ] ERR: (ThinkException) 无法加载模块:KS_Inc
[ 2013-10-19T17:24:03+08:00 ] ERR: (ThinkException) 无法加载模块:KS_Inc
[ 2013-10-19T17:24:03+08:00 ] ERR: (ThinkException) 无法加载模块:admin
[ 2013-10-19T17:24:03+08:00 ] ERR: (ThinkException) 无法加载模块:admin
[ 2013-10-19T17:24:03+08:00 ] ERR: (ThinkException) 无法加载模块:adfile
[ 2013-10-19T17:24:03+08:00 ] ERR: (ThinkException) 无法加载模块:adfile
[ 2013-10-19T17:24:03+08:00 ] ERR: (ThinkException) 无法加载模块:images
[ 2013-10-19T17:24:04+08:00 ] ERR: (ThinkException) 无法加载模块:images
[ 2013-10-19T17:24:04+08:00 ] ERR: (ThinkException) 无法加载模块:images
[ 2013-10-19T17:24:04+08:00 ] ERR: (ThinkException) 无法加载模块:images
[ 2013-10-19T17:24:04+08:00 ] ERR: (ThinkException) 无法加载模块:inc
[ 2013-10-19T17:24:04+08:00 ] ERR: (ThinkException) 无法加载模块:inc
[ 2013-10-19T17:24:04+08:00 ] ERR: (ThinkException) 无法加载模块:inc
[ 2013-10-19T17:24:04+08:00 ] ERR: (ThinkException) 无法加载模块:inc
[ 2013-10-19T17:24:04+08:00 ] ERR: (ThinkException) 无法加载模块:images
[ 2013-10-19T17:24:05+08:00 ] ERR: (ThinkException) 无法加载模块:images
[ 2013-10-19T17:24:05+08:00 ] ERR: (ThinkException) 无法加载模块:images
[ 2013-10-19T17:24:05+08:00 ] ERR: (ThinkException) 无法加载模块:images
[ 2013-10-19T17:24:05+08:00 ] ERR: (ThinkException) 无法加载模块:images
[ 2013-10-19T17:24:05+08:00 ] ERR: (ThinkException) 无法加载模块:images
[ 2013-10-19T17:24:06+08:00 ] ERR: (ThinkException) 无法加载模块:admin
[ 2013-10-19T17:24:06+08:00 ] ERR: (ThinkException) 无法加载模块:admin
[ 2013-10-19T17:24:06+08:00 ] ERR: (ThinkException) 无法加载模块:admin
[ 2013-10-19T17:24:06+08:00 ] ERR: (ThinkException) 无法加载模块:admin
[ 2013-10-19T17:24:07+08:00 ] ERR: (ThinkException) 无法加载模块:robots
[ 2013-10-19T17:24:07+08:00 ] ERR: (ThinkException) 无法加载模块:robots
[ 2013-10-19T17:24:07+08:00 ] ERR: (ThinkException) 无法加载模块:siteserver
[ 2013-10-19T17:24:07+08:00 ] ERR: (ThinkException) 无法加载模块:siteserver
[ 2013-10-19T17:24:07+08:00 ] ERR: (ThinkException) 无法加载模块:images
[ 2013-10-19T17:24:08+08:00 ] ERR: (ThinkException) 无法加载模块:images
[ 2013-10-19T17:24:08+08:00 ] ERR: (ThinkException) 无法加载模块:images
[ 2013-10-19T17:24:08+08:00 ] ERR: (ThinkException) 无法加载模块:images
[ 2013-10-19T17:24:08+08:00 ] ERR: (ThinkException) 无法加载模块:images
[ 2013-10-19T17:24:08+08:00 ] ERR: (ThinkException) 无法加载模块:images
[ 2013-10-19T17:24:08+08:00 ] ERR: (ThinkException) 无法加载模块:images
[ 2013-10-19T17:24:08+08:00 ] ERR: (ThinkException) 无法加载模块:images
[ 2013-10-19T17:24:08+08:00 ] ERR: (ThinkException) 无法加载模块:images
[ 2013-10-19T17:24:09+08:00 ] ERR: (ThinkException) 无法加载模块:images
[ 2013-10-19T17:24:09+08:00 ] ERR: (ThinkException) 无法加载模块:inc
[ 2013-10-19T17:24:09+08:00 ] ERR: (ThinkException) 无法加载模块:inc
[ 2013-10-19T17:24:09+08:00 ] ERR: (ThinkException) 无法加载模块:images
[ 2013-10-19T17:24:09+08:00 ] ERR: (ThinkException) 无法加载模块:images
[ 2013-10-19T17:24:09+08:00 ] ERR: (ThinkException) 无法加载模块:images
[ 2013-10-19T17:24:10+08:00 ] ERR: (ThinkException) 无法加载模块:images
[ 2013-10-19T17:24:10+08:00 ] ERR: (ThinkException) 无法加载模块:images
[ 2013-10-19T17:24:10+08:00 ] ERR: (ThinkException) 无法加载模块:images
[ 2013-10-19T17:24:10+08:00 ] ERR: (ThinkException) 无法加载模块:admin
[ 2013-10-19T17:24:10+08:00 ] ERR: (ThinkException) 无法加载模块:admin
[ 2013-10-19T17:24:10+08:00 ] ERR: (ThinkException) 无法加载模块:robots
[ 2013-10-19T17:24:10+08:00 ] ERR: (ThinkException) 无法加载模块:robots
[ 2013-10-19T17:24:10+08:00 ] ERR: (ThinkException) 无法加载模块:robots
[ 2013-10-19T17:24:11+08:00 ] ERR: (ThinkException) 无法加载模块:robots
[ 2013-10-19T17:24:11+08:00 ] ERR: (ThinkException) 无法加载模块:PLUGIN
[ 2013-10-19T17:24:11+08:00 ] ERR: (ThinkException) 无法加载模块:PLUGIN
[ 2013-10-19T17:24:11+08:00 ] ERR: (ThinkException) 无法加载模块:page
[ 2013-10-19T17:24:11+08:00 ] ERR: (ThinkException) 无法加载模块:page
[ 2013-10-19T17:24:11+08:00 ] ERR: (ThinkException) 无法加载模块:SiteServer
[ 2013-10-19T17:24:12+08:00 ] ERR: (ThinkException) 无法加载模块:SiteServer
[ 2013-10-19T17:24:12+08:00 ] ERR: (ThinkException) 无法加载模块:components
[ 2013-10-19T17:24:12+08:00 ] ERR: (ThinkException) 无法加载模块:components
[ 2013-10-19T17:24:12+08:00 ] ERR: (ThinkException) 无法加载模块:data
[ 2013-10-19T17:24:12+08:00 ] ERR: (ThinkException) 无法加载模块:data
[ 2013-10-19T17:24:12+08:00 ] ERR: (ThinkException) 无法加载模块:templets
[ 2013-10-19T17:24:13+08:00 ] ERR: (ThinkException) 无法加载模块:templets
[ 2013-10-19T17:24:13+08:00 ] ERR: (ThinkException) 无法加载模块:data
[ 2013-10-19T17:24:13+08:00 ] ERR: (ThinkException) 无法加载模块:data
[ 2013-10-19T17:24:13+08:00 ] ERR: (ThinkException) 无法加载模块:wp-admin
[ 2013-10-19T17:24:13+08:00 ] ERR: (ThinkException) 无法加载模块:wp-admin
[ 2013-10-19T17:24:13+08:00 ] ERR: (ThinkException) 无法加载模块:license
[ 2013-10-19T17:24:13+08:00 ] ERR: (ThinkException) 无法加载模块:license
[ 2013-10-19T17:24:14+08:00 ] ERR: (ThinkException) 无法加载模块:data
[ 2013-10-19T17:24:14+08:00 ] ERR: (ThinkException) 无法加载模块:data
[ 2013-10-19T17:24:14+08:00 ] ERR: (ThinkException) 无法加载模块:ewebeditor
[ 2013-10-19T17:24:14+08:00 ] ERR: (ThinkException) 无法加载模块:ewebeditor
[ 2013-10-19T17:24:14+08:00 ] ERR: (ThinkException) 无法加载模块:member
[ 2013-10-19T17:24:14+08:00 ] ERR: (ThinkException) 无法加载模块:member
[ 2013-10-19T17:24:14+08:00 ] ERR: (ThinkException) 无法加载模块:a_d
[ 2013-10-19T17:24:15+08:00 ] ERR: (ThinkException) 无法加载模块:a_d
[ 2013-10-19T17:24:15+08:00 ] ERR: (ThinkException) 无法加载模块:dede
[ 2013-10-19T17:24:15+08:00 ] ERR: (ThinkException) 无法加载模块:dede
[ 2013-10-19T17:24:15+08:00 ] ERR: (ThinkException) 无法加载模块:robots
[ 2013-10-19T17:24:15+08:00 ] ERR: (ThinkException) 无法加载模块:robots
[ 2013-10-19T17:24:15+08:00 ] ERR: (ThinkException) 无法加载模块:admin
[ 2013-10-19T17:24:16+08:00 ] ERR: (ThinkException) 无法加载模块:admin
[ 2013-10-19T17:24:16+08:00 ] ERR: (ThinkException) 无法加载模块:admin
[ 2013-10-19T17:24:16+08:00 ] ERR: (ThinkException) 无法加载模块:admin
[ 2013-10-19T17:24:16+08:00 ] ERR: (ThinkException) 无法加载模块:licence
[ 2013-10-19T17:24:16+08:00 ] ERR: (ThinkException) 无法加载模块:licence
[ 2013-10-19T17:24:16+08:00 ] ERR: (ThinkException) 无法加载模块:API
[ 2013-10-19T17:24:17+08:00 ] ERR: (ThinkException) 无法加载模块:API
[ 2013-10-19T17:24:17+08:00 ] ERR: (ThinkException) 无法加载模块:admin
[ 2013-10-19T17:24:17+08:00 ] ERR: (ThinkException) 无法加载模块:admin
[ 2013-10-19T17:24:17+08:00 ] ERR: (ThinkException) 无法加载模块:rss
[ 2013-10-19T17:24:17+08:00 ] ERR: (ThinkException) 无法加载模块:rss
[ 2013-10-19T17:24:17+08:00 ] ERR: (ThinkException) 无法加载模块:License
[ 2013-10-19T17:24:18+08:00 ] ERR: (ThinkException) 无法加载模块:License
[ 2013-10-19T17:24:18+08:00 ] ERR: (ThinkException) 无法加载模块:Admin
[ 2013-10-19T17:24:18+08:00 ] ERR: (ThinkException) 无法加载模块:Admin
[ 2013-10-19T17:24:18+08:00 ] ERR: (ThinkException) 无法加载模块:admin
[ 2013-10-19T17:24:18+08:00 ] ERR: (ThinkException) 无法加载模块:admin
[ 2013-10-19T17:24:18+08:00 ] ERR: (ThinkException) 无法加载模块:Admin
[ 2013-10-19T17:24:19+08:00 ] ERR: (ThinkException) 无法加载模块:Admin
[ 2013-10-19T17:24:19+08:00 ] ERR: (ThinkException) 无法加载模块:templets
[ 2013-10-19T17:24:19+08:00 ] ERR: (ThinkException) 无法加载模块:templets
[ 2013-10-19T17:24:19+08:00 ] ERR: (ThinkException) 无法加载模块:robots
[ 2013-10-19T17:24:19+08:00 ] ERR: (ThinkException) 无法加载模块:robots
[ 2013-10-19T17:24:19+08:00 ] ERR: (ThinkException) 无法加载模块:admin
[ 2013-10-19T17:24:20+08:00 ] ERR: (ThinkException) 无法加载模块:admin
[ 2013-10-19T17:24:20+08:00 ] ERR: (ThinkException) 无法加载模块:e
[ 2013-10-19T17:24:20+08:00 ] ERR: (ThinkException) 无法加载模块:e
[ 2013-10-19T17:24:20+08:00 ] ERR: (ThinkException) 无法加载模块:components
[ 2013-10-19T17:24:20+08:00 ] ERR: (ThinkException) 无法加载模块:components
[ 2013-10-19T17:24:20+08:00 ] ERR: (ThinkException) 无法加载模块:themes
[ 2013-10-19T17:24:21+08:00 ] ERR: (ThinkException) 无法加载模块:themes
[ 2013-10-19T17:24:21+08:00 ] ERR: (ThinkException) 无法加载模块:license
[ 2013-10-19T17:24:21+08:00 ] ERR: (ThinkException) 无法加载模块:license
[ 2013-10-19T17:24:21+08:00 ] ERR: (ThinkException) 无法加载模块:templets
[ 2013-10-19T17:24:21+08:00 ] ERR: (ThinkException) 无法加载模块:templets
[ 2013-10-19T17:24:22+08:00 ] ERR: (ThinkException) 无法加载模块:themes
[ 2013-10-19T17:24:22+08:00 ] ERR: (ThinkException) 无法加载模块:themes
[ 2013-10-19T17:24:22+08:00 ] ERR: (ThinkException) 无法加载模块:ewebeditor
[ 2013-10-19T17:24:22+08:00 ] ERR: (ThinkException) 无法加载模块:ewebeditor
[ 2013-10-19T17:24:22+08:00 ] ERR: (ThinkException) 无法加载模块:robots
[ 2013-10-19T17:24:23+08:00 ] ERR: (ThinkException) 无法加载模块:robots
[ 2013-10-19T17:24:23+08:00 ] ERR: (ThinkException) 无法加载模块:install
[ 2013-10-19T17:24:23+08:00 ] ERR: (ThinkException) 无法加载模块:install
[ 2013-10-19T17:24:23+08:00 ] ERR: (ThinkException) 无法加载模块:licence
[ 2013-10-19T17:24:23+08:00 ] ERR: (ThinkException) 无法加载模块:licence
[ 2013-10-19T17:24:23+08:00 ] ERR: (ThinkException) 无法加载模块:robots
[ 2013-10-19T17:24:24+08:00 ] ERR: (ThinkException) 无法加载模块:robots
[ 2013-10-19T17:24:24+08:00 ] ERR: (ThinkException) 无法加载模块:apply
[ 2013-10-19T17:24:24+08:00 ] ERR: (ThinkException) 无法加载模块:apply
[ 2013-10-19T17:24:24+08:00 ] ERR: (ThinkException) 无法加载模块:robots
[ 2013-10-19T17:24:24+08:00 ] ERR: (ThinkException) 无法加载模块:robots
[ 2013-10-19T17:24:24+08:00 ] ERR: (ThinkException) 无法加载模块:README
[ 2013-10-19T17:24:25+08:00 ] ERR: (ThinkException) 无法加载模块:README
[ 2013-10-19T17:24:25+08:00 ] ERR: (ThinkException) 无法加载模块:license
[ 2013-10-19T17:24:25+08:00 ] ERR: (ThinkException) 无法加载模块:license
[ 2013-10-19T17:24:25+08:00 ] ERR: (ThinkException) 无法加载模块:htaccess
[ 2013-10-19T17:24:25+08:00 ] ERR: (ThinkException) 无法加载模块:htaccess
[ 2013-10-19T17:24:26+08:00 ] ERR: (ThinkException) 无法加载模块:License
[ 2013-10-19T17:24:26+08:00 ] ERR: (ThinkException) 无法加载模块:License
[ 2013-10-19T17:24:26+08:00 ] ERR: (ThinkException) 无法加载模块:License
[ 2013-10-19T17:24:26+08:00 ] ERR: (ThinkException) 无法加载模块:License
[ 2013-10-19T17:24:26+08:00 ] ERR: (ThinkException) 无法加载模块:rss
[ 2013-10-19T17:24:27+08:00 ] ERR: (ThinkException) 无法加载模块:rss
[ 2013-10-19T17:24:27+08:00 ] ERR: (ThinkException) 无法加载模块:KS_Inc
[ 2013-10-19T17:24:27+08:00 ] ERR: (ThinkException) 无法加载模块:KS_Inc
[ 2013-10-19T17:24:27+08:00 ] ERR: (ThinkException) 无法加载模块:xin
[ 2013-10-19T17:24:27+08:00 ] ERR: (ThinkException) 无法加载模块:xin
[ 2013-10-19T17:24:28+08:00 ] ERR: (ThinkException) 无法加载模块:xin
[ 2013-10-19T17:24:28+08:00 ] ERR: (ThinkException) 无法加载模块:xin
[ 2013-10-19T17:24:28+08:00 ] ERR: (ThinkException) 无法加载模块:images
[ 2013-10-19T17:24:28+08:00 ] ERR: (ThinkException) 无法加载模块:images
[ 2013-10-19T17:24:28+08:00 ] ERR: (ThinkException) 无法加载模块:images
[ 2013-10-19T17:24:29+08:00 ] ERR: (ThinkException) 无法加载模块:images
[ 2013-10-19T17:24:29+08:00 ] ERR: (ThinkException) 无法加载模块:admin
[ 2013-10-19T17:24:29+08:00 ] ERR: (ThinkException) 无法加载模块:admin
[ 2013-10-19T17:24:30+08:00 ] ERR: (ThinkException) 无法加载模块:images
[ 2013-10-19T17:24:30+08:00 ] ERR: (ThinkException) 无法加载模块:images
[ 2013-10-19T17:24:31+08:00 ] ERR: (ThinkException) 无法加载模块:404
[ 2013-10-19T17:24:32+08:00 ] ERR: (ThinkException) 无法加载模块:404
[ 2013-10-19T17:24:32+08:00 ] ERR: (ThinkException) 无法加载模块:Admin_Cy
[ 2013-10-19T17:24:32+08:00 ] ERR: (ThinkException) 无法加载模块:Admin_Cy
[ 2013-10-19T17:24:32+08:00 ] ERR: (ThinkException) 无法加载模块:ADMIN
[ 2013-10-19T17:24:32+08:00 ] ERR: (ThinkException) 无法加载模块:ADMIN
[ 2013-10-19T17:24:32+08:00 ] ERR: (ThinkException) 无法加载模块:ADMIN
[ 2013-10-19T17:24:33+08:00 ] ERR: (ThinkException) 无法加载模块:ADMIN
[ 2013-10-19T17:24:33+08:00 ] ERR: (ThinkException) 无法加载模块:themes
[ 2013-10-19T17:24:33+08:00 ] ERR: (ThinkException) 无法加载模块:themes
[ 2013-10-19T17:24:33+08:00 ] ERR: (ThinkException) 无法加载模块:admin
[ 2013-10-19T17:24:34+08:00 ] ERR: (ThinkException) 无法加载模块:admin
[ 2013-10-19T17:24:34+08:00 ] ERR: (ThinkException) 无法加载模块:member
[ 2013-10-19T17:24:34+08:00 ] ERR: (ThinkException) 无法加载模块:member
[ 2013-10-19T17:24:34+08:00 ] ERR: (ThinkException) 无法加载模块:static
[ 2013-10-19T17:24:34+08:00 ] ERR: (ThinkException) 无法加载模块:static
[ 2013-10-19T17:24:34+08:00 ] ERR: (ThinkException) 无法加载模块:admin
[ 2013-10-19T17:24:35+08:00 ] ERR: (ThinkException) 无法加载模块:admin
[ 2013-10-19T17:24:35+08:00 ] ERR: (ThinkException) 无法加载模块:images
[ 2013-10-19T17:24:35+08:00 ] ERR: (ThinkException) 无法加载模块:images
[ 2013-10-19T17:24:35+08:00 ] ERR: (ThinkException) 无法加载模块:images-global
[ 2013-10-19T17:24:35+08:00 ] ERR: (ThinkException) 无法加载模块:images-global
[ 2013-10-19T17:24:36+08:00 ] ERR: (ThinkException) 无法加载模块:admin
[ 2013-10-19T17:24:36+08:00 ] ERR: (ThinkException) 无法加载模块:admin
[ 2013-10-19T17:24:36+08:00 ] ERR: (ThinkException) 无法加载模块:images
[ 2013-10-19T17:24:37+08:00 ] ERR: (ThinkException) 无法加载模块:images
[ 2013-10-19T17:24:37+08:00 ] ERR: (ThinkException) 无法加载模块:admin
[ 2013-10-19T17:24:37+08:00 ] ERR: (ThinkException) 无法加载模块:admin
[ 2013-10-19T17:24:37+08:00 ] ERR: (ThinkException) 无法加载模块:images
[ 2013-10-19T17:24:38+08:00 ] ERR: (ThinkException) 无法加载模块:images
[ 2013-10-19T17:24:38+08:00 ] ERR: (ThinkException) 无法加载模块:install
[ 2013-10-19T17:24:38+08:00 ] ERR: (ThinkException) 无法加载模块:install
[ 2013-10-19T17:24:38+08:00 ] ERR: (ThinkException) 无法加载模块:Admin
[ 2013-10-19T17:24:38+08:00 ] ERR: (ThinkException) 无法加载模块:Admin
[ 2013-10-19T17:24:39+08:00 ] ERR: (ThinkException) 无法加载模块:images
[ 2013-10-19T17:24:39+08:00 ] ERR: (ThinkException) 无法加载模块:images
[ 2013-10-19T17:24:39+08:00 ] ERR: (ThinkException) 无法加载模块:static
[ 2013-10-19T17:24:39+08:00 ] ERR: (ThinkException) 无法加载模块:static
[ 2013-10-19T17:24:39+08:00 ] ERR: (ThinkException) 无法加载模块:skin
[ 2013-10-19T17:24:39+08:00 ] ERR: (ThinkException) 无法加载模块:skin
[ 2013-10-19T17:24:40+08:00 ] ERR: (ThinkException) 无法加载模块:skin
[ 2013-10-19T17:24:40+08:00 ] ERR: (ThinkException) 无法加载模块:skin
[ 2013-10-19T17:24:40+08:00 ] ERR: (ThinkException) 无法加载模块:login
[ 2013-10-19T17:24:40+08:00 ] ERR: (ThinkException) 无法加载模块:login
[ 2013-10-19T17:24:40+08:00 ] ERR: (ThinkException) 无法加载模块:images
[ 2013-10-19T17:24:41+08:00 ] ERR: (ThinkException) 无法加载模块:images
[ 2013-10-19T17:24:41+08:00 ] ERR: (ThinkException) 无法加载模块:images
[ 2013-10-19T17:24:41+08:00 ] ERR: (ThinkException) 无法加载模块:images
[ 2013-10-19T17:24:42+08:00 ] ERR: (ThinkException) 无法加载模块:plugin
[ 2013-10-19T17:24:42+08:00 ] ERR: (ThinkException) 无法加载模块:plugin
[ 2013-10-19T17:24:42+08:00 ] ERR: (ThinkException) 无法加载模块:api
[ 2013-10-19T17:24:42+08:00 ] ERR: (ThinkException) 无法加载模块:api
[ 2013-10-19T17:24:43+08:00 ] ERR: (ThinkException) 无法加载模块:xheditor
[ 2013-10-19T17:24:43+08:00 ] ERR: (ThinkException) 无法加载模块:xheditor
[ 2013-10-19T17:24:43+08:00 ] ERR: (ThinkException) 无法加载模块:admin
[ 2013-10-19T17:24:43+08:00 ] ERR: (ThinkException) 无法加载模块:admin
[ 2013-10-19T17:24:44+08:00 ] ERR: (ThinkException) 无法加载模块:data
[ 2013-10-19T17:24:44+08:00 ] ERR: (ThinkException) 无法加载模块:data
[ 2013-10-19T17:24:44+08:00 ] ERR: (ThinkException) 无法加载模块:image
[ 2013-10-19T17:24:45+08:00 ] ERR: (ThinkException) 无法加载模块:image
[ 2013-10-19T17:24:45+08:00 ] ERR: (ThinkException) 无法加载模块:admin
[ 2013-10-19T17:24:45+08:00 ] ERR: (ThinkException) 无法加载模块:admin
[ 2013-10-19T17:24:45+08:00 ] ERR: (ThinkException) 无法加载模块:admin
[ 2013-10-19T17:24:45+08:00 ] ERR: (ThinkException) 无法加载模块:admin
[ 2013-10-19T17:24:45+08:00 ] ERR: (ThinkException) 无法加载模块:admin
[ 2013-10-19T17:24:46+08:00 ] ERR: (ThinkException) 无法加载模块:admin
[ 2013-10-19T17:24:46+08:00 ] ERR: (ThinkException) 无法加载模块:admin
[ 2013-10-19T17:24:46+08:00 ] ERR: (ThinkException) 无法加载模块:admin
[ 2013-10-19T17:24:47+08:00 ] ERR: (ThinkException) 无法加载模块:admin
[ 2013-10-19T17:24:47+08:00 ] ERR: (ThinkException) 无法加载模块:admin
[ 2013-10-19T17:24:47+08:00 ] ERR: (ThinkException) 无法加载模块:install
[ 2013-10-19T17:24:48+08:00 ] ERR: (ThinkException) 无法加载模块:install
[ 2013-10-19T17:24:48+08:00 ] ERR: (ThinkException) 无法加载模块:login
[ 2013-10-19T17:24:48+08:00 ] ERR: (ThinkException) 无法加载模块:login
[ 2013-10-19T17:24:48+08:00 ] ERR: (ThinkException) 无法加载模块:member
[ 2013-10-19T17:24:48+08:00 ] ERR: (ThinkException) 无法加载模块:member
[ 2013-10-19T17:24:49+08:00 ] ERR: (ThinkException) 无法加载模块:admin
[ 2013-10-19T17:24:49+08:00 ] ERR: (ThinkException) 无法加载模块:admin
[ 2013-10-19T17:24:49+08:00 ] ERR: (ThinkException) 无法加载模块:views
[ 2013-10-19T17:24:49+08:00 ] ERR: (ThinkException) 无法加载模块:views
[ 2013-10-19T17:24:49+08:00 ] ERR: (ThinkException) 无法加载模块:views
[ 2013-10-19T17:24:50+08:00 ] ERR: (ThinkException) 无法加载模块:views
[ 2013-10-19T17:24:50+08:00 ] ERR: (ThinkException) 无法加载模块:views
[ 2013-10-19T17:24:50+08:00 ] ERR: (ThinkException) 无法加载模块:views
[ 2013-10-19T17:25:00+08:00 ] ERR: (ThinkException) 无法加载模块:admin
[ 2013-10-19T17:25:00+08:00 ] ERR: (ThinkException) 无法加载模块:admin
[ 2013-10-19T17:25:00+08:00 ] ERR: (ThinkException) 无法加载模块:admin
[ 2013-10-19T17:25:00+08:00 ] ERR: (ThinkException) 无法加载模块:admin
[ 2013-10-19T17:25:00+08:00 ] ERR: (ThinkException) 无法加载模块:pic
[ 2013-10-19T17:25:01+08:00 ] ERR: (ThinkException) 无法加载模块:pic
[ 2013-10-19T17:25:01+08:00 ] ERR: (ThinkException) 无法加载模块:template
[ 2013-10-19T17:25:01+08:00 ] ERR: (ThinkException) 无法加载模块:template
[ 2013-10-19T17:25:01+08:00 ] ERR: (ThinkException) 无法加载模块:install
[ 2013-10-19T17:25:01+08:00 ] ERR: (ThinkException) 无法加载模块:install
[ 2013-10-19T17:25:01+08:00 ] ERR: (ThinkException) 无法加载模块:lib
[ 2013-10-19T17:25:02+08:00 ] ERR: (ThinkException) 无法加载模块:lib
[ 2013-10-19T17:25:02+08:00 ] ERR: (ThinkException) 无法加载模块:theme
[ 2013-10-19T17:25:02+08:00 ] ERR: (ThinkException) 无法加载模块:theme
[ 2013-10-19T17:25:02+08:00 ] ERR: (ThinkException) 无法加载模块:adminimages
[ 2013-10-19T17:25:02+08:00 ] ERR: (ThinkException) 无法加载模块:adminimages
[ 2013-10-19T17:25:02+08:00 ] ERR: (ThinkException) 无法加载模块:ACT_inc
[ 2013-10-19T17:25:02+08:00 ] ERR: (ThinkException) 无法加载模块:ACT_inc
[ 2013-10-19T17:25:03+08:00 ] ERR: (ThinkException) 无法加载模块:ACT_inc
[ 2013-10-19T17:25:03+08:00 ] ERR: (ThinkException) 无法加载模块:ACT_inc
[ 2013-10-19T17:25:03+08:00 ] ERR: (ThinkException) 无法加载模块:Admin
[ 2013-10-19T17:25:03+08:00 ] ERR: (ThinkException) 无法加载模块:Admin
[ 2013-10-19T17:25:03+08:00 ] ERR: (ThinkException) 无法加载模块:Admin
[ 2013-10-19T17:25:03+08:00 ] ERR: (ThinkException) 无法加载模块:Admin
[ 2013-10-19T17:25:04+08:00 ] ERR: (ThinkException) 无法加载模块:images
[ 2013-10-19T17:25:04+08:00 ] ERR: (ThinkException) 无法加载模块:images
[ 2013-10-19T17:25:04+08:00 ] ERR: (ThinkException) 无法加载模块:inc
[ 2013-10-19T17:25:04+08:00 ] ERR: (ThinkException) 无法加载模块:inc
[ 2013-10-19T17:25:04+08:00 ] ERR: (ThinkException) 无法加载模块:_skins
[ 2013-10-19T17:25:04+08:00 ] ERR: (ThinkException) 无法加载模块:_skins
[ 2013-10-19T17:25:04+08:00 ] ERR: (ThinkException) 无法加载模块:_skins
[ 2013-10-19T17:25:05+08:00 ] ERR: (ThinkException) 无法加载模块:_skins
[ 2013-10-19T17:25:05+08:00 ] ERR: (ThinkException) 无法加载模块:admin
[ 2013-10-19T17:25:05+08:00 ] ERR: (ThinkException) 无法加载模块:admin
[ 2013-10-19T17:25:05+08:00 ] ERR: (ThinkException) 无法加载模块:admin
[ 2013-10-19T17:25:05+08:00 ] ERR: (ThinkException) 无法加载模块:admin
[ 2013-10-19T17:25:05+08:00 ] ERR: (ThinkException) 无法加载模块:Admin
[ 2013-10-19T17:25:06+08:00 ] ERR: (ThinkException) 无法加载模块:Admin
[ 2013-10-19T17:25:06+08:00 ] ERR: (ThinkException) 无法加载模块:Admin
[ 2013-10-19T17:25:06+08:00 ] ERR: (ThinkException) 无法加载模块:Admin
[ 2013-10-19T17:25:06+08:00 ] ERR: (ThinkException) 无法加载模块:images
[ 2013-10-19T17:25:06+08:00 ] ERR: (ThinkException) 无法加载模块:images
[ 2013-10-19T17:25:06+08:00 ] ERR: (ThinkException) 无法加载模块:qq
[ 2013-10-19T17:25:07+08:00 ] ERR: (ThinkException) 无法加载模块:qq
[ 2013-10-19T17:25:07+08:00 ] ERR: (ThinkException) 无法加载模块:install
[ 2013-10-19T17:25:07+08:00 ] ERR: (ThinkException) 无法加载模块:install
[ 2013-10-19T17:25:07+08:00 ] ERR: (ThinkException) 无法加载模块:admin
[ 2013-10-19T17:25:07+08:00 ] ERR: (ThinkException) 无法加载模块:admin
[ 2013-10-19T17:25:08+08:00 ] ERR: (ThinkException) 无法加载模块:include
[ 2013-10-19T17:25:08+08:00 ] ERR: (ThinkException) 无法加载模块:include
[ 2013-10-19T17:25:08+08:00 ] ERR: (ThinkException) 无法加载模块:data
[ 2013-10-19T17:25:08+08:00 ] ERR: (ThinkException) 无法加载模块:data
[ 2013-10-19T17:25:08+08:00 ] ERR: (ThinkException) 无法加载模块:inc_img
[ 2013-10-19T17:25:08+08:00 ] ERR: (ThinkException) 无法加载模块:inc_img
[ 2013-10-19T17:25:09+08:00 ] ERR: (ThinkException) 无法加载模块:images
[ 2013-10-19T17:25:09+08:00 ] ERR: (ThinkException) 无法加载模块:images
[ 2013-10-19T17:25:09+08:00 ] ERR: (ThinkException) 无法加载模块:data
[ 2013-10-19T17:25:09+08:00 ] ERR: (ThinkException) 无法加载模块:data
[ 2013-10-19T17:25:09+08:00 ] ERR: (ThinkException) 无法加载模块:data
[ 2013-10-19T17:25:09+08:00 ] ERR: (ThinkException) 无法加载模块:data
[ 2013-10-19T17:25:09+08:00 ] ERR: (ThinkException) 无法加载模块:install
[ 2013-10-19T17:25:10+08:00 ] ERR: (ThinkException) 无法加载模块:install
[ 2013-10-19T17:25:10+08:00 ] ERR: (ThinkException) 无法加载模块:lib
[ 2013-10-19T17:25:10+08:00 ] ERR: (ThinkException) 无法加载模块:lib
[ 2013-10-19T17:25:10+08:00 ] ERR: (ThinkException) 无法加载模块:admin
[ 2013-10-19T17:25:10+08:00 ] ERR: (ThinkException) 无法加载模块:admin
[ 2013-10-19T17:25:10+08:00 ] ERR: (ThinkException) 无法加载模块:install
[ 2013-10-19T17:25:10+08:00 ] ERR: (ThinkException) 无法加载模块:install
[ 2013-10-19T17:25:11+08:00 ] ERR: (ThinkException) 无法加载模块:admin
[ 2013-10-19T17:25:11+08:00 ] ERR: (ThinkException) 无法加载模块:admin
[ 2013-10-19T17:25:11+08:00 ] ERR: (ThinkException) 无法加载模块:shopdata
[ 2013-10-19T17:25:11+08:00 ] ERR: (ThinkException) 无法加载模块:shopdata
[ 2013-10-19T17:25:11+08:00 ] ERR: (ThinkException) 无法加载模块:plus
[ 2013-10-19T17:25:11+08:00 ] ERR: (ThinkException) 无法加载模块:plus
[ 2013-10-19T17:25:11+08:00 ] ERR: (ThinkException) 无法加载模块:question
[ 2013-10-19T17:25:11+08:00 ] ERR: (ThinkException) 无法加载模块:question
[ 2013-10-19T17:25:12+08:00 ] ERR: (ThinkException) 无法加载模块:admini
[ 2013-10-19T17:25:12+08:00 ] ERR: (ThinkException) 无法加载模块:admini
[ 2013-10-19T17:25:13+08:00 ] ERR: (ThinkException) 无法加载模块:admini
[ 2013-10-19T17:25:13+08:00 ] ERR: (ThinkException) 无法加载模块:admini
[ 2013-10-19T17:25:13+08:00 ] ERR: (ThinkException) 无法加载模块:setup
[ 2013-10-19T17:25:13+08:00 ] ERR: (ThinkException) 无法加载模块:setup
[ 2013-10-19T17:25:13+08:00 ] ERR: (ThinkException) 无法加载模块:inc
[ 2013-10-19T17:25:13+08:00 ] ERR: (ThinkException) 无法加载模块:inc
[ 2013-10-19T17:25:13+08:00 ] ERR: (ThinkException) 无法加载模块:wap
[ 2013-10-19T17:25:14+08:00 ] ERR: (ThinkException) 无法加载模块:wap
[ 2013-10-19T17:25:14+08:00 ] ERR: (ThinkException) 无法加载模块:Admin
[ 2013-10-19T17:25:14+08:00 ] ERR: (ThinkException) 无法加载模块:Admin
[ 2013-10-19T17:25:14+08:00 ] ERR: (ThinkException) 无法加载模块:Admin
[ 2013-10-19T17:25:15+08:00 ] ERR: (ThinkException) 无法加载模块:Admin
[ 2013-10-19T17:25:15+08:00 ] ERR: (ThinkException) 无法加载模块:Themes
[ 2013-10-19T17:25:15+08:00 ] ERR: (ThinkException) 无法加载模块:Themes
[ 2013-10-19T17:25:15+08:00 ] ERR: (ThinkException) 无法加载模块:Themes
[ 2013-10-19T17:25:15+08:00 ] ERR: (ThinkException) 无法加载模块:Themes
[ 2013-10-19T17:25:15+08:00 ] ERR: (ThinkException) 无法加载模块:install
[ 2013-10-19T17:25:16+08:00 ] ERR: (ThinkException) 无法加载模块:install
[ 2013-10-19T17:25:16+08:00 ] ERR: (ThinkException) 无法加载模块:plugin
[ 2013-10-19T17:25:16+08:00 ] ERR: (ThinkException) 无法加载模块:plugin
[ 2013-10-19T17:25:16+08:00 ] ERR: (ThinkException) 无法加载模块:cn
[ 2013-10-19T17:25:16+08:00 ] ERR: (ThinkException) 无法加载模块:cn
[ 2013-10-19T17:25:16+08:00 ] ERR: (ThinkException) 无法加载模块:nz
[ 2013-10-19T17:25:17+08:00 ] ERR: (ThinkException) 无法加载模块:nz
[ 2013-10-19T17:25:17+08:00 ] ERR: (ThinkException) 无法加载模块:images
[ 2013-10-19T17:25:17+08:00 ] ERR: (ThinkException) 无法加载模块:images
[ 2013-10-19T17:25:18+08:00 ] ERR: (ThinkException) 无法加载模块:mobile
[ 2013-10-19T17:25:19+08:00 ] ERR: (ThinkException) 无法加载模块:mobile
[ 2013-10-19T17:25:19+08:00 ] ERR: (ThinkException) 无法加载模块:Admin
[ 2013-10-19T17:25:19+08:00 ] ERR: (ThinkException) 无法加载模块:Admin
[ 2013-10-19T17:25:19+08:00 ] ERR: (ThinkException) 无法加载模块:Admin
[ 2013-10-19T17:25:19+08:00 ] ERR: (ThinkException) 无法加载模块:Admin
[ 2013-10-19T17:25:19+08:00 ] ERR: (ThinkException) 无法加载模块:Admin
[ 2013-10-19T17:25:20+08:00 ] ERR: (ThinkException) 无法加载模块:Admin
[ 2013-10-19T17:25:20+08:00 ] ERR: (ThinkException) 无法加载模块:inc
[ 2013-10-19T17:25:20+08:00 ] ERR: (ThinkException) 无法加载模块:inc
[ 2013-10-19T17:25:20+08:00 ] ERR: (ThinkException) 无法加载模块:admin
[ 2013-10-19T17:25:20+08:00 ] ERR: (ThinkException) 无法加载模块:admin
[ 2013-10-19T17:25:20+08:00 ] ERR: (ThinkException) 无法加载模块:template
[ 2013-10-19T17:25:21+08:00 ] ERR: (ThinkException) 无法加载模块:template
[ 2013-10-19T17:25:21+08:00 ] ERR: (ThinkException) 无法加载模块:install
[ 2013-10-19T17:25:21+08:00 ] ERR: (ThinkException) 无法加载模块:install
[ 2013-10-19T17:25:21+08:00 ] ERR: (ThinkException) 无法加载模块:template
[ 2013-10-19T17:25:21+08:00 ] ERR: (ThinkException) 无法加载模块:template
[ 2013-10-19T17:25:21+08:00 ] ERR: (ThinkException) 无法加载模块:ad_duilian
[ 2013-10-19T17:25:22+08:00 ] ERR: (ThinkException) 无法加载模块:ad_duilian
[ 2013-10-19T17:25:22+08:00 ] ERR: (ThinkException) 无法加载模块:images
[ 2013-10-19T17:25:22+08:00 ] ERR: (ThinkException) 无法加载模块:images
[ 2013-10-19T17:25:22+08:00 ] ERR: (ThinkException) 无法加载模块:admin
[ 2013-10-19T17:25:23+08:00 ] ERR: (ThinkException) 无法加载模块:admin
[ 2013-10-19T17:25:23+08:00 ] ERR: (ThinkException) 无法加载模块:admin
[ 2013-10-19T17:25:23+08:00 ] ERR: (ThinkException) 无法加载模块:admin
[ 2013-10-19T17:25:26+08:00 ] ERR: (ThinkException) 无法加载模块:editor
[ 2013-10-19T17:25:27+08:00 ] ERR: (ThinkException) 无法加载模块:editor
[ 2013-10-19T17:25:27+08:00 ] ERR: (ThinkException) 无法加载模块:install
[ 2013-10-19T17:25:27+08:00 ] ERR: (ThinkException) 无法加载模块:install
[ 2013-10-19T17:25:28+08:00 ] ERR: (ThinkException) 无法加载模块:img
[ 2013-10-19T17:25:28+08:00 ] ERR: (ThinkException) 无法加载模块:img
[ 2013-10-19T17:25:28+08:00 ] ERR: (ThinkException) 无法加载模块:install
[ 2013-10-19T17:25:28+08:00 ] ERR: (ThinkException) 无法加载模块:install
[ 2013-10-19T17:25:28+08:00 ] ERR: (ThinkException) 无法加载模块:data
[ 2013-10-19T17:25:29+08:00 ] ERR: (ThinkException) 无法加载模块:data
[ 2013-10-19T17:25:29+08:00 ] ERR: (ThinkException) 无法加载模块:inc
[ 2013-10-19T17:25:29+08:00 ] ERR: (ThinkException) 无法加载模块:inc
[ 2013-10-19T17:25:29+08:00 ] ERR: (ThinkException) 无法加载模块:inc
[ 2013-10-19T17:25:29+08:00 ] ERR: (ThinkException) 无法加载模块:inc
[ 2013-10-19T17:25:29+08:00 ] ERR: (ThinkException) 无法加载模块:inc
[ 2013-10-19T17:25:30+08:00 ] ERR: (ThinkException) 无法加载模块:inc
[ 2013-10-19T17:25:30+08:00 ] ERR: (ThinkException) 无法加载模块:job
[ 2013-10-19T17:25:30+08:00 ] ERR: (ThinkException) 无法加载模块:job
[ 2013-10-19T17:25:30+08:00 ] ERR: (ThinkException) 无法加载模块:admin
[ 2013-10-19T17:25:30+08:00 ] ERR: (ThinkException) 无法加载模块:admin
[ 2013-10-19T17:25:30+08:00 ] ERR: (ThinkException) 无法加载模块:wap
[ 2013-10-19T17:25:31+08:00 ] ERR: (ThinkException) 无法加载模块:wap
[ 2013-10-19T17:25:31+08:00 ] ERR: (ThinkException) 无法加载模块:static
[ 2013-10-19T17:25:31+08:00 ] ERR: (ThinkException) 无法加载模块:static
[ 2013-10-19T17:25:32+08:00 ] ERR: (ThinkException) 无法加载模块:images
[ 2013-10-19T17:25:32+08:00 ] ERR: (ThinkException) 无法加载模块:images
[ 2013-10-19T17:25:32+08:00 ] ERR: (ThinkException) 无法加载模块:images
[ 2013-10-19T17:25:32+08:00 ] ERR: (ThinkException) 无法加载模块:images
[ 2013-10-19T17:25:33+08:00 ] ERR: (ThinkException) 无法加载模块:js
[ 2013-10-19T17:25:33+08:00 ] ERR: (ThinkException) 无法加载模块:js
[ 2013-10-19T17:25:33+08:00 ] ERR: (ThinkException) 无法加载模块:static
[ 2013-10-19T17:25:33+08:00 ] ERR: (ThinkException) 无法加载模块:static
[ 2013-10-19T17:25:33+08:00 ] ERR: (ThinkException) 无法加载模块:images
[ 2013-10-19T17:25:33+08:00 ] ERR: (ThinkException) 无法加载模块:images
[ 2013-10-19T17:25:33+08:00 ] ERR: (ThinkException) 无法加载模块:system
[ 2013-10-19T17:25:34+08:00 ] ERR: (ThinkException) 无法加载模块:system
[ 2013-10-19T17:25:34+08:00 ] ERR: (ThinkException) 无法加载模块:user
[ 2013-10-19T17:25:34+08:00 ] ERR: (ThinkException) 无法加载模块:user
[ 2013-10-19T17:25:34+08:00 ] ERR: (ThinkException) 无法加载模块:install
[ 2013-10-19T17:25:34+08:00 ] ERR: (ThinkException) 无法加载模块:install
[ 2013-10-19T17:25:35+08:00 ] ERR: (ThinkException) 无法加载模块:office
[ 2013-10-19T17:25:35+08:00 ] ERR: (ThinkException) 无法加载模块:office
[ 2013-10-19T17:25:35+08:00 ] ERR: (ThinkException) 无法加载模块:images
[ 2013-10-19T17:25:35+08:00 ] ERR: (ThinkException) 无法加载模块:images
[ 2013-10-19T17:25:36+08:00 ] ERR: (ThinkException) 无法加载模块:images
[ 2013-10-19T17:25:36+08:00 ] ERR: (ThinkException) 无法加载模块:images
[ 2013-10-19T17:25:36+08:00 ] ERR: (ThinkException) 无法加载模块:jscal
[ 2013-10-19T17:25:36+08:00 ] ERR: (ThinkException) 无法加载模块:jscal
[ 2013-10-19T17:25:36+08:00 ] ERR: (ThinkException) 无法加载模块:jscal
[ 2013-10-19T17:25:36+08:00 ] ERR: (ThinkException) 无法加载模块:jscal
[ 2013-10-19T17:25:36+08:00 ] ERR: (ThinkException) 无法加载模块:admin
[ 2013-10-19T17:25:36+08:00 ] ERR: (ThinkException) 无法加载模块:admin
[ 2013-10-19T17:25:36+08:00 ] ERR: (ThinkException) 无法加载模块:admin
[ 2013-10-19T17:25:36+08:00 ] ERR: (ThinkException) 无法加载模块:admin
[ 2013-10-19T17:25:36+08:00 ] ERR: (ThinkException) 无法加载模块:images
[ 2013-10-19T17:25:37+08:00 ] ERR: (ThinkException) 无法加载模块:images
[ 2013-10-19T17:25:37+08:00 ] ERR: (ThinkException) 无法加载模块:images
[ 2013-10-19T17:25:37+08:00 ] ERR: (ThinkException) 无法加载模块:images
[ 2013-10-19T17:25:37+08:00 ] ERR: (ThinkException) 无法加载模块:images
[ 2013-10-19T17:25:37+08:00 ] ERR: (ThinkException) 无法加载模块:images
[ 2013-10-19T17:25:37+08:00 ] ERR: (ThinkException) 无法加载模块:admin
[ 2013-10-19T17:25:37+08:00 ] ERR: (ThinkException) 无法加载模块:admin
[ 2013-10-19T17:25:37+08:00 ] ERR: (ThinkException) 无法加载模块:data
[ 2013-10-19T17:25:37+08:00 ] ERR: (ThinkException) 无法加载模块:data
[ 2013-10-19T17:25:37+08:00 ] ERR: (ThinkException) 无法加载模块:install
[ 2013-10-19T17:25:37+08:00 ] ERR: (ThinkException) 无法加载模块:install
[ 2013-10-19T17:25:38+08:00 ] ERR: (ThinkException) 无法加载模块:images
[ 2013-10-19T17:25:38+08:00 ] ERR: (ThinkException) 无法加载模块:images
[ 2013-10-19T17:25:38+08:00 ] ERR: (ThinkException) 无法加载模块:admin
[ 2013-10-19T17:25:38+08:00 ] ERR: (ThinkException) 无法加载模块:admin
[ 2013-10-19T17:25:38+08:00 ] ERR: (ThinkException) 无法加载模块:static
[ 2013-10-19T17:25:38+08:00 ] ERR: (ThinkException) 无法加载模块:static
[ 2013-10-19T17:27:34+08:00 ] ERR: (ThinkException) 无法加载模块:robots
[ 2013-10-19T17:35:12+08:00 ] 157.55.36.45 /
INFO: [ app_begin ] --START--
INFO: Run ReadHtmlCache Behavior [ RunTime:0.000333s ]
INFO: [ app_begin ] --END-- [ RunTime:0.000397s ]
NOTIC: [8] Undefined index:  ajax /home/wwwroot/www.jobme.cn/App/Lib/Action/GlAction.class.php 第 18 行.
NOTIC: [8] Undefined index:  id /home/wwwroot/www.jobme.cn/App/Lib/Action/GlAction.class.php 第 19 行.
SQL: SHOW COLUMNS FROM `eking_index` [ RunTime:0.000283s ]
ERR: Table 'erpking.eking_index' doesn't exist
 [ SQL语句 ] : SHOW COLUMNS FROM `eking_index`
NOTIC: [8] Undefined index:  json /home/wwwroot/www.jobme.cn/includes/array.php 第 218 行.
NOTIC: [8] Undefined index:  THINK_username /home/wwwroot/www.jobme.cn/Framework/Extend/Library/ORG/Util/Cookie.class.php 第 32 行.
NOTIC: [8] Undefined index:  THINK_uid /home/wwwroot/www.jobme.cn/Framework/Extend/Library/ORG/Util/Cookie.class.php 第 32 行.
NOTIC: [8] Undefined index:  THINK_pid /home/wwwroot/www.jobme.cn/Framework/Extend/Library/ORG/Util/Cookie.class.php 第 32 行.
NOTIC: [8] Undefined index:  THINK_level /home/wwwroot/www.jobme.cn/Framework/Extend/Library/ORG/Util/Cookie.class.php 第 32 行.
NOTIC: [8] Undefined index:  THINK_post /home/wwwroot/www.jobme.cn/Framework/Extend/Library/ORG/Util/Cookie.class.php 第 32 行.
NOTIC: [8] Undefined index:  THINK_type /home/wwwroot/www.jobme.cn/Framework/Extend/Library/ORG/Util/Cookie.class.php 第 32 行.
NOTIC: [8] Undefined index:  THINK_department /home/wwwroot/www.jobme.cn/Framework/Extend/Library/ORG/Util/Cookie.class.php 第 32 行.
NOTIC: [8] Undefined index:  THINK_role_id /home/wwwroot/www.jobme.cn/Framework/Extend/Library/ORG/Util/Cookie.class.php 第 32 行.
NOTIC: [8] Undefined index:  THINK_realname /home/wwwroot/www.jobme.cn/Framework/Extend/Library/ORG/Util/Cookie.class.php 第 32 行.
NOTIC: [8] Undefined index:  THINK_permission_tile /home/wwwroot/www.jobme.cn/Framework/Extend/Library/ORG/Util/Cookie.class.php 第 32 行.
NOTIC: [8] Undefined index:  THINK_permission /home/wwwroot/www.jobme.cn/Framework/Extend/Library/ORG/Util/Cookie.class.php 第 32 行.
SQL: SHOW COLUMNS FROM `eking_persona` [ RunTime:0.000397s ]
SQL: SELECT * FROM `eking_persona` WHERE ( comid= ) ORDER BY id asc  [ RunTime:0.000065s ]
ERR: You have an error in your SQL syntax; check the manual that corresponds to your MySQL server version for the right syntax to use near ') ORDER BY id asc' at line 1
 [ SQL语句 ] : SELECT * FROM `eking_persona` WHERE ( comid= ) ORDER BY id asc 
NOTIC: [2] Invalid argument supplied for foreach() /home/wwwroot/www.jobme.cn/App/Lib/Action/GlAction.class.php 第 62 行.
NOTIC: [8] Undefined variable: nt /home/wwwroot/www.jobme.cn/App/Lib/Action/GlAction.class.php 第 66 行.
NOTIC: [8] Undefined variable: nt /home/wwwroot/www.jobme.cn/App/Lib/Action/GlAction.class.php 第 67 行.
SQL: SHOW COLUMNS FROM `eking_usermsg` [ RunTime:0.000409s ]
SQL: SELECT COUNT(*) AS tp_count FROM `eking_usermsg` WHERE ( toid= and status=0 ) LIMIT 1   [ RunTime:0.000070s ]
ERR: You have an error in your SQL syntax; check the manual that corresponds to your MySQL server version for the right syntax to use near 'and status=0 ) LIMIT 1' at line 1
 [ SQL语句 ] : SELECT COUNT(*) AS tp_count FROM `eking_usermsg` WHERE ( toid= and status=0 ) LIMIT 1  
SQL: SHOW COLUMNS FROM `eking_sinform` [ RunTime:0.000335s ]
SQL: SELECT COUNT(*) AS tp_count FROM `eking_sinform` WHERE ( to_uid= and `read`=0 ) LIMIT 1   [ RunTime:0.000067s ]
ERR: You have an error in your SQL syntax; check the manual that corresponds to your MySQL server version for the right syntax to use near 'and `read`=0 ) LIMIT 1' at line 1
 [ SQL语句 ] : SELECT COUNT(*) AS tp_count FROM `eking_sinform` WHERE ( to_uid= and `read`=0 ) LIMIT 1  
NOTIC: [8] Undefined index:  THINK_uid /home/wwwroot/www.jobme.cn/Framework/Extend/Library/ORG/Util/Cookie.class.php 第 32 行.

[ 2013-10-19T17:40:48+08:00 ] 183.60.243.242 /
INFO: [ app_begin ] --START--
INFO: Run ReadHtmlCache Behavior [ RunTime:0.000348s ]
INFO: [ app_begin ] --END-- [ RunTime:0.000412s ]
NOTIC: [8] Undefined index:  ajax /home/wwwroot/www.jobme.cn/App/Lib/Action/GlAction.class.php 第 18 行.
NOTIC: [8] Undefined index:  id /home/wwwroot/www.jobme.cn/App/Lib/Action/GlAction.class.php 第 19 行.
SQL: SHOW COLUMNS FROM `eking_index` [ RunTime:0.000260s ]
ERR: Table 'erpking.eking_index' doesn't exist
 [ SQL语句 ] : SHOW COLUMNS FROM `eking_index`
NOTIC: [8] Undefined index:  json /home/wwwroot/www.jobme.cn/includes/array.php 第 218 行.
NOTIC: [8] Undefined index:  THINK_username /home/wwwroot/www.jobme.cn/Framework/Extend/Library/ORG/Util/Cookie.class.php 第 32 行.
NOTIC: [8] Undefined index:  THINK_uid /home/wwwroot/www.jobme.cn/Framework/Extend/Library/ORG/Util/Cookie.class.php 第 32 行.
NOTIC: [8] Undefined index:  THINK_pid /home/wwwroot/www.jobme.cn/Framework/Extend/Library/ORG/Util/Cookie.class.php 第 32 行.
NOTIC: [8] Undefined index:  THINK_level /home/wwwroot/www.jobme.cn/Framework/Extend/Library/ORG/Util/Cookie.class.php 第 32 行.
NOTIC: [8] Undefined index:  THINK_post /home/wwwroot/www.jobme.cn/Framework/Extend/Library/ORG/Util/Cookie.class.php 第 32 行.
NOTIC: [8] Undefined index:  THINK_type /home/wwwroot/www.jobme.cn/Framework/Extend/Library/ORG/Util/Cookie.class.php 第 32 行.
NOTIC: [8] Undefined index:  THINK_department /home/wwwroot/www.jobme.cn/Framework/Extend/Library/ORG/Util/Cookie.class.php 第 32 行.
NOTIC: [8] Undefined index:  THINK_role_id /home/wwwroot/www.jobme.cn/Framework/Extend/Library/ORG/Util/Cookie.class.php 第 32 行.
NOTIC: [8] Undefined index:  THINK_realname /home/wwwroot/www.jobme.cn/Framework/Extend/Library/ORG/Util/Cookie.class.php 第 32 行.
NOTIC: [8] Undefined index:  THINK_permission_tile /home/wwwroot/www.jobme.cn/Framework/Extend/Library/ORG/Util/Cookie.class.php 第 32 行.
NOTIC: [8] Undefined index:  THINK_permission /home/wwwroot/www.jobme.cn/Framework/Extend/Library/ORG/Util/Cookie.class.php 第 32 行.
SQL: SHOW COLUMNS FROM `eking_persona` [ RunTime:0.000391s ]
SQL: SELECT * FROM `eking_persona` WHERE ( comid= ) ORDER BY id asc  [ RunTime:0.000065s ]
ERR: You have an error in your SQL syntax; check the manual that corresponds to your MySQL server version for the right syntax to use near ') ORDER BY id asc' at line 1
 [ SQL语句 ] : SELECT * FROM `eking_persona` WHERE ( comid= ) ORDER BY id asc 
NOTIC: [2] Invalid argument supplied for foreach() /home/wwwroot/www.jobme.cn/App/Lib/Action/GlAction.class.php 第 62 行.
NOTIC: [8] Undefined variable: nt /home/wwwroot/www.jobme.cn/App/Lib/Action/GlAction.class.php 第 66 行.
NOTIC: [8] Undefined variable: nt /home/wwwroot/www.jobme.cn/App/Lib/Action/GlAction.class.php 第 67 行.
SQL: SHOW COLUMNS FROM `eking_usermsg` [ RunTime:0.000381s ]
SQL: SELECT COUNT(*) AS tp_count FROM `eking_usermsg` WHERE ( toid= and status=0 ) LIMIT 1   [ RunTime:0.000067s ]
ERR: You have an error in your SQL syntax; check the manual that corresponds to your MySQL server version for the right syntax to use near 'and status=0 ) LIMIT 1' at line 1
 [ SQL语句 ] : SELECT COUNT(*) AS tp_count FROM `eking_usermsg` WHERE ( toid= and status=0 ) LIMIT 1  
SQL: SHOW COLUMNS FROM `eking_sinform` [ RunTime:0.000352s ]
SQL: SELECT COUNT(*) AS tp_count FROM `eking_sinform` WHERE ( to_uid= and `read`=0 ) LIMIT 1   [ RunTime:0.000065s ]
ERR: You have an error in your SQL syntax; check the manual that corresponds to your MySQL server version for the right syntax to use near 'and `read`=0 ) LIMIT 1' at line 1
 [ SQL语句 ] : SELECT COUNT(*) AS tp_count FROM `eking_sinform` WHERE ( to_uid= and `read`=0 ) LIMIT 1  
NOTIC: [8] Undefined index:  THINK_uid /home/wwwroot/www.jobme.cn/Framework/Extend/Library/ORG/Util/Cookie.class.php 第 32 行.

[ 2013-10-19T17:40:48+08:00 ] 183.60.243.242 /Login
INFO: [ route_check ] --START--
INFO: Run CheckRoute Behavior [ RunTime:0.000556s ]
INFO: [ route_check ] --END-- [ RunTime:0.000623s ]
INFO: [ app_begin ] --START--
INFO: Run ReadHtmlCache Behavior [ RunTime:0.000326s ]
INFO: [ app_begin ] --END-- [ RunTime:0.000380s ]
NOTIC: [8] Undefined index:  THINK_username /home/wwwroot/www.jobme.cn/Framework/Extend/Library/ORG/Util/Cookie.class.php 第 32 行.
NOTIC: [8] Undefined index:  THINK_uid /home/wwwroot/www.jobme.cn/Framework/Extend/Library/ORG/Util/Cookie.class.php 第 32 行.
NOTIC: [8] Undefined index:  THINK_pid /home/wwwroot/www.jobme.cn/Framework/Extend/Library/ORG/Util/Cookie.class.php 第 32 行.
NOTIC: [8] Undefined index:  THINK_level /home/wwwroot/www.jobme.cn/Framework/Extend/Library/ORG/Util/Cookie.class.php 第 32 行.
NOTIC: [8] Undefined index:  THINK_type /home/wwwroot/www.jobme.cn/Framework/Extend/Library/ORG/Util/Cookie.class.php 第 32 行.
NOTIC: [8] Undefined index:  THINK_department /home/wwwroot/www.jobme.cn/Framework/Extend/Library/ORG/Util/Cookie.class.php 第 32 行.
NOTIC: [8] Undefined index:  THINK_role_id /home/wwwroot/www.jobme.cn/Framework/Extend/Library/ORG/Util/Cookie.class.php 第 32 行.
NOTIC: [8] Undefined index:  THINK_permission_tile /home/wwwroot/www.jobme.cn/Framework/Extend/Library/ORG/Util/Cookie.class.php 第 32 行.
NOTIC: [8] Undefined index:  THINK_permission /home/wwwroot/www.jobme.cn/Framework/Extend/Library/ORG/Util/Cookie.class.php 第 32 行.
NOTIC: [8] Undefined variable: public_arr /home/wwwroot/www.jobme.cn/App/Lib/Action/LoginAction.class.php 第 41 行.
SQL: SHOW COLUMNS FROM `eking_user` [ RunTime:0.000798s ]
NOTIC: [8] Undefined index:  THINK_uid /home/wwwroot/www.jobme.cn/Framework/Extend/Library/ORG/Util/Cookie.class.php 第 32 行.
INFO: [ view_template ] --START--
INFO: Run LocationTemplate Behavior [ RunTime:0.000199s ]
INFO: [ view_template ] --END-- [ RunTime:0.000255s ]
INFO: [ view_parse ] --START--
INFO: Run ParseTemplate Behavior [ RunTime:0.006417s ]
INFO: [ view_parse ] --END-- [ RunTime:0.006476s ]
INFO: [ view_filter ] --START--
INFO: Run ContentReplace Behavior [ RunTime:0.000340s ]
INFO: Run TokenBuild Behavior [ RunTime:0.000219s ]
INFO: Run WriteHtmlCache Behavior [ RunTime:0.000118s ]
INFO: Run ShowRuntime Behavior [ RunTime:0.000271s ]
INFO: [ view_filter ] --END-- [ RunTime:0.001098s ]
INFO: [ view_end ] --START--
INFO: Run ShowPageTrace Behavior [ RunTime:0.000383s ]
INFO: [ view_end ] --END-- [ RunTime:0.000436s ]

[ 2013-10-19T19:33:31+08:00 ] 110.75.145.2 /
INFO: [ app_begin ] --START--
INFO: Run ReadHtmlCache Behavior [ RunTime:0.000346s ]
INFO: [ app_begin ] --END-- [ RunTime:0.000411s ]
NOTIC: [8] Undefined index:  ajax /home/wwwroot/www.jobme.cn/App/Lib/Action/GlAction.class.php 第 18 行.
NOTIC: [8] Undefined index:  id /home/wwwroot/www.jobme.cn/App/Lib/Action/GlAction.class.php 第 19 行.
SQL: SHOW COLUMNS FROM `eking_index` [ RunTime:0.000264s ]
ERR: Table 'erpking.eking_index' doesn't exist
 [ SQL语句 ] : SHOW COLUMNS FROM `eking_index`
NOTIC: [8] Undefined index:  json /home/wwwroot/www.jobme.cn/includes/array.php 第 218 行.
NOTIC: [8] Undefined index:  THINK_username /home/wwwroot/www.jobme.cn/Framework/Extend/Library/ORG/Util/Cookie.class.php 第 32 行.
NOTIC: [8] Undefined index:  THINK_uid /home/wwwroot/www.jobme.cn/Framework/Extend/Library/ORG/Util/Cookie.class.php 第 32 行.
NOTIC: [8] Undefined index:  THINK_pid /home/wwwroot/www.jobme.cn/Framework/Extend/Library/ORG/Util/Cookie.class.php 第 32 行.
NOTIC: [8] Undefined index:  THINK_level /home/wwwroot/www.jobme.cn/Framework/Extend/Library/ORG/Util/Cookie.class.php 第 32 行.
NOTIC: [8] Undefined index:  THINK_post /home/wwwroot/www.jobme.cn/Framework/Extend/Library/ORG/Util/Cookie.class.php 第 32 行.
NOTIC: [8] Undefined index:  THINK_type /home/wwwroot/www.jobme.cn/Framework/Extend/Library/ORG/Util/Cookie.class.php 第 32 行.
NOTIC: [8] Undefined index:  THINK_department /home/wwwroot/www.jobme.cn/Framework/Extend/Library/ORG/Util/Cookie.class.php 第 32 行.
NOTIC: [8] Undefined index:  THINK_role_id /home/wwwroot/www.jobme.cn/Framework/Extend/Library/ORG/Util/Cookie.class.php 第 32 行.
NOTIC: [8] Undefined index:  THINK_realname /home/wwwroot/www.jobme.cn/Framework/Extend/Library/ORG/Util/Cookie.class.php 第 32 行.
NOTIC: [8] Undefined index:  THINK_permission_tile /home/wwwroot/www.jobme.cn/Framework/Extend/Library/ORG/Util/Cookie.class.php 第 32 行.
NOTIC: [8] Undefined index:  THINK_permission /home/wwwroot/www.jobme.cn/Framework/Extend/Library/ORG/Util/Cookie.class.php 第 32 行.
SQL: SHOW COLUMNS FROM `eking_persona` [ RunTime:0.000390s ]
SQL: SELECT * FROM `eking_persona` WHERE ( comid= ) ORDER BY id asc  [ RunTime:0.000064s ]
ERR: You have an error in your SQL syntax; check the manual that corresponds to your MySQL server version for the right syntax to use near ') ORDER BY id asc' at line 1
 [ SQL语句 ] : SELECT * FROM `eking_persona` WHERE ( comid= ) ORDER BY id asc 
NOTIC: [2] Invalid argument supplied for foreach() /home/wwwroot/www.jobme.cn/App/Lib/Action/GlAction.class.php 第 62 行.
NOTIC: [8] Undefined variable: nt /home/wwwroot/www.jobme.cn/App/Lib/Action/GlAction.class.php 第 66 行.
NOTIC: [8] Undefined variable: nt /home/wwwroot/www.jobme.cn/App/Lib/Action/GlAction.class.php 第 67 行.
SQL: SHOW COLUMNS FROM `eking_usermsg` [ RunTime:0.000398s ]
SQL: SELECT COUNT(*) AS tp_count FROM `eking_usermsg` WHERE ( toid= and status=0 ) LIMIT 1   [ RunTime:0.000068s ]
ERR: You have an error in your SQL syntax; check the manual that corresponds to your MySQL server version for the right syntax to use near 'and status=0 ) LIMIT 1' at line 1
 [ SQL语句 ] : SELECT COUNT(*) AS tp_count FROM `eking_usermsg` WHERE ( toid= and status=0 ) LIMIT 1  
SQL: SHOW COLUMNS FROM `eking_sinform` [ RunTime:0.000347s ]
SQL: SELECT COUNT(*) AS tp_count FROM `eking_sinform` WHERE ( to_uid= and `read`=0 ) LIMIT 1   [ RunTime:0.000065s ]
ERR: You have an error in your SQL syntax; check the manual that corresponds to your MySQL server version for the right syntax to use near 'and `read`=0 ) LIMIT 1' at line 1
 [ SQL语句 ] : SELECT COUNT(*) AS tp_count FROM `eking_sinform` WHERE ( to_uid= and `read`=0 ) LIMIT 1  
NOTIC: [8] Undefined index:  THINK_uid /home/wwwroot/www.jobme.cn/Framework/Extend/Library/ORG/Util/Cookie.class.php 第 32 行.

[ 2013-10-19T19:33:31+08:00 ] 110.75.145.1 /Login
INFO: [ route_check ] --START--
INFO: Run CheckRoute Behavior [ RunTime:0.000537s ]
INFO: [ route_check ] --END-- [ RunTime:0.000600s ]
INFO: [ app_begin ] --START--
INFO: Run ReadHtmlCache Behavior [ RunTime:0.000325s ]
INFO: [ app_begin ] --END-- [ RunTime:0.000380s ]
NOTIC: [8] Undefined index:  THINK_username /home/wwwroot/www.jobme.cn/Framework/Extend/Library/ORG/Util/Cookie.class.php 第 32 行.
NOTIC: [8] Undefined index:  THINK_uid /home/wwwroot/www.jobme.cn/Framework/Extend/Library/ORG/Util/Cookie.class.php 第 32 行.
NOTIC: [8] Undefined index:  THINK_pid /home/wwwroot/www.jobme.cn/Framework/Extend/Library/ORG/Util/Cookie.class.php 第 32 行.
NOTIC: [8] Undefined index:  THINK_level /home/wwwroot/www.jobme.cn/Framework/Extend/Library/ORG/Util/Cookie.class.php 第 32 行.
NOTIC: [8] Undefined index:  THINK_type /home/wwwroot/www.jobme.cn/Framework/Extend/Library/ORG/Util/Cookie.class.php 第 32 行.
NOTIC: [8] Undefined index:  THINK_department /home/wwwroot/www.jobme.cn/Framework/Extend/Library/ORG/Util/Cookie.class.php 第 32 行.
NOTIC: [8] Undefined index:  THINK_role_id /home/wwwroot/www.jobme.cn/Framework/Extend/Library/ORG/Util/Cookie.class.php 第 32 行.
NOTIC: [8] Undefined index:  THINK_permission_tile /home/wwwroot/www.jobme.cn/Framework/Extend/Library/ORG/Util/Cookie.class.php 第 32 行.
NOTIC: [8] Undefined index:  THINK_permission /home/wwwroot/www.jobme.cn/Framework/Extend/Library/ORG/Util/Cookie.class.php 第 32 行.
NOTIC: [8] Undefined variable: public_arr /home/wwwroot/www.jobme.cn/App/Lib/Action/LoginAction.class.php 第 41 行.
SQL: SHOW COLUMNS FROM `eking_user` [ RunTime:0.000769s ]
NOTIC: [8] Undefined index:  THINK_uid /home/wwwroot/www.jobme.cn/Framework/Extend/Library/ORG/Util/Cookie.class.php 第 32 行.
INFO: [ view_template ] --START--
INFO: Run LocationTemplate Behavior [ RunTime:0.000180s ]
INFO: [ view_template ] --END-- [ RunTime:0.000233s ]
INFO: [ view_parse ] --START--
INFO: Run ParseTemplate Behavior [ RunTime:0.006482s ]
INFO: [ view_parse ] --END-- [ RunTime:0.006539s ]
INFO: [ view_filter ] --START--
INFO: Run ContentReplace Behavior [ RunTime:0.000239s ]
INFO: Run TokenBuild Behavior [ RunTime:0.000286s ]
INFO: Run WriteHtmlCache Behavior [ RunTime:0.000124s ]
INFO: Run ShowRuntime Behavior [ RunTime:0.000270s ]
INFO: [ view_filter ] --END-- [ RunTime:0.001089s ]
INFO: [ view_end ] --START--
INFO: Run ShowPageTrace Behavior [ RunTime:0.000368s ]
INFO: [ view_end ] --END-- [ RunTime:0.000422s ]

[ 2013-10-19T22:55:50+08:00 ] 183.60.244.24 /
INFO: [ app_begin ] --START--
INFO: Run ReadHtmlCache Behavior [ RunTime:0.000332s ]
INFO: [ app_begin ] --END-- [ RunTime:0.000396s ]
NOTIC: [8] Undefined index:  ajax /home/wwwroot/www.jobme.cn/App/Lib/Action/GlAction.class.php 第 18 行.
NOTIC: [8] Undefined index:  id /home/wwwroot/www.jobme.cn/App/Lib/Action/GlAction.class.php 第 19 行.
SQL: SHOW COLUMNS FROM `eking_index` [ RunTime:0.000257s ]
ERR: Table 'erpking.eking_index' doesn't exist
 [ SQL语句 ] : SHOW COLUMNS FROM `eking_index`
NOTIC: [8] Undefined index:  json /home/wwwroot/www.jobme.cn/includes/array.php 第 218 行.
NOTIC: [8] Undefined index:  THINK_username /home/wwwroot/www.jobme.cn/Framework/Extend/Library/ORG/Util/Cookie.class.php 第 32 行.
NOTIC: [8] Undefined index:  THINK_uid /home/wwwroot/www.jobme.cn/Framework/Extend/Library/ORG/Util/Cookie.class.php 第 32 行.
NOTIC: [8] Undefined index:  THINK_pid /home/wwwroot/www.jobme.cn/Framework/Extend/Library/ORG/Util/Cookie.class.php 第 32 行.
NOTIC: [8] Undefined index:  THINK_level /home/wwwroot/www.jobme.cn/Framework/Extend/Library/ORG/Util/Cookie.class.php 第 32 行.
NOTIC: [8] Undefined index:  THINK_post /home/wwwroot/www.jobme.cn/Framework/Extend/Library/ORG/Util/Cookie.class.php 第 32 行.
NOTIC: [8] Undefined index:  THINK_type /home/wwwroot/www.jobme.cn/Framework/Extend/Library/ORG/Util/Cookie.class.php 第 32 行.
NOTIC: [8] Undefined index:  THINK_department /home/wwwroot/www.jobme.cn/Framework/Extend/Library/ORG/Util/Cookie.class.php 第 32 行.
NOTIC: [8] Undefined index:  THINK_role_id /home/wwwroot/www.jobme.cn/Framework/Extend/Library/ORG/Util/Cookie.class.php 第 32 行.
NOTIC: [8] Undefined index:  THINK_realname /home/wwwroot/www.jobme.cn/Framework/Extend/Library/ORG/Util/Cookie.class.php 第 32 行.
NOTIC: [8] Undefined index:  THINK_permission_tile /home/wwwroot/www.jobme.cn/Framework/Extend/Library/ORG/Util/Cookie.class.php 第 32 行.
NOTIC: [8] Undefined index:  THINK_permission /home/wwwroot/www.jobme.cn/Framework/Extend/Library/ORG/Util/Cookie.class.php 第 32 行.
SQL: SHOW COLUMNS FROM `eking_persona` [ RunTime:0.000429s ]
SQL: SELECT * FROM `eking_persona` WHERE ( comid= ) ORDER BY id asc  [ RunTime:0.000070s ]
ERR: You have an error in your SQL syntax; check the manual that corresponds to your MySQL server version for the right syntax to use near ') ORDER BY id asc' at line 1
 [ SQL语句 ] : SELECT * FROM `eking_persona` WHERE ( comid= ) ORDER BY id asc 
NOTIC: [2] Invalid argument supplied for foreach() /home/wwwroot/www.jobme.cn/App/Lib/Action/GlAction.class.php 第 62 行.
NOTIC: [8] Undefined variable: nt /home/wwwroot/www.jobme.cn/App/Lib/Action/GlAction.class.php 第 66 行.
NOTIC: [8] Undefined variable: nt /home/wwwroot/www.jobme.cn/App/Lib/Action/GlAction.class.php 第 67 行.
SQL: SHOW COLUMNS FROM `eking_usermsg` [ RunTime:0.000387s ]
SQL: SELECT COUNT(*) AS tp_count FROM `eking_usermsg` WHERE ( toid= and status=0 ) LIMIT 1   [ RunTime:0.000067s ]
ERR: You have an error in your SQL syntax; check the manual that corresponds to your MySQL server version for the right syntax to use near 'and status=0 ) LIMIT 1' at line 1
 [ SQL语句 ] : SELECT COUNT(*) AS tp_count FROM `eking_usermsg` WHERE ( toid= and status=0 ) LIMIT 1  
SQL: SHOW COLUMNS FROM `eking_sinform` [ RunTime:0.000701s ]
SQL: SELECT COUNT(*) AS tp_count FROM `eking_sinform` WHERE ( to_uid= and `read`=0 ) LIMIT 1   [ RunTime:0.000065s ]
ERR: You have an error in your SQL syntax; check the manual that corresponds to your MySQL server version for the right syntax to use near 'and `read`=0 ) LIMIT 1' at line 1
 [ SQL语句 ] : SELECT COUNT(*) AS tp_count FROM `eking_sinform` WHERE ( to_uid= and `read`=0 ) LIMIT 1  
NOTIC: [8] Undefined index:  THINK_uid /home/wwwroot/www.jobme.cn/Framework/Extend/Library/ORG/Util/Cookie.class.php 第 32 行.

[ 2013-10-19T22:55:50+08:00 ] 183.60.244.24 /Login
INFO: [ route_check ] --START--
INFO: Run CheckRoute Behavior [ RunTime:0.000552s ]
INFO: [ route_check ] --END-- [ RunTime:0.000614s ]
INFO: [ app_begin ] --START--
INFO: Run ReadHtmlCache Behavior [ RunTime:0.000340s ]
INFO: [ app_begin ] --END-- [ RunTime:0.000395s ]
NOTIC: [8] Undefined index:  THINK_username /home/wwwroot/www.jobme.cn/Framework/Extend/Library/ORG/Util/Cookie.class.php 第 32 行.
NOTIC: [8] Undefined index:  THINK_uid /home/wwwroot/www.jobme.cn/Framework/Extend/Library/ORG/Util/Cookie.class.php 第 32 行.
NOTIC: [8] Undefined index:  THINK_pid /home/wwwroot/www.jobme.cn/Framework/Extend/Library/ORG/Util/Cookie.class.php 第 32 行.
NOTIC: [8] Undefined index:  THINK_level /home/wwwroot/www.jobme.cn/Framework/Extend/Library/ORG/Util/Cookie.class.php 第 32 行.
NOTIC: [8] Undefined index:  THINK_type /home/wwwroot/www.jobme.cn/Framework/Extend/Library/ORG/Util/Cookie.class.php 第 32 行.
NOTIC: [8] Undefined index:  THINK_department /home/wwwroot/www.jobme.cn/Framework/Extend/Library/ORG/Util/Cookie.class.php 第 32 行.
NOTIC: [8] Undefined index:  THINK_role_id /home/wwwroot/www.jobme.cn/Framework/Extend/Library/ORG/Util/Cookie.class.php 第 32 行.
NOTIC: [8] Undefined index:  THINK_permission_tile /home/wwwroot/www.jobme.cn/Framework/Extend/Library/ORG/Util/Cookie.class.php 第 32 行.
NOTIC: [8] Undefined index:  THINK_permission /home/wwwroot/www.jobme.cn/Framework/Extend/Library/ORG/Util/Cookie.class.php 第 32 行.
NOTIC: [8] Undefined variable: public_arr /home/wwwroot/www.jobme.cn/App/Lib/Action/LoginAction.class.php 第 41 行.
SQL: SHOW COLUMNS FROM `eking_user` [ RunTime:0.000751s ]
NOTIC: [8] Undefined index:  THINK_uid /home/wwwroot/www.jobme.cn/Framework/Extend/Library/ORG/Util/Cookie.class.php 第 32 行.
INFO: [ view_template ] --START--
INFO: Run LocationTemplate Behavior [ RunTime:0.000179s ]
INFO: [ view_template ] --END-- [ RunTime:0.000232s ]
INFO: [ view_parse ] --START--
INFO: Run ParseTemplate Behavior [ RunTime:0.006622s ]
INFO: [ view_parse ] --END-- [ RunTime:0.006679s ]
INFO: [ view_filter ] --START--
INFO: Run ContentReplace Behavior [ RunTime:0.000222s ]
INFO: Run TokenBuild Behavior [ RunTime:0.000232s ]
INFO: Run WriteHtmlCache Behavior [ RunTime:0.000120s ]
INFO: Run ShowRuntime Behavior [ RunTime:0.000269s ]
INFO: [ view_filter ] --END-- [ RunTime:0.000992s ]
INFO: [ view_end ] --START--
INFO: Run ShowPageTrace Behavior [ RunTime:0.000368s ]
INFO: [ view_end ] --END-- [ RunTime:0.000422s ]

